26.01.2020 1:11:08 : Запущено слушание клиентов и найдена директория темповых файлов
26.01.2020 1:11:08 : C:\Users\thedr\Desktop\Works\SZMK_Decode\Decode\Decode\bin\Debug
26.01.2020 1:11:10 : Сервер свернут в трей
26.01.2020 1:11:19 : Сервер развернут из трея
26.01.2020 1:11:23 : Сервер свернут в трей
26.01.2020 1:11:35 : Была проведена проверка соединения пользователем ROOT
26.01.2020 1:11:49 : Была проведена проверка соединения пользователем ROOT
26.01.2020 1:32:06 : Была проведена проверка соединения пользователем AR
26.01.2020 1:33:16 : Была проведена проверка соединения пользователем AR
26.01.2020 1:33:26 : Был присоединен пользователь AR
26.01.2020 1:33:26 : Был получен файл: SZMK_20200122_0156.TIF
26.01.2020 1:33:28 : Были отправлены данные: 1852(24)_1096_R-417_Бубырь М.Е._1448.17_20.43
26.01.2020 1:33:28 : Был отключен пользователь AR
26.01.2020 1:34:42 : Была проведена проверка соединения пользователем AR
26.01.2020 1:34:45 : Был присоединен пользователь AR
26.01.2020 1:34:45 : Был получен файл: SZMK_20200122_0155.TIF
26.01.2020 1:34:46 : Были отправлены данные: 1852(24)_461_B-132_Кириллова Т.В._2072.24_73.13
26.01.2020 1:34:46 : Был отключен пользователь AR
26.01.2020 1:35:43 : Была проведена проверка соединения пользователем AR
26.01.2020 1:35:46 : Был присоединен пользователь AR
26.01.2020 1:35:46 : Был получен файл: SZMK_20200122_0156.TIF
26.01.2020 1:35:47 : Были отправлены данные: 1852(24)_1096_R-417_Бубырь М.Е._1448.17_20.43
26.01.2020 1:35:47 : Был отключен пользователь AR
26.01.2020 1:36:14 : Был присоединен пользователь AR
26.01.2020 1:36:14 : Был получен файл: SZMK_20200122_0155.TIF
26.01.2020 1:36:15 : Были отправлены данные: 1852(24)_461_B-132_Кириллова Т.В._2072.24_73.13
26.01.2020 1:36:15 : Был отключен пользователь AR
26.01.2020 1:36:16 : Был присоединен пользователь AR
26.01.2020 1:36:16 : Был получен файл: SZMK_20200122_0156.TIF
26.01.2020 1:36:17 : Были отправлены данные: 1852(24)_1096_R-417_Бубырь М.Е._1448.17_20.43
26.01.2020 1:36:17 : Был отключен пользователь AR
26.01.2020 1:36:17 : Был присоединен пользователь AR
26.01.2020 1:36:17 : Был получен файл: SZMK_20200122_0157.TIF
26.01.2020 1:36:18 : Были отправлены данные: 1852(24)_1095_R-416_Бубырь М.Е._1448.17_20.43
26.01.2020 1:36:18 : Был отключен пользователь AR
26.01.2020 1:36:19 : Был присоединен пользователь AR
26.01.2020 1:36:19 : Был получен файл: SZMK_20200122_0158.TIF
26.01.2020 1:36:20 : Были отправлены данные: 1852(24)_1094_R-415_Бубырь М.Е._1448_33.73
26.01.2020 1:36:20 : Был отключен пользователь AR
26.01.2020 1:36:21 : Был присоединен пользователь AR
26.01.2020 1:36:21 : Был получен файл: SZMK_20200122_0159.TIF
26.01.2020 1:36:22 : Были отправлены данные: 1852(24)_1093_R-414_Бубырь М.Е._1450.86_26.53
26.01.2020 1:36:22 : Был отключен пользователь AR
26.01.2020 1:36:22 : Был присоединен пользователь AR
26.01.2020 1:36:22 : Был получен файл: SZMK_20200122_0161.TIF
26.01.2020 1:36:23 : Были отправлены данные: 1852(24)_1091_R-411_Бубырь М.Е._1448_35.27
26.01.2020 1:36:23 : Был отключен пользователь AR
26.01.2020 1:36:24 : Был присоединен пользователь AR
26.01.2020 1:36:24 : Был получен файл: SZMK_20200122_0164.TIF
26.01.2020 1:36:25 : Были отправлены данные: 1852(24)_1088_R-406_Бубырь М.Е._1448.15_26.51
26.01.2020 1:36:25 : Был отключен пользователь AR
26.01.2020 1:36:25 : Был присоединен пользователь AR
26.01.2020 1:36:25 : Был получен файл: SZMK_20200122_0166.TIF
26.01.2020 1:36:26 : Были отправлены данные: 1852(24)_1104_H-45_Кириллова T.В._1040_7.17
26.01.2020 1:36:26 : Был отключен пользователь AR
26.01.2020 1:37:37 : Была проведена проверка соединения пользователем AR
26.01.2020 1:38:23 : Была проведена проверка соединения пользователем AR
26.01.2020 1:38:27 : Был присоединен пользователь AR
26.01.2020 1:38:27 : Был получен файл: SZMK_20200122_0155.TIF
26.01.2020 1:38:28 : Были отправлены данные: 1852(24)_461_B-132_Кириллова Т.В._2072.24_73.13
26.01.2020 1:38:28 : Был отключен пользователь AR
26.01.2020 1:38:28 : Был присоединен пользователь AR
26.01.2020 1:38:28 : Был получен файл: SZMK_20200122_0161.TIF
26.01.2020 1:38:29 : Были отправлены данные: 1852(24)_1091_R-411_Бубырь М.Е._1448_35.27
26.01.2020 1:38:29 : Был отключен пользователь AR
26.01.2020 1:38:30 : Был присоединен пользователь AR
26.01.2020 1:38:30 : Был получен файл: SZMK_20200122_0162.TIF
26.01.2020 1:38:31 : Были отправлены данные: 1852(24)_1090_R-409_Бубырь М.Е._1450.87_23.66
26.01.2020 1:38:31 : Был отключен пользователь AR
26.01.2020 1:38:32 : Был присоединен пользователь AR
26.01.2020 1:38:32 : Был получен файл: SZMK_20200122_0163.TIF
26.01.2020 1:38:33 : Были отправлены данные: 1852(24)_1089_R-407_Бубырь М.Е._1448.15_23.47
26.01.2020 1:38:33 : Был отключен пользователь AR
26.01.2020 1:43:09 : Была проведена проверка соединения пользователем AR
26.01.2020 1:43:14 : Был присоединен пользователь AR
26.01.2020 1:43:14 : Был получен файл: SZMK_20200122_0160.TIF
26.01.2020 1:43:15 : Были отправлены данные: 1852(24)_1092_R-412_Бубырь М.Е._1440_51.65
26.01.2020 1:43:15 : Был отключен пользователь AR
26.01.2020 1:43:16 : Был присоединен пользователь AR
26.01.2020 1:43:16 : Был получен файл: SZMK_20200122_0161.TIF
26.01.2020 1:43:17 : Были отправлены данные: 1852(24)_1091_R-411_Бубырь М.Е._1448_35.27
26.01.2020 1:43:17 : Был отключен пользователь AR
26.01.2020 1:43:17 : Был присоединен пользователь AR
26.01.2020 1:43:18 : Был получен файл: SZMK_20200122_0162.TIF
26.01.2020 1:43:19 : Были отправлены данные: 1852(24)_1090_R-409_Бубырь М.Е._1450.87_23.66
26.01.2020 1:43:19 : Был отключен пользователь AR
26.01.2020 1:43:19 : Был присоединен пользователь AR
26.01.2020 1:43:19 : Был получен файл: SZMK_20200122_0163.TIF
26.01.2020 1:43:20 : Были отправлены данные: 1852(24)_1089_R-407_Бубырь М.Е._1448.15_23.47
26.01.2020 1:43:20 : Был отключен пользователь AR
26.01.2020 1:43:21 : Был присоединен пользователь AR
26.01.2020 1:43:21 : Был получен файл: SZMK_20200122_0164.TIF
26.01.2020 1:43:22 : Были отправлены данные: 1852(24)_1088_R-406_Бубырь М.Е._1448.15_26.51
26.01.2020 1:43:22 : Был отключен пользователь AR
26.01.2020 1:43:53 : Была проведена проверка соединения пользователем AR
26.01.2020 1:43:57 : Был присоединен пользователь AR
26.01.2020 1:43:57 : Был получен файл: SZMK_20200122_0155.TIF
26.01.2020 1:43:58 : Были отправлены данные: 1852(24)_461_B-132_Кириллова Т.В._2072.24_73.13
26.01.2020 1:43:58 : Был отключен пользователь AR
26.01.2020 1:43:59 : Был присоединен пользователь AR
26.01.2020 1:43:59 : Был получен файл: SZMK_20200122_0156.TIF
26.01.2020 1:44:00 : Были отправлены данные: 1852(24)_1096_R-417_Бубырь М.Е._1448.17_20.43
26.01.2020 1:44:00 : Был отключен пользователь AR
26.01.2020 1:44:01 : Был присоединен пользователь AR
26.01.2020 1:44:01 : Был получен файл: SZMK_20200122_0157.TIF
26.01.2020 1:44:01 : Были отправлены данные: 1852(24)_1095_R-416_Бубырь М.Е._1448.17_20.43
26.01.2020 1:44:01 : Был отключен пользователь AR
26.01.2020 1:44:02 : Был присоединен пользователь AR
26.01.2020 1:44:02 : Был получен файл: SZMK_20200122_0158.TIF
26.01.2020 1:44:03 : Были отправлены данные: 1852(24)_1094_R-415_Бубырь М.Е._1448_33.73
26.01.2020 1:44:03 : Был отключен пользователь AR
26.01.2020 1:44:04 : Был присоединен пользователь AR
26.01.2020 1:44:04 : Был получен файл: SZMK_20200122_0159.TIF
26.01.2020 1:44:05 : Были отправлены данные: 1852(24)_1093_R-414_Бубырь М.Е._1450.86_26.53
26.01.2020 1:44:05 : Был отключен пользователь AR
26.01.2020 1:46:44 : Была проведена проверка соединения пользователем AR
26.01.2020 2:17:56 : Сервер свернут в трей
26.01.2020 12:50:44 : Запущено слушание клиентов и найдена директория темповых файлов
26.01.2020 12:50:44 : C:\Users\thedr\Desktop\Works\SZMK_Decode\Decode\Decode\bin\Debug
26.01.2020 12:50:45 : Сервер свернут в трей
26.01.2020 13:31:07 : Была проведена проверка соединения пользователем AR
26.01.2020 13:31:36 : Был присоединен пользователь AR
26.01.2020 13:31:36 : Был получен файл: SZMK_20200122_0155.TIF
26.01.2020 13:31:37 : Были отправлены данные: 1852(24)_461_B-132_Кириллова Т.В._2072.24_73.13
26.01.2020 13:31:37 : Был отключен пользователь AR
26.01.2020 13:31:38 : Был присоединен пользователь AR
26.01.2020 13:31:38 : Был получен файл: SZMK_20200122_0156.TIF
26.01.2020 13:31:39 : Были отправлены данные: 1852(24)_1096_R-417_Бубырь М.Е._1448.17_20.43
26.01.2020 13:31:39 : Был отключен пользователь AR
26.01.2020 13:31:39 : Был присоединен пользователь AR
26.01.2020 13:31:39 : Был получен файл: SZMK_20200122_0157.TIF
26.01.2020 13:31:40 : Были отправлены данные: 1852(24)_1095_R-416_Бубырь М.Е._1448.17_20.43
26.01.2020 13:31:40 : Был отключен пользователь AR
26.01.2020 13:31:41 : Был присоединен пользователь AR
26.01.2020 13:31:41 : Был получен файл: SZMK_20200122_0158.TIF
26.01.2020 13:31:42 : Были отправлены данные: 1852(24)_1094_R-415_Бубырь М.Е._1448_33.73
26.01.2020 13:31:42 : Был отключен пользователь AR
26.01.2020 13:31:43 : Был присоединен пользователь AR
26.01.2020 13:31:43 : Был получен файл: SZMK_20200122_0159.TIF
26.01.2020 13:31:44 : Были отправлены данные: 1852(24)_1093_R-414_Бубырь М.Е._1450.86_26.53
26.01.2020 13:31:44 : Был отключен пользователь AR
26.01.2020 13:31:45 : Был присоединен пользователь AR
26.01.2020 13:31:45 : Был получен файл: SZMK_20200122_0160.TIF
26.01.2020 13:31:45 : Были отправлены данные: 1852(24)_1092_R-412_Бубырь М.Е._1440_51.65
26.01.2020 13:31:45 : Был отключен пользователь AR
26.01.2020 13:31:46 : Был присоединен пользователь AR
26.01.2020 13:31:46 : Был получен файл: SZMK_20200122_0161.TIF
26.01.2020 13:31:47 : Были отправлены данные: 1852(24)_1091_R-411_Бубырь М.Е._1448_35.27
26.01.2020 13:31:47 : Был отключен пользователь AR
26.01.2020 13:31:48 : Был присоединен пользователь AR
26.01.2020 13:31:48 : Был получен файл: SZMK_20200122_0162.TIF
26.01.2020 13:31:49 : Были отправлены данные: 1852(24)_1090_R-409_Бубырь М.Е._1450.87_23.66
26.01.2020 13:31:49 : Был отключен пользователь AR
26.01.2020 13:31:50 : Был присоединен пользователь AR
26.01.2020 13:31:50 : Был получен файл: SZMK_20200122_0163.TIF
26.01.2020 13:31:51 : Были отправлены данные: 1852(24)_1089_R-407_Бубырь М.Е._1448.15_23.47
26.01.2020 13:31:51 : Был отключен пользователь AR
26.01.2020 13:31:51 : Был присоединен пользователь AR
26.01.2020 13:31:51 : Был получен файл: SZMK_20200122_0164.TIF
26.01.2020 13:31:52 : Были отправлены данные: 1852(24)_1088_R-406_Бубырь М.Е._1448.15_26.51
26.01.2020 13:31:52 : Был отключен пользователь AR
26.01.2020 13:31:53 : Был присоединен пользователь AR
26.01.2020 13:31:53 : Был получен файл: SZMK_20200122_0165.TIF
26.01.2020 13:31:53 : Были отправлены данные: 1852(24)_586_H-16_Кириллова Т.В._3170_54.75
26.01.2020 13:31:53 : Был отключен пользователь AR
26.01.2020 13:31:53 : Был присоединен пользователь AR
26.01.2020 13:31:53 : Был получен файл: SZMK_20200122_0166.TIF
26.01.2020 13:31:54 : Были отправлены данные: 1852(24)_1104_H-45_Кириллова T.В._1040_7.17
26.01.2020 13:31:54 : Был отключен пользователь AR
26.01.2020 13:31:54 : Был присоединен пользователь AR
26.01.2020 13:31:54 : Был получен файл: SZMK_20200122_0167.TIF
26.01.2020 13:31:55 : Были отправлены данные: 1852(24)_1105_H-46_Кириллова T.В._1010_6.96
26.01.2020 13:31:55 : Был отключен пользователь AR
26.01.2020 13:31:55 : Был присоединен пользователь AR
26.01.2020 13:31:55 : Был получен файл: SZMK_20200122_0168.TIF
26.01.2020 13:31:56 : Были отправлены данные: 1852(24)_1106_H-47_Кириллова T.В._1050_7.24
26.01.2020 13:31:56 : Был отключен пользователь AR
26.01.2020 13:31:56 : Был присоединен пользователь AR
26.01.2020 13:31:56 : Был получен файл: SZMK_20200123_0001.TIF
26.01.2020 13:31:57 : Были отправлены данные: 1852(20)_50_N-5_Стародубов А.А._4061,91_77,08
26.01.2020 13:31:57 : Был отключен пользователь AR
26.01.2020 13:31:58 : Был присоединен пользователь AR
26.01.2020 13:31:58 : Был получен файл: SZMK_20200123_0002.TIF
26.01.2020 13:31:59 : Были отправлены данные: 1852(20)_51_N-6_Стародубов А.А._4061,91_77,08
26.01.2020 13:31:59 : Был отключен пользователь AR
26.01.2020 13:32:00 : Был присоединен пользователь AR
26.01.2020 13:32:00 : Был получен файл: SZMK_20200123_0003.TIF
26.01.2020 13:32:01 : Были отправлены данные: 1852(20)_48_N-3_Стародубов А.А._4278,22_85,18
26.01.2020 13:32:01 : Был отключен пользователь AR
26.01.2020 13:32:02 : Был присоединен пользователь AR
26.01.2020 13:32:02 : Был получен файл: SZMK_20200123_0004.TIF
26.01.2020 13:32:03 : Были отправлены данные: 1852(20)_49_N-4_Стародубов А.А._4278,22_85,18
26.01.2020 13:32:03 : Был отключен пользователь AR
26.01.2020 13:32:04 : Был присоединен пользователь AR
26.01.2020 13:32:04 : Был получен файл: SZMK_20200123_0005.TIF
26.01.2020 13:32:05 : Были отправлены данные: 1852(20)_46_N-1_Стародубов А.А._4437,56_87,25
26.01.2020 13:32:05 : Был отключен пользователь AR
26.01.2020 13:32:06 : Был присоединен пользователь AR
26.01.2020 13:32:06 : Был получен файл: SZMK_20200123_0006.TIF
26.01.2020 13:32:07 : Были отправлены данные: 1852(20)_47_N-2_Стародубов А.А._4437,56_87,25
26.01.2020 13:32:07 : Был отключен пользователь AR
26.01.2020 13:32:07 : Был присоединен пользователь AR
26.01.2020 13:32:07 : Был получен файл: SZMK_20200123_0007.TIF
26.01.2020 13:32:08 : Были отправлены данные: 1852(24)_1103_CP-124_Кириллова Т.В._1023.63_226.95
26.01.2020 13:32:08 : Был отключен пользователь AR
26.01.2020 13:32:09 : Был присоединен пользователь AR
26.01.2020 13:32:09 : Был получен файл: SZMK_20200123_0008.TIF
26.01.2020 13:32:11 : Были отправлены данные: 1852(24)_599_N-5_Шипунова Е.А._4345_107,5
26.01.2020 13:32:11 : Был отключен пользователь AR
26.01.2020 13:32:12 : Был присоединен пользователь AR
26.01.2020 13:32:12 : Был получен файл: SZMK_20200123_0009.TIF
26.01.2020 13:32:16 : Были отправлены данные: Не правильно
26.01.2020 13:32:16 : Был отключен пользователь AR
26.01.2020 13:32:18 : Был присоединен пользователь AR
26.01.2020 13:32:18 : Был получен файл: SZMK_20200123_0010.TIF
26.01.2020 13:32:20 : Были отправлены данные: Не правильно
26.01.2020 13:32:20 : Был отключен пользователь AR
26.01.2020 13:32:21 : Был присоединен пользователь AR
26.01.2020 13:32:21 : Был получен файл: SZMK_20200123_0011.TIF
26.01.2020 13:32:24 : Были отправлены данные: Не правильно
26.01.2020 13:32:24 : Был отключен пользователь AR
26.01.2020 13:32:25 : Был присоединен пользователь AR
26.01.2020 13:32:25 : Был получен файл: SZMK_20200123_0012.TIF
26.01.2020 13:32:28 : Были отправлены данные: Не правильно
26.01.2020 13:32:28 : Был отключен пользователь AR
26.01.2020 13:32:30 : Был присоединен пользователь AR
26.01.2020 13:32:30 : Был получен файл: SZMK_20200123_0013.TIF
26.01.2020 13:32:32 : Были отправлены данные: Не правильно
26.01.2020 13:32:32 : Был отключен пользователь AR
26.01.2020 13:32:33 : Был присоединен пользователь AR
26.01.2020 13:32:33 : Был получен файл: SZMK_20200123_0014.TIF
26.01.2020 13:32:35 : Были отправлены данные: Не правильно
26.01.2020 13:32:35 : Был отключен пользователь AR
26.01.2020 13:32:46 : Был присоединен пользователь AR
26.01.2020 13:32:46 : Был получен файл: 1852(16)_531_H-34_Шипунова Е.А._3520_60,79.tiff
26.01.2020 13:32:46 : Были отправлены данные: 1852(16)_531_H-34_Шипунова Е.А._3520_60,79
26.01.2020 13:32:46 : Был отключен пользователь AR
26.01.2020 13:32:46 : Был присоединен пользователь AR
26.01.2020 13:32:46 : Был получен файл: 1852(16)_532_H-35_Шипунова Е.А._2820_48,7.tiff
26.01.2020 13:32:47 : Были отправлены данные: 1852(16)_532_H-35_Шипунова Е.А._2820_48,7
26.01.2020 13:32:47 : Был отключен пользователь AR
26.01.2020 13:32:47 : Был присоединен пользователь AR
26.01.2020 13:32:47 : Был получен файл: 1852(16)_536_H-33_Шипунова Е.А._2930_50,6.tiff
26.01.2020 13:32:48 : Были отправлены данные: 1852(16)_536_H-33_Шипунова Е.А._2930_50,6
26.01.2020 13:32:48 : Был отключен пользователь AR
26.01.2020 13:32:48 : Был присоединен пользователь AR
26.01.2020 13:32:48 : Был получен файл: 1852(24)_462_B-133_КирилловаТ.В._2072,24_73,05.tiff
26.01.2020 13:32:50 : Были отправлены данные: 1852(24)_462_B-133_Кириллова Т.В._2072.24_73.05
26.01.2020 13:32:50 : Был отключен пользователь AR
26.01.2020 13:32:50 : Был присоединен пользователь AR
26.01.2020 13:32:50 : Был получен файл: 1852(24)_565_CP-137_КирилловаТ.В._2806,8_131,63.tiff
26.01.2020 13:32:51 : Были отправлены данные: 1852(24)_565_CP-137_Кириллова Т.В._2806.8_131.63
26.01.2020 13:32:51 : Был отключен пользователь AR
26.01.2020 13:32:52 : Был присоединен пользователь AR
26.01.2020 13:32:52 : Был получен файл: 1852(24)_597_N-3_ШипуноваЕ.А._1435,01_36,07.tiff
26.01.2020 13:32:53 : Были отправлены данные: 1852(24)_597_N-3_Шипунова Е.А._1435,01_36,07
26.01.2020 13:32:53 : Был отключен пользователь AR
26.01.2020 13:32:54 : Был присоединен пользователь AR
26.01.2020 13:32:54 : Был получен файл: 1852(24)_598_N-4_ШипуноваЕ.А._1415,01_34,8.tiff
26.01.2020 13:32:56 : Были отправлены данные: 1852(24)_598_N-4_Шипунова Е.А._1415,01_34,8
26.01.2020 13:32:56 : Был отключен пользователь AR
26.01.2020 13:32:57 : Был присоединен пользователь AR
26.01.2020 13:32:57 : Был получен файл: 1852(24)_1108_C-94_КирилловаТ.В._2400_136,9.tiff
26.01.2020 13:32:58 : Были отправлены данные: 1852(24)_1108_C-94_Кириллова Т.В._2400_136.9
26.01.2020 13:32:58 : Был отключен пользователь AR
26.01.2020 13:32:59 : Был присоединен пользователь AR
26.01.2020 13:32:59 : Был получен файл: 1852(24)_1109_C-90_КирилловаТ.В._2400_136,9.tiff
26.01.2020 13:33:00 : Были отправлены данные: 1852(24)_1109_C-90_Кириллова Т.В._2400_136.9
26.01.2020 13:33:00 : Был отключен пользователь AR
26.01.2020 14:00:27 : Была проведена проверка соединения пользователем AR
26.01.2020 14:00:37 : Был присоединен пользователь AR
26.01.2020 14:00:37 : Был получен файл: 1852(16)_531_H-34_ШипуноваЕ.А._3520_60,79.tiff
26.01.2020 14:00:41 : Были отправлены данные: Не правильно
26.01.2020 14:00:41 : Был отключен пользователь AR
26.01.2020 14:00:43 : Был присоединен пользователь AR
26.01.2020 14:00:43 : Был получен файл: 1852(16)_532_H-35_ШипуноваЕ.А._2820_48,7.tiff
26.01.2020 14:00:45 : Были отправлены данные: Не правильно
26.01.2020 14:00:45 : Был отключен пользователь AR
26.01.2020 14:00:46 : Был присоединен пользователь AR
26.01.2020 14:00:46 : Был получен файл: 1852(16)_536_H-33_ШипуноваЕ.А._2930_50,6.tiff
26.01.2020 14:00:49 : Были отправлены данные: Не правильно
26.01.2020 14:00:49 : Был отключен пользователь AR
26.01.2020 14:00:50 : Был присоединен пользователь AR
26.01.2020 14:00:50 : Был получен файл: 1852(20)_46_N-1_СтародубовА.А._4437,56_87,25.tiff
26.01.2020 14:00:51 : Были отправлены данные: 1852(20)_46_N-1_Стародубов А.А._4437,56_87,25
26.01.2020 14:00:51 : Был отключен пользователь AR
26.01.2020 14:00:52 : Был присоединен пользователь AR
26.01.2020 14:00:52 : Был получен файл: 1852(20)_47_N-2_СтародубовА.А._4437,56_87,25.tiff
26.01.2020 14:00:53 : Были отправлены данные: 1852(20)_47_N-2_Стародубов А.А._4437,56_87,25
26.01.2020 14:00:53 : Был отключен пользователь AR
26.01.2020 14:00:53 : Был присоединен пользователь AR
26.01.2020 14:00:53 : Был получен файл: 1852(20)_48_N-3_СтародубовА.А._4278,22_85,18.tiff
26.01.2020 14:00:55 : Были отправлены данные: 1852(20)_48_N-3_Стародубов А.А._4278,22_85,18
26.01.2020 14:00:55 : Был отключен пользователь AR
26.01.2020 14:00:55 : Был присоединен пользователь AR
26.01.2020 14:00:55 : Был получен файл: 1852(20)_49_N-4_СтародубовА.А._4278,22_85,18.tiff
26.01.2020 14:00:56 : Были отправлены данные: 1852(20)_49_N-4_Стародубов А.А._4278,22_85,18
26.01.2020 14:00:56 : Был отключен пользователь AR
26.01.2020 14:00:57 : Был присоединен пользователь AR
26.01.2020 14:00:57 : Был получен файл: 1852(20)_50_N-5_СтародубовА.А._4061,91_77,08.tiff
26.01.2020 14:00:58 : Были отправлены данные: 1852(20)_50_N-5_Стародубов А.А._4061,91_77,08
26.01.2020 14:00:58 : Был отключен пользователь AR
26.01.2020 14:00:59 : Был присоединен пользователь AR
26.01.2020 14:00:59 : Был получен файл: 1852(20)_51_N-6_СтародубовА.А._4061,91_77,08.tiff
26.01.2020 14:01:00 : Были отправлены данные: 1852(20)_51_N-6_Стародубов А.А._4061,91_77,08
26.01.2020 14:01:00 : Был отключен пользователь AR
26.01.2020 14:01:51 : Был присоединен пользователь AR
26.01.2020 14:01:51 : Был получен файл: 1852(24)_461_B-132_КирилловаТ.В._2072,24_73,13.tiff
26.01.2020 14:01:52 : Были отправлены данные: 1852(24)_461_B-132_Кириллова Т.В._2072.24_73.13
26.01.2020 14:01:52 : Был отключен пользователь AR
26.01.2020 14:01:54 : Был присоединен пользователь AR
26.01.2020 14:01:54 : Был получен файл: 1852(24)_462_B-133_КирилловаТ.В._2072,24_73,05.tiff
26.01.2020 14:01:57 : Были отправлены данные: Не правильно
26.01.2020 14:01:57 : Был отключен пользователь AR
26.01.2020 14:02:24 : Был присоединен пользователь AR
26.01.2020 14:02:24 : Был получен файл: 1852(24)_565_CP-137_КирилловаТ.В._2806,8_131,63.tiff
26.01.2020 14:02:26 : Были отправлены данные: Не правильно
26.01.2020 14:02:26 : Был отключен пользователь AR
26.01.2020 14:02:26 : Был присоединен пользователь AR
26.01.2020 14:02:26 : Был получен файл: 1852(24)_586_H-16_КирилловаТ.В._3170_54,75.tiff
26.01.2020 14:02:27 : Были отправлены данные: 1852(24)_586_H-16_Кириллова Т.В._3170_54.75
26.01.2020 14:02:27 : Был отключен пользователь AR
26.01.2020 14:02:28 : Был присоединен пользователь AR
26.01.2020 14:02:28 : Был получен файл: 1852(24)_597_N-3_ШипуноваЕ.А._1435,01_36,07.tiff
26.01.2020 14:02:30 : Были отправлены данные: Не правильно
26.01.2020 14:02:30 : Был отключен пользователь AR
26.01.2020 14:02:30 : Был присоединен пользователь AR
26.01.2020 14:02:30 : Был получен файл: 1852(24)_598_N-4_ШипуноваЕ.А._1415,01_34,8.tiff
26.01.2020 14:02:31 : Были отправлены данные: 1852(16)_531_H-34_Шипунова Е.А._3520_60,79
26.01.2020 14:02:31 : Был отключен пользователь AR
26.01.2020 14:02:32 : Был присоединен пользователь AR
26.01.2020 14:02:32 : Был получен файл: 1852(24)_599_N-5_ШипуноваЕ.А._4345_107,5.tiff
26.01.2020 14:02:33 : Были отправлены данные: 1852(24)_599_N-5_Шипунова Е.А._4345_107,5
26.01.2020 14:02:33 : Был отключен пользователь AR
26.01.2020 14:02:34 : Был присоединен пользователь AR
26.01.2020 14:02:34 : Был получен файл: 1852(24)_1088_R-406_БубырьМ.Е._1448,15_26,51.tiff
26.01.2020 14:02:35 : Были отправлены данные: 1852(24)_1088_R-406_Бубырь М.Е._1448.15_26.51
26.01.2020 14:02:35 : Был отключен пользователь AR
26.01.2020 14:02:35 : Был присоединен пользователь AR
26.01.2020 14:02:35 : Был получен файл: 1852(24)_1089_R-407_БубырьМ.Е._1448,15_23,47.tiff
26.01.2020 14:02:36 : Были отправлены данные: 1852(24)_1089_R-407_Бубырь М.Е._1448.15_23.47
26.01.2020 14:02:36 : Был отключен пользователь AR
26.01.2020 14:02:37 : Был присоединен пользователь AR
26.01.2020 14:02:37 : Был получен файл: 1852(24)_1090_R-409_БубырьМ.Е._1450,87_23,66.tiff
26.01.2020 14:02:38 : Были отправлены данные: 1852(24)_1090_R-409_Бубырь М.Е._1450.87_23.66
26.01.2020 14:02:38 : Был отключен пользователь AR
26.01.2020 14:02:39 : Был присоединен пользователь AR
26.01.2020 14:02:39 : Был получен файл: 1852(24)_1091_R-411_БубырьМ.Е._1448_35,27.tiff
26.01.2020 14:02:40 : Были отправлены данные: 1852(24)_1091_R-411_Бубырь М.Е._1448_35.27
26.01.2020 14:02:40 : Был отключен пользователь AR
26.01.2020 14:02:41 : Был присоединен пользователь AR
26.01.2020 14:02:41 : Был получен файл: 1852(24)_1092_R-412_БубырьМ.Е._1440_51,65.tiff
26.01.2020 14:02:42 : Были отправлены данные: 1852(24)_1092_R-412_Бубырь М.Е._1440_51.65
26.01.2020 14:02:42 : Был отключен пользователь AR
26.01.2020 14:02:43 : Был присоединен пользователь AR
26.01.2020 14:02:43 : Был получен файл: 1852(24)_1093_R-414_БубырьМ.Е._1450,86_26,53.tiff
26.01.2020 14:02:44 : Были отправлены данные: 1852(24)_1093_R-414_Бубырь М.Е._1450.86_26.53
26.01.2020 14:02:44 : Был отключен пользователь AR
26.01.2020 14:02:45 : Был присоединен пользователь AR
26.01.2020 14:02:45 : Был получен файл: 1852(24)_1094_R-415_БубырьМ.Е._1448_33,73.tiff
26.01.2020 14:02:46 : Были отправлены данные: 1852(24)_1094_R-415_Бубырь М.Е._1448_33.73
26.01.2020 14:02:46 : Был отключен пользователь AR
26.01.2020 14:02:46 : Был присоединен пользователь AR
26.01.2020 14:02:46 : Был получен файл: 1852(24)_1095_R-416_БубырьМ.Е._1448,17_20,43.tiff
26.01.2020 14:02:47 : Были отправлены данные: 1852(24)_1095_R-416_Бубырь М.Е._1448.17_20.43
26.01.2020 14:02:47 : Был отключен пользователь AR
26.01.2020 14:02:48 : Был присоединен пользователь AR
26.01.2020 14:02:48 : Был получен файл: 1852(24)_1096_R-417_БубырьМ.Е._1448,17_20,43.tiff
26.01.2020 14:02:49 : Были отправлены данные: 1852(24)_1096_R-417_Бубырь М.Е._1448.17_20.43
26.01.2020 14:02:49 : Был отключен пользователь AR
26.01.2020 14:02:50 : Был присоединен пользователь AR
26.01.2020 14:02:50 : Был получен файл: 1852(24)_1103_CP-124_КирилловаТ.В._1023,63_226,95.tiff
26.01.2020 14:02:51 : Были отправлены данные: 1852(24)_1103_CP-124_Кириллова Т.В._1023.63_226.95
26.01.2020 14:02:51 : Был отключен пользователь AR
26.01.2020 14:02:52 : Был присоединен пользователь AR
26.01.2020 14:02:52 : Был получен файл: 1852(24)_1104_H-45_КирилловаT.В._1040_7,17.tiff
26.01.2020 14:02:52 : Были отправлены данные: 1852(24)_1104_H-45_Кириллова T.В._1040_7.17
26.01.2020 14:02:52 : Был отключен пользователь AR
26.01.2020 14:02:52 : Был присоединен пользователь AR
26.01.2020 14:02:52 : Был получен файл: 1852(24)_1105_H-46_КирилловаT.В._1010_6,96.tiff
26.01.2020 14:02:53 : Были отправлены данные: 1852(24)_1105_H-46_Кириллова T.В._1010_6.96
26.01.2020 14:02:53 : Был отключен пользователь AR
26.01.2020 14:02:53 : Был присоединен пользователь AR
26.01.2020 14:02:53 : Был получен файл: 1852(24)_1106_H-47_КирилловаT.В._1050_7,24.tiff
26.01.2020 14:02:54 : Были отправлены данные: 1852(24)_1106_H-47_Кириллова T.В._1050_7.24
26.01.2020 14:02:54 : Был отключен пользователь AR
26.01.2020 14:02:54 : Был присоединен пользователь AR
26.01.2020 14:02:54 : Был получен файл: 1852(24)_1108_C-94_КирилловаТ.В._2400_136,9.tiff
26.01.2020 14:02:55 : Были отправлены данные: 1852(16)_532_H-35_Шипунова Е.А._2820_48,7
26.01.2020 14:02:55 : Был отключен пользователь AR
26.01.2020 14:02:55 : Был присоединен пользователь AR
26.01.2020 14:02:55 : Был получен файл: 1852(24)_1109_C-90_КирилловаТ.В._2400_136,9.tiff
26.01.2020 14:02:55 : Были отправлены данные: 1852(16)_536_H-33_Шипунова Е.А._2930_50,6
26.01.2020 14:02:55 : Был отключен пользователь AR
26.01.2020 14:03:34 : Была проведена проверка соединения пользователем AR
26.01.2020 14:03:44 : Был присоединен пользователь AR
26.01.2020 14:03:44 : Был получен файл: 1852(16)_531_H-34_ШипуноваЕ.А._3520_60,79.tiff
26.01.2020 14:03:48 : Были отправлены данные: Не правильно
26.01.2020 14:03:48 : Был отключен пользователь AR
26.01.2020 14:04:52 : Был присоединен пользователь AR
26.01.2020 14:04:52 : Был получен файл: 1852(16)_532_H-35_ШипуноваЕ.А._2820_48,7.tiff
26.01.2020 14:04:55 : Были отправлены данные: Не правильно
26.01.2020 14:04:55 : Был отключен пользователь AR
26.01.2020 14:08:06 : Была проведена проверка соединения пользователем AR
26.01.2020 14:08:13 : Был присоединен пользователь AR
26.01.2020 14:08:13 : Был получен файл: C:\Users\thedr\Desktop\SCAN2\1852(16)_531_H-34_ШипуноваЕ.А._3520_60,79.tiff
26.01.2020 14:08:17 : Были отправлены данные: Не правильно
26.01.2020 14:08:17 : Был отключен пользователь AR
26.01.2020 14:09:04 : Был присоединен пользователь AR
26.01.2020 14:09:04 : Был получен файл: C:\Users\thedr\Desktop\SCAN2\1852(16)_532_H-35_ШипуноваЕ.А._2820_48,7.tiff
26.01.2020 14:09:07 : Были отправлены данные: Не правильно
26.01.2020 14:09:07 : Был отключен пользователь AR
26.01.2020 14:09:08 : Был присоединен пользователь AR
26.01.2020 14:09:08 : Был получен файл: C:\Users\thedr\Desktop\SCAN2\1852(16)_536_H-33_ШипуноваЕ.А._2930_50,6.tiff
26.01.2020 14:09:10 : Были отправлены данные: Не правильно
26.01.2020 14:09:10 : Был отключен пользователь AR
26.01.2020 14:09:11 : Был присоединен пользователь AR
26.01.2020 14:09:11 : Был получен файл: C:\Users\thedr\Desktop\SCAN2\1852(20)_46_N-1_СтародубовА.А._4437,56_87,25.tiff
26.01.2020 14:09:12 : Были отправлены данные: 1852(20)_46_N-1_Стародубов А.А._4437,56_87,25
26.01.2020 14:09:12 : Был отключен пользователь AR
26.01.2020 14:09:13 : Был присоединен пользователь AR
26.01.2020 14:09:13 : Был получен файл: C:\Users\thedr\Desktop\SCAN2\1852(20)_47_N-2_СтародубовА.А._4437,56_87,25.tiff
26.01.2020 14:09:14 : Были отправлены данные: 1852(20)_47_N-2_Стародубов А.А._4437,56_87,25
26.01.2020 14:09:14 : Был отключен пользователь AR
26.01.2020 14:09:15 : Был присоединен пользователь AR
26.01.2020 14:09:15 : Был получен файл: C:\Users\thedr\Desktop\SCAN2\1852(20)_48_N-3_СтародубовА.А._4278,22_85,18.tiff
26.01.2020 14:09:16 : Были отправлены данные: 1852(20)_48_N-3_Стародубов А.А._4278,22_85,18
26.01.2020 14:09:16 : Был отключен пользователь AR
26.01.2020 14:09:17 : Был присоединен пользователь AR
26.01.2020 14:09:17 : Был получен файл: C:\Users\thedr\Desktop\SCAN2\1852(20)_49_N-4_СтародубовА.А._4278,22_85,18.tiff
26.01.2020 14:09:18 : Были отправлены данные: 1852(20)_49_N-4_Стародубов А.А._4278,22_85,18
26.01.2020 14:09:18 : Был отключен пользователь AR
26.01.2020 14:09:18 : Был присоединен пользователь AR
26.01.2020 14:09:18 : Был получен файл: C:\Users\thedr\Desktop\SCAN2\1852(20)_50_N-5_СтародубовА.А._4061,91_77,08.tiff
26.01.2020 14:09:19 : Были отправлены данные: 1852(20)_50_N-5_Стародубов А.А._4061,91_77,08
26.01.2020 14:09:19 : Был отключен пользователь AR
26.01.2020 14:09:20 : Был присоединен пользователь AR
26.01.2020 14:09:20 : Был получен файл: C:\Users\thedr\Desktop\SCAN2\1852(20)_51_N-6_СтародубовА.А._4061,91_77,08.tiff
26.01.2020 14:09:21 : Были отправлены данные: 1852(20)_51_N-6_Стародубов А.А._4061,91_77,08
26.01.2020 14:09:21 : Был отключен пользователь AR
26.01.2020 14:09:22 : Был присоединен пользователь AR
26.01.2020 14:09:22 : Был получен файл: C:\Users\thedr\Desktop\SCAN2\1852(24)_461_B-132_КирилловаТ.В._2072,24_73,13.tiff
26.01.2020 14:09:23 : Были отправлены данные: 1852(24)_461_B-132_Кириллова Т.В._2072.24_73.13
26.01.2020 14:09:23 : Был отключен пользователь AR
26.01.2020 14:09:24 : Был присоединен пользователь AR
26.01.2020 14:09:24 : Был получен файл: C:\Users\thedr\Desktop\SCAN2\1852(24)_462_B-133_КирилловаТ.В._2072,24_73,05.tiff
26.01.2020 14:09:28 : Были отправлены данные: Не правильно
26.01.2020 14:09:28 : Был отключен пользователь AR
26.01.2020 14:09:29 : Был присоединен пользователь AR
26.01.2020 14:09:29 : Был получен файл: C:\Users\thedr\Desktop\SCAN2\1852(24)_565_CP-137_КирилловаТ.В._2806,8_131,63.tiff
26.01.2020 14:09:32 : Были отправлены данные: Не правильно
26.01.2020 14:09:32 : Был отключен пользователь AR
26.01.2020 14:09:32 : Был присоединен пользователь AR
26.01.2020 14:09:32 : Был получен файл: C:\Users\thedr\Desktop\SCAN2\1852(24)_586_H-16_КирилловаТ.В._3170_54,75.tiff
26.01.2020 14:09:32 : Были отправлены данные: 1852(24)_586_H-16_Кириллова Т.В._3170_54.75
26.01.2020 14:09:32 : Был отключен пользователь AR
26.01.2020 14:09:33 : Был присоединен пользователь AR
26.01.2020 14:09:33 : Был получен файл: C:\Users\thedr\Desktop\SCAN2\1852(24)_597_N-3_ШипуноваЕ.А._1435,01_36,07.tiff
26.01.2020 14:09:35 : Были отправлены данные: Не правильно
26.01.2020 14:09:35 : Был отключен пользователь AR
26.01.2020 14:09:36 : Был присоединен пользователь AR
26.01.2020 14:09:36 : Был получен файл: C:\Users\thedr\Desktop\SCAN2\1852(24)_598_N-4_ШипуноваЕ.А._1415,01_34,8.tiff
26.01.2020 14:09:36 : Были отправлены данные: 1852(16)_531_H-34_Шипунова Е.А._3520_60,79
26.01.2020 14:09:36 : Был отключен пользователь AR
26.01.2020 14:09:37 : Был присоединен пользователь AR
26.01.2020 14:09:37 : Был получен файл: C:\Users\thedr\Desktop\SCAN2\1852(24)_599_N-5_ШипуноваЕ.А._4345_107,5.tiff
26.01.2020 14:09:38 : Были отправлены данные: 1852(24)_599_N-5_Шипунова Е.А._4345_107,5
26.01.2020 14:09:38 : Был отключен пользователь AR
26.01.2020 14:09:39 : Был присоединен пользователь AR
26.01.2020 14:09:39 : Был получен файл: C:\Users\thedr\Desktop\SCAN2\1852(24)_1088_R-406_БубырьМ.Е._1448,15_26,51.tiff
26.01.2020 14:09:40 : Были отправлены данные: 1852(24)_1088_R-406_Бубырь М.Е._1448.15_26.51
26.01.2020 14:09:40 : Был отключен пользователь AR
26.01.2020 14:09:41 : Был присоединен пользователь AR
26.01.2020 14:09:41 : Был получен файл: C:\Users\thedr\Desktop\SCAN2\1852(24)_1089_R-407_БубырьМ.Е._1448,15_23,47.tiff
26.01.2020 14:09:42 : Были отправлены данные: 1852(24)_1089_R-407_Бубырь М.Е._1448.15_23.47
26.01.2020 14:09:42 : Был отключен пользователь AR
26.01.2020 14:09:42 : Был присоединен пользователь AR
26.01.2020 14:09:42 : Был получен файл: C:\Users\thedr\Desktop\SCAN2\1852(24)_1090_R-409_БубырьМ.Е._1450,87_23,66.tiff
26.01.2020 14:09:43 : Были отправлены данные: 1852(24)_1090_R-409_Бубырь М.Е._1450.87_23.66
26.01.2020 14:09:43 : Был отключен пользователь AR
26.01.2020 14:09:44 : Был присоединен пользователь AR
26.01.2020 14:09:44 : Был получен файл: C:\Users\thedr\Desktop\SCAN2\1852(24)_1091_R-411_БубырьМ.Е._1448_35,27.tiff
26.01.2020 14:09:45 : Были отправлены данные: 1852(24)_1091_R-411_Бубырь М.Е._1448_35.27
26.01.2020 14:09:45 : Был отключен пользователь AR
26.01.2020 14:09:46 : Был присоединен пользователь AR
26.01.2020 14:09:46 : Был получен файл: C:\Users\thedr\Desktop\SCAN2\1852(24)_1092_R-412_БубырьМ.Е._1440_51,65.tiff
26.01.2020 14:09:47 : Были отправлены данные: 1852(24)_1092_R-412_Бубырь М.Е._1440_51.65
26.01.2020 14:09:47 : Был отключен пользователь AR
26.01.2020 14:09:48 : Был присоединен пользователь AR
26.01.2020 14:09:48 : Был получен файл: C:\Users\thedr\Desktop\SCAN2\1852(24)_1093_R-414_БубырьМ.Е._1450,86_26,53.tiff
26.01.2020 14:09:49 : Были отправлены данные: 1852(24)_1093_R-414_Бубырь М.Е._1450.86_26.53
26.01.2020 14:09:49 : Был отключен пользователь AR
26.01.2020 14:09:49 : Был присоединен пользователь AR
26.01.2020 14:09:49 : Был получен файл: C:\Users\thedr\Desktop\SCAN2\1852(24)_1094_R-415_БубырьМ.Е._1448_33,73.tiff
26.01.2020 14:09:50 : Были отправлены данные: 1852(24)_1094_R-415_Бубырь М.Е._1448_33.73
26.01.2020 14:09:50 : Был отключен пользователь AR
26.01.2020 14:09:51 : Был присоединен пользователь AR
26.01.2020 14:09:51 : Был получен файл: C:\Users\thedr\Desktop\SCAN2\1852(24)_1095_R-416_БубырьМ.Е._1448,17_20,43.tiff
26.01.2020 14:09:52 : Были отправлены данные: 1852(24)_1095_R-416_Бубырь М.Е._1448.17_20.43
26.01.2020 14:09:52 : Был отключен пользователь AR
26.01.2020 14:09:53 : Был присоединен пользователь AR
26.01.2020 14:09:53 : Был получен файл: C:\Users\thedr\Desktop\SCAN2\1852(24)_1096_R-417_БубырьМ.Е._1448,17_20,43.tiff
26.01.2020 14:09:54 : Были отправлены данные: 1852(24)_1096_R-417_Бубырь М.Е._1448.17_20.43
26.01.2020 14:09:54 : Был отключен пользователь AR
26.01.2020 14:09:55 : Был присоединен пользователь AR
26.01.2020 14:09:55 : Был получен файл: C:\Users\thedr\Desktop\SCAN2\1852(24)_1103_CP-124_КирилловаТ.В._1023,63_226,95.tiff
26.01.2020 14:09:55 : Были отправлены данные: 1852(24)_1103_CP-124_Кириллова Т.В._1023.63_226.95
26.01.2020 14:09:55 : Был отключен пользователь AR
26.01.2020 14:09:56 : Был присоединен пользователь AR
26.01.2020 14:09:56 : Был получен файл: C:\Users\thedr\Desktop\SCAN2\1852(24)_1104_H-45_КирилловаT.В._1040_7,17.tiff
26.01.2020 14:09:56 : Были отправлены данные: 1852(24)_1104_H-45_Кириллова T.В._1040_7.17
26.01.2020 14:09:56 : Был отключен пользователь AR
26.01.2020 14:09:57 : Был присоединен пользователь AR
26.01.2020 14:09:57 : Был получен файл: C:\Users\thedr\Desktop\SCAN2\1852(24)_1105_H-46_КирилловаT.В._1010_6,96.tiff
26.01.2020 14:09:57 : Были отправлены данные: 1852(24)_1105_H-46_Кириллова T.В._1010_6.96
26.01.2020 14:09:57 : Был отключен пользователь AR
26.01.2020 14:09:58 : Был присоединен пользователь AR
26.01.2020 14:09:58 : Был получен файл: C:\Users\thedr\Desktop\SCAN2\1852(24)_1106_H-47_КирилловаT.В._1050_7,24.tiff
26.01.2020 14:09:58 : Были отправлены данные: 1852(24)_1106_H-47_Кириллова T.В._1050_7.24
26.01.2020 14:09:58 : Был отключен пользователь AR
26.01.2020 14:09:58 : Был присоединен пользователь AR
26.01.2020 14:09:58 : Был получен файл: C:\Users\thedr\Desktop\SCAN2\1852(24)_1108_C-94_КирилловаТ.В._2400_136,9.tiff
26.01.2020 14:09:59 : Были отправлены данные: 1852(16)_532_H-35_Шипунова Е.А._2820_48,7
26.01.2020 14:09:59 : Был отключен пользователь AR
26.01.2020 14:09:59 : Был присоединен пользователь AR
26.01.2020 14:09:59 : Был получен файл: C:\Users\thedr\Desktop\SCAN2\1852(24)_1109_C-90_КирилловаТ.В._2400_136,9.tiff
26.01.2020 14:10:00 : Были отправлены данные: 1852(16)_536_H-33_Шипунова Е.А._2930_50,6
26.01.2020 14:10:00 : Был отключен пользователь AR
26.01.2020 14:52:09 : Была проведена проверка соединения пользователем AR
26.01.2020 14:52:34 : Был присоединен пользователь AR
26.01.2020 14:52:34 : Был получен файл: C:\Users\thedr\Desktop\SCAN2\1.tiff
26.01.2020 14:52:38 : Были отправлены данные: Не правильно
26.01.2020 14:52:38 : Был отключен пользователь AR
26.01.2020 14:52:40 : Был присоединен пользователь AR
26.01.2020 14:52:40 : Был получен файл: C:\Users\thedr\Desktop\SCAN2\2.tiff
26.01.2020 14:52:42 : Были отправлены данные: Не правильно
26.01.2020 14:52:42 : Был отключен пользователь AR
26.01.2020 14:52:43 : Был присоединен пользователь AR
26.01.2020 14:52:43 : Был получен файл: C:\Users\thedr\Desktop\SCAN2\3.tiff
26.01.2020 14:52:46 : Были отправлены данные: Не правильно
26.01.2020 14:52:46 : Был отключен пользователь AR
26.01.2020 14:52:47 : Был присоединен пользователь AR
26.01.2020 14:52:47 : Был получен файл: C:\Users\thedr\Desktop\SCAN2\4.tiff
26.01.2020 14:52:50 : Были отправлены данные: Не правильно
26.01.2020 14:52:50 : Был отключен пользователь AR
26.01.2020 14:52:52 : Был присоединен пользователь AR
26.01.2020 14:52:52 : Был получен файл: C:\Users\thedr\Desktop\SCAN2\5.tiff
26.01.2020 14:52:54 : Были отправлены данные: Не правильно
26.01.2020 14:52:54 : Был отключен пользователь AR
26.01.2020 14:52:55 : Был присоединен пользователь AR
26.01.2020 14:52:55 : Был получен файл: C:\Users\thedr\Desktop\SCAN2\6.tiff
26.01.2020 14:52:57 : Были отправлены данные: Не правильно
26.01.2020 14:52:57 : Был отключен пользователь AR
26.01.2020 14:52:58 : Был присоединен пользователь AR
26.01.2020 14:52:58 : Был получен файл: C:\Users\thedr\Desktop\SCAN2\1852(16)_531_H-34_ШипуноваЕ.А._3520_60,79.tiff
26.01.2020 14:52:58 : Были отправлены данные: 1852(16)_531_H-34_Шипунова Е.А._3520_60,79
26.01.2020 14:52:58 : Был отключен пользователь AR
26.01.2020 14:52:58 : Был присоединен пользователь AR
26.01.2020 14:52:58 : Был получен файл: C:\Users\thedr\Desktop\SCAN2\1852(16)_532_H-35_ШипуноваЕ.А._2820_48,7.tiff
26.01.2020 14:52:59 : Были отправлены данные: 1852(16)_532_H-35_Шипунова Е.А._2820_48,7
26.01.2020 14:52:59 : Был отключен пользователь AR
26.01.2020 14:52:59 : Был присоединен пользователь AR
26.01.2020 14:52:59 : Был получен файл: C:\Users\thedr\Desktop\SCAN2\1852(16)_536_H-33_ШипуноваЕ.А._2930_50,6.tiff
26.01.2020 14:53:00 : Были отправлены данные: 1852(16)_536_H-33_Шипунова Е.А._2930_50,6
26.01.2020 14:53:00 : Был отключен пользователь AR
26.01.2020 14:53:00 : Был присоединен пользователь AR
26.01.2020 14:53:00 : Был получен файл: C:\Users\thedr\Desktop\SCAN2\1852(20)_46_N-1_СтародубовА.А._4437,56_87,25.tiff
26.01.2020 14:53:02 : Были отправлены данные: 1852(20)_46_N-1_Стародубов А.А._4437,56_87,25
26.01.2020 14:53:02 : Был отключен пользователь AR
26.01.2020 14:53:02 : Был присоединен пользователь AR
26.01.2020 14:53:02 : Был получен файл: C:\Users\thedr\Desktop\SCAN2\1852(20)_47_N-2_СтародубовА.А._4437,56_87,25.tiff
26.01.2020 14:53:03 : Были отправлены данные: 1852(20)_47_N-2_Стародубов А.А._4437,56_87,25
26.01.2020 14:53:03 : Был отключен пользователь AR
26.01.2020 14:53:04 : Был присоединен пользователь AR
26.01.2020 14:53:04 : Был получен файл: C:\Users\thedr\Desktop\SCAN2\1852(20)_48_N-3_СтародубовА.А._4278,22_85,18.tiff
26.01.2020 14:53:05 : Были отправлены данные: 1852(20)_48_N-3_Стародубов А.А._4278,22_85,18
26.01.2020 14:53:05 : Был отключен пользователь AR
26.01.2020 14:53:06 : Был присоединен пользователь AR
26.01.2020 14:53:06 : Был получен файл: C:\Users\thedr\Desktop\SCAN2\1852(20)_49_N-4_СтародубовА.А._4278,22_85,18.tiff
26.01.2020 14:53:07 : Были отправлены данные: 1852(20)_49_N-4_Стародубов А.А._4278,22_85,18
26.01.2020 14:53:07 : Был отключен пользователь AR
26.01.2020 14:53:08 : Был присоединен пользователь AR
26.01.2020 14:53:08 : Был получен файл: C:\Users\thedr\Desktop\SCAN2\1852(20)_50_N-5_СтародубовА.А._4061,91_77,08.tiff
26.01.2020 14:53:09 : Были отправлены данные: 1852(20)_50_N-5_Стародубов А.А._4061,91_77,08
26.01.2020 14:53:09 : Был отключен пользователь AR
26.01.2020 14:53:09 : Был присоединен пользователь AR
26.01.2020 14:53:09 : Был получен файл: C:\Users\thedr\Desktop\SCAN2\1852(20)_51_N-6_СтародубовА.А._4061,91_77,08.tiff
26.01.2020 14:53:11 : Были отправлены данные: 1852(20)_51_N-6_Стародубов А.А._4061,91_77,08
26.01.2020 14:53:11 : Был отключен пользователь AR
26.01.2020 14:53:11 : Был присоединен пользователь AR
26.01.2020 14:53:11 : Был получен файл: C:\Users\thedr\Desktop\SCAN2\1852(24)_461_B-132_КирилловаТ.В._2072,24_73,13.tiff
26.01.2020 14:53:12 : Были отправлены данные: 1852(24)_461_B-132_Кириллова Т.В._2072.24_73.13
26.01.2020 14:53:12 : Был отключен пользователь AR
26.01.2020 14:53:13 : Был присоединен пользователь AR
26.01.2020 14:53:13 : Был получен файл: C:\Users\thedr\Desktop\SCAN2\1852(24)_586_H-16_КирилловаТ.В._3170_54,75.tiff
26.01.2020 14:53:13 : Были отправлены данные: 1852(24)_586_H-16_Кириллова Т.В._3170_54.75
26.01.2020 14:53:13 : Был отключен пользователь AR
26.01.2020 14:53:14 : Был присоединен пользователь AR
26.01.2020 14:53:14 : Был получен файл: C:\Users\thedr\Desktop\SCAN2\1852(24)_599_N-5_ШипуноваЕ.А._4345_107,5.tiff
26.01.2020 14:53:16 : Были отправлены данные: 1852(24)_599_N-5_Шипунова Е.А._4345_107,5
26.01.2020 14:53:16 : Был отключен пользователь AR
26.01.2020 14:53:16 : Был присоединен пользователь AR
26.01.2020 14:53:16 : Был получен файл: C:\Users\thedr\Desktop\SCAN2\1852(24)_1088_R-406_БубырьМ.Е._1448,15_26,51.tiff
26.01.2020 14:53:17 : Были отправлены данные: 1852(24)_1088_R-406_Бубырь М.Е._1448.15_26.51
26.01.2020 14:53:17 : Был отключен пользователь AR
26.01.2020 14:53:18 : Был присоединен пользователь AR
26.01.2020 14:53:18 : Был получен файл: C:\Users\thedr\Desktop\SCAN2\1852(24)_1089_R-407_БубырьМ.Е._1448,15_23,47.tiff
26.01.2020 14:53:19 : Были отправлены данные: 1852(24)_1089_R-407_Бубырь М.Е._1448.15_23.47
26.01.2020 14:53:19 : Был отключен пользователь AR
26.01.2020 14:53:19 : Был присоединен пользователь AR
26.01.2020 14:53:19 : Был получен файл: C:\Users\thedr\Desktop\SCAN2\1852(24)_1090_R-409_БубырьМ.Е._1450,87_23,66.tiff
26.01.2020 14:53:21 : Были отправлены данные: 1852(24)_1090_R-409_Бубырь М.Е._1450.87_23.66
26.01.2020 14:53:21 : Был отключен пользователь AR
26.01.2020 14:53:21 : Был присоединен пользователь AR
26.01.2020 14:53:21 : Был получен файл: C:\Users\thedr\Desktop\SCAN2\1852(24)_1091_R-411_БубырьМ.Е._1448_35,27.tiff
26.01.2020 14:53:22 : Были отправлены данные: 1852(24)_1091_R-411_Бубырь М.Е._1448_35.27
26.01.2020 14:53:22 : Был отключен пользователь AR
26.01.2020 14:53:23 : Был присоединен пользователь AR
26.01.2020 14:53:23 : Был получен файл: C:\Users\thedr\Desktop\SCAN2\1852(24)_1092_R-412_БубырьМ.Е._1440_51,65.tiff
26.01.2020 14:53:24 : Были отправлены данные: 1852(24)_1092_R-412_Бубырь М.Е._1440_51.65
26.01.2020 14:53:24 : Был отключен пользователь AR
26.01.2020 14:53:25 : Был присоединен пользователь AR
26.01.2020 14:53:25 : Был получен файл: C:\Users\thedr\Desktop\SCAN2\1852(24)_1093_R-414_БубырьМ.Е._1450,86_26,53.tiff
26.01.2020 14:53:26 : Были отправлены данные: 1852(24)_1093_R-414_Бубырь М.Е._1450.86_26.53
26.01.2020 14:53:26 : Был отключен пользователь AR
26.01.2020 14:53:26 : Был присоединен пользователь AR
26.01.2020 14:53:26 : Был получен файл: C:\Users\thedr\Desktop\SCAN2\1852(24)_1094_R-415_БубырьМ.Е._1448_33,73.tiff
26.01.2020 14:53:27 : Были отправлены данные: 1852(24)_1094_R-415_Бубырь М.Е._1448_33.73
26.01.2020 14:53:27 : Был отключен пользователь AR
26.01.2020 14:53:28 : Был присоединен пользователь AR
26.01.2020 14:53:28 : Был получен файл: C:\Users\thedr\Desktop\SCAN2\1852(24)_1095_R-416_БубырьМ.Е._1448,17_20,43.tiff
26.01.2020 14:53:29 : Были отправлены данные: 1852(24)_1095_R-416_Бубырь М.Е._1448.17_20.43
26.01.2020 14:53:29 : Был отключен пользователь AR
26.01.2020 14:53:30 : Был присоединен пользователь AR
26.01.2020 14:53:30 : Был получен файл: C:\Users\thedr\Desktop\SCAN2\1852(24)_1096_R-417_БубырьМ.Е._1448,17_20,43.tiff
26.01.2020 14:53:31 : Были отправлены данные: 1852(24)_1096_R-417_Бубырь М.Е._1448.17_20.43
26.01.2020 14:53:31 : Был отключен пользователь AR
26.01.2020 14:53:32 : Был присоединен пользователь AR
26.01.2020 14:53:32 : Был получен файл: C:\Users\thedr\Desktop\SCAN2\1852(24)_1103_CP-124_КирилловаТ.В._1023,63_226,95.tiff
26.01.2020 14:53:33 : Были отправлены данные: 1852(24)_1103_CP-124_Кириллова Т.В._1023.63_226.95
26.01.2020 14:53:33 : Был отключен пользователь AR
26.01.2020 14:53:34 : Был присоединен пользователь AR
26.01.2020 14:53:34 : Был получен файл: C:\Users\thedr\Desktop\SCAN2\1852(24)_1104_H-45_КирилловаT.В._1040_7,17.tiff
26.01.2020 14:53:34 : Были отправлены данные: 1852(24)_1104_H-45_Кириллова T.В._1040_7.17
26.01.2020 14:53:34 : Был отключен пользователь AR
26.01.2020 14:53:35 : Был присоединен пользователь AR
26.01.2020 14:53:35 : Был получен файл: C:\Users\thedr\Desktop\SCAN2\1852(24)_1105_H-46_КирилловаT.В._1010_6,96.tiff
26.01.2020 14:53:35 : Были отправлены данные: 1852(24)_1105_H-46_Кириллова T.В._1010_6.96
26.01.2020 14:53:35 : Был отключен пользователь AR
26.01.2020 14:53:36 : Был присоединен пользователь AR
26.01.2020 14:53:36 : Был получен файл: C:\Users\thedr\Desktop\SCAN2\1852(24)_1106_H-47_КирилловаT.В._1050_7,24.tiff
26.01.2020 14:53:36 : Были отправлены данные: 1852(24)_1106_H-47_Кириллова T.В._1050_7.24
26.01.2020 14:53:36 : Был отключен пользователь AR
26.01.2020 15:37:18 : Сервер свернут в трей
26.01.2020 15:38:22 : Сервер свернут в трей
