23.01.2020 14:23:27 : Запущено слушание клиентов и найдена директория темповых файлов
23.01.2020 14:23:27 : C:\Users\thedr\Desktop\Works\SZMK_Decode\Decode\Decode\bin\Debug
23.01.2020 14:23:29 : Сервер свернут в трей
23.01.2020 14:23:57 : Была проведена проверка соединения пользователем ROOT
23.01.2020 14:24:47 : Была проведена проверка соединения пользователем GUB_KN
23.01.2020 14:25:00 : Был присоединен пользователь GUB_KN
23.01.2020 14:25:00 : Был получен файл: SZMK_20200122_0151.TIF
23.01.2020 14:25:01 : Были отправлены данные: 1852(24)_565_CP-137_Кириллова Т.В._2806.8_131.63
23.01.2020 14:25:01 : Был отключен пользователь GUB_KN
23.01.2020 14:25:02 : Был присоединен пользователь GUB_KN
23.01.2020 14:25:02 : Был получен файл: SZMK_20200122_0152.TIF
23.01.2020 14:25:03 : Были отправлены данные: 1852(24)_597_N-3_Шипунова Е.А._1435,01_36,07
23.01.2020 14:25:03 : Был отключен пользователь GUB_KN
23.01.2020 14:25:04 : Был присоединен пользователь GUB_KN
23.01.2020 14:25:04 : Был получен файл: SZMK_20200122_0153.TIF
23.01.2020 14:25:05 : Были отправлены данные: 1852(24)_598_N-4_Шипунова Е.А._1415,01_34,8
23.01.2020 14:25:05 : Был отключен пользователь GUB_KN
23.01.2020 14:25:06 : Был присоединен пользователь GUB_KN
23.01.2020 14:25:06 : Был получен файл: SZMK_20200122_0154.TIF
23.01.2020 14:25:07 : Были отправлены данные: 1852(24)_462_B-133_Кириллова Т.В._2072.24_73.05
23.01.2020 14:25:07 : Был отключен пользователь GUB_KN
23.01.2020 14:25:08 : Был присоединен пользователь GUB_KN
23.01.2020 14:25:08 : Был получен файл: SZMK_20200122_0155.TIF
23.01.2020 14:25:09 : Были отправлены данные: 1852(24)_461_B-132_Кириллова Т.В._2072.24_73.13
23.01.2020 14:25:09 : Был отключен пользователь GUB_KN
23.01.2020 14:25:09 : Был присоединен пользователь GUB_KN
23.01.2020 14:25:09 : Был получен файл: SZMK_20200122_0156.TIF
23.01.2020 14:25:11 : Были отправлены данные: 1852(24)_1096_R-417_Бубырь М.Е._1448.17_20.43
23.01.2020 14:25:11 : Был отключен пользователь GUB_KN
23.01.2020 14:25:11 : Был присоединен пользователь GUB_KN
23.01.2020 14:25:11 : Был получен файл: SZMK_20200122_0157.TIF
23.01.2020 14:25:12 : Были отправлены данные: 1852(24)_1095_R-416_Бубырь М.Е._1448.17_20.43
23.01.2020 14:25:12 : Был отключен пользователь GUB_KN
23.01.2020 14:25:13 : Был присоединен пользователь GUB_KN
23.01.2020 14:25:13 : Был получен файл: SZMK_20200122_0158.TIF
23.01.2020 14:25:14 : Были отправлены данные: 1852(24)_1094_R-415_Бубырь М.Е._1448_33.73
23.01.2020 14:25:14 : Был отключен пользователь GUB_KN
23.01.2020 14:25:14 : Был присоединен пользователь GUB_KN
23.01.2020 14:25:14 : Был получен файл: SZMK_20200122_0159.TIF
23.01.2020 14:25:15 : Были отправлены данные: 1852(24)_1093_R-414_Бубырь М.Е._1450.86_26.53
23.01.2020 14:25:15 : Был отключен пользователь GUB_KN
23.01.2020 14:25:16 : Был присоединен пользователь GUB_KN
23.01.2020 14:25:16 : Был получен файл: SZMK_20200122_0160.TIF
23.01.2020 14:25:17 : Были отправлены данные: 1852(24)_1092_R-412_Бубырь М.Е._1440_51.65
23.01.2020 14:25:17 : Был отключен пользователь GUB_KN
23.01.2020 14:25:18 : Был присоединен пользователь GUB_KN
23.01.2020 14:25:18 : Был получен файл: SZMK_20200122_0161.TIF
23.01.2020 14:25:19 : Были отправлены данные: 1852(24)_1091_R-411_Бубырь М.Е._1448_35.27
23.01.2020 14:25:19 : Был отключен пользователь GUB_KN
23.01.2020 14:25:19 : Был присоединен пользователь GUB_KN
23.01.2020 14:25:19 : Был получен файл: SZMK_20200122_0162.TIF
23.01.2020 14:25:20 : Были отправлены данные: 1852(24)_1090_R-409_Бубырь М.Е._1450.87_23.66
23.01.2020 14:25:20 : Был отключен пользователь GUB_KN
23.01.2020 14:25:21 : Был присоединен пользователь GUB_KN
23.01.2020 14:25:21 : Был получен файл: SZMK_20200122_0163.TIF
23.01.2020 14:25:22 : Были отправлены данные: 1852(24)_1089_R-407_Бубырь М.Е._1448.15_23.47
23.01.2020 14:25:22 : Был отключен пользователь GUB_KN
23.01.2020 14:25:23 : Был присоединен пользователь GUB_KN
23.01.2020 14:25:23 : Был получен файл: SZMK_20200122_0164.TIF
23.01.2020 14:25:24 : Были отправлены данные: 1852(24)_1088_R-406_Бубырь М.Е._1448.15_26.51
23.01.2020 14:25:24 : Был отключен пользователь GUB_KN
23.01.2020 14:25:24 : Был присоединен пользователь GUB_KN
23.01.2020 14:25:24 : Был получен файл: SZMK_20200122_0165.TIF
23.01.2020 14:25:24 : Были отправлены данные: 1852(24)_586_H-16_Кириллова Т.В._3170_54.75
23.01.2020 14:25:24 : Был отключен пользователь GUB_KN
23.01.2020 14:25:25 : Был присоединен пользователь GUB_KN
23.01.2020 14:25:25 : Был получен файл: SZMK_20200122_0166.TIF
23.01.2020 14:25:25 : Были отправлены данные: 1852(24)_1104_H-45_Кириллова T.В._1040_7.17
23.01.2020 14:25:25 : Был отключен пользователь GUB_KN
23.01.2020 14:25:26 : Был присоединен пользователь GUB_KN
23.01.2020 14:25:26 : Был получен файл: SZMK_20200122_0167.TIF
23.01.2020 14:25:26 : Были отправлены данные: 1852(24)_1105_H-46_Кириллова T.В._1010_6.96
23.01.2020 14:25:26 : Был отключен пользователь GUB_KN
23.01.2020 14:25:26 : Был присоединен пользователь GUB_KN
23.01.2020 14:25:26 : Был получен файл: SZMK_20200122_0168.TIF
23.01.2020 14:25:27 : Были отправлены данные: 1852(24)_1106_H-47_Кириллова T.В._1050_7.24
23.01.2020 14:25:27 : Был отключен пользователь GUB_KN
23.01.2020 14:25:27 : Был присоединен пользователь GUB_KN
23.01.2020 14:25:27 : Был получен файл: SZMK_20200123_0001.TIF
23.01.2020 14:25:29 : Были отправлены данные: 1852(20)_50_N-5_Стародубов А.А._4061,91_77,08
23.01.2020 14:25:29 : Был отключен пользователь GUB_KN
23.01.2020 14:25:29 : Был присоединен пользователь GUB_KN
23.01.2020 14:25:29 : Был получен файл: SZMK_20200123_0002.TIF
23.01.2020 14:25:30 : Были отправлены данные: 1852(20)_51_N-6_Стародубов А.А._4061,91_77,08
23.01.2020 14:25:30 : Был отключен пользователь GUB_KN
23.01.2020 14:25:31 : Был присоединен пользователь GUB_KN
23.01.2020 14:25:31 : Был получен файл: SZMK_20200123_0003.TIF
23.01.2020 14:25:32 : Были отправлены данные: 1852(20)_48_N-3_Стародубов А.А._4278,22_85,18
23.01.2020 14:25:32 : Был отключен пользователь GUB_KN
23.01.2020 14:25:33 : Был присоединен пользователь GUB_KN
23.01.2020 14:25:33 : Был получен файл: SZMK_20200123_0004.TIF
23.01.2020 14:25:34 : Были отправлены данные: 1852(20)_49_N-4_Стародубов А.А._4278,22_85,18
23.01.2020 14:25:34 : Был отключен пользователь GUB_KN
23.01.2020 14:25:35 : Был присоединен пользователь GUB_KN
23.01.2020 14:25:35 : Был получен файл: SZMK_20200123_0005.TIF
23.01.2020 14:25:36 : Были отправлены данные: 1852(20)_46_N-1_Стародубов А.А._4437,56_87,25
23.01.2020 14:25:36 : Был отключен пользователь GUB_KN
23.01.2020 14:25:37 : Был присоединен пользователь GUB_KN
23.01.2020 14:25:37 : Был получен файл: SZMK_20200123_0006.TIF
23.01.2020 14:25:38 : Были отправлены данные: 1852(20)_47_N-2_Стародубов А.А._4437,56_87,25
23.01.2020 14:25:38 : Был отключен пользователь GUB_KN
23.01.2020 14:25:38 : Был присоединен пользователь GUB_KN
23.01.2020 14:25:38 : Был получен файл: SZMK_20200123_0007.TIF
23.01.2020 14:25:39 : Были отправлены данные: 1852(24)_1103_CP-124_Кириллова Т.В._1023.63_226.95
23.01.2020 14:25:39 : Был отключен пользователь GUB_KN
23.01.2020 14:25:40 : Был присоединен пользователь GUB_KN
23.01.2020 14:25:40 : Был получен файл: SZMK_20200123_0008.TIF
23.01.2020 14:25:41 : Были отправлены данные: 1852(24)_599_N-5_Шипунова Е.А._4345_107,5
23.01.2020 14:25:41 : Был отключен пользователь GUB_KN
23.01.2020 14:25:43 : Был присоединен пользователь GUB_KN
23.01.2020 14:25:43 : Был получен файл: SZMK_20200123_0009.TIF
23.01.2020 14:25:47 : Были отправлены данные: Не правильно
23.01.2020 14:25:47 : Был отключен пользователь GUB_KN
23.01.2020 14:25:48 : Был присоединен пользователь GUB_KN
23.01.2020 14:25:48 : Был получен файл: SZMK_20200123_0010.TIF
23.01.2020 14:25:50 : Были отправлены данные: Не правильно
23.01.2020 14:25:50 : Был отключен пользователь GUB_KN
23.01.2020 14:25:51 : Был присоединен пользователь GUB_KN
23.01.2020 14:25:51 : Был получен файл: SZMK_20200123_0011.TIF
23.01.2020 14:25:54 : Были отправлены данные: Не правильно
23.01.2020 14:25:54 : Был отключен пользователь GUB_KN
23.01.2020 14:25:55 : Был присоединен пользователь GUB_KN
23.01.2020 14:25:55 : Был получен файл: SZMK_20200123_0012.TIF
23.01.2020 14:25:58 : Были отправлены данные: Не правильно
23.01.2020 14:25:58 : Был отключен пользователь GUB_KN
23.01.2020 14:28:51 : Была проведена проверка соединения пользователем GUB_KN
23.01.2020 14:28:56 : Был присоединен пользователь GUB_KN
23.01.2020 14:28:56 : Был получен файл: SZMK_20200122_0151.TIF
23.01.2020 14:28:57 : Были отправлены данные: 1852(24)_565_CP-137_Кириллова Т.В._2806.8_131.63
23.01.2020 14:28:57 : Был отключен пользователь GUB_KN
23.01.2020 14:28:58 : Был присоединен пользователь GUB_KN
23.01.2020 14:28:58 : Был получен файл: SZMK_20200122_0152.TIF
23.01.2020 14:29:00 : Были отправлены данные: 1852(24)_597_N-3_Шипунова Е.А._1435,01_36,07
23.01.2020 14:29:00 : Был отключен пользователь GUB_KN
23.01.2020 14:29:00 : Был присоединен пользователь GUB_KN
23.01.2020 14:29:00 : Был получен файл: SZMK_20200122_0153.TIF
23.01.2020 14:29:02 : Были отправлены данные: 1852(24)_598_N-4_Шипунова Е.А._1415,01_34,8
23.01.2020 14:29:02 : Был отключен пользователь GUB_KN
23.01.2020 14:29:03 : Был присоединен пользователь GUB_KN
23.01.2020 14:29:03 : Был получен файл: SZMK_20200122_0154.TIF
23.01.2020 14:29:04 : Были отправлены данные: 1852(24)_462_B-133_Кириллова Т.В._2072.24_73.05
23.01.2020 14:29:04 : Был отключен пользователь GUB_KN
23.01.2020 14:29:05 : Был присоединен пользователь GUB_KN
23.01.2020 14:29:05 : Был получен файл: SZMK_20200122_0155.TIF
23.01.2020 14:29:06 : Были отправлены данные: 1852(24)_461_B-132_Кириллова Т.В._2072.24_73.13
23.01.2020 14:29:06 : Был отключен пользователь GUB_KN
23.01.2020 14:29:07 : Был присоединен пользователь GUB_KN
23.01.2020 14:29:07 : Был получен файл: SZMK_20200122_0156.TIF
23.01.2020 14:29:08 : Были отправлены данные: 1852(24)_1096_R-417_Бубырь М.Е._1448.17_20.43
23.01.2020 14:29:08 : Был отключен пользователь GUB_KN
23.01.2020 14:29:09 : Был присоединен пользователь GUB_KN
23.01.2020 14:29:09 : Был получен файл: SZMK_20200122_0157.TIF
23.01.2020 14:29:10 : Были отправлены данные: 1852(24)_1095_R-416_Бубырь М.Е._1448.17_20.43
23.01.2020 14:29:10 : Был отключен пользователь GUB_KN
23.01.2020 14:29:11 : Был присоединен пользователь GUB_KN
23.01.2020 14:29:11 : Был получен файл: SZMK_20200122_0158.TIF
23.01.2020 14:29:12 : Были отправлены данные: 1852(24)_1094_R-415_Бубырь М.Е._1448_33.73
23.01.2020 14:29:12 : Был отключен пользователь GUB_KN
23.01.2020 14:29:13 : Был присоединен пользователь GUB_KN
23.01.2020 14:29:13 : Был получен файл: SZMK_20200122_0159.TIF
23.01.2020 14:29:14 : Были отправлены данные: 1852(24)_1093_R-414_Бубырь М.Е._1450.86_26.53
23.01.2020 14:29:14 : Был отключен пользователь GUB_KN
23.01.2020 14:29:15 : Был присоединен пользователь GUB_KN
23.01.2020 14:29:15 : Был получен файл: SZMK_20200122_0160.TIF
23.01.2020 14:29:16 : Были отправлены данные: 1852(24)_1092_R-412_Бубырь М.Е._1440_51.65
23.01.2020 14:29:16 : Был отключен пользователь GUB_KN
23.01.2020 14:29:17 : Был присоединен пользователь GUB_KN
23.01.2020 14:29:17 : Был получен файл: SZMK_20200122_0161.TIF
23.01.2020 14:29:18 : Были отправлены данные: 1852(24)_1091_R-411_Бубырь М.Е._1448_35.27
23.01.2020 14:29:18 : Был отключен пользователь GUB_KN
23.01.2020 14:29:19 : Был присоединен пользователь GUB_KN
23.01.2020 14:29:19 : Был получен файл: SZMK_20200122_0162.TIF
23.01.2020 14:29:20 : Были отправлены данные: 1852(24)_1090_R-409_Бубырь М.Е._1450.87_23.66
23.01.2020 14:29:20 : Был отключен пользователь GUB_KN
23.01.2020 14:29:21 : Был присоединен пользователь GUB_KN
23.01.2020 14:29:21 : Был получен файл: SZMK_20200122_0163.TIF
23.01.2020 14:29:22 : Были отправлены данные: 1852(24)_1089_R-407_Бубырь М.Е._1448.15_23.47
23.01.2020 14:29:22 : Был отключен пользователь GUB_KN
23.01.2020 14:29:22 : Был присоединен пользователь GUB_KN
23.01.2020 14:29:22 : Был получен файл: SZMK_20200122_0164.TIF
23.01.2020 14:29:23 : Были отправлены данные: 1852(24)_1088_R-406_Бубырь М.Е._1448.15_26.51
23.01.2020 14:29:23 : Был отключен пользователь GUB_KN
23.01.2020 14:29:24 : Был присоединен пользователь GUB_KN
23.01.2020 14:29:24 : Был получен файл: SZMK_20200122_0165.TIF
23.01.2020 14:29:24 : Были отправлены данные: 1852(24)_586_H-16_Кириллова Т.В._3170_54.75
23.01.2020 14:29:24 : Был отключен пользователь GUB_KN
23.01.2020 14:29:25 : Был присоединен пользователь GUB_KN
23.01.2020 14:29:25 : Был получен файл: SZMK_20200122_0166.TIF
23.01.2020 14:29:25 : Были отправлены данные: 1852(24)_1104_H-45_Кириллова T.В._1040_7.17
23.01.2020 14:29:26 : Был отключен пользователь GUB_KN
23.01.2020 14:29:26 : Был присоединен пользователь GUB_KN
23.01.2020 14:29:26 : Был получен файл: SZMK_20200122_0167.TIF
23.01.2020 14:29:27 : Были отправлены данные: 1852(24)_1105_H-46_Кириллова T.В._1010_6.96
23.01.2020 14:29:27 : Был отключен пользователь GUB_KN
23.01.2020 14:29:27 : Был присоединен пользователь GUB_KN
23.01.2020 14:29:27 : Был получен файл: SZMK_20200122_0168.TIF
23.01.2020 14:29:27 : Были отправлены данные: 1852(24)_1106_H-47_Кириллова T.В._1050_7.24
23.01.2020 14:29:27 : Был отключен пользователь GUB_KN
23.01.2020 14:29:28 : Был присоединен пользователь GUB_KN
23.01.2020 14:29:28 : Был получен файл: SZMK_20200123_0001.TIF
23.01.2020 14:29:30 : Были отправлены данные: 1852(20)_50_N-5_Стародубов А.А._4061,91_77,08
23.01.2020 14:29:30 : Был отключен пользователь GUB_KN
23.01.2020 14:29:30 : Был присоединен пользователь GUB_KN
23.01.2020 14:29:30 : Был получен файл: SZMK_20200123_0002.TIF
23.01.2020 14:29:32 : Были отправлены данные: 1852(20)_51_N-6_Стародубов А.А._4061,91_77,08
23.01.2020 14:29:32 : Был отключен пользователь GUB_KN
23.01.2020 14:29:33 : Был присоединен пользователь GUB_KN
23.01.2020 14:29:33 : Был получен файл: SZMK_20200123_0003.TIF
23.01.2020 14:29:34 : Были отправлены данные: 1852(20)_48_N-3_Стародубов А.А._4278,22_85,18
23.01.2020 14:29:34 : Был отключен пользователь GUB_KN
23.01.2020 14:29:35 : Был присоединен пользователь GUB_KN
23.01.2020 14:29:35 : Был получен файл: SZMK_20200123_0004.TIF
23.01.2020 14:29:36 : Были отправлены данные: 1852(20)_49_N-4_Стародубов А.А._4278,22_85,18
23.01.2020 14:29:36 : Был отключен пользователь GUB_KN
23.01.2020 14:29:37 : Был присоединен пользователь GUB_KN
23.01.2020 14:29:37 : Был получен файл: SZMK_20200123_0005.TIF
23.01.2020 14:29:38 : Были отправлены данные: 1852(20)_46_N-1_Стародубов А.А._4437,56_87,25
23.01.2020 14:29:38 : Был отключен пользователь GUB_KN
23.01.2020 14:29:39 : Был присоединен пользователь GUB_KN
23.01.2020 14:29:39 : Был получен файл: SZMK_20200123_0006.TIF
23.01.2020 14:29:40 : Были отправлены данные: 1852(20)_47_N-2_Стародубов А.А._4437,56_87,25
23.01.2020 14:29:40 : Был отключен пользователь GUB_KN
23.01.2020 14:29:41 : Был присоединен пользователь GUB_KN
23.01.2020 14:29:41 : Был получен файл: SZMK_20200123_0007.TIF
23.01.2020 14:29:42 : Были отправлены данные: 1852(24)_1103_CP-124_Кириллова Т.В._1023.63_226.95
23.01.2020 14:29:42 : Был отключен пользователь GUB_KN
23.01.2020 14:29:43 : Был присоединен пользователь GUB_KN
23.01.2020 14:29:43 : Был получен файл: SZMK_20200123_0008.TIF
23.01.2020 14:29:45 : Были отправлены данные: 1852(24)_599_N-5_Шипунова Е.А._4345_107,5
23.01.2020 14:29:45 : Был отключен пользователь GUB_KN
23.01.2020 14:29:47 : Был присоединен пользователь GUB_KN
23.01.2020 14:29:47 : Был получен файл: SZMK_20200123_0009.TIF
23.01.2020 14:29:51 : Были отправлены данные: Не правильно
23.01.2020 14:29:51 : Был отключен пользователь GUB_KN
23.01.2020 14:29:53 : Был присоединен пользователь GUB_KN
23.01.2020 14:29:53 : Был получен файл: SZMK_20200123_0010.TIF
23.01.2020 14:29:56 : Были отправлены данные: Не правильно
23.01.2020 14:29:56 : Был отключен пользователь GUB_KN
23.01.2020 14:29:56 : Был присоединен пользователь GUB_KN
23.01.2020 14:29:56 : Был получен файл: SZMK_20200123_0011.TIF
23.01.2020 14:30:00 : Были отправлены данные: Не правильно
23.01.2020 14:30:00 : Был отключен пользователь GUB_KN
23.01.2020 14:30:01 : Был присоединен пользователь GUB_KN
23.01.2020 14:30:01 : Был получен файл: SZMK_20200123_0012.TIF
23.01.2020 14:30:05 : Были отправлены данные: Не правильно
23.01.2020 14:30:05 : Был отключен пользователь GUB_KN
23.01.2020 14:30:07 : Был присоединен пользователь GUB_KN
23.01.2020 14:30:07 : Был получен файл: SZMK_20200123_0013.TIF
23.01.2020 14:30:09 : Были отправлены данные: Не правильно
23.01.2020 14:30:09 : Был отключен пользователь GUB_KN
23.01.2020 14:30:10 : Был присоединен пользователь GUB_KN
23.01.2020 14:30:10 : Был получен файл: SZMK_20200123_0014.TIF
23.01.2020 14:30:13 : Были отправлены данные: Не правильно
23.01.2020 14:30:13 : Был отключен пользователь GUB_KN
23.01.2020 14:30:48 : Был присоединен пользователь GUB_KN
23.01.2020 14:30:48 : Был получен файл: SZMK_20200122_0151.TIF
23.01.2020 14:30:49 : Были отправлены данные: 1852(24)_565_CP-137_Кириллова Т.В._2806.8_131.63
23.01.2020 14:30:49 : Был отключен пользователь GUB_KN
23.01.2020 14:30:50 : Был присоединен пользователь GUB_KN
23.01.2020 14:30:50 : Был получен файл: SZMK_20200122_0152.TIF
23.01.2020 14:30:51 : Были отправлены данные: 1852(24)_597_N-3_Шипунова Е.А._1435,01_36,07
23.01.2020 14:30:51 : Был отключен пользователь GUB_KN
23.01.2020 14:30:52 : Был присоединен пользователь GUB_KN
23.01.2020 14:30:52 : Был получен файл: SZMK_20200122_0153.TIF
23.01.2020 14:30:54 : Были отправлены данные: 1852(24)_598_N-4_Шипунова Е.А._1415,01_34,8
23.01.2020 14:30:54 : Был отключен пользователь GUB_KN
23.01.2020 14:30:55 : Был присоединен пользователь GUB_KN
23.01.2020 14:30:55 : Был получен файл: SZMK_20200122_0154.TIF
23.01.2020 14:30:56 : Были отправлены данные: 1852(24)_462_B-133_Кириллова Т.В._2072.24_73.05
23.01.2020 14:30:56 : Был отключен пользователь GUB_KN
23.01.2020 14:30:57 : Был присоединен пользователь GUB_KN
23.01.2020 14:30:57 : Был получен файл: SZMK_20200122_0155.TIF
23.01.2020 14:30:58 : Были отправлены данные: 1852(24)_461_B-132_Кириллова Т.В._2072.24_73.13
23.01.2020 14:30:58 : Был отключен пользователь GUB_KN
23.01.2020 14:30:59 : Был присоединен пользователь GUB_KN
23.01.2020 14:30:59 : Был получен файл: SZMK_20200122_0156.TIF
23.01.2020 14:31:00 : Были отправлены данные: 1852(24)_1096_R-417_Бубырь М.Е._1448.17_20.43
23.01.2020 14:31:00 : Был отключен пользователь GUB_KN
23.01.2020 14:31:00 : Был присоединен пользователь GUB_KN
23.01.2020 14:31:00 : Был получен файл: SZMK_20200122_0157.TIF
23.01.2020 14:31:02 : Были отправлены данные: 1852(24)_1095_R-416_Бубырь М.Е._1448.17_20.43
23.01.2020 14:31:02 : Был отключен пользователь GUB_KN
23.01.2020 14:31:02 : Был присоединен пользователь GUB_KN
23.01.2020 14:31:02 : Был получен файл: SZMK_20200122_0158.TIF
23.01.2020 14:31:04 : Были отправлены данные: 1852(24)_1094_R-415_Бубырь М.Е._1448_33.73
23.01.2020 14:31:04 : Был отключен пользователь GUB_KN
23.01.2020 14:31:04 : Был присоединен пользователь GUB_KN
23.01.2020 14:31:04 : Был получен файл: SZMK_20200122_0159.TIF
23.01.2020 14:31:05 : Были отправлены данные: 1852(24)_1093_R-414_Бубырь М.Е._1450.86_26.53
23.01.2020 14:31:05 : Был отключен пользователь GUB_KN
23.01.2020 14:31:06 : Был присоединен пользователь GUB_KN
23.01.2020 14:31:06 : Был получен файл: SZMK_20200122_0160.TIF
23.01.2020 14:31:07 : Были отправлены данные: 1852(24)_1092_R-412_Бубырь М.Е._1440_51.65
23.01.2020 14:31:07 : Был отключен пользователь GUB_KN
23.01.2020 14:31:08 : Был присоединен пользователь GUB_KN
23.01.2020 14:31:08 : Был получен файл: SZMK_20200122_0161.TIF
23.01.2020 14:31:09 : Были отправлены данные: 1852(24)_1091_R-411_Бубырь М.Е._1448_35.27
23.01.2020 14:31:09 : Был отключен пользователь GUB_KN
23.01.2020 14:31:10 : Был присоединен пользователь GUB_KN
23.01.2020 14:31:10 : Был получен файл: SZMK_20200122_0162.TIF
23.01.2020 14:31:11 : Были отправлены данные: 1852(24)_1090_R-409_Бубырь М.Е._1450.87_23.66
23.01.2020 14:31:11 : Был отключен пользователь GUB_KN
23.01.2020 14:31:12 : Был присоединен пользователь GUB_KN
23.01.2020 14:31:12 : Был получен файл: SZMK_20200122_0163.TIF
23.01.2020 14:31:13 : Были отправлены данные: 1852(24)_1089_R-407_Бубырь М.Е._1448.15_23.47
23.01.2020 14:31:13 : Был отключен пользователь GUB_KN
23.01.2020 14:31:13 : Был присоединен пользователь GUB_KN
23.01.2020 14:31:13 : Был получен файл: SZMK_20200122_0164.TIF
23.01.2020 14:31:14 : Были отправлены данные: 1852(24)_1088_R-406_Бубырь М.Е._1448.15_26.51
23.01.2020 14:31:14 : Был отключен пользователь GUB_KN
23.01.2020 14:31:15 : Был присоединен пользователь GUB_KN
23.01.2020 14:31:15 : Был получен файл: SZMK_20200122_0165.TIF
23.01.2020 14:31:15 : Были отправлены данные: 1852(24)_586_H-16_Кириллова Т.В._3170_54.75
23.01.2020 14:31:15 : Был отключен пользователь GUB_KN
23.01.2020 14:31:15 : Был присоединен пользователь GUB_KN
23.01.2020 14:31:16 : Был получен файл: SZMK_20200122_0166.TIF
23.01.2020 14:31:16 : Были отправлены данные: 1852(24)_1104_H-45_Кириллова T.В._1040_7.17
23.01.2020 14:31:16 : Был отключен пользователь GUB_KN
23.01.2020 14:31:16 : Был присоединен пользователь GUB_KN
23.01.2020 14:31:16 : Был получен файл: SZMK_20200122_0167.TIF
23.01.2020 14:31:17 : Были отправлены данные: 1852(24)_1105_H-46_Кириллова T.В._1010_6.96
23.01.2020 14:31:17 : Был отключен пользователь GUB_KN
23.01.2020 14:31:17 : Был присоединен пользователь GUB_KN
23.01.2020 14:31:17 : Был получен файл: SZMK_20200122_0168.TIF
23.01.2020 14:31:18 : Были отправлены данные: 1852(24)_1106_H-47_Кириллова T.В._1050_7.24
23.01.2020 14:31:18 : Был отключен пользователь GUB_KN
23.01.2020 14:31:18 : Был присоединен пользователь GUB_KN
23.01.2020 14:31:18 : Был получен файл: SZMK_20200123_0001.TIF
23.01.2020 14:31:20 : Были отправлены данные: 1852(20)_50_N-5_Стародубов А.А._4061,91_77,08
23.01.2020 14:31:20 : Был отключен пользователь GUB_KN
23.01.2020 14:31:20 : Был присоединен пользователь GUB_KN
23.01.2020 14:31:20 : Был получен файл: SZMK_20200123_0002.TIF
23.01.2020 14:31:22 : Были отправлены данные: 1852(20)_51_N-6_Стародубов А.А._4061,91_77,08
23.01.2020 14:31:22 : Был отключен пользователь GUB_KN
23.01.2020 14:31:22 : Был присоединен пользователь GUB_KN
23.01.2020 14:31:22 : Был получен файл: SZMK_20200123_0003.TIF
23.01.2020 14:31:24 : Были отправлены данные: 1852(20)_48_N-3_Стародубов А.А._4278,22_85,18
23.01.2020 14:31:24 : Был отключен пользователь GUB_KN
23.01.2020 14:31:24 : Был присоединен пользователь GUB_KN
23.01.2020 14:31:24 : Был получен файл: SZMK_20200123_0004.TIF
23.01.2020 14:31:25 : Были отправлены данные: 1852(20)_49_N-4_Стародубов А.А._4278,22_85,18
23.01.2020 14:31:25 : Был отключен пользователь GUB_KN
23.01.2020 14:31:26 : Был присоединен пользователь GUB_KN
23.01.2020 14:31:26 : Был получен файл: SZMK_20200123_0005.TIF
23.01.2020 14:31:28 : Были отправлены данные: 1852(20)_46_N-1_Стародубов А.А._4437,56_87,25
23.01.2020 14:31:28 : Был отключен пользователь GUB_KN
23.01.2020 14:31:28 : Был присоединен пользователь GUB_KN
23.01.2020 14:31:28 : Был получен файл: SZMK_20200123_0006.TIF
23.01.2020 14:31:30 : Были отправлены данные: 1852(20)_47_N-2_Стародубов А.А._4437,56_87,25
23.01.2020 14:31:30 : Был отключен пользователь GUB_KN
23.01.2020 14:31:30 : Был присоединен пользователь GUB_KN
23.01.2020 14:31:30 : Был получен файл: SZMK_20200123_0007.TIF
23.01.2020 14:31:31 : Были отправлены данные: 1852(24)_1103_CP-124_Кириллова Т.В._1023.63_226.95
23.01.2020 14:31:31 : Был отключен пользователь GUB_KN
23.01.2020 14:31:32 : Был присоединен пользователь GUB_KN
23.01.2020 14:31:32 : Был получен файл: SZMK_20200123_0008.TIF
23.01.2020 14:31:34 : Были отправлены данные: 1852(24)_599_N-5_Шипунова Е.А._4345_107,5
23.01.2020 14:31:34 : Был отключен пользователь GUB_KN
23.01.2020 14:31:35 : Был присоединен пользователь GUB_KN
23.01.2020 14:31:35 : Был получен файл: SZMK_20200123_0009.TIF
23.01.2020 14:31:40 : Были отправлены данные: Не правильно
23.01.2020 14:31:40 : Был отключен пользователь GUB_KN
23.01.2020 14:31:41 : Был присоединен пользователь GUB_KN
23.01.2020 14:31:41 : Был получен файл: SZMK_20200123_0010.TIF
23.01.2020 14:31:44 : Были отправлены данные: Не правильно
23.01.2020 14:31:44 : Был отключен пользователь GUB_KN
23.01.2020 14:31:45 : Был присоединен пользователь GUB_KN
23.01.2020 14:31:45 : Был получен файл: SZMK_20200123_0011.TIF
23.01.2020 14:31:48 : Были отправлены данные: Не правильно
23.01.2020 14:31:48 : Был отключен пользователь GUB_KN
23.01.2020 14:31:49 : Был присоединен пользователь GUB_KN
23.01.2020 14:31:49 : Был получен файл: SZMK_20200123_0012.TIF
23.01.2020 14:31:53 : Были отправлены данные: Не правильно
23.01.2020 14:31:53 : Был отключен пользователь GUB_KN
23.01.2020 14:31:54 : Был присоединен пользователь GUB_KN
23.01.2020 14:31:54 : Был получен файл: SZMK_20200123_0013.TIF
23.01.2020 14:31:57 : Были отправлены данные: Не правильно
23.01.2020 14:31:57 : Был отключен пользователь GUB_KN
23.01.2020 14:31:58 : Был присоединен пользователь GUB_KN
23.01.2020 14:31:58 : Был получен файл: SZMK_20200123_0014.TIF
23.01.2020 14:32:01 : Были отправлены данные: Не правильно
23.01.2020 14:32:01 : Был отключен пользователь GUB_KN
23.01.2020 14:32:14 : Была проведена проверка соединения пользователем GUB_KN
23.01.2020 14:32:21 : Был присоединен пользователь GUB_KN
23.01.2020 14:32:21 : Был получен файл: SZMK_20200122_0151.TIF
23.01.2020 14:32:22 : Были отправлены данные: 1852(24)_565_CP-137_Кириллова Т.В._2806.8_131.63
23.01.2020 14:32:22 : Был отключен пользователь GUB_KN
23.01.2020 14:32:23 : Был присоединен пользователь GUB_KN
23.01.2020 14:32:23 : Был получен файл: SZMK_20200122_0152.TIF
23.01.2020 14:32:25 : Были отправлены данные: 1852(24)_597_N-3_Шипунова Е.А._1435,01_36,07
23.01.2020 14:32:25 : Был отключен пользователь GUB_KN
23.01.2020 14:32:25 : Был присоединен пользователь GUB_KN
23.01.2020 14:32:25 : Был получен файл: SZMK_20200122_0153.TIF
23.01.2020 14:32:27 : Были отправлены данные: 1852(24)_598_N-4_Шипунова Е.А._1415,01_34,8
23.01.2020 14:32:27 : Был отключен пользователь GUB_KN
23.01.2020 14:32:28 : Был присоединен пользователь GUB_KN
23.01.2020 14:32:28 : Был получен файл: SZMK_20200122_0154.TIF
23.01.2020 14:32:29 : Были отправлены данные: 1852(24)_462_B-133_Кириллова Т.В._2072.24_73.05
23.01.2020 14:32:29 : Был отключен пользователь GUB_KN
23.01.2020 14:32:30 : Был присоединен пользователь GUB_KN
23.01.2020 14:32:30 : Был получен файл: SZMK_20200122_0155.TIF
23.01.2020 14:32:31 : Были отправлены данные: 1852(24)_461_B-132_Кириллова Т.В._2072.24_73.13
23.01.2020 14:32:31 : Был отключен пользователь GUB_KN
23.01.2020 14:32:32 : Был присоединен пользователь GUB_KN
23.01.2020 14:32:32 : Был получен файл: SZMK_20200122_0156.TIF
23.01.2020 14:32:33 : Были отправлены данные: 1852(24)_1096_R-417_Бубырь М.Е._1448.17_20.43
23.01.2020 14:32:33 : Был отключен пользователь GUB_KN
23.01.2020 14:32:34 : Был присоединен пользователь GUB_KN
23.01.2020 14:32:34 : Был получен файл: SZMK_20200122_0157.TIF
23.01.2020 14:32:35 : Были отправлены данные: 1852(24)_1095_R-416_Бубырь М.Е._1448.17_20.43
23.01.2020 14:32:35 : Был отключен пользователь GUB_KN
23.01.2020 14:32:36 : Был присоединен пользователь GUB_KN
23.01.2020 14:32:36 : Был получен файл: SZMK_20200122_0158.TIF
23.01.2020 14:32:37 : Были отправлены данные: 1852(24)_1094_R-415_Бубырь М.Е._1448_33.73
23.01.2020 14:32:37 : Был отключен пользователь GUB_KN
23.01.2020 14:32:38 : Был присоединен пользователь GUB_KN
23.01.2020 14:32:38 : Был получен файл: SZMK_20200122_0159.TIF
23.01.2020 14:32:39 : Были отправлены данные: 1852(24)_1093_R-414_Бубырь М.Е._1450.86_26.53
23.01.2020 14:32:39 : Был отключен пользователь GUB_KN
23.01.2020 14:32:40 : Был присоединен пользователь GUB_KN
23.01.2020 14:32:40 : Был получен файл: SZMK_20200122_0160.TIF
23.01.2020 14:32:41 : Были отправлены данные: 1852(24)_1092_R-412_Бубырь М.Е._1440_51.65
23.01.2020 14:32:41 : Был отключен пользователь GUB_KN
23.01.2020 14:32:41 : Был присоединен пользователь GUB_KN
23.01.2020 14:32:41 : Был получен файл: SZMK_20200122_0161.TIF
23.01.2020 14:32:43 : Были отправлены данные: 1852(24)_1091_R-411_Бубырь М.Е._1448_35.27
23.01.2020 14:32:43 : Был отключен пользователь GUB_KN
23.01.2020 14:32:44 : Был присоединен пользователь GUB_KN
23.01.2020 14:32:44 : Был получен файл: SZMK_20200122_0162.TIF
23.01.2020 14:32:45 : Были отправлены данные: 1852(24)_1090_R-409_Бубырь М.Е._1450.87_23.66
23.01.2020 14:32:45 : Был отключен пользователь GUB_KN
23.01.2020 14:32:46 : Был присоединен пользователь GUB_KN
23.01.2020 14:32:46 : Был получен файл: SZMK_20200122_0163.TIF
23.01.2020 14:32:47 : Были отправлены данные: 1852(24)_1089_R-407_Бубырь М.Е._1448.15_23.47
23.01.2020 14:32:47 : Был отключен пользователь GUB_KN
23.01.2020 14:32:47 : Был присоединен пользователь GUB_KN
23.01.2020 14:32:47 : Был получен файл: SZMK_20200122_0164.TIF
23.01.2020 14:32:49 : Были отправлены данные: 1852(24)_1088_R-406_Бубырь М.Е._1448.15_26.51
23.01.2020 14:32:49 : Был отключен пользователь GUB_KN
23.01.2020 14:32:49 : Был присоединен пользователь GUB_KN
23.01.2020 14:32:49 : Был получен файл: SZMK_20200122_0165.TIF
23.01.2020 14:32:50 : Были отправлены данные: 1852(24)_586_H-16_Кириллова Т.В._3170_54.75
23.01.2020 14:32:50 : Был отключен пользователь GUB_KN
23.01.2020 14:32:50 : Был присоединен пользователь GUB_KN
23.01.2020 14:32:50 : Был получен файл: SZMK_20200122_0166.TIF
23.01.2020 14:32:51 : Были отправлены данные: 1852(24)_1104_H-45_Кириллова T.В._1040_7.17
23.01.2020 14:32:51 : Был отключен пользователь GUB_KN
23.01.2020 14:32:51 : Был присоединен пользователь GUB_KN
23.01.2020 14:32:51 : Был получен файл: SZMK_20200122_0167.TIF
23.01.2020 14:32:52 : Были отправлены данные: 1852(24)_1105_H-46_Кириллова T.В._1010_6.96
23.01.2020 14:32:52 : Был отключен пользователь GUB_KN
23.01.2020 14:32:52 : Был присоединен пользователь GUB_KN
23.01.2020 14:32:52 : Был получен файл: SZMK_20200122_0168.TIF
23.01.2020 14:32:53 : Были отправлены данные: 1852(24)_1106_H-47_Кириллова T.В._1050_7.24
23.01.2020 14:32:53 : Был отключен пользователь GUB_KN
23.01.2020 14:32:53 : Был присоединен пользователь GUB_KN
23.01.2020 14:32:53 : Был получен файл: SZMK_20200123_0001.TIF
23.01.2020 14:32:55 : Были отправлены данные: 1852(20)_50_N-5_Стародубов А.А._4061,91_77,08
23.01.2020 14:32:55 : Был отключен пользователь GUB_KN
23.01.2020 14:32:55 : Был присоединен пользователь GUB_KN
23.01.2020 14:32:55 : Был получен файл: SZMK_20200123_0002.TIF
23.01.2020 14:32:57 : Были отправлены данные: 1852(20)_51_N-6_Стародубов А.А._4061,91_77,08
23.01.2020 14:32:57 : Был отключен пользователь GUB_KN
23.01.2020 14:32:58 : Был присоединен пользователь GUB_KN
23.01.2020 14:32:58 : Был получен файл: SZMK_20200123_0003.TIF
23.01.2020 14:32:59 : Были отправлены данные: 1852(20)_48_N-3_Стародубов А.А._4278,22_85,18
23.01.2020 14:32:59 : Был отключен пользователь GUB_KN
23.01.2020 14:33:00 : Был присоединен пользователь GUB_KN
23.01.2020 14:33:00 : Был получен файл: SZMK_20200123_0004.TIF
23.01.2020 14:33:01 : Были отправлены данные: 1852(20)_49_N-4_Стародубов А.А._4278,22_85,18
23.01.2020 14:33:01 : Был отключен пользователь GUB_KN
23.01.2020 14:33:02 : Был присоединен пользователь GUB_KN
23.01.2020 14:33:02 : Был получен файл: SZMK_20200123_0005.TIF
23.01.2020 14:33:03 : Были отправлены данные: 1852(20)_46_N-1_Стародубов А.А._4437,56_87,25
23.01.2020 14:33:03 : Был отключен пользователь GUB_KN
23.01.2020 14:33:04 : Был присоединен пользователь GUB_KN
23.01.2020 14:33:04 : Был получен файл: SZMK_20200123_0006.TIF
23.01.2020 14:33:05 : Были отправлены данные: 1852(20)_47_N-2_Стародубов А.А._4437,56_87,25
23.01.2020 14:33:05 : Был отключен пользователь GUB_KN
23.01.2020 14:33:06 : Был присоединен пользователь GUB_KN
23.01.2020 14:33:06 : Был получен файл: SZMK_20200123_0007.TIF
23.01.2020 14:33:07 : Были отправлены данные: 1852(24)_1103_CP-124_Кириллова Т.В._1023.63_226.95
23.01.2020 14:33:07 : Был отключен пользователь GUB_KN
23.01.2020 14:33:08 : Был присоединен пользователь GUB_KN
23.01.2020 14:33:08 : Был получен файл: SZMK_20200123_0008.TIF
23.01.2020 14:33:10 : Были отправлены данные: 1852(24)_599_N-5_Шипунова Е.А._4345_107,5
23.01.2020 14:33:10 : Был отключен пользователь GUB_KN
23.01.2020 14:33:12 : Был присоединен пользователь GUB_KN
23.01.2020 14:33:12 : Был получен файл: SZMK_20200123_0009.TIF
23.01.2020 14:33:17 : Были отправлены данные: Не правильно
23.01.2020 14:33:17 : Был отключен пользователь GUB_KN
23.01.2020 14:33:19 : Был присоединен пользователь GUB_KN
23.01.2020 14:33:19 : Был получен файл: SZMK_20200123_0010.TIF
23.01.2020 14:33:22 : Были отправлены данные: Не правильно
23.01.2020 14:33:22 : Был отключен пользователь GUB_KN
23.01.2020 14:33:22 : Был присоединен пользователь GUB_KN
23.01.2020 14:33:22 : Был получен файл: SZMK_20200123_0011.TIF
23.01.2020 14:33:26 : Были отправлены данные: Не правильно
23.01.2020 14:33:26 : Был отключен пользователь GUB_KN
23.01.2020 14:33:27 : Был присоединен пользователь GUB_KN
23.01.2020 14:33:27 : Был получен файл: SZMK_20200123_0012.TIF
23.01.2020 14:33:31 : Были отправлены данные: Не правильно
23.01.2020 14:33:31 : Был отключен пользователь GUB_KN
23.01.2020 14:33:32 : Был присоединен пользователь GUB_KN
23.01.2020 14:33:32 : Был получен файл: SZMK_20200123_0013.TIF
23.01.2020 14:33:35 : Были отправлены данные: Не правильно
23.01.2020 14:33:35 : Был отключен пользователь GUB_KN
23.01.2020 14:33:36 : Был присоединен пользователь GUB_KN
23.01.2020 14:33:36 : Был получен файл: SZMK_20200123_0014.TIF
23.01.2020 14:33:39 : Были отправлены данные: Не правильно
23.01.2020 14:33:39 : Был отключен пользователь GUB_KN
23.01.2020 14:33:42 : Сервер развернут из трея
23.01.2020 14:33:48 : Сервер свернут в трей
23.01.2020 14:39:53 : Была проведена проверка соединения пользователем GUB_KN
23.01.2020 14:40:03 : Был присоединен пользователь GUB_KN
23.01.2020 14:40:03 : Был получен файл: SZMK_20200122_0151.TIF
23.01.2020 14:40:04 : Были отправлены данные: 1852(24)_565_CP-137_Кириллова Т.В._2806.8_131.63
23.01.2020 14:40:04 : Был отключен пользователь GUB_KN
23.01.2020 14:40:05 : Был присоединен пользователь GUB_KN
23.01.2020 14:40:05 : Был получен файл: SZMK_20200122_0152.TIF
23.01.2020 14:40:06 : Были отправлены данные: 1852(24)_597_N-3_Шипунова Е.А._1435,01_36,07
23.01.2020 14:40:06 : Был отключен пользователь GUB_KN
23.01.2020 14:40:07 : Был присоединен пользователь GUB_KN
23.01.2020 14:40:07 : Был получен файл: SZMK_20200122_0153.TIF
23.01.2020 14:40:09 : Были отправлены данные: 1852(24)_598_N-4_Шипунова Е.А._1415,01_34,8
23.01.2020 14:40:09 : Был отключен пользователь GUB_KN
23.01.2020 14:40:10 : Был присоединен пользователь GUB_KN
23.01.2020 14:40:10 : Был получен файл: SZMK_20200122_0154.TIF
23.01.2020 14:40:12 : Были отправлены данные: 1852(24)_462_B-133_Кириллова Т.В._2072.24_73.05
23.01.2020 14:40:12 : Был отключен пользователь GUB_KN
23.01.2020 14:40:12 : Был присоединен пользователь GUB_KN
23.01.2020 14:40:12 : Был получен файл: SZMK_20200122_0155.TIF
23.01.2020 14:40:14 : Были отправлены данные: 1852(24)_461_B-132_Кириллова Т.В._2072.24_73.13
23.01.2020 14:40:14 : Был отключен пользователь GUB_KN
23.01.2020 14:40:15 : Был присоединен пользователь GUB_KN
23.01.2020 14:40:15 : Был получен файл: SZMK_20200122_0156.TIF
23.01.2020 14:40:16 : Были отправлены данные: 1852(24)_1096_R-417_Бубырь М.Е._1448.17_20.43
23.01.2020 14:40:16 : Был отключен пользователь GUB_KN
23.01.2020 14:40:17 : Был присоединен пользователь GUB_KN
23.01.2020 14:40:17 : Был получен файл: SZMK_20200122_0157.TIF
23.01.2020 14:40:18 : Были отправлены данные: 1852(24)_1095_R-416_Бубырь М.Е._1448.17_20.43
23.01.2020 14:40:18 : Был отключен пользователь GUB_KN
23.01.2020 14:40:19 : Был присоединен пользователь GUB_KN
23.01.2020 14:40:19 : Был получен файл: SZMK_20200122_0158.TIF
23.01.2020 14:40:20 : Были отправлены данные: 1852(24)_1094_R-415_Бубырь М.Е._1448_33.73
23.01.2020 14:40:20 : Был отключен пользователь GUB_KN
23.01.2020 14:40:21 : Был присоединен пользователь GUB_KN
23.01.2020 14:40:21 : Был получен файл: SZMK_20200122_0159.TIF
23.01.2020 14:40:23 : Были отправлены данные: 1852(24)_1093_R-414_Бубырь М.Е._1450.86_26.53
23.01.2020 14:40:23 : Был отключен пользователь GUB_KN
23.01.2020 14:40:24 : Был присоединен пользователь GUB_KN
23.01.2020 14:40:24 : Был получен файл: SZMK_20200122_0160.TIF
23.01.2020 14:40:25 : Были отправлены данные: 1852(24)_1092_R-412_Бубырь М.Е._1440_51.65
23.01.2020 14:40:25 : Был отключен пользователь GUB_KN
23.01.2020 14:40:26 : Был присоединен пользователь GUB_KN
23.01.2020 14:40:26 : Был получен файл: SZMK_20200122_0161.TIF
23.01.2020 14:40:27 : Были отправлены данные: 1852(24)_1091_R-411_Бубырь М.Е._1448_35.27
23.01.2020 14:40:27 : Был отключен пользователь GUB_KN
23.01.2020 14:40:28 : Был присоединен пользователь GUB_KN
23.01.2020 14:40:28 : Был получен файл: SZMK_20200122_0162.TIF
23.01.2020 14:40:30 : Были отправлены данные: 1852(24)_1090_R-409_Бубырь М.Е._1450.87_23.66
23.01.2020 14:40:30 : Был отключен пользователь GUB_KN
23.01.2020 14:40:30 : Был присоединен пользователь GUB_KN
23.01.2020 14:40:30 : Был получен файл: SZMK_20200122_0163.TIF
23.01.2020 14:40:32 : Были отправлены данные: 1852(24)_1089_R-407_Бубырь М.Е._1448.15_23.47
23.01.2020 14:40:32 : Был отключен пользователь GUB_KN
23.01.2020 14:40:32 : Был присоединен пользователь GUB_KN
23.01.2020 14:40:32 : Был получен файл: SZMK_20200122_0164.TIF
23.01.2020 14:40:34 : Были отправлены данные: 1852(24)_1088_R-406_Бубырь М.Е._1448.15_26.51
23.01.2020 14:40:34 : Был отключен пользователь GUB_KN
23.01.2020 14:40:34 : Был присоединен пользователь GUB_KN
23.01.2020 14:40:34 : Был получен файл: SZMK_20200122_0165.TIF
23.01.2020 14:40:35 : Были отправлены данные: 1852(24)_586_H-16_Кириллова Т.В._3170_54.75
23.01.2020 14:40:35 : Был отключен пользователь GUB_KN
23.01.2020 14:40:35 : Был присоединен пользователь GUB_KN
23.01.2020 14:40:35 : Был получен файл: SZMK_20200122_0166.TIF
23.01.2020 14:40:35 : Были отправлены данные: 1852(24)_1104_H-45_Кириллова T.В._1040_7.17
23.01.2020 14:40:35 : Был отключен пользователь GUB_KN
23.01.2020 14:40:36 : Был присоединен пользователь GUB_KN
23.01.2020 14:40:36 : Был получен файл: SZMK_20200122_0167.TIF
23.01.2020 14:40:37 : Были отправлены данные: 1852(24)_1105_H-46_Кириллова T.В._1010_6.96
23.01.2020 14:40:37 : Был отключен пользователь GUB_KN
23.01.2020 14:40:37 : Был присоединен пользователь GUB_KN
23.01.2020 14:40:37 : Был получен файл: SZMK_20200122_0168.TIF
23.01.2020 14:40:38 : Были отправлены данные: 1852(24)_1106_H-47_Кириллова T.В._1050_7.24
23.01.2020 14:40:38 : Был отключен пользователь GUB_KN
23.01.2020 14:40:39 : Был присоединен пользователь GUB_KN
23.01.2020 14:40:39 : Был получен файл: SZMK_20200123_0001.TIF
23.01.2020 14:40:40 : Были отправлены данные: 1852(20)_50_N-5_Стародубов А.А._4061,91_77,08
23.01.2020 14:40:40 : Был отключен пользователь GUB_KN
23.01.2020 14:40:41 : Был присоединен пользователь GUB_KN
23.01.2020 14:40:41 : Был получен файл: SZMK_20200123_0002.TIF
23.01.2020 14:40:42 : Были отправлены данные: 1852(20)_51_N-6_Стародубов А.А._4061,91_77,08
23.01.2020 14:40:42 : Был отключен пользователь GUB_KN
23.01.2020 14:40:43 : Был присоединен пользователь GUB_KN
23.01.2020 14:40:43 : Был получен файл: SZMK_20200123_0003.TIF
23.01.2020 14:40:45 : Были отправлены данные: 1852(20)_48_N-3_Стародубов А.А._4278,22_85,18
23.01.2020 14:40:45 : Был отключен пользователь GUB_KN
23.01.2020 14:40:46 : Был присоединен пользователь GUB_KN
23.01.2020 14:40:46 : Был получен файл: SZMK_20200123_0004.TIF
23.01.2020 14:40:47 : Были отправлены данные: 1852(20)_49_N-4_Стародубов А.А._4278,22_85,18
23.01.2020 14:40:47 : Был отключен пользователь GUB_KN
23.01.2020 14:40:48 : Был присоединен пользователь GUB_KN
23.01.2020 14:40:48 : Был получен файл: SZMK_20200123_0005.TIF
23.01.2020 14:40:49 : Были отправлены данные: 1852(20)_46_N-1_Стародубов А.А._4437,56_87,25
23.01.2020 14:40:49 : Был отключен пользователь GUB_KN
23.01.2020 14:40:50 : Был присоединен пользователь GUB_KN
23.01.2020 14:40:50 : Был получен файл: SZMK_20200123_0006.TIF
23.01.2020 14:40:52 : Были отправлены данные: 1852(20)_47_N-2_Стародубов А.А._4437,56_87,25
23.01.2020 14:40:52 : Был отключен пользователь GUB_KN
23.01.2020 14:40:53 : Был присоединен пользователь GUB_KN
23.01.2020 14:40:53 : Был получен файл: SZMK_20200123_0007.TIF
23.01.2020 14:40:54 : Были отправлены данные: 1852(24)_1103_CP-124_Кириллова Т.В._1023.63_226.95
23.01.2020 14:40:54 : Был отключен пользователь GUB_KN
23.01.2020 14:40:54 : Был присоединен пользователь GUB_KN
23.01.2020 14:40:54 : Был получен файл: SZMK_20200123_0008.TIF
23.01.2020 14:40:57 : Были отправлены данные: 1852(24)_599_N-5_Шипунова Е.А._4345_107,5
23.01.2020 14:40:57 : Был отключен пользователь GUB_KN
23.01.2020 14:40:58 : Был присоединен пользователь GUB_KN
23.01.2020 14:40:58 : Был получен файл: SZMK_20200123_0009.TIF
23.01.2020 14:41:03 : Были отправлены данные: Не правильно
23.01.2020 14:41:03 : Был отключен пользователь GUB_KN
23.01.2020 14:41:05 : Был присоединен пользователь GUB_KN
23.01.2020 14:41:05 : Был получен файл: SZMK_20200123_0010.TIF
23.01.2020 14:41:08 : Были отправлены данные: Не правильно
23.01.2020 14:41:08 : Был отключен пользователь GUB_KN
23.01.2020 14:41:09 : Был присоединен пользователь GUB_KN
23.01.2020 14:41:09 : Был получен файл: SZMK_20200123_0011.TIF
23.01.2020 14:41:13 : Были отправлены данные: Не правильно
23.01.2020 14:41:13 : Был отключен пользователь GUB_KN
23.01.2020 14:41:14 : Был присоединен пользователь GUB_KN
23.01.2020 14:41:14 : Был получен файл: SZMK_20200123_0012.TIF
23.01.2020 14:41:19 : Были отправлены данные: Не правильно
23.01.2020 14:41:19 : Был отключен пользователь GUB_KN
23.01.2020 14:41:20 : Был присоединен пользователь GUB_KN
23.01.2020 14:41:20 : Был получен файл: SZMK_20200123_0013.TIF
23.01.2020 14:41:23 : Были отправлены данные: Не правильно
23.01.2020 14:41:23 : Был отключен пользователь GUB_KN
23.01.2020 14:41:24 : Был присоединен пользователь GUB_KN
23.01.2020 14:41:24 : Был получен файл: SZMK_20200123_0014.TIF
23.01.2020 14:41:27 : Были отправлены данные: Не правильно
23.01.2020 14:41:27 : Был отключен пользователь GUB_KN
23.01.2020 14:45:28 : Была проведена проверка соединения пользователем ROOT
23.01.2020 17:32:57 : Сервер развернут из трея
23.01.2020 17:32:59 : Закрытие сервера
23.01.2020 20:06:39 : Запущено слушание клиентов и найдена директория темповых файлов
23.01.2020 20:06:39 : C:\Users\thedr\Desktop\Works\SZMK_Decode\Decode\Decode\bin\Debug
23.01.2020 20:06:40 : Сервер свернут в трей
23.01.2020 20:41:53 : Сервер развернут из трея
23.01.2020 20:41:55 : Сервер свернут в трей
23.01.2020 21:40:56 : Обычно разрешается только одно использование адреса сокета (протокол/сетевой адрес/порт)
23.01.2020 21:40:58 : Ошибка запуска сервера
23.01.2020 21:41:01 : Сервер развернут из трея
23.01.2020 21:41:06 : Сервер свернут в трей
23.01.2020 21:41:57 : Была проведена проверка соединения пользователем ROOT
23.01.2020 21:42:09 : Была проведена проверка соединения пользователем GUB_KN
23.01.2020 21:42:18 : Был присоединен пользователь GUB_KN
23.01.2020 21:42:18 : Был получен файл: SZMK_20200122_0151.TIF
23.01.2020 21:42:19 : Были отправлены данные: 1852(24)_565_CP-137_Кириллова Т.В._2806.8_131.63
23.01.2020 21:42:19 : Был отключен пользователь GUB_KN
23.01.2020 21:42:20 : Был присоединен пользователь GUB_KN
23.01.2020 21:42:20 : Был получен файл: SZMK_20200122_0152.TIF
23.01.2020 21:42:21 : Были отправлены данные: 1852(24)_597_N-3_Шипунова Е.А._1435,01_36,07
23.01.2020 21:42:21 : Был отключен пользователь GUB_KN
23.01.2020 21:42:22 : Был присоединен пользователь GUB_KN
23.01.2020 21:42:22 : Был получен файл: SZMK_20200122_0153.TIF
23.01.2020 21:42:24 : Были отправлены данные: 1852(24)_598_N-4_Шипунова Е.А._1415,01_34,8
23.01.2020 21:42:24 : Был отключен пользователь GUB_KN
23.01.2020 21:42:24 : Был присоединен пользователь GUB_KN
23.01.2020 21:42:24 : Был получен файл: SZMK_20200122_0154.TIF
23.01.2020 21:42:26 : Были отправлены данные: 1852(24)_462_B-133_Кириллова Т.В._2072.24_73.05
23.01.2020 21:42:26 : Был отключен пользователь GUB_KN
23.01.2020 21:42:26 : Был присоединен пользователь GUB_KN
23.01.2020 21:42:26 : Был получен файл: SZMK_20200122_0155.TIF
23.01.2020 21:42:27 : Были отправлены данные: 1852(24)_461_B-132_Кириллова Т.В._2072.24_73.13
23.01.2020 21:42:27 : Был отключен пользователь GUB_KN
23.01.2020 21:42:28 : Был присоединен пользователь GUB_KN
23.01.2020 21:42:28 : Был получен файл: SZMK_20200122_0158.TIF
23.01.2020 21:42:29 : Были отправлены данные: 1852(24)_1094_R-415_Бубырь М.Е._1448_33.73
23.01.2020 21:42:29 : Был отключен пользователь GUB_KN
23.01.2020 21:42:30 : Был присоединен пользователь GUB_KN
23.01.2020 21:42:30 : Был получен файл: SZMK_20200122_0159.TIF
23.01.2020 21:42:31 : Были отправлены данные: 1852(24)_1093_R-414_Бубырь М.Е._1450.86_26.53
23.01.2020 21:42:31 : Был отключен пользователь GUB_KN
23.01.2020 21:42:31 : Был присоединен пользователь GUB_KN
23.01.2020 21:42:31 : Был получен файл: SZMK_20200122_0160.TIF
23.01.2020 21:42:32 : Были отправлены данные: 1852(24)_1092_R-412_Бубырь М.Е._1440_51.65
23.01.2020 21:42:32 : Был отключен пользователь GUB_KN
23.01.2020 21:42:33 : Был присоединен пользователь GUB_KN
23.01.2020 21:42:33 : Был получен файл: SZMK_20200122_0161.TIF
23.01.2020 21:42:34 : Были отправлены данные: 1852(24)_1091_R-411_Бубырь М.Е._1448_35.27
23.01.2020 21:42:34 : Был отключен пользователь GUB_KN
23.01.2020 21:42:35 : Был присоединен пользователь GUB_KN
23.01.2020 21:42:35 : Был получен файл: SZMK_20200122_0162.TIF
23.01.2020 21:42:36 : Были отправлены данные: 1852(24)_1090_R-409_Бубырь М.Е._1450.87_23.66
23.01.2020 21:42:36 : Был отключен пользователь GUB_KN
23.01.2020 21:42:36 : Был присоединен пользователь GUB_KN
23.01.2020 21:42:36 : Был получен файл: SZMK_20200122_0165.TIF
23.01.2020 21:42:37 : Были отправлены данные: 1852(24)_586_H-16_Кириллова Т.В._3170_54.75
23.01.2020 21:42:37 : Был отключен пользователь GUB_KN
23.01.2020 21:42:37 : Был присоединен пользователь GUB_KN
23.01.2020 21:42:37 : Был получен файл: SZMK_20200122_0166.TIF
23.01.2020 21:42:37 : Были отправлены данные: 1852(24)_1104_H-45_Кириллова T.В._1040_7.17
23.01.2020 21:42:37 : Был отключен пользователь GUB_KN
23.01.2020 21:42:38 : Был присоединен пользователь GUB_KN
23.01.2020 21:42:38 : Был получен файл: SZMK_20200122_0167.TIF
23.01.2020 21:42:38 : Были отправлены данные: 1852(24)_1105_H-46_Кириллова T.В._1010_6.96
23.01.2020 21:42:38 : Был отключен пользователь GUB_KN
23.01.2020 21:42:39 : Был присоединен пользователь GUB_KN
23.01.2020 21:42:39 : Был получен файл: SZMK_20200122_0168.TIF
23.01.2020 21:42:39 : Были отправлены данные: 1852(24)_1106_H-47_Кириллова T.В._1050_7.24
23.01.2020 21:42:39 : Был отключен пользователь GUB_KN
23.01.2020 21:42:40 : Был присоединен пользователь GUB_KN
23.01.2020 21:42:40 : Был получен файл: SZMK_20200123_0001.TIF
23.01.2020 21:42:41 : Были отправлены данные: 1852(20)_50_N-5_Стародубов А.А._4061,91_77,08
23.01.2020 21:42:41 : Был отключен пользователь GUB_KN
23.01.2020 21:42:41 : Был присоединен пользователь GUB_KN
23.01.2020 21:42:41 : Был получен файл: SZMK_20200123_0004.TIF
23.01.2020 21:42:42 : Были отправлены данные: 1852(20)_49_N-4_Стародубов А.А._4278,22_85,18
23.01.2020 21:42:42 : Был отключен пользователь GUB_KN
23.01.2020 21:42:43 : Был присоединен пользователь GUB_KN
23.01.2020 21:42:43 : Был получен файл: SZMK_20200123_0005.TIF
23.01.2020 21:42:44 : Были отправлены данные: 1852(20)_46_N-1_Стародубов А.А._4437,56_87,25
23.01.2020 21:42:44 : Был отключен пользователь GUB_KN
23.01.2020 21:42:45 : Был присоединен пользователь GUB_KN
23.01.2020 21:42:45 : Был получен файл: SZMK_20200123_0006.TIF
23.01.2020 21:42:46 : Были отправлены данные: 1852(20)_47_N-2_Стародубов А.А._4437,56_87,25
23.01.2020 21:42:46 : Был отключен пользователь GUB_KN
23.01.2020 21:42:47 : Был присоединен пользователь GUB_KN
23.01.2020 21:42:47 : Был получен файл: SZMK_20200123_0007.TIF
23.01.2020 21:42:48 : Были отправлены данные: 1852(24)_1103_CP-124_Кириллова Т.В._1023.63_226.95
23.01.2020 21:42:48 : Был отключен пользователь GUB_KN
23.01.2020 21:42:49 : Был присоединен пользователь GUB_KN
23.01.2020 21:42:49 : Был получен файл: SZMK_20200123_0008.TIF
23.01.2020 21:42:50 : Были отправлены данные: 1852(24)_599_N-5_Шипунова Е.А._4345_107,5
23.01.2020 21:42:50 : Был отключен пользователь GUB_KN
23.01.2020 21:42:51 : Был присоединен пользователь GUB_KN
23.01.2020 21:42:51 : Был получен файл: SZMK_20200123_0011.TIF
23.01.2020 21:42:54 : Были отправлены данные: Не правильно
23.01.2020 21:42:54 : Был отключен пользователь GUB_KN
23.01.2020 21:42:55 : Был присоединен пользователь GUB_KN
23.01.2020 21:42:55 : Был получен файл: SZMK_20200123_0012.TIF
23.01.2020 21:42:58 : Были отправлены данные: Не правильно
23.01.2020 21:42:58 : Был отключен пользователь GUB_KN
23.01.2020 21:43:00 : Был присоединен пользователь GUB_KN
23.01.2020 21:43:00 : Был получен файл: SZMK_20200123_0013.TIF
23.01.2020 21:43:02 : Были отправлены данные: Не правильно
23.01.2020 21:43:02 : Был отключен пользователь GUB_KN
23.01.2020 21:43:03 : Был присоединен пользователь GUB_KN
23.01.2020 21:43:03 : Был получен файл: SZMK_20200123_0014.TIF
23.01.2020 21:43:05 : Были отправлены данные: Не правильно
23.01.2020 21:43:05 : Был отключен пользователь GUB_KN
23.01.2020 21:43:40 : Была проведена проверка соединения пользователем GUB_KN
23.01.2020 21:43:47 : Был присоединен пользователь GUB_KN
23.01.2020 21:43:47 : Был получен файл: SZMK_20200122_0151.TIF
23.01.2020 21:43:48 : Были отправлены данные: 1852(24)_565_CP-137_Кириллова Т.В._2806.8_131.63
23.01.2020 21:43:48 : Был отключен пользователь GUB_KN
23.01.2020 21:43:49 : Был присоединен пользователь GUB_KN
23.01.2020 21:43:49 : Был получен файл: SZMK_20200122_0152.TIF
23.01.2020 21:43:50 : Были отправлены данные: 1852(24)_597_N-3_Шипунова Е.А._1435,01_36,07
23.01.2020 21:43:50 : Был отключен пользователь GUB_KN
23.01.2020 21:43:51 : Был присоединен пользователь GUB_KN
23.01.2020 21:43:51 : Был получен файл: SZMK_20200122_0153.TIF
23.01.2020 21:43:53 : Были отправлены данные: 1852(24)_598_N-4_Шипунова Е.А._1415,01_34,8
23.01.2020 21:43:53 : Был отключен пользователь GUB_KN
23.01.2020 21:43:53 : Был присоединен пользователь GUB_KN
23.01.2020 21:43:53 : Был получен файл: SZMK_20200122_0154.TIF
23.01.2020 21:43:55 : Были отправлены данные: 1852(24)_462_B-133_Кириллова Т.В._2072.24_73.05
23.01.2020 21:43:55 : Был отключен пользователь GUB_KN
23.01.2020 21:43:55 : Был присоединен пользователь GUB_KN
23.01.2020 21:43:55 : Был получен файл: SZMK_20200122_0155.TIF
23.01.2020 21:43:57 : Были отправлены данные: 1852(24)_461_B-132_Кириллова Т.В._2072.24_73.13
23.01.2020 21:43:57 : Был отключен пользователь GUB_KN
23.01.2020 21:43:58 : Был присоединен пользователь GUB_KN
23.01.2020 21:43:58 : Был получен файл: SZMK_20200122_0158.TIF
23.01.2020 21:43:59 : Были отправлены данные: 1852(24)_1094_R-415_Бубырь М.Е._1448_33.73
23.01.2020 21:43:59 : Был отключен пользователь GUB_KN
23.01.2020 21:44:00 : Был присоединен пользователь GUB_KN
23.01.2020 21:44:00 : Был получен файл: SZMK_20200122_0159.TIF
23.01.2020 21:44:01 : Были отправлены данные: 1852(24)_1093_R-414_Бубырь М.Е._1450.86_26.53
23.01.2020 21:44:01 : Был отключен пользователь GUB_KN
23.01.2020 21:44:02 : Был присоединен пользователь GUB_KN
23.01.2020 21:44:02 : Был получен файл: SZMK_20200122_0160.TIF
23.01.2020 21:44:03 : Были отправлены данные: 1852(24)_1092_R-412_Бубырь М.Е._1440_51.65
23.01.2020 21:44:03 : Был отключен пользователь GUB_KN
23.01.2020 21:44:04 : Был присоединен пользователь GUB_KN
23.01.2020 21:44:04 : Был получен файл: SZMK_20200122_0161.TIF
23.01.2020 21:44:05 : Были отправлены данные: 1852(24)_1091_R-411_Бубырь М.Е._1448_35.27
23.01.2020 21:44:05 : Был отключен пользователь GUB_KN
23.01.2020 21:44:05 : Был присоединен пользователь GUB_KN
23.01.2020 21:44:05 : Был получен файл: SZMK_20200122_0162.TIF
23.01.2020 21:44:07 : Были отправлены данные: 1852(24)_1090_R-409_Бубырь М.Е._1450.87_23.66
23.01.2020 21:44:07 : Был отключен пользователь GUB_KN
23.01.2020 21:44:07 : Был присоединен пользователь GUB_KN
23.01.2020 21:44:07 : Был получен файл: SZMK_20200122_0165.TIF
23.01.2020 21:44:07 : Были отправлены данные: 1852(24)_586_H-16_Кириллова Т.В._3170_54.75
23.01.2020 21:44:07 : Был отключен пользователь GUB_KN
23.01.2020 21:44:08 : Был присоединен пользователь GUB_KN
23.01.2020 21:44:08 : Был получен файл: SZMK_20200122_0166.TIF
23.01.2020 21:44:09 : Были отправлены данные: 1852(24)_1104_H-45_Кириллова T.В._1040_7.17
23.01.2020 21:44:09 : Был отключен пользователь GUB_KN
23.01.2020 21:44:09 : Был присоединен пользователь GUB_KN
23.01.2020 21:44:09 : Был получен файл: SZMK_20200122_0167.TIF
23.01.2020 21:44:09 : Были отправлены данные: 1852(24)_1105_H-46_Кириллова T.В._1010_6.96
23.01.2020 21:44:09 : Был отключен пользователь GUB_KN
23.01.2020 21:44:10 : Был присоединен пользователь GUB_KN
23.01.2020 21:44:10 : Был получен файл: SZMK_20200122_0168.TIF
23.01.2020 21:44:10 : Были отправлены данные: 1852(24)_1106_H-47_Кириллова T.В._1050_7.24
23.01.2020 21:44:10 : Был отключен пользователь GUB_KN
23.01.2020 21:44:11 : Был присоединен пользователь GUB_KN
23.01.2020 21:44:11 : Был получен файл: SZMK_20200123_0001.TIF
23.01.2020 21:44:12 : Были отправлены данные: 1852(20)_50_N-5_Стародубов А.А._4061,91_77,08
23.01.2020 21:44:12 : Был отключен пользователь GUB_KN
23.01.2020 21:44:13 : Был присоединен пользователь GUB_KN
23.01.2020 21:44:13 : Был получен файл: SZMK_20200123_0004.TIF
23.01.2020 21:44:14 : Были отправлены данные: 1852(20)_49_N-4_Стародубов А.А._4278,22_85,18
23.01.2020 21:44:14 : Был отключен пользователь GUB_KN
23.01.2020 21:44:15 : Был присоединен пользователь GUB_KN
23.01.2020 21:44:15 : Был получен файл: SZMK_20200123_0005.TIF
23.01.2020 21:44:16 : Были отправлены данные: 1852(20)_46_N-1_Стародубов А.А._4437,56_87,25
23.01.2020 21:44:16 : Был отключен пользователь GUB_KN
23.01.2020 21:44:17 : Был присоединен пользователь GUB_KN
23.01.2020 21:44:17 : Был получен файл: SZMK_20200123_0006.TIF
23.01.2020 21:44:18 : Были отправлены данные: 1852(20)_47_N-2_Стародубов А.А._4437,56_87,25
23.01.2020 21:44:18 : Был отключен пользователь GUB_KN
23.01.2020 21:44:19 : Был присоединен пользователь GUB_KN
23.01.2020 21:44:19 : Был получен файл: SZMK_20200123_0007.TIF
23.01.2020 21:44:20 : Были отправлены данные: 1852(24)_1103_CP-124_Кириллова Т.В._1023.63_226.95
23.01.2020 21:44:20 : Был отключен пользователь GUB_KN
23.01.2020 21:44:20 : Был присоединен пользователь GUB_KN
23.01.2020 21:44:20 : Был получен файл: SZMK_20200123_0008.TIF
23.01.2020 21:44:22 : Были отправлены данные: 1852(24)_599_N-5_Шипунова Е.А._4345_107,5
23.01.2020 21:44:22 : Был отключен пользователь GUB_KN
23.01.2020 21:44:23 : Был присоединен пользователь GUB_KN
23.01.2020 21:44:23 : Был получен файл: SZMK_20200123_0011.TIF
23.01.2020 21:44:26 : Были отправлены данные: Не правильно
23.01.2020 21:44:26 : Был отключен пользователь GUB_KN
23.01.2020 21:44:27 : Был присоединен пользователь GUB_KN
23.01.2020 21:44:27 : Был получен файл: SZMK_20200123_0012.TIF
23.01.2020 21:44:30 : Были отправлены данные: Не правильно
23.01.2020 21:44:30 : Был отключен пользователь GUB_KN
23.01.2020 21:44:31 : Был присоединен пользователь GUB_KN
23.01.2020 21:44:31 : Был получен файл: SZMK_20200123_0013.TIF
23.01.2020 21:44:34 : Были отправлены данные: Не правильно
23.01.2020 21:44:34 : Был отключен пользователь GUB_KN
23.01.2020 21:44:35 : Был присоединен пользователь GUB_KN
23.01.2020 21:44:35 : Был получен файл: SZMK_20200123_0014.TIF
23.01.2020 21:44:37 : Были отправлены данные: Не правильно
23.01.2020 21:44:37 : Был отключен пользователь GUB_KN
23.01.2020 21:47:03 : Была проведена проверка соединения пользователем GUB_KN
23.01.2020 21:47:08 : Был присоединен пользователь GUB_KN
23.01.2020 21:47:08 : Был получен файл: SZMK_20200123_0009.TIF
23.01.2020 21:47:12 : Были отправлены данные: Не правильно
23.01.2020 21:47:12 : Был отключен пользователь GUB_KN
23.01.2020 21:47:13 : Был присоединен пользователь GUB_KN
23.01.2020 21:47:13 : Был получен файл: SZMK_20200123_0010.TIF
23.01.2020 21:47:16 : Были отправлены данные: Не правильно
23.01.2020 21:47:16 : Был отключен пользователь GUB_KN
23.01.2020 21:47:17 : Был присоединен пользователь GUB_KN
23.01.2020 21:47:17 : Был получен файл: SZMK_20200123_0011.TIF
23.01.2020 21:47:20 : Были отправлены данные: Не правильно
23.01.2020 21:47:20 : Был отключен пользователь GUB_KN
23.01.2020 21:47:21 : Был присоединен пользователь GUB_KN
23.01.2020 21:47:21 : Был получен файл: SZMK_20200123_0012.TIF
23.01.2020 21:47:25 : Были отправлены данные: Не правильно
23.01.2020 21:47:25 : Был отключен пользователь GUB_KN
23.01.2020 21:47:26 : Был присоединен пользователь GUB_KN
23.01.2020 21:47:26 : Был получен файл: SZMK_20200123_0013.TIF
23.01.2020 21:47:29 : Были отправлены данные: Не правильно
23.01.2020 21:47:29 : Был отключен пользователь GUB_KN
23.01.2020 21:47:29 : Был присоединен пользователь GUB_KN
23.01.2020 21:47:29 : Был получен файл: SZMK_20200123_0014.TIF
23.01.2020 21:47:32 : Были отправлены данные: Не правильно
23.01.2020 21:47:32 : Был отключен пользователь GUB_KN
23.01.2020 22:20:05 : Была проведена проверка соединения пользователем GUB_KN
23.01.2020 22:20:12 : Был присоединен пользователь GUB_KN
23.01.2020 22:20:12 : Был получен файл: SZMK_20200123_0002.TIF
23.01.2020 22:20:13 : Были отправлены данные: 1852(20)_51_N-6_Стародубов А.А._4061,91_77,08
23.01.2020 22:20:13 : Был отключен пользователь GUB_KN
23.01.2020 22:20:13 : Был присоединен пользователь GUB_KN
23.01.2020 22:20:13 : Был получен файл: SZMK_20200123_0003.TIF
23.01.2020 22:20:15 : Были отправлены данные: 1852(20)_48_N-3_Стародубов А.А._4278,22_85,18
23.01.2020 22:20:15 : Был отключен пользователь GUB_KN
23.01.2020 22:20:15 : Был присоединен пользователь GUB_KN
23.01.2020 22:20:15 : Был получен файл: SZMK_20200123_0004.TIF
23.01.2020 22:20:16 : Были отправлены данные: 1852(20)_49_N-4_Стародубов А.А._4278,22_85,18
23.01.2020 22:20:16 : Был отключен пользователь GUB_KN
23.01.2020 22:20:17 : Был присоединен пользователь GUB_KN
23.01.2020 22:20:17 : Был получен файл: SZMK_20200123_0005.TIF
23.01.2020 22:20:18 : Были отправлены данные: 1852(20)_46_N-1_Стародубов А.А._4437,56_87,25
23.01.2020 22:20:18 : Был отключен пользователь GUB_KN
23.01.2020 22:20:19 : Был присоединен пользователь GUB_KN
23.01.2020 22:20:19 : Был получен файл: SZMK_20200123_0006.TIF
23.01.2020 22:20:20 : Были отправлены данные: 1852(20)_47_N-2_Стародубов А.А._4437,56_87,25
23.01.2020 22:20:20 : Был отключен пользователь GUB_KN
23.01.2020 22:20:21 : Был присоединен пользователь GUB_KN
23.01.2020 22:20:21 : Был получен файл: SZMK_20200123_0007.TIF
23.01.2020 22:20:22 : Были отправлены данные: 1852(24)_1103_CP-124_Кириллова Т.В._1023.63_226.95
23.01.2020 22:20:22 : Был отключен пользователь GUB_KN
23.01.2020 22:20:22 : Был присоединен пользователь GUB_KN
23.01.2020 22:20:22 : Был получен файл: SZMK_20200123_0008.TIF
23.01.2020 22:20:24 : Были отправлены данные: 1852(24)_599_N-5_Шипунова Е.А._4345_107,5
23.01.2020 22:20:24 : Был отключен пользователь GUB_KN
23.01.2020 22:20:25 : Был присоединен пользователь GUB_KN
23.01.2020 22:20:25 : Был получен файл: SZMK_20200123_0009.TIF
23.01.2020 22:20:29 : Были отправлены данные: Не правильно
23.01.2020 22:20:29 : Был отключен пользователь GUB_KN
23.01.2020 22:20:31 : Был присоединен пользователь GUB_KN
23.01.2020 22:20:31 : Был получен файл: SZMK_20200123_0010.TIF
23.01.2020 22:20:33 : Были отправлены данные: Не правильно
23.01.2020 22:20:33 : Был отключен пользователь GUB_KN
23.01.2020 22:20:34 : Был присоединен пользователь GUB_KN
23.01.2020 22:20:34 : Был получен файл: SZMK_20200123_0011.TIF
23.01.2020 22:20:37 : Были отправлены данные: Не правильно
23.01.2020 22:20:37 : Был отключен пользователь GUB_KN
23.01.2020 22:20:38 : Был присоединен пользователь GUB_KN
23.01.2020 22:20:38 : Был получен файл: SZMK_20200123_0012.TIF
23.01.2020 22:20:42 : Были отправлены данные: Не правильно
23.01.2020 22:20:42 : Был отключен пользователь GUB_KN
23.01.2020 22:20:43 : Был присоединен пользователь GUB_KN
23.01.2020 22:20:43 : Был получен файл: SZMK_20200123_0013.TIF
23.01.2020 22:20:45 : Были отправлены данные: Не правильно
23.01.2020 22:20:45 : Был отключен пользователь GUB_KN
23.01.2020 22:20:46 : Был присоединен пользователь GUB_KN
23.01.2020 22:20:46 : Был получен файл: SZMK_20200123_0014.TIF
23.01.2020 22:20:49 : Были отправлены данные: Не правильно
23.01.2020 22:20:49 : Был отключен пользователь GUB_KN
23.01.2020 22:27:26 : Была проведена проверка соединения пользователем GUB_KN
23.01.2020 22:27:30 : Был присоединен пользователь GUB_KN
23.01.2020 22:27:30 : Был получен файл: SZMK_20200123_0002.TIF
23.01.2020 22:27:31 : Были отправлены данные: 1852(20)_51_N-6_Стародубов А.А._4061,91_77,08
23.01.2020 22:27:31 : Был отключен пользователь GUB_KN
23.01.2020 22:27:32 : Был присоединен пользователь GUB_KN
23.01.2020 22:27:32 : Был получен файл: SZMK_20200123_0003.TIF
23.01.2020 22:27:33 : Были отправлены данные: 1852(20)_48_N-3_Стародубов А.А._4278,22_85,18
23.01.2020 22:27:33 : Был отключен пользователь GUB_KN
23.01.2020 22:27:34 : Был присоединен пользователь GUB_KN
23.01.2020 22:27:34 : Был получен файл: SZMK_20200123_0004.TIF
23.01.2020 22:27:35 : Были отправлены данные: 1852(20)_49_N-4_Стародубов А.А._4278,22_85,18
23.01.2020 22:27:35 : Был отключен пользователь GUB_KN
23.01.2020 22:27:36 : Был присоединен пользователь GUB_KN
23.01.2020 22:27:36 : Был получен файл: SZMK_20200123_0005.TIF
23.01.2020 22:27:37 : Были отправлены данные: 1852(20)_46_N-1_Стародубов А.А._4437,56_87,25
23.01.2020 22:27:37 : Был отключен пользователь GUB_KN
23.01.2020 22:27:38 : Был присоединен пользователь GUB_KN
23.01.2020 22:27:38 : Был получен файл: SZMK_20200123_0006.TIF
23.01.2020 22:27:39 : Были отправлены данные: 1852(20)_47_N-2_Стародубов А.А._4437,56_87,25
23.01.2020 22:27:39 : Был отключен пользователь GUB_KN
23.01.2020 22:27:39 : Был присоединен пользователь GUB_KN
23.01.2020 22:27:39 : Был получен файл: SZMK_20200123_0007.TIF
23.01.2020 22:27:40 : Были отправлены данные: 1852(24)_1103_CP-124_Кириллова Т.В._1023.63_226.95
23.01.2020 22:27:40 : Был отключен пользователь GUB_KN
23.01.2020 22:27:41 : Был присоединен пользователь GUB_KN
23.01.2020 22:27:41 : Был получен файл: SZMK_20200123_0008.TIF
23.01.2020 22:27:43 : Были отправлены данные: 1852(24)_599_N-5_Шипунова Е.А._4345_107,5
23.01.2020 22:27:43 : Был отключен пользователь GUB_KN
23.01.2020 22:27:44 : Был присоединен пользователь GUB_KN
23.01.2020 22:27:44 : Был получен файл: SZMK_20200123_0009.TIF
23.01.2020 22:27:48 : Были отправлены данные: Не правильно
23.01.2020 22:27:48 : Был отключен пользователь GUB_KN
23.01.2020 22:27:49 : Был присоединен пользователь GUB_KN
23.01.2020 22:27:49 : Был получен файл: SZMK_20200123_0010.TIF
23.01.2020 22:27:52 : Были отправлены данные: Не правильно
23.01.2020 22:27:52 : Был отключен пользователь GUB_KN
23.01.2020 22:27:53 : Был присоединен пользователь GUB_KN
23.01.2020 22:27:53 : Был получен файл: SZMK_20200123_0011.TIF
23.01.2020 22:27:56 : Были отправлены данные: Не правильно
23.01.2020 22:27:56 : Был отключен пользователь GUB_KN
23.01.2020 22:27:57 : Был присоединен пользователь GUB_KN
23.01.2020 22:27:57 : Был получен файл: SZMK_20200123_0012.TIF
23.01.2020 22:28:00 : Были отправлены данные: Не правильно
23.01.2020 22:28:00 : Был отключен пользователь GUB_KN
23.01.2020 22:28:02 : Был присоединен пользователь GUB_KN
23.01.2020 22:28:02 : Был получен файл: SZMK_20200123_0013.TIF
23.01.2020 22:28:04 : Были отправлены данные: Не правильно
23.01.2020 22:28:04 : Был отключен пользователь GUB_KN
23.01.2020 22:28:05 : Был присоединен пользователь GUB_KN
23.01.2020 22:28:05 : Был получен файл: SZMK_20200123_0014.TIF
23.01.2020 22:28:07 : Были отправлены данные: Не правильно
23.01.2020 22:28:07 : Был отключен пользователь GUB_KN
23.01.2020 22:28:50 : Был присоединен пользователь GUB_KN
23.01.2020 22:28:50 : Был получен файл: SZMK_20200123_0007.TIF
23.01.2020 22:28:51 : Были отправлены данные: 1852(24)_1103_CP-124_Кириллова Т.В._1023.63_226.95
23.01.2020 22:28:51 : Был отключен пользователь GUB_KN
23.01.2020 22:28:52 : Был присоединен пользователь GUB_KN
23.01.2020 22:28:52 : Был получен файл: SZMK_20200123_0008.TIF
23.01.2020 22:28:54 : Были отправлены данные: 1852(24)_599_N-5_Шипунова Е.А._4345_107,5
23.01.2020 22:28:54 : Был отключен пользователь GUB_KN
23.01.2020 22:28:54 : Был присоединен пользователь GUB_KN
23.01.2020 22:28:54 : Был получен файл: SZMK_20200123_0014.TIF
23.01.2020 22:28:57 : Были отправлены данные: Не правильно
23.01.2020 22:28:57 : Был отключен пользователь GUB_KN
23.01.2020 22:30:15 : Была проведена проверка соединения пользователем GUB_KN
23.01.2020 22:30:20 : Был присоединен пользователь GUB_KN
23.01.2020 22:30:20 : Был получен файл: SZMK_20200123_0006.TIF
23.01.2020 22:30:21 : Были отправлены данные: 1852(20)_47_N-2_Стародубов А.А._4437,56_87,25
23.01.2020 22:30:21 : Был отключен пользователь GUB_KN
23.01.2020 22:30:21 : Был присоединен пользователь GUB_KN
23.01.2020 22:30:21 : Был получен файл: SZMK_20200123_0007.TIF
23.01.2020 22:30:22 : Были отправлены данные: 1852(24)_1103_CP-124_Кириллова Т.В._1023.63_226.95
23.01.2020 22:30:22 : Был отключен пользователь GUB_KN
23.01.2020 22:30:23 : Был присоединен пользователь GUB_KN
23.01.2020 22:30:23 : Был получен файл: SZMK_20200123_0008.TIF
23.01.2020 22:30:24 : Были отправлены данные: 1852(24)_599_N-5_Шипунова Е.А._4345_107,5
23.01.2020 22:30:24 : Был отключен пользователь GUB_KN
23.01.2020 22:30:26 : Был присоединен пользователь GUB_KN
23.01.2020 22:30:26 : Был получен файл: SZMK_20200123_0013.TIF
23.01.2020 22:30:28 : Были отправлены данные: Не правильно
23.01.2020 22:30:28 : Был отключен пользователь GUB_KN
23.01.2020 22:30:29 : Был присоединен пользователь GUB_KN
23.01.2020 22:30:29 : Был получен файл: SZMK_20200123_0014.TIF
23.01.2020 22:30:31 : Были отправлены данные: Не правильно
23.01.2020 22:30:31 : Был отключен пользователь GUB_KN
23.01.2020 22:32:41 : Была проведена проверка соединения пользователем GUB_KN
23.01.2020 22:32:46 : Был присоединен пользователь GUB_KN
23.01.2020 22:32:46 : Был получен файл: SZMK_20200123_0007.TIF
23.01.2020 22:32:47 : Были отправлены данные: 1852(24)_1103_CP-124_Кириллова Т.В._1023.63_226.95
23.01.2020 22:32:47 : Был отключен пользователь GUB_KN
23.01.2020 22:32:48 : Был присоединен пользователь GUB_KN
23.01.2020 22:32:48 : Был получен файл: SZMK_20200123_0008.TIF
23.01.2020 22:32:50 : Были отправлены данные: 1852(24)_599_N-5_Шипунова Е.А._4345_107,5
23.01.2020 22:32:50 : Был отключен пользователь GUB_KN
23.01.2020 22:32:50 : Был присоединен пользователь GUB_KN
23.01.2020 22:32:50 : Был получен файл: SZMK_20200123_0014.TIF
23.01.2020 22:32:53 : Были отправлены данные: Не правильно
23.01.2020 22:32:53 : Был отключен пользователь GUB_KN
23.01.2020 22:37:27 : Была проведена проверка соединения пользователем GUB_KN
23.01.2020 22:37:31 : Был присоединен пользователь GUB_KN
23.01.2020 22:37:31 : Был получен файл: SZMK_20200123_0007.TIF
23.01.2020 22:37:32 : Были отправлены данные: 1852(24)_1103_CP-124_Кириллова Т.В._1023.63_226.95
23.01.2020 22:37:32 : Был отключен пользователь GUB_KN
23.01.2020 22:37:33 : Был присоединен пользователь GUB_KN
23.01.2020 22:37:33 : Был получен файл: SZMK_20200123_0008.TIF
23.01.2020 22:37:35 : Были отправлены данные: 1852(24)_599_N-5_Шипунова Е.А._4345_107,5
23.01.2020 22:37:35 : Был отключен пользователь GUB_KN
23.01.2020 22:37:35 : Был присоединен пользователь GUB_KN
23.01.2020 22:37:35 : Был получен файл: SZMK_20200123_0014.TIF
23.01.2020 22:37:38 : Были отправлены данные: Не правильно
23.01.2020 22:37:38 : Был отключен пользователь GUB_KN
23.01.2020 22:47:32 : Была проведена проверка соединения пользователем GUB_KN
23.01.2020 22:47:37 : Был присоединен пользователь GUB_KN
23.01.2020 22:47:37 : Был получен файл: SZMK_20200122_0166.TIF
23.01.2020 22:47:37 : Были отправлены данные: 1852(24)_1104_H-45_Кириллова T.В._1040_7.17
23.01.2020 22:47:37 : Был отключен пользователь GUB_KN
23.01.2020 22:47:37 : Был присоединен пользователь GUB_KN
23.01.2020 22:47:37 : Был получен файл: SZMK_20200122_0167.TIF
23.01.2020 22:47:38 : Были отправлены данные: 1852(24)_1105_H-46_Кириллова T.В._1010_6.96
23.01.2020 22:47:38 : Был отключен пользователь GUB_KN
23.01.2020 22:47:38 : Был присоединен пользователь GUB_KN
23.01.2020 22:47:38 : Был получен файл: SZMK_20200122_0168.TIF
23.01.2020 22:47:39 : Были отправлены данные: 1852(24)_1106_H-47_Кириллова T.В._1050_7.24
23.01.2020 22:47:39 : Был отключен пользователь GUB_KN
23.01.2020 22:47:39 : Был присоединен пользователь GUB_KN
23.01.2020 22:47:39 : Был получен файл: SZMK_20200123_0001.TIF
23.01.2020 22:47:40 : Были отправлены данные: 1852(20)_50_N-5_Стародубов А.А._4061,91_77,08
23.01.2020 22:47:40 : Был отключен пользователь GUB_KN
23.01.2020 22:47:41 : Был присоединен пользователь GUB_KN
23.01.2020 22:47:41 : Был получен файл: SZMK_20200123_0005.TIF
23.01.2020 22:47:42 : Были отправлены данные: 1852(20)_46_N-1_Стародубов А.А._4437,56_87,25
23.01.2020 22:47:42 : Был отключен пользователь GUB_KN
23.01.2020 22:47:43 : Был присоединен пользователь GUB_KN
23.01.2020 22:47:43 : Был получен файл: SZMK_20200123_0006.TIF
23.01.2020 22:47:44 : Были отправлены данные: 1852(20)_47_N-2_Стародубов А.А._4437,56_87,25
23.01.2020 22:47:44 : Был отключен пользователь GUB_KN
23.01.2020 22:47:45 : Был присоединен пользователь GUB_KN
23.01.2020 22:47:45 : Был получен файл: SZMK_20200123_0007.TIF
23.01.2020 22:47:46 : Были отправлены данные: 1852(24)_1103_CP-124_Кириллова Т.В._1023.63_226.95
23.01.2020 22:47:46 : Был отключен пользователь GUB_KN
23.01.2020 22:47:46 : Был присоединен пользователь GUB_KN
23.01.2020 22:47:47 : Был получен файл: SZMK_20200123_0008.TIF
23.01.2020 22:47:48 : Были отправлены данные: 1852(24)_599_N-5_Шипунова Е.А._4345_107,5
23.01.2020 22:47:48 : Был отключен пользователь GUB_KN
23.01.2020 22:47:50 : Был присоединен пользователь GUB_KN
23.01.2020 22:47:50 : Был получен файл: SZMK_20200123_0012.TIF
23.01.2020 22:47:53 : Были отправлены данные: Не правильно
23.01.2020 22:47:53 : Был отключен пользователь GUB_KN
23.01.2020 22:47:54 : Был присоединен пользователь GUB_KN
23.01.2020 22:47:54 : Был получен файл: SZMK_20200123_0013.TIF
23.01.2020 22:47:57 : Были отправлены данные: Не правильно
23.01.2020 22:47:57 : Был отключен пользователь GUB_KN
23.01.2020 22:47:57 : Был присоединен пользователь GUB_KN
23.01.2020 22:47:57 : Был получен файл: SZMK_20200123_0014.TIF
23.01.2020 22:48:00 : Были отправлены данные: Не правильно
23.01.2020 22:48:00 : Был отключен пользователь GUB_KN
23.01.2020 22:48:20 : Была проведена проверка соединения пользователем GUB_KN
23.01.2020 22:48:25 : Был присоединен пользователь GUB_KN
23.01.2020 22:48:25 : Был получен файл: SZMK_20200123_0006.TIF
23.01.2020 22:48:26 : Были отправлены данные: 1852(20)_47_N-2_Стародубов А.А._4437,56_87,25
23.01.2020 22:48:26 : Был отключен пользователь GUB_KN
23.01.2020 22:48:27 : Был присоединен пользователь GUB_KN
23.01.2020 22:48:27 : Был получен файл: SZMK_20200123_0007.TIF
23.01.2020 22:48:27 : Были отправлены данные: 1852(24)_1103_CP-124_Кириллова Т.В._1023.63_226.95
23.01.2020 22:48:27 : Был отключен пользователь GUB_KN
23.01.2020 22:48:28 : Был присоединен пользователь GUB_KN
23.01.2020 22:48:28 : Был получен файл: SZMK_20200123_0008.TIF
23.01.2020 22:48:30 : Были отправлены данные: 1852(24)_599_N-5_Шипунова Е.А._4345_107,5
23.01.2020 22:48:30 : Был отключен пользователь GUB_KN
23.01.2020 22:48:31 : Был присоединен пользователь GUB_KN
23.01.2020 22:48:31 : Был получен файл: SZMK_20200123_0013.TIF
23.01.2020 22:48:33 : Были отправлены данные: Не правильно
23.01.2020 22:48:33 : Был отключен пользователь GUB_KN
23.01.2020 22:48:34 : Был присоединен пользователь GUB_KN
23.01.2020 22:48:34 : Был получен файл: SZMK_20200123_0014.TIF
23.01.2020 22:48:37 : Были отправлены данные: Не правильно
23.01.2020 22:48:37 : Был отключен пользователь GUB_KN
23.01.2020 22:49:26 : Была проведена проверка соединения пользователем GUB_KN
23.01.2020 22:49:30 : Был присоединен пользователь GUB_KN
23.01.2020 22:49:30 : Был получен файл: SZMK_20200123_0005.TIF
23.01.2020 22:49:31 : Были отправлены данные: 1852(20)_46_N-1_Стародубов А.А._4437,56_87,25
23.01.2020 22:49:31 : Был отключен пользователь GUB_KN
23.01.2020 22:49:32 : Был присоединен пользователь GUB_KN
23.01.2020 22:49:32 : Был получен файл: SZMK_20200123_0006.TIF
23.01.2020 22:49:33 : Были отправлены данные: 1852(20)_47_N-2_Стародубов А.А._4437,56_87,25
23.01.2020 22:49:33 : Был отключен пользователь GUB_KN
23.01.2020 22:49:33 : Был присоединен пользователь GUB_KN
23.01.2020 22:49:33 : Был получен файл: SZMK_20200123_0007.TIF
23.01.2020 22:49:34 : Были отправлены данные: 1852(24)_1103_CP-124_Кириллова Т.В._1023.63_226.95
23.01.2020 22:49:34 : Был отключен пользователь GUB_KN
23.01.2020 22:49:35 : Был присоединен пользователь GUB_KN
23.01.2020 22:49:35 : Был получен файл: SZMK_20200123_0008.TIF
23.01.2020 22:49:37 : Были отправлены данные: 1852(24)_599_N-5_Шипунова Е.А._4345_107,5
23.01.2020 22:49:37 : Был отключен пользователь GUB_KN
23.01.2020 22:49:38 : Был присоединен пользователь GUB_KN
23.01.2020 22:49:38 : Был получен файл: SZMK_20200123_0012.TIF
23.01.2020 22:49:41 : Были отправлены данные: Не правильно
23.01.2020 22:49:41 : Был отключен пользователь GUB_KN
23.01.2020 22:49:43 : Был присоединен пользователь GUB_KN
23.01.2020 22:49:43 : Был получен файл: SZMK_20200123_0013.TIF
23.01.2020 22:49:45 : Были отправлены данные: Не правильно
23.01.2020 22:49:45 : Был отключен пользователь GUB_KN
23.01.2020 22:49:46 : Был присоединен пользователь GUB_KN
23.01.2020 22:49:46 : Был получен файл: SZMK_20200123_0014.TIF
23.01.2020 22:49:48 : Были отправлены данные: Не правильно
23.01.2020 22:49:48 : Был отключен пользователь GUB_KN
23.01.2020 23:03:18 : Была проведена проверка соединения пользователем ROOT
23.01.2020 23:08:07 : Была проведена проверка соединения пользователем AR
23.01.2020 23:08:14 : Был присоединен пользователь AR
23.01.2020 23:08:14 : Был получен файл: SZMK_20200122_0151.TIF
23.01.2020 23:08:15 : Были отправлены данные: 1852(24)_565_CP-137_Кириллова Т.В._2806.8_131.63
23.01.2020 23:08:15 : Был отключен пользователь AR
23.01.2020 23:08:15 : Был присоединен пользователь AR
23.01.2020 23:08:15 : Был получен файл: SZMK_20200122_0152.TIF
23.01.2020 23:08:17 : Были отправлены данные: 1852(24)_597_N-3_Шипунова Е.А._1435,01_36,07
23.01.2020 23:08:17 : Был отключен пользователь AR
23.01.2020 23:08:17 : Был присоединен пользователь AR
23.01.2020 23:08:17 : Был получен файл: SZMK_20200122_0153.TIF
23.01.2020 23:08:19 : Были отправлены данные: 1852(24)_598_N-4_Шипунова Е.А._1415,01_34,8
23.01.2020 23:08:19 : Был отключен пользователь AR
23.01.2020 23:08:19 : Был присоединен пользователь AR
23.01.2020 23:08:19 : Был получен файл: SZMK_20200122_0154.TIF
23.01.2020 23:08:20 : Были отправлены данные: 1852(24)_462_B-133_Кириллова Т.В._2072.24_73.05
23.01.2020 23:08:20 : Был отключен пользователь AR
23.01.2020 23:08:32 : Был присоединен пользователь AR
23.01.2020 23:08:32 : Был получен файл: SZMK_20200123_0009.TIF
23.01.2020 23:08:36 : Были отправлены данные: Не правильно
23.01.2020 23:08:36 : Был отключен пользователь AR
23.01.2020 23:08:37 : Был присоединен пользователь AR
23.01.2020 23:08:37 : Был получен файл: SZMK_20200123_0010.TIF
23.01.2020 23:08:39 : Были отправлены данные: Не правильно
23.01.2020 23:08:39 : Был отключен пользователь AR
23.01.2020 23:08:40 : Был присоединен пользователь AR
23.01.2020 23:08:40 : Был получен файл: SZMK_20200123_0011.TIF
23.01.2020 23:08:43 : Были отправлены данные: Не правильно
23.01.2020 23:08:43 : Был отключен пользователь AR
23.01.2020 23:09:06 : Сервер развернут из трея
23.01.2020 23:09:41 : Закрытие сервера
23.01.2020 23:13:01 : Запущено слушание клиентов и найдена директория темповых файлов
23.01.2020 23:13:01 : C:\Users\thedr\Desktop\Works\SZMK_Decode\Decode\Decode\bin\Debug
23.01.2020 23:13:06 : Сервер свернут в трей
23.01.2020 23:13:08 : Была проведена проверка соединения пользователем ROOT
23.01.2020 23:13:21 : Была проведена проверка соединения пользователем AR
23.01.2020 23:13:32 : Был присоединен пользователь AR
23.01.2020 23:13:32 : Был получен файл: SZMK_20200122_0151.TIF
23.01.2020 23:13:33 : Были отправлены данные: 1852(24)_565_CP-137_Кириллова Т.В._2806.8_131.63
23.01.2020 23:13:33 : Был отключен пользователь AR
23.01.2020 23:13:34 : Был присоединен пользователь AR
23.01.2020 23:13:34 : Был получен файл: SZMK_20200122_0152.TIF
23.01.2020 23:13:35 : Были отправлены данные: 1852(24)_597_N-3_Шипунова Е.А._1435,01_36,07
23.01.2020 23:13:35 : Был отключен пользователь AR
23.01.2020 23:13:36 : Был присоединен пользователь AR
23.01.2020 23:13:36 : Был получен файл: SZMK_20200122_0153.TIF
23.01.2020 23:13:38 : Были отправлены данные: 1852(24)_598_N-4_Шипунова Е.А._1415,01_34,8
23.01.2020 23:13:38 : Был отключен пользователь AR
23.01.2020 23:13:38 : Был присоединен пользователь AR
23.01.2020 23:13:38 : Был получен файл: SZMK_20200122_0154.TIF
23.01.2020 23:13:39 : Были отправлены данные: 1852(24)_462_B-133_Кириллова Т.В._2072.24_73.05
23.01.2020 23:13:39 : Был отключен пользователь AR
23.01.2020 23:13:59 : Был присоединен пользователь AR
23.01.2020 23:13:59 : Был получен файл: SZMK_20200123_0005.TIF
23.01.2020 23:14:00 : Были отправлены данные: 1852(20)_46_N-1_Стародубов А.А._4437,56_87,25
23.01.2020 23:14:00 : Был отключен пользователь AR
23.01.2020 23:14:01 : Был присоединен пользователь AR
23.01.2020 23:14:01 : Был получен файл: SZMK_20200123_0006.TIF
23.01.2020 23:14:02 : Были отправлены данные: 1852(20)_47_N-2_Стародубов А.А._4437,56_87,25
23.01.2020 23:14:02 : Был отключен пользователь AR
23.01.2020 23:14:03 : Был присоединен пользователь AR
23.01.2020 23:14:03 : Был получен файл: SZMK_20200123_0007.TIF
23.01.2020 23:14:04 : Были отправлены данные: 1852(24)_1103_CP-124_Кириллова Т.В._1023.63_226.95
23.01.2020 23:14:04 : Был отключен пользователь AR
23.01.2020 23:14:05 : Был присоединен пользователь AR
23.01.2020 23:14:05 : Был получен файл: SZMK_20200123_0008.TIF
23.01.2020 23:14:06 : Были отправлены данные: 1852(24)_599_N-5_Шипунова Е.А._4345_107,5
23.01.2020 23:14:06 : Был отключен пользователь AR
23.01.2020 23:14:08 : Был присоединен пользователь AR
23.01.2020 23:14:08 : Был получен файл: SZMK_20200123_0012.TIF
23.01.2020 23:14:11 : Были отправлены данные: Не правильно
23.01.2020 23:14:11 : Был отключен пользователь AR
23.01.2020 23:14:12 : Был присоединен пользователь AR
23.01.2020 23:14:12 : Был получен файл: SZMK_20200123_0013.TIF
23.01.2020 23:14:14 : Были отправлены данные: Не правильно
23.01.2020 23:14:14 : Был отключен пользователь AR
23.01.2020 23:14:15 : Был присоединен пользователь AR
23.01.2020 23:14:15 : Был получен файл: SZMK_20200123_0014.TIF
23.01.2020 23:14:17 : Были отправлены данные: Не правильно
23.01.2020 23:14:17 : Был отключен пользователь AR
23.01.2020 23:15:15 : Была проведена проверка соединения пользователем AR
23.01.2020 23:15:27 : Был присоединен пользователь AR
23.01.2020 23:15:27 : Был получен файл: SZMK_20200122_0151.TIF
23.01.2020 23:15:28 : Были отправлены данные: 1852(24)_565_CP-137_Кириллова Т.В._2806.8_131.63
23.01.2020 23:15:28 : Был отключен пользователь AR
23.01.2020 23:15:29 : Был присоединен пользователь AR
23.01.2020 23:15:29 : Был получен файл: SZMK_20200122_0152.TIF
23.01.2020 23:15:30 : Были отправлены данные: 1852(24)_597_N-3_Шипунова Е.А._1435,01_36,07
23.01.2020 23:15:30 : Был отключен пользователь AR
23.01.2020 23:15:31 : Был присоединен пользователь AR
23.01.2020 23:15:31 : Был получен файл: SZMK_20200122_0153.TIF
23.01.2020 23:15:33 : Были отправлены данные: 1852(24)_598_N-4_Шипунова Е.А._1415,01_34,8
23.01.2020 23:15:33 : Был отключен пользователь AR
23.01.2020 23:15:33 : Был присоединен пользователь AR
23.01.2020 23:15:33 : Был получен файл: SZMK_20200122_0154.TIF
23.01.2020 23:15:34 : Были отправлены данные: 1852(24)_462_B-133_Кириллова Т.В._2072.24_73.05
23.01.2020 23:15:34 : Был отключен пользователь AR
23.01.2020 23:16:12 : Был присоединен пользователь AR
23.01.2020 23:16:12 : Был получен файл: SZMK_20200122_0151.TIF
23.01.2020 23:16:13 : Были отправлены данные: 1852(24)_565_CP-137_Кириллова Т.В._2806.8_131.63
23.01.2020 23:16:13 : Был отключен пользователь AR
23.01.2020 23:16:14 : Был присоединен пользователь AR
23.01.2020 23:16:14 : Был получен файл: SZMK_20200122_0152.TIF
23.01.2020 23:16:15 : Были отправлены данные: 1852(24)_597_N-3_Шипунова Е.А._1435,01_36,07
23.01.2020 23:16:15 : Был отключен пользователь AR
23.01.2020 23:16:16 : Был присоединен пользователь AR
23.01.2020 23:16:16 : Был получен файл: SZMK_20200122_0153.TIF
23.01.2020 23:16:17 : Были отправлены данные: 1852(24)_598_N-4_Шипунова Е.А._1415,01_34,8
23.01.2020 23:16:17 : Был отключен пользователь AR
23.01.2020 23:16:18 : Был присоединен пользователь AR
23.01.2020 23:16:18 : Был получен файл: SZMK_20200122_0154.TIF
23.01.2020 23:16:19 : Были отправлены данные: 1852(24)_462_B-133_Кириллова Т.В._2072.24_73.05
23.01.2020 23:16:19 : Был отключен пользователь AR
23.01.2020 23:16:20 : Был присоединен пользователь AR
23.01.2020 23:16:20 : Был получен файл: SZMK_20200122_0155.TIF
23.01.2020 23:16:21 : Были отправлены данные: 1852(24)_461_B-132_Кириллова Т.В._2072.24_73.13
23.01.2020 23:16:21 : Был отключен пользователь AR
23.01.2020 23:16:22 : Был присоединен пользователь AR
23.01.2020 23:16:22 : Был получен файл: SZMK_20200122_0158.TIF
23.01.2020 23:16:23 : Были отправлены данные: 1852(24)_1094_R-415_Бубырь М.Е._1448_33.73
23.01.2020 23:16:23 : Был отключен пользователь AR
23.01.2020 23:16:23 : Был присоединен пользователь AR
23.01.2020 23:16:23 : Был получен файл: SZMK_20200122_0159.TIF
23.01.2020 23:16:24 : Были отправлены данные: 1852(24)_1093_R-414_Бубырь М.Е._1450.86_26.53
23.01.2020 23:16:24 : Был отключен пользователь AR
23.01.2020 23:16:25 : Был присоединен пользователь AR
23.01.2020 23:16:25 : Был получен файл: SZMK_20200122_0160.TIF
23.01.2020 23:16:26 : Были отправлены данные: 1852(24)_1092_R-412_Бубырь М.Е._1440_51.65
23.01.2020 23:16:26 : Был отключен пользователь AR
23.01.2020 23:16:27 : Был присоединен пользователь AR
23.01.2020 23:16:27 : Был получен файл: SZMK_20200122_0161.TIF
23.01.2020 23:16:28 : Были отправлены данные: 1852(24)_1091_R-411_Бубырь М.Е._1448_35.27
23.01.2020 23:16:28 : Был отключен пользователь AR
23.01.2020 23:16:28 : Был присоединен пользователь AR
23.01.2020 23:16:28 : Был получен файл: SZMK_20200122_0162.TIF
23.01.2020 23:16:29 : Были отправлены данные: 1852(24)_1090_R-409_Бубырь М.Е._1450.87_23.66
23.01.2020 23:16:29 : Был отключен пользователь AR
23.01.2020 23:16:30 : Был присоединен пользователь AR
23.01.2020 23:16:30 : Был получен файл: SZMK_20200122_0165.TIF
23.01.2020 23:16:30 : Были отправлены данные: 1852(24)_586_H-16_Кириллова Т.В._3170_54.75
23.01.2020 23:16:30 : Был отключен пользователь AR
23.01.2020 23:16:31 : Был присоединен пользователь AR
23.01.2020 23:16:31 : Был получен файл: SZMK_20200122_0166.TIF
23.01.2020 23:16:31 : Были отправлены данные: 1852(24)_1104_H-45_Кириллова T.В._1040_7.17
23.01.2020 23:16:31 : Был отключен пользователь AR
23.01.2020 23:16:31 : Был присоединен пользователь AR
23.01.2020 23:16:31 : Был получен файл: SZMK_20200122_0167.TIF
23.01.2020 23:16:32 : Были отправлены данные: 1852(24)_1105_H-46_Кириллова T.В._1010_6.96
23.01.2020 23:16:32 : Был отключен пользователь AR
23.01.2020 23:16:32 : Был присоединен пользователь AR
23.01.2020 23:16:32 : Был получен файл: SZMK_20200122_0168.TIF
23.01.2020 23:16:33 : Были отправлены данные: 1852(24)_1106_H-47_Кириллова T.В._1050_7.24
23.01.2020 23:16:33 : Был отключен пользователь AR
23.01.2020 23:16:33 : Был присоединен пользователь AR
23.01.2020 23:16:33 : Был получен файл: SZMK_20200123_0001.TIF
23.01.2020 23:16:34 : Были отправлены данные: 1852(20)_50_N-5_Стародубов А.А._4061,91_77,08
23.01.2020 23:16:34 : Был отключен пользователь AR
23.01.2020 23:16:35 : Был присоединен пользователь AR
23.01.2020 23:16:35 : Был получен файл: SZMK_20200123_0002.TIF
23.01.2020 23:16:36 : Были отправлены данные: 1852(20)_51_N-6_Стародубов А.А._4061,91_77,08
23.01.2020 23:16:36 : Был отключен пользователь AR
23.01.2020 23:16:37 : Был присоединен пользователь AR
23.01.2020 23:16:37 : Был получен файл: SZMK_20200123_0003.TIF
23.01.2020 23:16:38 : Были отправлены данные: 1852(20)_48_N-3_Стародубов А.А._4278,22_85,18
23.01.2020 23:16:38 : Был отключен пользователь AR
23.01.2020 23:16:39 : Был присоединен пользователь AR
23.01.2020 23:16:39 : Был получен файл: SZMK_20200123_0004.TIF
23.01.2020 23:16:40 : Были отправлены данные: 1852(20)_49_N-4_Стародубов А.А._4278,22_85,18
23.01.2020 23:16:40 : Был отключен пользователь AR
23.01.2020 23:16:40 : Был присоединен пользователь AR
23.01.2020 23:16:40 : Был получен файл: SZMK_20200123_0005.TIF
23.01.2020 23:16:42 : Были отправлены данные: 1852(20)_46_N-1_Стародубов А.А._4437,56_87,25
23.01.2020 23:16:42 : Был отключен пользователь AR
23.01.2020 23:16:42 : Был присоединен пользователь AR
23.01.2020 23:16:42 : Был получен файл: SZMK_20200123_0006.TIF
23.01.2020 23:16:43 : Были отправлены данные: 1852(20)_47_N-2_Стародубов А.А._4437,56_87,25
23.01.2020 23:16:43 : Был отключен пользователь AR
23.01.2020 23:16:44 : Был присоединен пользователь AR
23.01.2020 23:16:44 : Был получен файл: SZMK_20200123_0007.TIF
23.01.2020 23:16:45 : Были отправлены данные: 1852(24)_1103_CP-124_Кириллова Т.В._1023.63_226.95
23.01.2020 23:16:45 : Был отключен пользователь AR
23.01.2020 23:16:46 : Был присоединен пользователь AR
23.01.2020 23:16:46 : Был получен файл: SZMK_20200123_0008.TIF
23.01.2020 23:16:47 : Были отправлены данные: 1852(24)_599_N-5_Шипунова Е.А._4345_107,5
23.01.2020 23:16:47 : Был отключен пользователь AR
23.01.2020 23:16:49 : Был присоединен пользователь AR
23.01.2020 23:16:49 : Был получен файл: SZMK_20200123_0009.TIF
23.01.2020 23:16:53 : Были отправлены данные: Не правильно
23.01.2020 23:16:53 : Был отключен пользователь AR
23.01.2020 23:16:54 : Был присоединен пользователь AR
23.01.2020 23:16:54 : Был получен файл: SZMK_20200123_0010.TIF
23.01.2020 23:16:57 : Были отправлены данные: Не правильно
23.01.2020 23:16:57 : Был отключен пользователь AR
23.01.2020 23:16:58 : Был присоединен пользователь AR
23.01.2020 23:16:58 : Был получен файл: SZMK_20200123_0011.TIF
23.01.2020 23:17:00 : Были отправлены данные: Не правильно
23.01.2020 23:17:00 : Был отключен пользователь AR
23.01.2020 23:17:02 : Был присоединен пользователь AR
23.01.2020 23:17:02 : Был получен файл: SZMK_20200123_0012.TIF
23.01.2020 23:17:05 : Были отправлены данные: Не правильно
23.01.2020 23:17:05 : Был отключен пользователь AR
23.01.2020 23:17:06 : Был присоединен пользователь AR
23.01.2020 23:17:06 : Был получен файл: SZMK_20200123_0013.TIF
23.01.2020 23:17:09 : Были отправлены данные: Не правильно
23.01.2020 23:17:09 : Был отключен пользователь AR
23.01.2020 23:17:09 : Был присоединен пользователь AR
23.01.2020 23:17:09 : Был получен файл: SZMK_20200123_0014.TIF
23.01.2020 23:17:12 : Были отправлены данные: Не правильно
23.01.2020 23:17:12 : Был отключен пользователь AR
23.01.2020 23:21:30 : Была проведена проверка соединения пользователем AR
23.01.2020 23:21:35 : Был присоединен пользователь AR
23.01.2020 23:21:35 : Был получен файл: SZMK_20200122_0151.TIF
23.01.2020 23:21:36 : Были отправлены данные: 1852(24)_565_CP-137_Кириллова Т.В._2806.8_131.63
23.01.2020 23:21:36 : Был отключен пользователь AR
23.01.2020 23:21:37 : Был присоединен пользователь AR
23.01.2020 23:21:37 : Был получен файл: SZMK_20200122_0152.TIF
23.01.2020 23:21:38 : Были отправлены данные: 1852(24)_597_N-3_Шипунова Е.А._1435,01_36,07
23.01.2020 23:21:38 : Был отключен пользователь AR
23.01.2020 23:21:39 : Был присоединен пользователь AR
23.01.2020 23:21:39 : Был получен файл: SZMK_20200122_0153.TIF
23.01.2020 23:21:40 : Были отправлены данные: 1852(24)_598_N-4_Шипунова Е.А._1415,01_34,8
23.01.2020 23:21:40 : Был отключен пользователь AR
23.01.2020 23:21:41 : Был присоединен пользователь AR
23.01.2020 23:21:41 : Был получен файл: SZMK_20200122_0154.TIF
23.01.2020 23:21:42 : Были отправлены данные: 1852(24)_462_B-133_Кириллова Т.В._2072.24_73.05
23.01.2020 23:21:42 : Был отключен пользователь AR
23.01.2020 23:21:43 : Был присоединен пользователь AR
23.01.2020 23:21:43 : Был получен файл: SZMK_20200122_0155.TIF
23.01.2020 23:21:44 : Были отправлены данные: 1852(24)_461_B-132_Кириллова Т.В._2072.24_73.13
23.01.2020 23:21:44 : Был отключен пользователь AR
23.01.2020 23:21:44 : Был присоединен пользователь AR
23.01.2020 23:21:44 : Был получен файл: SZMK_20200122_0158.TIF
23.01.2020 23:21:45 : Были отправлены данные: 1852(24)_1094_R-415_Бубырь М.Е._1448_33.73
23.01.2020 23:21:45 : Был отключен пользователь AR
23.01.2020 23:21:46 : Был присоединен пользователь AR
23.01.2020 23:21:46 : Был получен файл: SZMK_20200122_0159.TIF
23.01.2020 23:21:47 : Были отправлены данные: 1852(24)_1093_R-414_Бубырь М.Е._1450.86_26.53
23.01.2020 23:21:47 : Был отключен пользователь AR
23.01.2020 23:21:48 : Был присоединен пользователь AR
23.01.2020 23:21:48 : Был получен файл: SZMK_20200122_0160.TIF
23.01.2020 23:21:49 : Были отправлены данные: 1852(24)_1092_R-412_Бубырь М.Е._1440_51.65
23.01.2020 23:21:49 : Был отключен пользователь AR
23.01.2020 23:21:49 : Был присоединен пользователь AR
23.01.2020 23:21:49 : Был получен файл: SZMK_20200122_0161.TIF
23.01.2020 23:21:50 : Были отправлены данные: 1852(24)_1091_R-411_Бубырь М.Е._1448_35.27
23.01.2020 23:21:50 : Был отключен пользователь AR
23.01.2020 23:21:51 : Был присоединен пользователь AR
23.01.2020 23:21:51 : Был получен файл: SZMK_20200122_0162.TIF
23.01.2020 23:21:52 : Были отправлены данные: 1852(24)_1090_R-409_Бубырь М.Е._1450.87_23.66
23.01.2020 23:21:52 : Был отключен пользователь AR
23.01.2020 23:21:53 : Был присоединен пользователь AR
23.01.2020 23:21:53 : Был получен файл: SZMK_20200122_0165.TIF
23.01.2020 23:21:53 : Были отправлены данные: 1852(24)_586_H-16_Кириллова Т.В._3170_54.75
23.01.2020 23:21:53 : Был отключен пользователь AR
23.01.2020 23:21:53 : Был присоединен пользователь AR
23.01.2020 23:21:53 : Был получен файл: SZMK_20200122_0166.TIF
23.01.2020 23:21:54 : Были отправлены данные: 1852(24)_1104_H-45_Кириллова T.В._1040_7.17
23.01.2020 23:21:54 : Был отключен пользователь AR
23.01.2020 23:21:54 : Был присоединен пользователь AR
23.01.2020 23:21:54 : Был получен файл: SZMK_20200122_0167.TIF
23.01.2020 23:21:54 : Были отправлены данные: 1852(24)_1105_H-46_Кириллова T.В._1010_6.96
23.01.2020 23:21:54 : Был отключен пользователь AR
23.01.2020 23:21:55 : Был присоединен пользователь AR
23.01.2020 23:21:55 : Был получен файл: SZMK_20200122_0168.TIF
23.01.2020 23:21:55 : Были отправлены данные: 1852(24)_1106_H-47_Кириллова T.В._1050_7.24
23.01.2020 23:21:55 : Был отключен пользователь AR
23.01.2020 23:21:56 : Был присоединен пользователь AR
23.01.2020 23:21:56 : Был получен файл: SZMK_20200123_0001.TIF
23.01.2020 23:21:57 : Были отправлены данные: 1852(20)_50_N-5_Стародубов А.А._4061,91_77,08
23.01.2020 23:21:57 : Был отключен пользователь AR
23.01.2020 23:21:58 : Был присоединен пользователь AR
23.01.2020 23:21:58 : Был получен файл: SZMK_20200123_0004.TIF
23.01.2020 23:21:59 : Были отправлены данные: 1852(20)_49_N-4_Стародубов А.А._4278,22_85,18
23.01.2020 23:21:59 : Был отключен пользователь AR
23.01.2020 23:21:59 : Был присоединен пользователь AR
23.01.2020 23:21:59 : Был получен файл: SZMK_20200123_0005.TIF
23.01.2020 23:22:01 : Были отправлены данные: 1852(20)_46_N-1_Стародубов А.А._4437,56_87,25
23.01.2020 23:22:01 : Был отключен пользователь AR
23.01.2020 23:22:01 : Был присоединен пользователь AR
23.01.2020 23:22:01 : Был получен файл: SZMK_20200123_0006.TIF
23.01.2020 23:22:02 : Были отправлены данные: 1852(20)_47_N-2_Стародубов А.А._4437,56_87,25
23.01.2020 23:22:02 : Был отключен пользователь AR
23.01.2020 23:22:03 : Был присоединен пользователь AR
23.01.2020 23:22:03 : Был получен файл: SZMK_20200123_0007.TIF
23.01.2020 23:22:04 : Были отправлены данные: 1852(24)_1103_CP-124_Кириллова Т.В._1023.63_226.95
23.01.2020 23:22:04 : Был отключен пользователь AR
23.01.2020 23:22:05 : Был присоединен пользователь AR
23.01.2020 23:22:05 : Был получен файл: SZMK_20200123_0008.TIF
23.01.2020 23:22:06 : Были отправлены данные: 1852(24)_599_N-5_Шипунова Е.А._4345_107,5
23.01.2020 23:22:06 : Был отключен пользователь AR
23.01.2020 23:22:07 : Был присоединен пользователь AR
23.01.2020 23:22:07 : Был получен файл: SZMK_20200123_0011.TIF
23.01.2020 23:22:10 : Были отправлены данные: Не правильно
23.01.2020 23:22:10 : Был отключен пользователь AR
23.01.2020 23:22:11 : Был присоединен пользователь AR
23.01.2020 23:22:11 : Был получен файл: SZMK_20200123_0012.TIF
23.01.2020 23:22:14 : Были отправлены данные: Не правильно
23.01.2020 23:22:14 : Был отключен пользователь AR
23.01.2020 23:22:16 : Был присоединен пользователь AR
23.01.2020 23:22:16 : Был получен файл: SZMK_20200123_0013.TIF
23.01.2020 23:22:18 : Были отправлены данные: Не правильно
23.01.2020 23:22:18 : Был отключен пользователь AR
23.01.2020 23:22:19 : Был присоединен пользователь AR
23.01.2020 23:22:19 : Был получен файл: SZMK_20200123_0014.TIF
23.01.2020 23:22:21 : Были отправлены данные: Не правильно
23.01.2020 23:22:21 : Был отключен пользователь AR
23.01.2020 23:22:59 : Был присоединен пользователь AR
23.01.2020 23:22:59 : Был получен файл: SZMK_20200122_0168.TIF
23.01.2020 23:22:59 : Были отправлены данные: 1852(24)_1106_H-47_Кириллова T.В._1050_7.24
23.01.2020 23:22:59 : Был отключен пользователь AR
23.01.2020 23:23:00 : Был присоединен пользователь AR
23.01.2020 23:23:00 : Был получен файл: SZMK_20200123_0001.TIF
23.01.2020 23:23:01 : Были отправлены данные: 1852(20)_50_N-5_Стародубов А.А._4061,91_77,08
23.01.2020 23:23:01 : Был отключен пользователь AR
23.01.2020 23:23:01 : Был присоединен пользователь AR
23.01.2020 23:23:01 : Был получен файл: SZMK_20200123_0007.TIF
23.01.2020 23:23:02 : Были отправлены данные: 1852(24)_1103_CP-124_Кириллова Т.В._1023.63_226.95
23.01.2020 23:23:02 : Был отключен пользователь AR
23.01.2020 23:23:03 : Был присоединен пользователь AR
23.01.2020 23:23:03 : Был получен файл: SZMK_20200123_0008.TIF
23.01.2020 23:23:04 : Были отправлены данные: 1852(24)_599_N-5_Шипунова Е.А._4345_107,5
23.01.2020 23:23:04 : Был отключен пользователь AR
23.01.2020 23:23:05 : Был присоединен пользователь AR
23.01.2020 23:23:05 : Был получен файл: SZMK_20200123_0014.TIF
23.01.2020 23:23:07 : Были отправлены данные: Не правильно
23.01.2020 23:23:07 : Был отключен пользователь AR
23.01.2020 23:23:16 : Была проведена проверка соединения пользователем AR
23.01.2020 23:23:24 : Был присоединен пользователь AR
23.01.2020 23:23:24 : Был получен файл: SZMK_20200122_0151.TIF
23.01.2020 23:23:25 : Были отправлены данные: 1852(24)_565_CP-137_Кириллова Т.В._2806.8_131.63
23.01.2020 23:23:25 : Был отключен пользователь AR
23.01.2020 23:23:26 : Был присоединен пользователь AR
23.01.2020 23:23:26 : Был получен файл: SZMK_20200122_0152.TIF
23.01.2020 23:23:27 : Были отправлены данные: 1852(24)_597_N-3_Шипунова Е.А._1435,01_36,07
23.01.2020 23:23:27 : Был отключен пользователь AR
23.01.2020 23:23:28 : Был присоединен пользователь AR
23.01.2020 23:23:28 : Был получен файл: SZMK_20200122_0153.TIF
23.01.2020 23:23:29 : Были отправлены данные: 1852(24)_598_N-4_Шипунова Е.А._1415,01_34,8
23.01.2020 23:23:29 : Был отключен пользователь AR
23.01.2020 23:23:30 : Был присоединен пользователь AR
23.01.2020 23:23:30 : Был получен файл: SZMK_20200122_0154.TIF
23.01.2020 23:23:31 : Были отправлены данные: 1852(24)_462_B-133_Кириллова Т.В._2072.24_73.05
23.01.2020 23:23:31 : Был отключен пользователь AR
23.01.2020 23:23:32 : Был присоединен пользователь AR
23.01.2020 23:23:32 : Был получен файл: SZMK_20200122_0155.TIF
23.01.2020 23:23:33 : Были отправлены данные: 1852(24)_461_B-132_Кириллова Т.В._2072.24_73.13
23.01.2020 23:23:33 : Был отключен пользователь AR
23.01.2020 23:35:38 : Сервер свернут в трей
