29.01.2020 11:45:00 : Запущено слушание клиентов и найдена директория темповых файлов
29.01.2020 11:45:00 : C:\Users\thedr\Desktop\Works\SZMK_Decode\Decode\Decode\bin\Debug
29.01.2020 11:45:04 : Сервер свернут в трей
29.01.2020 11:45:40 : Была проведена проверка соединения пользователем ROOT
29.01.2020 11:45:54 : Была проведена проверка соединения пользователем AR
29.01.2020 11:46:04 : Был присоединен пользователь AR
29.01.2020 11:46:04 : Был получен файл: C:\Users\thedr\Desktop\SCAN2\SZMK_20200127_0185.TIF
29.01.2020 11:46:05 : Были отправлены данные: 2413(28)_62_Л1-4_Аньшаков А.Е._2695_46,08
29.01.2020 11:46:05 : Был отключен пользователь AR
29.01.2020 11:46:06 : Был присоединен пользователь AR
29.01.2020 11:46:06 : Был получен файл: C:\Users\thedr\Desktop\SCAN2\SZMK_20200127_0237.TIF
29.01.2020 11:46:06 : Были отправлены данные: 2113(91)_102_Б2-12_Четвергова И.П._1102_13,5
29.01.2020 11:46:06 : Был отключен пользователь AR
29.01.2020 11:46:06 : Был присоединен пользователь AR
29.01.2020 11:46:06 : Был получен файл: C:\Users\thedr\Desktop\SCAN2\SZMK_20200127_0238.TIF
29.01.2020 11:46:07 : Были отправлены данные: 2113(91)_108_МД-3_Четвергова И.П._225,18_3,71
29.01.2020 11:46:07 : Был отключен пользователь AR
29.01.2020 11:46:07 : Был присоединен пользователь AR
29.01.2020 11:46:07 : Был получен файл: C:\Users\thedr\Desktop\SCAN2\SZMK_20200127_0239.TIF
29.01.2020 11:46:08 : Были отправлены данные: 2113(91)_109_МД-4_Четвергова И.П._150_4,24
29.01.2020 11:46:08 : Был отключен пользователь AR
29.01.2020 11:46:08 : Был присоединен пользователь AR
29.01.2020 11:46:08 : Был получен файл: C:\Users\thedr\Desktop\SCAN2\SZMK_20200127_0240.TIF
29.01.2020 11:46:08 : Были отправлены данные: 2113(91)_110_ПЛ1-14_Четвергова И.П._1570_19,38
29.01.2020 11:46:08 : Был отключен пользователь AR
29.01.2020 11:46:09 : Был присоединен пользователь AR
29.01.2020 11:46:09 : Был получен файл: C:\Users\thedr\Desktop\SCAN2\SZMK_20200127_0241.TIF
29.01.2020 11:46:09 : Были отправлены данные: 2113(91)_111_ПЛ1-15_Четвергова И.П._1516,25_18,72
29.01.2020 11:46:09 : Был отключен пользователь AR
29.01.2020 11:46:09 : Был присоединен пользователь AR
29.01.2020 11:46:09 : Был получен файл: C:\Users\thedr\Desktop\SCAN2\SZMK_20200127_0242.TIF
29.01.2020 11:46:10 : Были отправлены данные: 2113(91)_112_ПЛ1-16_Четвергова И.П._1516,25_18,72
29.01.2020 11:46:10 : Был отключен пользователь AR
29.01.2020 11:46:10 : Был присоединен пользователь AR
29.01.2020 11:46:10 : Был получен файл: C:\Users\thedr\Desktop\SCAN2\SZMK_20200127_0243.TIF
29.01.2020 11:46:11 : Были отправлены данные: 2113(91)_113_ПЛ1-17_Четвергова И.П._2180_36,22
29.01.2020 11:46:11 : Был отключен пользователь AR
29.01.2020 11:46:11 : Был присоединен пользователь AR
29.01.2020 11:46:11 : Был получен файл: C:\Users\thedr\Desktop\SCAN2\SZMK_20200127_0244.TIF
29.01.2020 11:46:11 : Были отправлены данные: 2113(91)_114_ПЛ1-18_Четвергова И.П._2180_36,22
29.01.2020 11:46:11 : Был отключен пользователь AR
29.01.2020 11:46:12 : Был присоединен пользователь AR
29.01.2020 11:46:12 : Был получен файл: C:\Users\thedr\Desktop\SCAN2\SZMK_20200127_0245.TIF
29.01.2020 11:46:12 : Были отправлены данные: 2113(91)_115_ПЛ1-19_Четвергова И.П._2180_5,96
29.01.2020 11:46:12 : Был отключен пользователь AR
29.01.2020 11:46:12 : Был присоединен пользователь AR
29.01.2020 11:46:12 : Был получен файл: C:\Users\thedr\Desktop\SCAN2\SZMK_20200127_0246.TIF
29.01.2020 11:46:13 : Были отправлены данные: 2113(91)_116_ПЛ1-20_Четвергова И.П._2180_5,96
29.01.2020 11:46:13 : Был отключен пользователь AR
29.01.2020 11:46:14 : Был присоединен пользователь AR
29.01.2020 11:46:14 : Был получен файл: C:\Users\thedr\Desktop\SCAN2\SZMK_20200127_0247.TIF
29.01.2020 11:46:15 : Были отправлены данные: 2113(91)_99_Б2-9_Четвергова И.П._1047_14,41
29.01.2020 11:46:15 : Был отключен пользователь AR
29.01.2020 11:46:15 : Был присоединен пользователь AR
29.01.2020 11:46:15 : Был получен файл: C:\Users\thedr\Desktop\SCAN2\SZMK_20200127_0248.TIF
29.01.2020 11:46:17 : Были отправлены данные: 2113(91)_100_Б2-10_Четвергова И.П._2595_36,09
29.01.2020 11:46:17 : Был отключен пользователь AR
29.01.2020 11:46:17 : Был присоединен пользователь AR
29.01.2020 11:46:17 : Был получен файл: C:\Users\thedr\Desktop\SCAN2\SZMK_20200127_0249.TIF
29.01.2020 11:46:19 : Были отправлены данные: 2113(91)_101_Б2-11_Четвергова И.П._2595_36,09
29.01.2020 11:46:19 : Был отключен пользователь AR
29.01.2020 11:46:19 : Был присоединен пользователь AR
29.01.2020 11:46:19 : Был получен файл: C:\Users\thedr\Desktop\SCAN2\SZMK_20200127_0250.TIF
29.01.2020 11:46:20 : Были отправлены данные: 2113(91)_106_КР1-10_Четвергова И.П._1351,24_20,42
29.01.2020 11:46:20 : Был отключен пользователь AR
29.01.2020 11:46:21 : Был присоединен пользователь AR
29.01.2020 11:46:21 : Был получен файл: C:\Users\thedr\Desktop\SCAN2\SZMK_20200127_0251.TIF
29.01.2020 11:46:22 : Были отправлены данные: 2113(91)_107_КР1-11_Четвергова И.П._1454,47_21,84
29.01.2020 11:46:22 : Был отключен пользователь AR
29.01.2020 11:46:23 : Был присоединен пользователь AR
29.01.2020 11:46:23 : Был получен файл: C:\Users\thedr\Desktop\SCAN2\SZMK_20200127_0252.TIF
29.01.2020 11:46:23 : Были отправлены данные: 2413(28)_92_СВ1-6_Аньшаков А.Е._764_8,25
29.01.2020 11:46:23 : Был отключен пользователь AR
29.01.2020 11:46:24 : Был присоединен пользователь AR
29.01.2020 11:46:24 : Был получен файл: C:\Users\thedr\Desktop\SCAN2\SZMK_20200127_0253.TIF
29.01.2020 11:46:24 : Были отправлены данные: 2413(28)_93_СВ1-7_Аньшаков А.Е._1130_12,2
29.01.2020 11:46:24 : Был отключен пользователь AR
29.01.2020 11:46:25 : Был присоединен пользователь AR
29.01.2020 11:46:25 : Был получен файл: C:\Users\thedr\Desktop\SCAN2\SZMK_20200127_0254.TIF
29.01.2020 11:46:28 : Были отправлены данные: Не правильно
29.01.2020 11:46:28 : Был отключен пользователь AR
29.01.2020 11:46:49 : Была проведена проверка соединения пользователем AR
29.01.2020 11:46:56 : Был присоединен пользователь AR
29.01.2020 11:46:56 : Был получен файл: C:\Users\thedr\Desktop\SCAN2\SZMK_20200127_0185.TIF
29.01.2020 11:46:57 : Были отправлены данные: 2413(28)_62_Л1-4_Аньшаков А.Е._2695_46,08
29.01.2020 11:46:57 : Был отключен пользователь AR
29.01.2020 11:46:58 : Был присоединен пользователь AR
29.01.2020 11:46:58 : Был получен файл: C:\Users\thedr\Desktop\SCAN2\SZMK_20200127_0237.TIF
29.01.2020 11:46:58 : Были отправлены данные: 2113(91)_102_Б2-12_Четвергова И.П._1102_13,5
29.01.2020 11:46:58 : Был отключен пользователь AR
29.01.2020 11:46:58 : Был присоединен пользователь AR
29.01.2020 11:46:58 : Был получен файл: C:\Users\thedr\Desktop\SCAN2\SZMK_20200127_0238.TIF
29.01.2020 11:46:59 : Были отправлены данные: 2113(91)_108_МД-3_Четвергова И.П._225,18_3,71
29.01.2020 11:46:59 : Был отключен пользователь AR
29.01.2020 11:46:59 : Был присоединен пользователь AR
29.01.2020 11:46:59 : Был получен файл: C:\Users\thedr\Desktop\SCAN2\SZMK_20200127_0239.TIF
29.01.2020 11:46:59 : Были отправлены данные: 2113(91)_109_МД-4_Четвергова И.П._150_4,24
29.01.2020 11:46:59 : Был отключен пользователь AR
29.01.2020 11:47:00 : Был присоединен пользователь AR
29.01.2020 11:47:00 : Был получен файл: C:\Users\thedr\Desktop\SCAN2\SZMK_20200127_0240.TIF
29.01.2020 11:47:00 : Были отправлены данные: 2113(91)_110_ПЛ1-14_Четвергова И.П._1570_19,38
29.01.2020 11:47:00 : Был отключен пользователь AR
29.01.2020 11:47:01 : Был присоединен пользователь AR
29.01.2020 11:47:01 : Был получен файл: C:\Users\thedr\Desktop\SCAN2\SZMK_20200127_0241.TIF
29.01.2020 11:47:01 : Были отправлены данные: 2113(91)_111_ПЛ1-15_Четвергова И.П._1516,25_18,72
29.01.2020 11:47:01 : Был отключен пользователь AR
29.01.2020 11:47:01 : Был присоединен пользователь AR
29.01.2020 11:47:01 : Был получен файл: C:\Users\thedr\Desktop\SCAN2\SZMK_20200127_0242.TIF
29.01.2020 11:47:02 : Были отправлены данные: 2113(91)_112_ПЛ1-16_Четвергова И.П._1516,25_18,72
29.01.2020 11:47:02 : Был отключен пользователь AR
29.01.2020 11:47:02 : Был присоединен пользователь AR
29.01.2020 11:47:02 : Был получен файл: C:\Users\thedr\Desktop\SCAN2\SZMK_20200127_0243.TIF
29.01.2020 11:47:02 : Были отправлены данные: 2113(91)_113_ПЛ1-17_Четвергова И.П._2180_36,22
29.01.2020 11:47:02 : Был отключен пользователь AR
29.01.2020 11:47:03 : Был присоединен пользователь AR
29.01.2020 11:47:03 : Был получен файл: C:\Users\thedr\Desktop\SCAN2\SZMK_20200127_0244.TIF
29.01.2020 11:47:03 : Были отправлены данные: 2113(91)_114_ПЛ1-18_Четвергова И.П._2180_36,22
29.01.2020 11:47:03 : Был отключен пользователь AR
29.01.2020 11:47:04 : Был присоединен пользователь AR
29.01.2020 11:47:04 : Был получен файл: C:\Users\thedr\Desktop\SCAN2\SZMK_20200127_0245.TIF
29.01.2020 11:47:04 : Были отправлены данные: 2113(91)_115_ПЛ1-19_Четвергова И.П._2180_5,96
29.01.2020 11:47:04 : Был отключен пользователь AR
29.01.2020 11:47:04 : Был присоединен пользователь AR
29.01.2020 11:47:04 : Был получен файл: C:\Users\thedr\Desktop\SCAN2\SZMK_20200127_0246.TIF
29.01.2020 11:47:05 : Были отправлены данные: 2113(91)_116_ПЛ1-20_Четвергова И.П._2180_5,96
29.01.2020 11:47:05 : Был отключен пользователь AR
29.01.2020 11:47:05 : Был присоединен пользователь AR
29.01.2020 11:47:05 : Был получен файл: C:\Users\thedr\Desktop\SCAN2\SZMK_20200127_0247.TIF
29.01.2020 11:47:06 : Были отправлены данные: 2113(91)_99_Б2-9_Четвергова И.П._1047_14,41
29.01.2020 11:47:06 : Был отключен пользователь AR
29.01.2020 11:47:07 : Был присоединен пользователь AR
29.01.2020 11:47:07 : Был получен файл: C:\Users\thedr\Desktop\SCAN2\SZMK_20200127_0248.TIF
29.01.2020 11:47:08 : Были отправлены данные: 2113(91)_100_Б2-10_Четвергова И.П._2595_36,09
29.01.2020 11:47:08 : Был отключен пользователь AR
29.01.2020 11:47:09 : Был присоединен пользователь AR
29.01.2020 11:47:09 : Был получен файл: C:\Users\thedr\Desktop\SCAN2\SZMK_20200127_0249.TIF
29.01.2020 11:47:10 : Были отправлены данные: 2113(91)_101_Б2-11_Четвергова И.П._2595_36,09
29.01.2020 11:47:10 : Был отключен пользователь AR
29.01.2020 11:47:11 : Был присоединен пользователь AR
29.01.2020 11:47:11 : Был получен файл: C:\Users\thedr\Desktop\SCAN2\SZMK_20200127_0250.TIF
29.01.2020 11:47:12 : Были отправлены данные: 2113(91)_106_КР1-10_Четвергова И.П._1351,24_20,42
29.01.2020 11:47:12 : Был отключен пользователь AR
29.01.2020 11:47:13 : Был присоединен пользователь AR
29.01.2020 11:47:13 : Был получен файл: C:\Users\thedr\Desktop\SCAN2\SZMK_20200127_0251.TIF
29.01.2020 11:47:14 : Были отправлены данные: 2113(91)_107_КР1-11_Четвергова И.П._1454,47_21,84
29.01.2020 11:47:14 : Был отключен пользователь AR
29.01.2020 11:47:14 : Был присоединен пользователь AR
29.01.2020 11:47:14 : Был получен файл: C:\Users\thedr\Desktop\SCAN2\SZMK_20200127_0252.TIF
29.01.2020 11:47:15 : Были отправлены данные: 2413(28)_92_СВ1-6_Аньшаков А.Е._764_8,25
29.01.2020 11:47:15 : Был отключен пользователь AR
29.01.2020 11:47:15 : Был присоединен пользователь AR
29.01.2020 11:47:15 : Был получен файл: C:\Users\thedr\Desktop\SCAN2\SZMK_20200127_0253.TIF
29.01.2020 11:47:16 : Были отправлены данные: 2413(28)_93_СВ1-7_Аньшаков А.Е._1130_12,2
29.01.2020 11:47:16 : Был отключен пользователь AR
29.01.2020 11:47:16 : Был присоединен пользователь AR
29.01.2020 11:47:16 : Был получен файл: C:\Users\thedr\Desktop\SCAN2\SZMK_20200127_0254.TIF
29.01.2020 11:47:20 : Были отправлены данные: Не правильно
29.01.2020 11:47:20 : Был отключен пользователь AR
29.01.2020 11:47:21 : Был присоединен пользователь AR
29.01.2020 11:47:21 : Был получен файл: C:\Users\thedr\Desktop\SCAN2\SZMK_20200127_0255.TIF
29.01.2020 11:47:23 : Были отправлены данные: 2413(28)_62_Л1-4_Аньшаков А.Е._2695_46,08
29.01.2020 11:47:23 : Был отключен пользователь AR
29.01.2020 11:47:23 : Был присоединен пользователь AR
29.01.2020 11:47:23 : Был получен файл: C:\Users\thedr\Desktop\SCAN2\SZMK_20200127_0256.TIF
29.01.2020 11:47:25 : Были отправлены данные: Не правильно
29.01.2020 11:47:25 : Был отключен пользователь AR
29.01.2020 11:47:26 : Был присоединен пользователь AR
29.01.2020 11:47:26 : Был получен файл: C:\Users\thedr\Desktop\SCAN2\SZMK_20200127_0257.TIF
29.01.2020 11:47:28 : Были отправлены данные: Не правильно
29.01.2020 11:47:28 : Был отключен пользователь AR
29.01.2020 11:47:28 : Был присоединен пользователь AR
29.01.2020 11:47:28 : Был получен файл: C:\Users\thedr\Desktop\SCAN2\SZMK_20200127_0258.TIF
29.01.2020 11:47:30 : Были отправлены данные: 2413(28)_65_ОГ1-3_Аньшаков А.Е._3895_60,93
29.01.2020 11:47:30 : Был отключен пользователь AR
29.01.2020 11:47:31 : Был присоединен пользователь AR
29.01.2020 11:47:31 : Был получен файл: C:\Users\thedr\Desktop\SCAN2\SZMK_20200127_0259.TIF
29.01.2020 11:47:33 : Были отправлены данные: Не правильно
29.01.2020 11:47:33 : Был отключен пользователь AR
29.01.2020 11:47:33 : Был присоединен пользователь AR
29.01.2020 11:47:33 : Был получен файл: C:\Users\thedr\Desktop\SCAN2\SZMK_20200127_0260.TIF
29.01.2020 11:47:35 : Были отправлены данные: Не правильно
29.01.2020 11:47:35 : Был отключен пользователь AR
29.01.2020 11:47:36 : Был присоединен пользователь AR
29.01.2020 11:47:36 : Был получен файл: C:\Users\thedr\Desktop\SCAN2\SZMK_20200127_0261.TIF
29.01.2020 11:47:37 : Были отправлены данные: Не правильно
29.01.2020 11:47:37 : Был отключен пользователь AR
29.01.2020 11:47:38 : Был присоединен пользователь AR
29.01.2020 11:47:38 : Был получен файл: C:\Users\thedr\Desktop\SCAN2\SZMK_20200127_0262.TIF
29.01.2020 11:47:40 : Были отправлены данные: Не правильно
29.01.2020 11:47:40 : Был отключен пользователь AR
29.01.2020 11:47:40 : Был присоединен пользователь AR
29.01.2020 11:47:40 : Был получен файл: C:\Users\thedr\Desktop\SCAN2\SZMK_20200127_0263.TIF
29.01.2020 11:47:42 : Были отправлены данные: Не правильно
29.01.2020 11:47:42 : Был отключен пользователь AR
29.01.2020 11:47:43 : Был присоединен пользователь AR
29.01.2020 11:47:43 : Был получен файл: C:\Users\thedr\Desktop\SCAN2\SZMK_20200127_0264.TIF
29.01.2020 11:47:44 : Были отправлены данные: Не правильно
29.01.2020 11:47:44 : Был отключен пользователь AR
29.01.2020 11:47:45 : Был присоединен пользователь AR
29.01.2020 11:47:45 : Был получен файл: C:\Users\thedr\Desktop\SCAN2\SZMK_20200127_0265.TIF
29.01.2020 11:47:46 : Были отправлены данные: Не правильно
29.01.2020 11:47:46 : Был отключен пользователь AR
29.01.2020 11:47:47 : Был присоединен пользователь AR
29.01.2020 11:47:47 : Был получен файл: C:\Users\thedr\Desktop\SCAN2\SZMK_20200127_0266.TIF
29.01.2020 11:47:48 : Были отправлены данные: Не правильно
29.01.2020 11:47:48 : Был отключен пользователь AR
29.01.2020 11:47:49 : Был присоединен пользователь AR
29.01.2020 11:47:49 : Был получен файл: C:\Users\thedr\Desktop\SCAN2\SZMK_20200127_0267.TIF
29.01.2020 11:47:51 : Были отправлены данные: Не правильно
29.01.2020 11:47:51 : Был отключен пользователь AR
29.01.2020 11:47:51 : Был присоединен пользователь AR
29.01.2020 11:47:51 : Был получен файл: C:\Users\thedr\Desktop\SCAN2\SZMK_20200127_0268.TIF
29.01.2020 11:47:53 : Были отправлены данные: 2413(28)_75_ОГ1-13_Аньшаков А.Е._1255_21,35
29.01.2020 11:47:53 : Был отключен пользователь AR
29.01.2020 11:47:54 : Был присоединен пользователь AR
29.01.2020 11:47:54 : Был получен файл: C:\Users\thedr\Desktop\SCAN2\SZMK_20200127_0269.TIF
29.01.2020 11:47:55 : Были отправлены данные: 2413(28)_76_ОГ1-14_Аньшаков А.Е._1300_21,53
29.01.2020 11:47:55 : Был отключен пользователь AR
29.01.2020 11:47:56 : Был присоединен пользователь AR
29.01.2020 11:47:56 : Был получен файл: C:\Users\thedr\Desktop\SCAN2\SZMK_20200127_0270.TIF
29.01.2020 11:47:58 : Были отправлены данные: Не правильно
29.01.2020 11:47:58 : Был отключен пользователь AR
29.01.2020 11:47:58 : Был присоединен пользователь AR
29.01.2020 11:47:58 : Был получен файл: C:\Users\thedr\Desktop\SCAN2\SZMK_20200127_0271.TIF
29.01.2020 11:48:00 : Были отправлены данные: Не правильно
29.01.2020 11:48:00 : Был отключен пользователь AR
29.01.2020 11:48:01 : Был присоединен пользователь AR
29.01.2020 11:48:01 : Был получен файл: C:\Users\thedr\Desktop\SCAN2\SZMK_20200127_0272.TIF
29.01.2020 11:48:02 : Были отправлены данные: Не правильно
29.01.2020 11:48:03 : Был отключен пользователь AR
29.01.2020 11:48:03 : Был присоединен пользователь AR
29.01.2020 11:48:03 : Был получен файл: C:\Users\thedr\Desktop\SCAN2\SZMK_20200127_0273.TIF
29.01.2020 11:48:05 : Были отправлены данные: Не правильно
29.01.2020 11:48:05 : Был отключен пользователь AR
29.01.2020 11:48:06 : Был присоединен пользователь AR
29.01.2020 11:48:06 : Был получен файл: C:\Users\thedr\Desktop\SCAN2\SZMK_20200127_0274.TIF
29.01.2020 11:48:07 : Были отправлены данные: Не правильно
29.01.2020 11:48:07 : Был отключен пользователь AR
29.01.2020 11:48:08 : Был присоединен пользователь AR
29.01.2020 11:48:08 : Был получен файл: C:\Users\thedr\Desktop\SCAN2\SZMK_20200127_0275.TIF
29.01.2020 11:48:10 : Были отправлены данные: Не правильно
29.01.2020 11:48:10 : Был отключен пользователь AR
29.01.2020 11:48:10 : Был присоединен пользователь AR
29.01.2020 11:48:10 : Был получен файл: C:\Users\thedr\Desktop\SCAN2\SZMK_20200127_0276.TIF
29.01.2020 11:48:12 : Были отправлены данные: 2413(28)_83_ОГ2-1_Аньшаков А.Е._2384,85_29,28
29.01.2020 11:48:12 : Был отключен пользователь AR
29.01.2020 11:48:13 : Был присоединен пользователь AR
29.01.2020 11:48:13 : Был получен файл: C:\Users\thedr\Desktop\SCAN2\SZMK_20200127_0277.TIF
29.01.2020 11:48:14 : Были отправлены данные: Не правильно
29.01.2020 11:48:14 : Был отключен пользователь AR
29.01.2020 11:48:15 : Был присоединен пользователь AR
29.01.2020 11:48:15 : Был получен файл: C:\Users\thedr\Desktop\SCAN2\SZMK_20200127_0278.TIF
29.01.2020 11:48:17 : Были отправлены данные: 2413(28)_85_ОГ2-3_Аньшаков А.Е._2134,85_20,62
29.01.2020 11:48:17 : Был отключен пользователь AR
29.01.2020 11:48:18 : Был присоединен пользователь AR
29.01.2020 11:48:18 : Был получен файл: C:\Users\thedr\Desktop\SCAN2\SZMK_20200127_0279.TIF
29.01.2020 11:48:19 : Были отправлены данные: 2413(28)_86_ОГ2-4_Аньшаков А.Е._2134,85_20,62
29.01.2020 11:48:19 : Был отключен пользователь AR
29.01.2020 11:48:20 : Был присоединен пользователь AR
29.01.2020 11:48:20 : Был получен файл: C:\Users\thedr\Desktop\SCAN2\SZMK_20200127_0280.TIF
29.01.2020 11:48:22 : Были отправлены данные: Не правильно
29.01.2020 11:48:22 : Был отключен пользователь AR
29.01.2020 11:48:22 : Был присоединен пользователь AR
29.01.2020 11:48:22 : Был получен файл: C:\Users\thedr\Desktop\SCAN2\SZMK_20200127_0281.TIF
29.01.2020 11:48:24 : Были отправлены данные: 2413(28)_88_ОГ2-6_Аньшаков А.Е._3934,84_46,17
29.01.2020 11:48:24 : Был отключен пользователь AR
29.01.2020 11:48:25 : Был присоединен пользователь AR
29.01.2020 11:48:25 : Был получен файл: C:\Users\thedr\Desktop\SCAN2\SZMK_20200127_0282.TIF
29.01.2020 11:48:26 : Были отправлены данные: 2413(28)_89_СВ1-3_Аньшаков А.Е._1790_36,77
29.01.2020 11:48:26 : Был отключен пользователь AR
29.01.2020 11:48:27 : Был присоединен пользователь AR
29.01.2020 11:48:27 : Был получен файл: C:\Users\thedr\Desktop\SCAN2\SZMK_20200127_0283.TIF
29.01.2020 11:48:28 : Были отправлены данные: 2413(28)_90_СВ1-4_Аньшаков А.Е._2040_41,59
29.01.2020 11:48:28 : Был отключен пользователь AR
29.01.2020 11:48:29 : Был присоединен пользователь AR
29.01.2020 11:48:29 : Был получен файл: C:\Users\thedr\Desktop\SCAN2\SZMK_20200127_0284.TIF
29.01.2020 11:48:30 : Были отправлены данные: 2413(28)_91_СВ1-5_Аньшаков А.Е._1160_23,87
29.01.2020 11:48:30 : Был отключен пользователь AR
29.01.2020 11:48:31 : Был присоединен пользователь AR
29.01.2020 11:48:31 : Был получен файл: C:\Users\thedr\Desktop\SCAN2\SZMK_20200127_0285.TIF
29.01.2020 11:48:32 : Были отправлены данные: 2113(91)_103_КР1-1_Четвергова И.П._1250_55,9
29.01.2020 11:48:32 : Был отключен пользователь AR
29.01.2020 11:48:33 : Был присоединен пользователь AR
29.01.2020 11:48:33 : Был получен файл: C:\Users\thedr\Desktop\SCAN2\SZMK_20200127_0286.TIF
29.01.2020 11:48:34 : Были отправлены данные: 2113(91)_104_КР1-8_Четвергова И.П._1250_55,9
29.01.2020 11:48:34 : Был отключен пользователь AR
29.01.2020 11:48:35 : Был присоединен пользователь AR
29.01.2020 11:48:35 : Был получен файл: C:\Users\thedr\Desktop\SCAN2\SZMK_20200127_0287.TIF
29.01.2020 11:48:36 : Были отправлены данные: 2113(91)_105_КР1-9_Четвергова И.П._1323_58,28
29.01.2020 11:48:36 : Был отключен пользователь AR
29.01.2020 11:49:35 : Была проведена проверка соединения пользователем AR
29.01.2020 11:49:39 : Был присоединен пользователь AR
29.01.2020 11:49:39 : Был получен файл: C:\Users\thedr\Desktop\SCAN2\SZMK_20200127_0185.TIF
29.01.2020 11:49:41 : Были отправлены данные: 2413(28)_62_Л1-4_Аньшаков А.Е._2695_46,08
29.01.2020 11:49:41 : Был отключен пользователь AR
29.01.2020 11:49:41 : Был присоединен пользователь AR
29.01.2020 11:49:41 : Был получен файл: C:\Users\thedr\Desktop\SCAN2\SZMK_20200127_0237.TIF
29.01.2020 11:49:41 : Были отправлены данные: 2113(91)_102_Б2-12_Четвергова И.П._1102_13,5
29.01.2020 11:49:41 : Был отключен пользователь AR
29.01.2020 11:49:42 : Был присоединен пользователь AR
29.01.2020 11:49:42 : Был получен файл: C:\Users\thedr\Desktop\SCAN2\SZMK_20200127_0238.TIF
29.01.2020 11:49:42 : Были отправлены данные: 2113(91)_108_МД-3_Четвергова И.П._225,18_3,71
29.01.2020 11:49:42 : Был отключен пользователь AR
29.01.2020 11:49:42 : Был присоединен пользователь AR
29.01.2020 11:49:42 : Был получен файл: C:\Users\thedr\Desktop\SCAN2\SZMK_20200127_0239.TIF
29.01.2020 11:49:43 : Были отправлены данные: 2113(91)_109_МД-4_Четвергова И.П._150_4,24
29.01.2020 11:49:43 : Был отключен пользователь AR
29.01.2020 11:49:43 : Был присоединен пользователь AR
29.01.2020 11:49:43 : Был получен файл: C:\Users\thedr\Desktop\SCAN2\SZMK_20200127_0240.TIF
29.01.2020 11:49:44 : Были отправлены данные: 2113(91)_110_ПЛ1-14_Четвергова И.П._1570_19,38
29.01.2020 11:49:44 : Был отключен пользователь AR
29.01.2020 11:49:44 : Был присоединен пользователь AR
29.01.2020 11:49:44 : Был получен файл: C:\Users\thedr\Desktop\SCAN2\SZMK_20200127_0241.TIF
29.01.2020 11:49:44 : Были отправлены данные: 2113(91)_111_ПЛ1-15_Четвергова И.П._1516,25_18,72
29.01.2020 11:49:44 : Был отключен пользователь AR
29.01.2020 11:49:45 : Был присоединен пользователь AR
29.01.2020 11:49:45 : Был получен файл: C:\Users\thedr\Desktop\SCAN2\SZMK_20200127_0242.TIF
29.01.2020 11:49:45 : Были отправлены данные: 2113(91)_112_ПЛ1-16_Четвергова И.П._1516,25_18,72
29.01.2020 11:49:45 : Был отключен пользователь AR
29.01.2020 11:49:45 : Был присоединен пользователь AR
29.01.2020 11:49:45 : Был получен файл: C:\Users\thedr\Desktop\SCAN2\SZMK_20200127_0243.TIF
29.01.2020 11:49:46 : Были отправлены данные: 2113(91)_113_ПЛ1-17_Четвергова И.П._2180_36,22
29.01.2020 11:49:46 : Был отключен пользователь AR
29.01.2020 11:49:46 : Был присоединен пользователь AR
29.01.2020 11:49:46 : Был получен файл: C:\Users\thedr\Desktop\SCAN2\SZMK_20200127_0244.TIF
29.01.2020 11:49:47 : Были отправлены данные: 2113(91)_114_ПЛ1-18_Четвергова И.П._2180_36,22
29.01.2020 11:49:47 : Был отключен пользователь AR
29.01.2020 11:49:47 : Был присоединен пользователь AR
29.01.2020 11:49:47 : Был получен файл: C:\Users\thedr\Desktop\SCAN2\SZMK_20200127_0245.TIF
29.01.2020 11:49:47 : Были отправлены данные: 2113(91)_115_ПЛ1-19_Четвергова И.П._2180_5,96
29.01.2020 11:49:47 : Был отключен пользователь AR
29.01.2020 11:49:48 : Был присоединен пользователь AR
29.01.2020 11:49:48 : Был получен файл: C:\Users\thedr\Desktop\SCAN2\SZMK_20200127_0246.TIF
29.01.2020 11:49:48 : Были отправлены данные: 2113(91)_116_ПЛ1-20_Четвергова И.П._2180_5,96
29.01.2020 11:49:48 : Был отключен пользователь AR
29.01.2020 11:49:49 : Был присоединен пользователь AR
29.01.2020 11:49:49 : Был получен файл: C:\Users\thedr\Desktop\SCAN2\SZMK_20200127_0247.TIF
29.01.2020 11:49:50 : Были отправлены данные: 2113(91)_99_Б2-9_Четвергова И.П._1047_14,41
29.01.2020 11:49:50 : Был отключен пользователь AR
29.01.2020 11:49:51 : Был присоединен пользователь AR
29.01.2020 11:49:51 : Был получен файл: C:\Users\thedr\Desktop\SCAN2\SZMK_20200127_0248.TIF
29.01.2020 11:49:52 : Были отправлены данные: 2113(91)_100_Б2-10_Четвергова И.П._2595_36,09
29.01.2020 11:49:52 : Был отключен пользователь AR
29.01.2020 11:49:52 : Был присоединен пользователь AR
29.01.2020 11:49:52 : Был получен файл: C:\Users\thedr\Desktop\SCAN2\SZMK_20200127_0249.TIF
29.01.2020 11:49:54 : Были отправлены данные: 2113(91)_101_Б2-11_Четвергова И.П._2595_36,09
29.01.2020 11:49:54 : Был отключен пользователь AR
29.01.2020 11:49:54 : Был присоединен пользователь AR
29.01.2020 11:49:54 : Был получен файл: C:\Users\thedr\Desktop\SCAN2\SZMK_20200127_0250.TIF
29.01.2020 11:49:55 : Были отправлены данные: 2113(91)_106_КР1-10_Четвергова И.П._1351,24_20,42
29.01.2020 11:49:55 : Был отключен пользователь AR
29.01.2020 11:49:56 : Был присоединен пользователь AR
29.01.2020 11:49:56 : Был получен файл: C:\Users\thedr\Desktop\SCAN2\SZMK_20200127_0251.TIF
29.01.2020 11:49:57 : Были отправлены данные: 2113(91)_107_КР1-11_Четвергова И.П._1454,47_21,84
29.01.2020 11:49:57 : Был отключен пользователь AR
29.01.2020 11:49:58 : Был присоединен пользователь AR
29.01.2020 11:49:58 : Был получен файл: C:\Users\thedr\Desktop\SCAN2\SZMK_20200127_0252.TIF
29.01.2020 11:49:58 : Были отправлены данные: 2413(28)_92_СВ1-6_Аньшаков А.Е._764_8,25
29.01.2020 11:49:58 : Был отключен пользователь AR
29.01.2020 11:49:59 : Был присоединен пользователь AR
29.01.2020 11:49:59 : Был получен файл: C:\Users\thedr\Desktop\SCAN2\SZMK_20200127_0253.TIF
29.01.2020 11:49:59 : Были отправлены данные: 2413(28)_93_СВ1-7_Аньшаков А.Е._1130_12,2
29.01.2020 11:49:59 : Был отключен пользователь AR
29.01.2020 11:50:00 : Был присоединен пользователь AR
29.01.2020 11:50:00 : Был получен файл: C:\Users\thedr\Desktop\SCAN2\SZMK_20200127_0254.TIF
29.01.2020 11:50:04 : Были отправлены данные: Не правильно
29.01.2020 11:50:04 : Был отключен пользователь AR
29.01.2020 11:50:04 : Был присоединен пользователь AR
29.01.2020 11:50:04 : Был получен файл: C:\Users\thedr\Desktop\SCAN2\SZMK_20200127_0255.TIF
29.01.2020 11:50:06 : Были отправлены данные: 2413(28)_62_Л1-4_Аньшаков А.Е._2695_46,08
29.01.2020 11:50:06 : Был отключен пользователь AR
29.01.2020 11:50:07 : Был присоединен пользователь AR
29.01.2020 11:50:07 : Был получен файл: C:\Users\thedr\Desktop\SCAN2\SZMK_20200127_0256.TIF
29.01.2020 11:50:09 : Были отправлены данные: Не правильно
29.01.2020 11:50:09 : Был отключен пользователь AR
29.01.2020 11:50:09 : Был присоединен пользователь AR
29.01.2020 11:50:09 : Был получен файл: C:\Users\thedr\Desktop\SCAN2\SZMK_20200127_0257.TIF
29.01.2020 11:50:11 : Были отправлены данные: Не правильно
29.01.2020 11:50:11 : Был отключен пользователь AR
29.01.2020 11:50:12 : Был присоединен пользователь AR
29.01.2020 11:50:12 : Был получен файл: C:\Users\thedr\Desktop\SCAN2\SZMK_20200127_0258.TIF
29.01.2020 11:50:13 : Были отправлены данные: 2413(28)_65_ОГ1-3_Аньшаков А.Е._3895_60,93
29.01.2020 11:50:13 : Был отключен пользователь AR
29.01.2020 11:50:14 : Был присоединен пользователь AR
29.01.2020 11:50:14 : Был получен файл: C:\Users\thedr\Desktop\SCAN2\SZMK_20200127_0259.TIF
29.01.2020 11:50:16 : Были отправлены данные: Не правильно
29.01.2020 11:50:16 : Был отключен пользователь AR
29.01.2020 11:50:16 : Был присоединен пользователь AR
29.01.2020 11:50:16 : Был получен файл: C:\Users\thedr\Desktop\SCAN2\SZMK_20200127_0260.TIF
29.01.2020 11:50:18 : Были отправлены данные: Не правильно
29.01.2020 11:50:18 : Был отключен пользователь AR
29.01.2020 11:50:19 : Был присоединен пользователь AR
29.01.2020 11:50:19 : Был получен файл: C:\Users\thedr\Desktop\SCAN2\SZMK_20200127_0261.TIF
29.01.2020 11:50:20 : Были отправлены данные: Не правильно
29.01.2020 11:50:20 : Был отключен пользователь AR
29.01.2020 11:50:21 : Был присоединен пользователь AR
29.01.2020 11:50:21 : Был получен файл: C:\Users\thedr\Desktop\SCAN2\SZMK_20200127_0262.TIF
29.01.2020 11:50:23 : Были отправлены данные: Не правильно
29.01.2020 11:50:23 : Был отключен пользователь AR
29.01.2020 11:50:23 : Был присоединен пользователь AR
29.01.2020 11:50:23 : Был получен файл: C:\Users\thedr\Desktop\SCAN2\SZMK_20200127_0263.TIF
29.01.2020 11:50:25 : Были отправлены данные: Не правильно
29.01.2020 11:50:25 : Был отключен пользователь AR
29.01.2020 11:50:26 : Был присоединен пользователь AR
29.01.2020 11:50:26 : Был получен файл: C:\Users\thedr\Desktop\SCAN2\SZMK_20200127_0264.TIF
29.01.2020 11:50:27 : Были отправлены данные: Не правильно
29.01.2020 11:50:27 : Был отключен пользователь AR
29.01.2020 11:50:28 : Был присоединен пользователь AR
29.01.2020 11:50:28 : Был получен файл: C:\Users\thedr\Desktop\SCAN2\SZMK_20200127_0265.TIF
29.01.2020 11:50:29 : Были отправлены данные: Не правильно
29.01.2020 11:50:29 : Был отключен пользователь AR
29.01.2020 11:50:30 : Был присоединен пользователь AR
29.01.2020 11:50:30 : Был получен файл: C:\Users\thedr\Desktop\SCAN2\SZMK_20200127_0266.TIF
29.01.2020 11:50:32 : Были отправлены данные: Не правильно
29.01.2020 11:50:32 : Был отключен пользователь AR
29.01.2020 11:50:32 : Был присоединен пользователь AR
29.01.2020 11:50:32 : Был получен файл: C:\Users\thedr\Desktop\SCAN2\SZMK_20200127_0267.TIF
29.01.2020 11:50:34 : Были отправлены данные: Не правильно
29.01.2020 11:50:34 : Был отключен пользователь AR
29.01.2020 11:50:35 : Был присоединен пользователь AR
29.01.2020 11:50:35 : Был получен файл: C:\Users\thedr\Desktop\SCAN2\SZMK_20200127_0268.TIF
29.01.2020 11:50:36 : Были отправлены данные: 2413(28)_75_ОГ1-13_Аньшаков А.Е._1255_21,35
29.01.2020 11:50:36 : Был отключен пользователь AR
29.01.2020 11:50:37 : Был присоединен пользователь AR
29.01.2020 11:50:37 : Был получен файл: C:\Users\thedr\Desktop\SCAN2\SZMK_20200127_0269.TIF
29.01.2020 11:50:38 : Были отправлены данные: 2413(28)_76_ОГ1-14_Аньшаков А.Е._1300_21,53
29.01.2020 11:50:38 : Был отключен пользователь AR
29.01.2020 11:50:39 : Был присоединен пользователь AR
29.01.2020 11:50:39 : Был получен файл: C:\Users\thedr\Desktop\SCAN2\SZMK_20200127_0270.TIF
29.01.2020 11:50:41 : Были отправлены данные: Не правильно
29.01.2020 11:50:41 : Был отключен пользователь AR
29.01.2020 11:50:41 : Был присоединен пользователь AR
29.01.2020 11:50:41 : Был получен файл: C:\Users\thedr\Desktop\SCAN2\SZMK_20200127_0271.TIF
29.01.2020 11:50:43 : Были отправлены данные: Не правильно
29.01.2020 11:50:43 : Был отключен пользователь AR
29.01.2020 11:50:44 : Был присоединен пользователь AR
29.01.2020 11:50:44 : Был получен файл: C:\Users\thedr\Desktop\SCAN2\SZMK_20200127_0272.TIF
29.01.2020 11:50:45 : Были отправлены данные: Не правильно
29.01.2020 11:50:45 : Был отключен пользователь AR
29.01.2020 11:50:46 : Был присоединен пользователь AR
29.01.2020 11:50:46 : Был получен файл: C:\Users\thedr\Desktop\SCAN2\SZMK_20200127_0273.TIF
29.01.2020 11:50:48 : Были отправлены данные: Не правильно
29.01.2020 11:50:48 : Был отключен пользователь AR
29.01.2020 11:50:49 : Был присоединен пользователь AR
29.01.2020 11:50:49 : Был получен файл: C:\Users\thedr\Desktop\SCAN2\SZMK_20200127_0274.TIF
29.01.2020 11:50:50 : Были отправлены данные: Не правильно
29.01.2020 11:50:50 : Был отключен пользователь AR
29.01.2020 11:50:51 : Был присоединен пользователь AR
29.01.2020 11:50:51 : Был получен файл: C:\Users\thedr\Desktop\SCAN2\SZMK_20200127_0275.TIF
29.01.2020 11:50:52 : Были отправлены данные: Не правильно
29.01.2020 11:50:52 : Был отключен пользователь AR
29.01.2020 11:50:53 : Был присоединен пользователь AR
29.01.2020 11:50:53 : Был получен файл: C:\Users\thedr\Desktop\SCAN2\SZMK_20200127_0276.TIF
29.01.2020 11:50:55 : Были отправлены данные: 2413(28)_83_ОГ2-1_Аньшаков А.Е._2384,85_29,28
29.01.2020 11:50:55 : Был отключен пользователь AR
29.01.2020 11:50:56 : Был присоединен пользователь AR
29.01.2020 11:50:56 : Был получен файл: C:\Users\thedr\Desktop\SCAN2\SZMK_20200127_0277.TIF
29.01.2020 11:50:57 : Были отправлены данные: Не правильно
29.01.2020 11:50:57 : Был отключен пользователь AR
29.01.2020 11:50:58 : Был присоединен пользователь AR
29.01.2020 11:50:58 : Был получен файл: C:\Users\thedr\Desktop\SCAN2\SZMK_20200127_0278.TIF
29.01.2020 11:50:59 : Были отправлены данные: 2413(28)_85_ОГ2-3_Аньшаков А.Е._2134,85_20,62
29.01.2020 11:50:59 : Был отключен пользователь AR
29.01.2020 11:51:00 : Был присоединен пользователь AR
29.01.2020 11:51:00 : Был получен файл: C:\Users\thedr\Desktop\SCAN2\SZMK_20200127_0279.TIF
29.01.2020 11:51:02 : Были отправлены данные: 2413(28)_86_ОГ2-4_Аньшаков А.Е._2134,85_20,62
29.01.2020 11:51:02 : Был отключен пользователь AR
29.01.2020 11:51:03 : Был присоединен пользователь AR
29.01.2020 11:51:03 : Был получен файл: C:\Users\thedr\Desktop\SCAN2\SZMK_20200127_0280.TIF
29.01.2020 11:51:04 : Были отправлены данные: Не правильно
29.01.2020 11:51:04 : Был отключен пользователь AR
29.01.2020 11:51:05 : Был присоединен пользователь AR
29.01.2020 11:51:05 : Был получен файл: C:\Users\thedr\Desktop\SCAN2\SZMK_20200127_0281.TIF
29.01.2020 11:51:06 : Были отправлены данные: 2413(28)_88_ОГ2-6_Аньшаков А.Е._3934,84_46,17
29.01.2020 11:51:06 : Был отключен пользователь AR
29.01.2020 11:51:07 : Был присоединен пользователь AR
29.01.2020 11:51:07 : Был получен файл: C:\Users\thedr\Desktop\SCAN2\SZMK_20200127_0282.TIF
29.01.2020 11:51:08 : Были отправлены данные: 2413(28)_89_СВ1-3_Аньшаков А.Е._1790_36,77
29.01.2020 11:51:08 : Был отключен пользователь AR
29.01.2020 11:51:09 : Был присоединен пользователь AR
29.01.2020 11:51:09 : Был получен файл: C:\Users\thedr\Desktop\SCAN2\SZMK_20200127_0283.TIF
29.01.2020 11:51:11 : Были отправлены данные: 2413(28)_90_СВ1-4_Аньшаков А.Е._2040_41,59
29.01.2020 11:51:11 : Был отключен пользователь AR
29.01.2020 11:51:11 : Был присоединен пользователь AR
29.01.2020 11:51:11 : Был получен файл: C:\Users\thedr\Desktop\SCAN2\SZMK_20200127_0284.TIF
29.01.2020 11:51:13 : Были отправлены данные: 2413(28)_91_СВ1-5_Аньшаков А.Е._1160_23,87
29.01.2020 11:51:13 : Был отключен пользователь AR
29.01.2020 11:51:13 : Был присоединен пользователь AR
29.01.2020 11:51:13 : Был получен файл: C:\Users\thedr\Desktop\SCAN2\SZMK_20200127_0285.TIF
29.01.2020 11:51:15 : Были отправлены данные: 2113(91)_103_КР1-1_Четвергова И.П._1250_55,9
29.01.2020 11:51:15 : Был отключен пользователь AR
29.01.2020 11:51:15 : Был присоединен пользователь AR
29.01.2020 11:51:15 : Был получен файл: C:\Users\thedr\Desktop\SCAN2\SZMK_20200127_0286.TIF
29.01.2020 11:51:17 : Были отправлены данные: 2113(91)_104_КР1-8_Четвергова И.П._1250_55,9
29.01.2020 11:51:17 : Был отключен пользователь AR
29.01.2020 11:51:17 : Был присоединен пользователь AR
29.01.2020 11:51:17 : Был получен файл: C:\Users\thedr\Desktop\SCAN2\SZMK_20200127_0287.TIF
29.01.2020 11:51:19 : Были отправлены данные: 2113(91)_105_КР1-9_Четвергова И.П._1323_58,28
29.01.2020 11:51:19 : Был отключен пользователь AR
29.01.2020 14:51:31 : Сервер развернут из трея
29.01.2020 14:51:36 : Сервер свернут в трей
29.01.2020 14:52:40 : Была проведена проверка соединения пользователем AR
29.01.2020 14:52:47 : Был присоединен пользователь AR
29.01.2020 14:52:47 : Был получен файл: C:\Users\thedr\Desktop\SZMK_20200129_0004.tif
29.01.2020 14:52:48 : Индекс находился вне границ массива.
29.01.2020 14:52:48 : Были отправлены данные: Индекс находился вне границ массива.
29.01.2020 14:52:48 : Был отключен пользователь AR
29.01.2020 14:53:40 : Была проведена проверка соединения пользователем AR
29.01.2020 14:53:45 : Был присоединен пользователь AR
29.01.2020 14:53:45 : Был получен файл: C:\Users\thedr\Desktop\SZMK_20200129_0004.tif
29.01.2020 14:53:46 : Индекс находился вне границ массива.
29.01.2020 14:53:46 : Были отправлены данные: Индекс находился вне границ массива.
29.01.2020 14:53:46 : Был отключен пользователь AR
29.01.2020 14:54:14 : Сервер развернут из трея
29.01.2020 14:54:14 : Сервер развернут из трея
29.01.2020 14:55:03 : Закрытие сервера
29.01.2020 14:57:11 : Запущено слушание клиентов и найдена директория темповых файлов
29.01.2020 14:57:11 : C:\Users\thedr\Desktop\Works\SZMK_Decode\Decode\Decode\bin\Debug
29.01.2020 14:57:17 : Была проведена проверка соединения пользователем AR
29.01.2020 14:57:22 : Был присоединен пользователь AR
29.01.2020 14:57:22 : Был получен файл: C:\Users\thedr\Desktop\SZMK_20200129_0004.tif
29.01.2020 15:04:21 : Запущено слушание клиентов и найдена директория темповых файлов
29.01.2020 15:04:21 : C:\Users\thedr\Desktop\Works\SZMK_Decode\Decode\Decode\bin\Debug
29.01.2020 15:04:23 : Была проведена проверка соединения пользователем AR
29.01.2020 15:04:52 : Была проведена проверка соединения пользователем AR
29.01.2020 15:04:58 : Был присоединен пользователь AR
29.01.2020 15:04:58 : Был получен файл: C:\Users\thedr\Desktop\SZMK_20200129_0004.tif
29.01.2020 15:06:36 : Запущено слушание клиентов и найдена директория темповых файлов
29.01.2020 15:06:36 : C:\Users\thedr\Desktop\Works\SZMK_Decode\Decode\Decode\bin\Debug
29.01.2020 15:06:47 : Была проведена проверка соединения пользователем AR
29.01.2020 15:06:52 : Был присоединен пользователь AR
29.01.2020 15:06:52 : Был получен файл: C:\Users\thedr\Desktop\SZMK_20200129_0004.tif
29.01.2020 15:07:31 : Были отправлены данные: 1852(24)_1628_R-333_Агафонов А.Е._761.02_35.41
29.01.2020 15:07:31 : Был отключен пользователь AR
29.01.2020 15:07:36 : Сервер свернут в трей
