07.02.2020 17:18:52 : Запущено слушание клиентов и найдена директория темповых файлов
07.02.2020 17:18:52 : C:\Users\thedr\Desktop\Works\SZMK_Decode\Decode\Decode\bin\Debug
07.02.2020 17:19:02 : Была проведена проверка соединения пользователем AR
07.02.2020 17:19:13 : Был присоединен пользователь AR
07.02.2020 17:19:13 : Был получен файл: C:\Users\thedr\Desktop\Форматы чертежей\А2.tiff
07.02.2020 17:19:13 : Были отправлены данные: Не правильно
07.02.2020 17:19:13 : Был отключен пользователь AR
07.02.2020 17:19:14 : Был присоединен пользователь AR
07.02.2020 17:19:14 : Был получен файл: C:\Users\thedr\Desktop\Форматы чертежей\А3.tiff
07.02.2020 17:19:14 : Были отправлены данные: Не правильно
07.02.2020 17:19:14 : Был отключен пользователь AR
07.02.2020 17:19:32 : Сервер развернут из трея
07.02.2020 17:19:32 : Сервер развернут из трея
07.02.2020 17:20:02 : Сервер свернут в трей
07.02.2020 17:22:08 : Была проведена проверка соединения пользователем AR
07.02.2020 17:22:15 : Был присоединен пользователь AR
07.02.2020 17:22:15 : Был получен файл: C:\Users\thedr\Desktop\Форматы чертежей\А1.TIF
07.02.2020 17:22:15 : Были отправлены данные: Не правильно
07.02.2020 17:22:15 : Был отключен пользователь AR
07.02.2020 17:22:35 : Был присоединен пользователь AR
07.02.2020 17:22:35 : Был получен файл: C:\Users\thedr\Desktop\Форматы чертежей\А3.tiff
07.02.2020 17:22:35 : Были отправлены данные: Не правильно
07.02.2020 17:22:35 : Был отключен пользователь AR
07.02.2020 17:22:36 : Был присоединен пользователь AR
07.02.2020 17:22:36 : Был получен файл: C:\Users\thedr\Desktop\Форматы чертежей\А4.tiff
07.02.2020 17:22:36 : Были отправлены данные: Не правильно
07.02.2020 17:22:36 : Был отключен пользователь AR
07.02.2020 17:22:37 : Был присоединен пользователь AR
07.02.2020 17:22:37 : Был получен файл: C:\Users\thedr\Desktop\Форматы чертежей\Нестандарт 1.tiff
07.02.2020 17:22:37 : Были отправлены данные: Не правильно
07.02.2020 17:22:37 : Был отключен пользователь AR
07.02.2020 17:22:38 : Был присоединен пользователь AR
07.02.2020 17:22:38 : Был получен файл: C:\Users\thedr\Desktop\Форматы чертежей\Нестандарт 2.tiff
07.02.2020 17:22:38 : Были отправлены данные: Не правильно
07.02.2020 17:22:38 : Был отключен пользователь AR
07.02.2020 17:22:39 : Был присоединен пользователь AR
07.02.2020 17:22:39 : Был получен файл: C:\Users\thedr\Desktop\Форматы чертежей\Нестандарт 3.tiff
07.02.2020 17:22:39 : Были отправлены данные: Не правильно
07.02.2020 17:22:39 : Был отключен пользователь AR
07.02.2020 17:22:40 : Был присоединен пользователь AR
07.02.2020 17:22:40 : Был получен файл: C:\Users\thedr\Desktop\Форматы чертежей\Нестандарт 4.tiff
07.02.2020 17:22:40 : Были отправлены данные: Не правильно
07.02.2020 17:22:40 : Был отключен пользователь AR
07.02.2020 17:25:04 : Была проведена проверка соединения пользователем AR
07.02.2020 17:25:34 : Была проведена проверка соединения пользователем AR
07.02.2020 17:26:14 : Была проведена проверка соединения пользователем AR
07.02.2020 17:26:34 : Была проведена проверка соединения пользователем AR
07.02.2020 17:27:34 : Была проведена проверка соединения пользователем AR
07.02.2020 17:29:15 : Была проведена проверка соединения пользователем AR
07.02.2020 17:29:49 : Была проведена проверка соединения пользователем AR
07.02.2020 17:31:29 : Была проведена проверка соединения пользователем AR
07.02.2020 17:32:55 : Был присоединен пользователь AR
07.02.2020 17:32:55 : Был получен файл: C:\Users\thedr\Desktop\Форматы чертежей\А1.TIF
07.02.2020 17:32:58 : Были отправлены данные: 1852(24)_239_C-29_Козырева Ю.В._2150_115,34
07.02.2020 17:32:58 : Был отключен пользователь AR
07.02.2020 17:33:18 : Был присоединен пользователь AR
07.02.2020 17:33:18 : Был получен файл: C:\Users\thedr\Desktop\Форматы чертежей\А2.tiff
07.02.2020 17:33:19 : Были отправлены данные: 1852(28)_83_B-14_Сторожилов А.С._679_44.78
07.02.2020 17:33:19 : Был отключен пользователь AR
07.02.2020 17:33:23 : Был присоединен пользователь AR
07.02.2020 17:33:23 : Был получен файл: C:\Users\thedr\Desktop\Форматы чертежей\А3.tiff
07.02.2020 17:33:24 : Были отправлены данные: Не правильно
07.02.2020 17:33:24 : Был отключен пользователь AR
07.02.2020 17:33:25 : Был присоединен пользователь AR
07.02.2020 17:33:25 : Был получен файл: C:\Users\thedr\Desktop\Форматы чертежей\А4.tiff
07.02.2020 17:33:26 : Были отправлены данные: Не правильно
07.02.2020 17:33:26 : Был отключен пользователь AR
07.02.2020 17:33:29 : Был присоединен пользователь AR
07.02.2020 17:33:29 : Был получен файл: C:\Users\thedr\Desktop\Форматы чертежей\Нестандарт 1.tiff
07.02.2020 17:33:31 : Были отправлены данные: 1852(24)_498_C-57_Козырева Ю.В._10805_697,41
07.02.2020 17:33:31 : Был отключен пользователь AR
07.02.2020 17:35:26 : Сервер свернут в трей
