13.01.2020 20:29:09 : Запущено слушание клиентов и найдена директория темповых файлов
13.01.2020 20:29:09 : C:\Users\thedr\Desktop\Works\SZMK\Decode\Decode\bin\Debug
13.01.2020 20:29:11 : Сервер свернут в трей
13.01.2020 20:29:13 : Была проведена проверка соединения пользователем ROOT
13.01.2020 20:47:29 : Была проведена проверка соединения пользователем Arhive
13.01.2020 20:47:35 : Была проведена проверка соединения пользователем Arhive
13.01.2020 20:47:44 : Был присоединен пользователь Arhive
13.01.2020 20:47:44 : Был получен файл: лист 313.TIF
13.01.2020 20:47:45 : Были отправлены данные: 2198 (02)_313_РФ1-19_Аньшаков А.Е._5702,99_122,25
13.01.2020 20:47:45 : Был отключен пользователь Arhive
13.01.2020 20:47:54 : Была проведена проверка соединения пользователем Arhive
13.01.2020 20:48:08 : Был присоединен пользователь Arhive
13.01.2020 20:48:08 : Был получен файл: лист 275.TIF
13.01.2020 20:48:09 : Были отправлены данные: 2198 (02)_275_ОГ1-10_Шеффинг А.А._5578,06_71,34
13.01.2020 20:48:09 : Был отключен пользователь Arhive
13.01.2020 20:48:09 : Был присоединен пользователь Arhive
13.01.2020 20:48:09 : Был получен файл: лист 276.TIF
13.01.2020 20:48:10 : Были отправлены данные: 2198 (02)_276_ОГ1-11_Шеффинг А.А._5578,06_81,03
13.01.2020 20:48:10 : Был отключен пользователь Arhive
13.01.2020 20:49:27 : Была проведена проверка соединения пользователем Arhive
13.01.2020 20:50:04 : Была проведена проверка соединения пользователем Arhive
13.01.2020 20:50:45 : Был присоединен пользователь Arhive
13.01.2020 20:50:45 : Был получен файл: лист 308.TIF
13.01.2020 20:50:46 : Были отправлены данные: 2198 (02)_308_РФ1-14_Аньшаков А.Е._2439,5_54,54
13.01.2020 20:50:46 : Был отключен пользователь Arhive
13.01.2020 20:51:24 : Была проведена проверка соединения пользователем Arhive
13.01.2020 20:52:05 : Была проведена проверка соединения пользователем ROOT
13.01.2020 21:03:01 : Была проведена проверка соединения пользователем Arhive
13.01.2020 21:04:43 : Был присоединен пользователь Arhive
13.01.2020 21:04:43 : Был получен файл: 2198 (02)_275_ОГ1-10_Шеффинг А.А._5578,06_71,34.tiff
13.01.2020 21:04:44 : Были отправлены данные: 2198 (02)_275_ОГ1-10_Шеффинг А.А._5578,06_71,34
13.01.2020 21:04:44 : Был отключен пользователь Arhive
13.01.2020 21:04:44 : Был присоединен пользователь Arhive
13.01.2020 21:04:44 : Был получен файл: 2198 (02)_276_ОГ1-11_Шеффинг А.А._5578,06_81,03.tiff
13.01.2020 21:04:45 : Были отправлены данные: 2198 (02)_276_ОГ1-11_Шеффинг А.А._5578,06_81,03
13.01.2020 21:04:45 : Был отключен пользователь Arhive
13.01.2020 21:04:46 : Был присоединен пользователь Arhive
13.01.2020 21:04:46 : Был получен файл: 2198 (02)_308_РФ1-14_Аньшаков А.Е._2439,5_54,54.tiff
13.01.2020 21:04:47 : Были отправлены данные: 2198 (02)_308_РФ1-14_Аньшаков А.Е._2439,5_54,54
13.01.2020 21:04:47 : Был отключен пользователь Arhive
13.01.2020 21:07:43 : Была проведена проверка соединения пользователем Arhive
13.01.2020 21:07:48 : Был присоединен пользователь Arhive
13.01.2020 21:07:48 : Был получен файл: 2198 (02)_275_ОГ1-10_Шеффинг А.А._5578,06_71,34.tiff
13.01.2020 21:07:49 : Были отправлены данные: 2198 (02)_275_ОГ1-10_Шеффинг А.А._5578,06_71,34
13.01.2020 21:07:49 : Был отключен пользователь Arhive
13.01.2020 21:07:50 : Был присоединен пользователь Arhive
13.01.2020 21:07:50 : Был получен файл: 2198 (02)_276_ОГ1-11_Шеффинг А.А._5578,06_81,03.tiff
13.01.2020 21:07:51 : Были отправлены данные: 2198 (02)_276_ОГ1-11_Шеффинг А.А._5578,06_81,03
13.01.2020 21:07:51 : Был отключен пользователь Arhive
13.01.2020 21:07:52 : Был присоединен пользователь Arhive
13.01.2020 21:07:52 : Был получен файл: 2198 (02)_308_РФ1-14_Аньшаков А.Е._2439,5_54,54.tiff
13.01.2020 21:07:53 : Были отправлены данные: 2198 (02)_308_РФ1-14_Аньшаков А.Е._2439,5_54,54
13.01.2020 21:07:53 : Был отключен пользователь Arhive
13.01.2020 21:17:38 : Была проведена проверка соединения пользователем Arhive
13.01.2020 21:17:44 : Был присоединен пользователь Arhive
13.01.2020 21:17:44 : Был получен файл: 2198 (02)_275_ОГ1-10_Шеффинг А.А._5578,06_71,34.tiff
13.01.2020 21:17:45 : Были отправлены данные: 2198 (02)_275_ОГ1-10_Шеффинг А.А._5578,06_71,34
13.01.2020 21:17:45 : Был отключен пользователь Arhive
13.01.2020 21:17:46 : Был присоединен пользователь Arhive
13.01.2020 21:17:46 : Был получен файл: 2198 (02)_276_ОГ1-11_Шеффинг А.А._5578,06_81,03.tiff
13.01.2020 21:17:47 : Были отправлены данные: 2198 (02)_276_ОГ1-11_Шеффинг А.А._5578,06_81,03
13.01.2020 21:17:47 : Был отключен пользователь Arhive
13.01.2020 21:17:47 : Был присоединен пользователь Arhive
13.01.2020 21:17:47 : Был получен файл: 2198 (02)_308_РФ1-14_Аньшаков А.Е._2439,5_54,54.tiff
13.01.2020 21:17:49 : Были отправлены данные: 2198 (02)_308_РФ1-14_Аньшаков А.Е._2439,5_54,54
13.01.2020 21:17:49 : Был отключен пользователь Arhive
13.01.2020 21:21:38 : Чтение после конца потока невозможно.
13.01.2020 21:35:25 : Чтение после конца потока невозможно.
