22.01.2020 13:51:42 : Запущено слушание клиентов и найдена директория темповых файлов
22.01.2020 13:51:42 : C:\Users\thedr\Desktop\Works\SZMK_Decode\Decode\Decode\bin\Debug
22.01.2020 13:51:54 : Сервер свернут в трей
22.01.2020 13:52:54 : Была проведена проверка соединения пользователем ROOT
22.01.2020 13:53:09 : Была проведена проверка соединения пользователем Arhive
22.01.2020 13:53:34 : Сервер развернут из трея
22.01.2020 13:53:40 : Сервер свернут в трей
22.01.2020 13:54:20 : Была проведена проверка соединения пользователем ROOT
22.01.2020 13:54:46 : Была проведена проверка соединения пользователем Arhive
22.01.2020 13:54:52 : Был присоединен пользователь Arhive
22.01.2020 13:54:52 : Был получен файл: 2198(02)_275_ОГ1-10_ШеффингА.А._5578,06_71,34.tiff
22.01.2020 13:54:54 : Были отправлены данные: 2198 (02)_275_ОГ1-10_Шеффинг А.А._5578,06_71,34
22.01.2020 13:54:54 : Был отключен пользователь Arhive
22.01.2020 13:54:55 : Был присоединен пользователь Arhive
22.01.2020 13:54:55 : Был получен файл: 2198(02)_276_ОГ1-11_ШеффингА.А._5578,06_81,03.tiff
22.01.2020 13:54:56 : Были отправлены данные: 2198 (02)_276_ОГ1-11_Шеффинг А.А._5578,06_81,03
22.01.2020 13:54:56 : Был отключен пользователь Arhive
22.01.2020 13:54:56 : Был присоединен пользователь Arhive
22.01.2020 13:54:56 : Был получен файл: 2198(02)_308_РФ1-14_АньшаковА.Е._2439,5_54,54.tiff
22.01.2020 13:54:57 : Были отправлены данные: 2198 (02)_308_РФ1-14_Аньшаков А.Е._2439,5_54,54
22.01.2020 13:54:57 : Был отключен пользователь Arhive
22.01.2020 13:54:58 : Был присоединен пользователь Arhive
22.01.2020 13:54:58 : Был получен файл: 2198(02)_309_РФ1-15_АньшаковА.Е._2439,5_54,54.tiff
22.01.2020 13:54:59 : Были отправлены данные: 2198 (02)_309_РФ1-15_Аньшаков А.Е._2439,5_54,54
22.01.2020 13:54:59 : Был отключен пользователь Arhive
22.01.2020 13:55:00 : Был присоединен пользователь Arhive
22.01.2020 13:55:00 : Был получен файл: 2198(02)_311_РФ1-17_АньшаковА.Е._5702,99_122,25.tiff
22.01.2020 13:55:01 : Были отправлены данные: 2198 (02)_311_РФ1-17_Аньшаков А.Е._5702,99_122,25
22.01.2020 13:55:01 : Был отключен пользователь Arhive
22.01.2020 13:55:02 : Был присоединен пользователь Arhive
22.01.2020 13:55:02 : Был получен файл: 2198(02)_313_РФ1-19_АньшаковА.Е._5702,99_122,25.tiff
22.01.2020 13:55:03 : Были отправлены данные: 2198 (02)_313_РФ1-19_Аньшаков А.Е._5702,99_122,25
22.01.2020 13:55:03 : Был отключен пользователь Arhive
22.01.2020 13:55:10 : Была проведена проверка соединения пользователем Arhive
22.01.2020 13:55:15 : Был присоединен пользователь Arhive
22.01.2020 13:55:15 : Был получен файл: Снимок.TIFF
22.01.2020 13:55:15 : Были отправлены данные: Не правильно
22.01.2020 13:55:15 : Был отключен пользователь Arhive
22.01.2020 13:55:25 : Сервер развернут из трея
22.01.2020 13:55:39 : Сервер свернут в трей
22.01.2020 13:57:48 : Была проведена проверка соединения пользователем Arhive
22.01.2020 13:57:56 : Был присоединен пользователь Arhive
22.01.2020 13:57:56 : Был получен файл: Снимок.TIFF
22.01.2020 13:57:56 : Были отправлены данные: Не правильно
22.01.2020 13:57:56 : Был отключен пользователь Arhive
22.01.2020 13:58:20 : Была проведена проверка соединения пользователем Arhive
22.01.2020 13:58:32 : Был присоединен пользователь Arhive
22.01.2020 13:58:32 : Был получен файл: 2198(02)_275_ОГ1-10_ШеффингА.А._5578,06_71,34.tiff
22.01.2020 13:58:33 : Были отправлены данные: 2198 (02)_275_ОГ1-10_Шеффинг А.А._5578,06_71,34
22.01.2020 13:58:33 : Был отключен пользователь Arhive
22.01.2020 13:58:34 : Был присоединен пользователь Arhive
22.01.2020 13:58:34 : Был получен файл: 2198(02)_276_ОГ1-11_ШеффингА.А._5578,06_81,03.tiff
22.01.2020 13:58:35 : Были отправлены данные: 2198 (02)_276_ОГ1-11_Шеффинг А.А._5578,06_81,03
22.01.2020 13:58:35 : Был отключен пользователь Arhive
22.01.2020 13:58:35 : Был присоединен пользователь Arhive
22.01.2020 13:58:35 : Был получен файл: 2198(02)_308_РФ1-14_АньшаковА.Е._2439,5_54,54.tiff
22.01.2020 13:58:37 : Были отправлены данные: 2198 (02)_308_РФ1-14_Аньшаков А.Е._2439,5_54,54
22.01.2020 13:58:37 : Был отключен пользователь Arhive
22.01.2020 13:58:37 : Был присоединен пользователь Arhive
22.01.2020 13:58:37 : Был получен файл: 2198(02)_309_РФ1-15_АньшаковА.Е._2439,5_54,54.tiff
22.01.2020 13:58:38 : Были отправлены данные: 2198 (02)_309_РФ1-15_Аньшаков А.Е._2439,5_54,54
22.01.2020 13:58:38 : Был отключен пользователь Arhive
22.01.2020 13:58:39 : Был присоединен пользователь Arhive
22.01.2020 13:58:39 : Был получен файл: 2198(02)_311_РФ1-17_АньшаковА.Е._5702,99_122,25.tiff
22.01.2020 13:58:41 : Были отправлены данные: 2198 (02)_311_РФ1-17_Аньшаков А.Е._5702,99_122,25
22.01.2020 13:58:41 : Был отключен пользователь Arhive
22.01.2020 13:58:41 : Был присоединен пользователь Arhive
22.01.2020 13:58:41 : Был получен файл: 2198(02)_313_РФ1-19_АньшаковА.Е._5702,99_122,25.tiff
22.01.2020 13:58:42 : Были отправлены данные: 2198 (02)_313_РФ1-19_Аньшаков А.Е._5702,99_122,25
22.01.2020 13:58:42 : Был отключен пользователь Arhive
22.01.2020 13:58:48 : Был присоединен пользователь Arhive
22.01.2020 13:58:48 : Был получен файл: Снимок.TIFF
22.01.2020 13:58:49 : Были отправлены данные: Не правильно
22.01.2020 13:58:49 : Был отключен пользователь Arhive
22.01.2020 13:58:53 : Была проведена проверка соединения пользователем Arhive
22.01.2020 13:58:59 : Был присоединен пользователь Arhive
22.01.2020 13:58:59 : Был получен файл: Снимок.TIFF
22.01.2020 13:58:59 : Были отправлены данные: Не правильно
22.01.2020 13:58:59 : Был отключен пользователь Arhive
22.01.2020 13:59:12 : Сервер развернут из трея
22.01.2020 13:59:23 : Сервер свернут в трей
22.01.2020 13:59:28 : Была проведена проверка соединения пользователем Arhive
22.01.2020 13:59:41 : Был присоединен пользователь Arhive
22.01.2020 13:59:41 : Был получен файл: 2198(02)_275_ОГ1-10_ШеффингА.А._5578,06_71,34.tiff
22.01.2020 13:59:42 : Были отправлены данные: 2198 (02)_275_ОГ1-10_Шеффинг А.А._5578,06_71,34
22.01.2020 13:59:42 : Был отключен пользователь Arhive
22.01.2020 14:01:36 : Была проведена проверка соединения пользователем Arhive
22.01.2020 14:01:43 : Был присоединен пользователь Arhive
22.01.2020 14:01:43 : Был получен файл: 2198(02)_275_ОГ1-10_ШеффингА.А._5578,06_71,34.tiff
22.01.2020 14:01:44 : Были отправлены данные: 2198 (02)_275_ОГ1-10_Шеффинг А.А._5578,06_71,34
22.01.2020 14:01:44 : Был отключен пользователь Arhive
22.01.2020 14:01:45 : Был присоединен пользователь Arhive
22.01.2020 14:01:45 : Был получен файл: 2198(02)_276_ОГ1-11_ШеффингА.А._5578,06_81,03.tiff
22.01.2020 14:01:46 : Были отправлены данные: 2198 (02)_276_ОГ1-11_Шеффинг А.А._5578,06_81,03
22.01.2020 14:01:46 : Был отключен пользователь Arhive
22.01.2020 14:01:46 : Был присоединен пользователь Arhive
22.01.2020 14:01:46 : Был получен файл: 2198(02)_308_РФ1-14_АньшаковА.Е._2439,5_54,54.tiff
22.01.2020 14:01:48 : Были отправлены данные: 2198 (02)_308_РФ1-14_Аньшаков А.Е._2439,5_54,54
22.01.2020 14:01:48 : Был отключен пользователь Arhive
22.01.2020 14:01:48 : Был присоединен пользователь Arhive
22.01.2020 14:01:48 : Был получен файл: 2198(02)_309_РФ1-15_АньшаковА.Е._2439,5_54,54.tiff
22.01.2020 14:01:50 : Были отправлены данные: 2198 (02)_309_РФ1-15_Аньшаков А.Е._2439,5_54,54
22.01.2020 14:01:50 : Был отключен пользователь Arhive
22.01.2020 14:01:50 : Был присоединен пользователь Arhive
22.01.2020 14:01:50 : Был получен файл: 2198(02)_311_РФ1-17_АньшаковА.Е._5702,99_122,25.tiff
22.01.2020 14:01:52 : Были отправлены данные: 2198 (02)_311_РФ1-17_Аньшаков А.Е._5702,99_122,25
22.01.2020 14:01:52 : Был отключен пользователь Arhive
22.01.2020 14:01:53 : Был присоединен пользователь Arhive
22.01.2020 14:01:53 : Был получен файл: 2198(02)_313_РФ1-19_АньшаковА.Е._5702,99_122,25.tiff
22.01.2020 14:01:54 : Были отправлены данные: 2198 (02)_313_РФ1-19_Аньшаков А.Е._5702,99_122,25
22.01.2020 14:01:54 : Был отключен пользователь Arhive
22.01.2020 14:01:57 : Была проведена проверка соединения пользователем Arhive
22.01.2020 14:02:03 : Был присоединен пользователь Arhive
22.01.2020 14:02:03 : Был получен файл: 2198(02)_275_ОГ1-10_ШеффингА.А._5578,06_71,34.tiff
22.01.2020 14:02:04 : Были отправлены данные: 2198 (02)_275_ОГ1-10_Шеффинг А.А._5578,06_71,34
22.01.2020 14:02:04 : Был отключен пользователь Arhive
22.01.2020 14:07:09 : Была проведена проверка соединения пользователем Arhive
22.01.2020 14:07:15 : Был присоединен пользователь Arhive
22.01.2020 14:07:15 : Был получен файл: 2198(02)_275_ОГ1-10_ШеффингА.А._5578,06_71,34.tiff
22.01.2020 14:07:16 : Были отправлены данные: 2198 (02)_275_ОГ1-10_Шеффинг А.А._5578,06_71,34
22.01.2020 14:07:16 : Был отключен пользователь Arhive
22.01.2020 14:07:17 : Был присоединен пользователь Arhive
22.01.2020 14:07:17 : Был получен файл: 2198(02)_276_ОГ1-11_ШеффингА.А._5578,06_81,03.tiff
22.01.2020 14:07:18 : Были отправлены данные: 2198 (02)_276_ОГ1-11_Шеффинг А.А._5578,06_81,03
22.01.2020 14:07:18 : Был отключен пользователь Arhive
22.01.2020 14:07:18 : Был присоединен пользователь Arhive
22.01.2020 14:07:18 : Был получен файл: 2198(02)_308_РФ1-14_АньшаковА.Е._2439,5_54,54.tiff
22.01.2020 14:07:20 : Были отправлены данные: 2198 (02)_308_РФ1-14_Аньшаков А.Е._2439,5_54,54
22.01.2020 14:07:20 : Был отключен пользователь Arhive
22.01.2020 14:07:21 : Был присоединен пользователь Arhive
22.01.2020 14:07:21 : Был получен файл: 2198(02)_309_РФ1-15_АньшаковА.Е._2439,5_54,54.tiff
22.01.2020 14:07:22 : Были отправлены данные: 2198 (02)_309_РФ1-15_Аньшаков А.Е._2439,5_54,54
22.01.2020 14:07:22 : Был отключен пользователь Arhive
22.01.2020 14:07:23 : Был присоединен пользователь Arhive
22.01.2020 14:07:23 : Был получен файл: 2198(02)_311_РФ1-17_АньшаковА.Е._5702,99_122,25.tiff
22.01.2020 14:07:24 : Были отправлены данные: 2198 (02)_311_РФ1-17_Аньшаков А.Е._5702,99_122,25
22.01.2020 14:07:24 : Был отключен пользователь Arhive
22.01.2020 14:07:25 : Был присоединен пользователь Arhive
22.01.2020 14:07:25 : Был получен файл: 2198(02)_313_РФ1-19_АньшаковА.Е._5702,99_122,25.tiff
22.01.2020 14:07:26 : Были отправлены данные: 2198 (02)_313_РФ1-19_Аньшаков А.Е._5702,99_122,25
22.01.2020 14:07:26 : Был отключен пользователь Arhive
22.01.2020 14:07:29 : Была проведена проверка соединения пользователем Arhive
22.01.2020 14:07:33 : Был присоединен пользователь Arhive
22.01.2020 14:07:33 : Был получен файл: 2198(02)_275_ОГ1-10_ШеффингА.А._5578,06_71,34.tiff
22.01.2020 14:07:35 : Были отправлены данные: 2198 (02)_275_ОГ1-10_Шеффинг А.А._5578,06_71,34
22.01.2020 14:07:35 : Был отключен пользователь Arhive
22.01.2020 14:07:35 : Был присоединен пользователь Arhive
22.01.2020 14:07:35 : Был получен файл: 2198(02)_276_ОГ1-11_ШеффингА.А._5578,06_81,03.tiff
22.01.2020 14:07:36 : Были отправлены данные: 2198 (02)_276_ОГ1-11_Шеффинг А.А._5578,06_81,03
22.01.2020 14:07:36 : Был отключен пользователь Arhive
22.01.2020 14:07:37 : Был присоединен пользователь Arhive
22.01.2020 14:07:37 : Был получен файл: 2198(02)_308_РФ1-14_АньшаковА.Е._2439,5_54,54.tiff
22.01.2020 14:07:39 : Были отправлены данные: 2198 (02)_308_РФ1-14_Аньшаков А.Е._2439,5_54,54
22.01.2020 14:07:39 : Был отключен пользователь Arhive
22.01.2020 14:07:39 : Был присоединен пользователь Arhive
22.01.2020 14:07:39 : Был получен файл: 2198(02)_309_РФ1-15_АньшаковА.Е._2439,5_54,54.tiff
22.01.2020 14:07:41 : Были отправлены данные: 2198 (02)_309_РФ1-15_Аньшаков А.Е._2439,5_54,54
22.01.2020 14:07:41 : Был отключен пользователь Arhive
22.01.2020 14:07:41 : Был присоединен пользователь Arhive
22.01.2020 14:07:41 : Был получен файл: 2198(02)_311_РФ1-17_АньшаковА.Е._5702,99_122,25.tiff
22.01.2020 14:07:43 : Были отправлены данные: 2198 (02)_311_РФ1-17_Аньшаков А.Е._5702,99_122,25
22.01.2020 14:07:43 : Был отключен пользователь Arhive
22.01.2020 14:07:44 : Был присоединен пользователь Arhive
22.01.2020 14:07:44 : Был получен файл: 2198(02)_313_РФ1-19_АньшаковА.Е._5702,99_122,25.tiff
22.01.2020 14:07:45 : Были отправлены данные: 2198 (02)_313_РФ1-19_Аньшаков А.Е._5702,99_122,25
22.01.2020 14:07:45 : Был отключен пользователь Arhive
22.01.2020 14:07:53 : Была проведена проверка соединения пользователем Arhive
22.01.2020 14:07:59 : Был присоединен пользователь Arhive
22.01.2020 14:07:59 : Был получен файл: Снимок.TIFF
22.01.2020 14:07:59 : Были отправлены данные: Не правильно
22.01.2020 14:07:59 : Был отключен пользователь Arhive
22.01.2020 14:08:03 : Была проведена проверка соединения пользователем Arhive
22.01.2020 14:08:08 : Был присоединен пользователь Arhive
22.01.2020 14:08:08 : Был получен файл: Снимок.TIFF
22.01.2020 14:08:08 : Были отправлены данные: Не правильно
22.01.2020 14:08:08 : Был отключен пользователь Arhive
22.01.2020 16:40:16 : Сервер развернут из трея
22.01.2020 16:40:18 : Закрытие сервера
