19.01.2020 0:46:46 : Сервер свернут в трей
19.01.2020 1:01:32 : Сервер свернут в трей
19.01.2020 11:36:17 : Запущено слушание клиентов и найдена директория темповых файлов
19.01.2020 11:36:17 : C:\Users\thedr\Desktop\Works\SZMK\Decode\Decode\bin\Debug
19.01.2020 11:36:19 : Сервер свернут в трей
19.01.2020 11:39:14 : Была проведена проверка соединения пользователем ROOT
19.01.2020 11:40:29 : Была проведена проверка соединения пользователем ROOT
19.01.2020 11:47:19 : Была проведена проверка соединения пользователем 98 (02)_275_ОГ1-10_Шеффинг А.А._5578,0
19.01.2020 11:47:20 : Была проведена проверка соединения пользователем 98 (02)_275_ОГ1-10_Шеффинг А.А._5578,0
19.01.2020 11:47:29 : Была проведена проверка соединения пользователем 98 (02)_275_ОГ1-10_Шеффинг А.А._5578,0
19.01.2020 11:47:36 : Была проведена проверка соединения пользователем 98 (02)_275_ОГ1-10_Шеффинг А.А._5578,0
19.01.2020 11:47:44 : Была проведена проверка соединения пользователем 98 (02)_275_ОГ1-10_Шеффинг А.А._5578,0
19.01.2020 11:47:45 : Была проведена проверка соединения пользователем 98 (02)_275_ОГ1-10_Шеффинг А.А._5578,0
19.01.2020 11:47:52 : Была проведена проверка соединения пользователем 98 (02)_275_ОГ1-10_Шеффинг А.А._5578,0
19.01.2020 11:47:53 : Была проведена проверка соединения пользователем 98 (02)_275_ОГ1-10_Шеффинг А.А._5578,0
19.01.2020 11:47:56 : Была проведена проверка соединения пользователем 98 (02)_275_ОГ1-10_Шеффинг А.А._5578,0
19.01.2020 11:47:57 : Была проведена проверка соединения пользователем 98 (02)_275_ОГ1-10_Шеффинг А.А._5578,0
19.01.2020 11:48:01 : Была проведена проверка соединения пользователем 98 (02)_275_ОГ1-10_Шеффинг А.А._5578,0
19.01.2020 11:48:09 : Была проведена проверка соединения пользователем 98 (02)_275_ОГ1-10_Шеффинг А.А._5578,0
19.01.2020 11:48:10 : Была проведена проверка соединения пользователем 98 (02)_275_ОГ1-10_Шеффинг А.А._5578,0
19.01.2020 11:48:11 : Была проведена проверка соединения пользователем 98 (02)_275_ОГ1-10_Шеффинг А.А._5578,0
19.01.2020 11:48:12 : Была проведена проверка соединения пользователем 98 (02)_275_ОГ1-10_Шеффинг А.А._5578,0
19.01.2020 11:48:13 : Была проведена проверка соединения пользователем 98 (02)_275_ОГ1-10_Шеффинг А.А._5578,0
19.01.2020 11:48:18 : Была проведена проверка соединения пользователем 98 (02)_275_ОГ1-10_Шеффинг А.А._5578,0
19.01.2020 11:48:19 : Была проведена проверка соединения пользователем 98 (02)_275_ОГ1-10_Шеффинг А.А._5578,0
19.01.2020 11:48:27 : Была проведена проверка соединения пользователем 98 (02)_275_ОГ1-10_Шеффинг А.А._5578,0
19.01.2020 11:48:28 : Была проведена проверка соединения пользователем 98 (02)_275_ОГ1-10_Шеффинг А.А._5578,0
19.01.2020 11:48:29 : Была проведена проверка соединения пользователем 98 (02)_275_ОГ1-10_Шеффинг А.А._5578,0
19.01.2020 11:51:39 : Была проведена проверка соединения пользователем 98(02)_275_OР“1-10_РЁРµС„С„РёРЅ
19.01.2020 11:51:40 : Была проведена проверка соединения пользователем 98(02)_275_OР“1-10_РЁРµС„С„РёРЅ
19.01.2020 11:52:48 : Была проведена проверка соединения пользователем ROOT
19.01.2020 12:02:06 : Чтение после конца потока невозможно.
19.01.2020 12:20:40 : Была проведена проверка соединения пользователем Arhive
19.01.2020 12:20:50 : Был присоединен пользователь Arhive
19.01.2020 12:20:50 : Был получен файл: 2198(02)_275_ОГ1-10_ШеффингА.А._5578,06_71,34.tiff
19.01.2020 12:20:52 : Были отправлены данные: 2198 (02)_275_ОГ1-10_Шеффинг А.А._5578,06_71,34
19.01.2020 12:20:52 : Был отключен пользователь Arhive
19.01.2020 12:20:52 : Был присоединен пользователь Arhive
19.01.2020 12:20:52 : Был получен файл: 2198(02)_276_ОГ1-11_ШеффингА.А._5578,06_81,03.tiff
19.01.2020 12:20:53 : Были отправлены данные: 2198 (02)_276_ОГ1-11_Шеффинг А.А._5578,06_81,03
19.01.2020 12:20:53 : Был отключен пользователь Arhive
19.01.2020 12:22:27 : Была проведена проверка соединения пользователем Arhive
19.01.2020 12:22:34 : Был присоединен пользователь Arhive
19.01.2020 12:22:34 : Был получен файл: 2198(02)_275_ОГ1-10_ШеффингА.А._5578,06_71,34.tiff
19.01.2020 12:22:35 : Были отправлены данные: 2198 (02)_275_ОГ1-10_Шеффинг А.А._5578,06_71,34
19.01.2020 12:22:35 : Был отключен пользователь Arhive
19.01.2020 12:22:36 : Был присоединен пользователь Arhive
19.01.2020 12:22:36 : Был получен файл: 2198(02)_276_ОГ1-11_ШеффингА.А._5578,06_81,03.tiff
19.01.2020 12:22:37 : Были отправлены данные: 2198 (02)_276_ОГ1-11_Шеффинг А.А._5578,06_81,03
19.01.2020 12:22:37 : Был отключен пользователь Arhive
19.01.2020 12:25:20 : Была проведена проверка соединения пользователем Arhive
19.01.2020 12:25:32 : Был присоединен пользователь Arhive
19.01.2020 12:25:32 : Был получен файл: 2198(02)_275_ОГ1-10_ШеффингА.А._5578,06_71,34.tiff
19.01.2020 12:25:33 : Были отправлены данные: 2198 (02)_275_ОГ1-10_Шеффинг А.А._5578,06_71,34
19.01.2020 12:25:33 : Был отключен пользователь Arhive
19.01.2020 12:25:34 : Был присоединен пользователь Arhive
19.01.2020 12:25:34 : Был получен файл: 2198(02)_276_ОГ1-11_ШеффингА.А._5578,06_81,03.tiff
19.01.2020 12:25:35 : Были отправлены данные: 2198 (02)_276_ОГ1-11_Шеффинг А.А._5578,06_81,03
19.01.2020 12:25:35 : Был отключен пользователь Arhive
19.01.2020 12:25:36 : Был присоединен пользователь Arhive
19.01.2020 12:25:36 : Был получен файл: 2198(02)_308_РФ1-14_АньшаковА.Е._2439,5_54,54.tiff
19.01.2020 12:25:37 : Были отправлены данные: 2198 (02)_308_РФ1-14_Аньшаков А.Е._2439,5_54,54
19.01.2020 12:25:37 : Был отключен пользователь Arhive
19.01.2020 12:25:38 : Был присоединен пользователь Arhive
19.01.2020 12:25:38 : Был получен файл: 2198(02)_309_РФ1-15_АньшаковА.Е._2439,5_54,54.tiff
19.01.2020 12:25:39 : Были отправлены данные: 2198 (02)_309_РФ1-15_Аньшаков А.Е._2439,5_54,54
19.01.2020 12:25:39 : Был отключен пользователь Arhive
19.01.2020 12:25:40 : Был присоединен пользователь Arhive
19.01.2020 12:25:40 : Был получен файл: 2198(02)_311_РФ1-17_АньшаковА.Е._5702,99_122,25.tiff
19.01.2020 12:25:41 : Были отправлены данные: 2198 (02)_311_РФ1-17_Аньшаков А.Е._5702,99_122,25
19.01.2020 12:25:41 : Был отключен пользователь Arhive
19.01.2020 12:25:42 : Был присоединен пользователь Arhive
19.01.2020 12:25:42 : Был получен файл: 2198(02)_313_РФ1-19_АньшаковА.Е._5702,99_122,25.tiff
19.01.2020 12:25:43 : Были отправлены данные: 2198 (02)_313_РФ1-19_Аньшаков А.Е._5702,99_122,25
19.01.2020 12:25:43 : Был отключен пользователь Arhive
19.01.2020 12:26:19 : Была проведена проверка соединения пользователем Arhive
19.01.2020 12:26:28 : Был присоединен пользователь Arhive
19.01.2020 12:26:28 : Был получен файл: 2198(02)_275_ОГ1-10_ШеффингА.А._5578,06_71,34.tiff
19.01.2020 12:26:29 : Были отправлены данные: 2198 (02)_275_ОГ1-10_Шеффинг А.А._5578,06_71,34
19.01.2020 12:26:29 : Был отключен пользователь Arhive
19.01.2020 12:26:30 : Был присоединен пользователь Arhive
19.01.2020 12:26:30 : Был получен файл: 2198(02)_276_ОГ1-11_ШеффингА.А._5578,06_81,03.tiff
19.01.2020 12:26:31 : Были отправлены данные: 2198 (02)_276_ОГ1-11_Шеффинг А.А._5578,06_81,03
19.01.2020 12:26:31 : Был отключен пользователь Arhive
19.01.2020 12:26:32 : Был присоединен пользователь Arhive
19.01.2020 12:26:32 : Был получен файл: 2198(02)_308_РФ1-14_АньшаковА.Е._2439,5_54,54.tiff
19.01.2020 12:26:33 : Были отправлены данные: 2198 (02)_308_РФ1-14_Аньшаков А.Е._2439,5_54,54
19.01.2020 12:26:33 : Был отключен пользователь Arhive
19.01.2020 12:26:33 : Был присоединен пользователь Arhive
19.01.2020 12:26:33 : Был получен файл: 2198(02)_309_РФ1-15_АньшаковА.Е._2439,5_54,54.tiff
19.01.2020 12:26:35 : Были отправлены данные: 2198 (02)_309_РФ1-15_Аньшаков А.Е._2439,5_54,54
19.01.2020 12:26:35 : Был отключен пользователь Arhive
19.01.2020 12:26:35 : Был присоединен пользователь Arhive
19.01.2020 12:26:35 : Был получен файл: 2198(02)_311_РФ1-17_АньшаковА.Е._5702,99_122,25.tiff
19.01.2020 12:26:37 : Были отправлены данные: 2198 (02)_311_РФ1-17_Аньшаков А.Е._5702,99_122,25
19.01.2020 12:26:37 : Был отключен пользователь Arhive
19.01.2020 12:26:37 : Был присоединен пользователь Arhive
19.01.2020 12:26:37 : Был получен файл: 2198(02)_313_РФ1-19_АньшаковА.Е._5702,99_122,25.tiff
19.01.2020 12:26:39 : Были отправлены данные: 2198 (02)_313_РФ1-19_Аньшаков А.Е._5702,99_122,25
19.01.2020 12:26:39 : Был отключен пользователь Arhive
19.01.2020 12:34:25 : Чтение после конца потока невозможно.
19.01.2020 19:24:27 : Сервер свернут в трей
19.01.2020 19:24:34 : Сервер развернут из трея
19.01.2020 19:24:38 : Закрытие сервера
