06.02.2020 15:42:35 : Запущено слушание клиентов и найдена директория темповых файлов
06.02.2020 15:42:35 : C:\Users\thedr\Desktop\Works\SZMK_Decode\Decode\Decode\bin\Debug
06.02.2020 15:42:38 : Обновлены параметры сервера порт: 49000 06.02.2020 15:42:38
06.02.2020 15:44:21 : Была проведена проверка соединения пользователем ROOT
06.02.2020 15:44:41 : Была проведена проверка соединения пользователем AR
06.02.2020 15:45:00 : Был присоединен пользователь AR
06.02.2020 15:45:00 : Был получен файл: C:\Users\thedr\Documents\SZMK_20200205_0082.TIF
06.02.2020 15:46:18 : Запущено слушание клиентов и найдена директория темповых файлов
06.02.2020 15:46:18 : C:\Users\thedr\Desktop\Works\SZMK_Decode\Decode\Decode\bin\Debug
06.02.2020 15:46:20 : Сервер свернут в трей
06.02.2020 15:46:22 : Была проведена проверка соединения пользователем AR
06.02.2020 15:46:26 : Был присоединен пользователь AR
06.02.2020 15:46:26 : Был получен файл: C:\Users\thedr\Documents\SZMK_20200205_0082.TIF
06.02.2020 15:46:43 : Были отправлены данные: 1852(28)_397_B-129_Шипунова Е.А._1597,95_117,82
06.02.2020 15:46:43 : Был отключен пользователь AR
06.02.2020 15:47:13 : Была проведена проверка соединения пользователем AR
06.02.2020 15:47:19 : Был присоединен пользователь AR
06.02.2020 15:47:19 : Был получен файл: C:\Users\thedr\Documents\SZMK_20200205_0020.TIF
06.02.2020 15:47:22 : Были отправлены данные: 1852 (28)_170_CT-18_Кириллова Т.В._2806_141.14
06.02.2020 15:47:22 : Был отключен пользователь AR
06.02.2020 15:47:28 : Была проведена проверка соединения пользователем AR
06.02.2020 15:47:36 : Был присоединен пользователь AR
06.02.2020 15:47:36 : Был получен файл: C:\Users\thedr\Desktop\SCAN2\SZMK_20200130_0001.TIF
06.02.2020 15:47:36 : Были отправлены данные: 1852(17)_425и1_G-3_Сторожилов А.С._512_17.26
06.02.2020 15:47:36 : Был отключен пользователь AR
06.02.2020 15:47:37 : Был присоединен пользователь AR
06.02.2020 15:47:37 : Был получен файл: C:\Users\thedr\Desktop\SCAN2\SZMK_20200130_0002.TIF
06.02.2020 15:47:37 : Были отправлены данные: 1852(17)_430и1_G-8_Сторожилов А.С._800_34.77
06.02.2020 15:47:37 : Был отключен пользователь AR
06.02.2020 15:47:38 : Был присоединен пользователь AR
06.02.2020 15:47:38 : Был получен файл: C:\Users\thedr\Desktop\SCAN2\SZMK_20200130_0003.TIF
06.02.2020 15:47:38 : Были отправлены данные: 1852(17)_432и1_G-10_Сторожилов А.С._319_8.96
06.02.2020 15:47:38 : Был отключен пользователь AR
06.02.2020 15:47:38 : Был присоединен пользователь AR
06.02.2020 15:47:38 : Был получен файл: C:\Users\thedr\Desktop\SCAN2\SZMK_20200130_0004.TIF
06.02.2020 15:47:38 : Были отправлены данные: 1852(17)_436и1_G-15_Сторожилов А.С._694_21.36
06.02.2020 15:47:38 : Был отключен пользователь AR
06.02.2020 15:47:39 : Был присоединен пользователь AR
06.02.2020 15:47:39 : Был получен файл: C:\Users\thedr\Desktop\SCAN2\SZMK_20200130_0005.TIF
06.02.2020 15:47:39 : Были отправлены данные: 1852(17)_437и1_G-16_Сторожилов А.С._694_20.34
06.02.2020 15:47:39 : Был отключен пользователь AR
06.02.2020 15:47:40 : Был присоединен пользователь AR
06.02.2020 15:47:40 : Был получен файл: C:\Users\thedr\Desktop\SCAN2\SZMK_20200130_0006.TIF
06.02.2020 15:47:40 : Были отправлены данные: 1852(17)_438и1_G-17_Сторожилов А.С._289_6.39
06.02.2020 15:47:40 : Был отключен пользователь AR
06.02.2020 15:47:40 : Был присоединен пользователь AR
06.02.2020 15:47:40 : Был получен файл: C:\Users\thedr\Desktop\SCAN2\SZMK_20200130_0007.TIF
06.02.2020 15:47:41 : Были отправлены данные: 1852(17)_439и1_G-18_Сторожилов А.С._1000_29.89
06.02.2020 15:47:41 : Был отключен пользователь AR
06.02.2020 15:47:41 : Был присоединен пользователь AR
06.02.2020 15:47:41 : Был получен файл: C:\Users\thedr\Desktop\SCAN2\SZMK_20200130_0008.TIF
06.02.2020 15:47:41 : Были отправлены данные: 1852(17)_440и1_G-19_Сторожилов А.С._980_29.16
06.02.2020 15:47:41 : Был отключен пользователь AR
06.02.2020 15:47:42 : Был присоединен пользователь AR
06.02.2020 15:47:42 : Был получен файл: C:\Users\thedr\Desktop\SCAN2\SZMK_20200130_0009.TIF
06.02.2020 15:47:42 : Были отправлены данные: 1852(17)_441и1_G-20_Сторожилов А.С._980_31.76
06.02.2020 15:47:42 : Был отключен пользователь AR
06.02.2020 15:47:42 : Был присоединен пользователь AR
06.02.2020 15:47:42 : Был получен файл: C:\Users\thedr\Desktop\SCAN2\SZMK_20200130_0010.TIF
06.02.2020 15:47:43 : Были отправлены данные: 1852(17)_442и1_G-21_Сторожилов А.С._439_10.15
06.02.2020 15:47:43 : Был отключен пользователь AR
06.02.2020 15:47:43 : Был присоединен пользователь AR
06.02.2020 15:47:43 : Был получен файл: C:\Users\thedr\Desktop\SCAN2\SZMK_20200130_0011.TIF
06.02.2020 15:47:43 : Были отправлены данные: 1852(17)_443и1_G-22_Сторожилов А.С._450_10.41
06.02.2020 15:47:43 : Был отключен пользователь AR
06.02.2020 15:47:44 : Был присоединен пользователь AR
06.02.2020 15:47:44 : Был получен файл: C:\Users\thedr\Desktop\SCAN2\SZMK_20200130_0012.TIF
06.02.2020 15:47:44 : Были отправлены данные: 1852(17)_444и1_G-23_Сторожилов А.С._569_17.92
06.02.2020 15:47:44 : Был отключен пользователь AR
06.02.2020 15:47:45 : Был присоединен пользователь AR
06.02.2020 15:47:45 : Был получен файл: C:\Users\thedr\Desktop\SCAN2\SZMK_20200130_0013.TIF
06.02.2020 15:47:45 : Были отправлены данные: 1852(17)_445и1_G-24_Сторожилов А.С._1000_29.87
06.02.2020 15:47:45 : Был отключен пользователь AR
06.02.2020 15:47:45 : Был присоединен пользователь AR
06.02.2020 15:47:45 : Был получен файл: C:\Users\thedr\Desktop\SCAN2\SZMK_20200130_0014.TIF
06.02.2020 15:47:46 : Были отправлены данные: 1852(17)_446и1_G-25_Сторожилов А.С._1000_29.87
06.02.2020 15:47:46 : Был отключен пользователь AR
06.02.2020 15:47:46 : Был присоединен пользователь AR
06.02.2020 15:47:46 : Был получен файл: C:\Users\thedr\Desktop\SCAN2\SZMK_20200130_0015.TIF
06.02.2020 15:47:46 : Были отправлены данные: 1852(17)_447и1_G-26_Сторожилов А.С._1000_21.48
06.02.2020 15:47:46 : Был отключен пользователь AR
06.02.2020 15:47:47 : Был присоединен пользователь AR
06.02.2020 15:47:47 : Был получен файл: C:\Users\thedr\Desktop\SCAN2\SZMK_20200130_0016.TIF
06.02.2020 15:47:47 : Были отправлены данные: 1852(17)_448и1_G-27_Сторожилов А.С._810_19.43
06.02.2020 15:47:47 : Был отключен пользователь AR
06.02.2020 15:47:47 : Был присоединен пользователь AR
06.02.2020 15:47:48 : Был получен файл: C:\Users\thedr\Desktop\SCAN2\SZMK_20200130_0017.TIF
06.02.2020 15:47:48 : Были отправлены данные: 1852(17)_449и1_G-28_Сторожилов А.С._694_21.7
06.02.2020 15:47:48 : Был отключен пользователь AR
06.02.2020 15:47:48 : Был присоединен пользователь AR
06.02.2020 15:47:48 : Был получен файл: C:\Users\thedr\Desktop\SCAN2\SZMK_20200130_0018.TIF
06.02.2020 15:47:48 : Были отправлены данные: 1852(17)_450и1_G-29_Сторожилов А.С._1000_21.48
06.02.2020 15:47:48 : Был отключен пользователь AR
06.02.2020 15:47:49 : Был присоединен пользователь AR
06.02.2020 15:47:49 : Был получен файл: C:\Users\thedr\Desktop\SCAN2\SZMK_20200130_0019.TIF
06.02.2020 15:47:49 : Были отправлены данные: 1852(17)_451и1_G-30_Сторожилов А.С._1000_32.87
06.02.2020 15:47:49 : Был отключен пользователь AR
06.02.2020 15:47:50 : Был присоединен пользователь AR
06.02.2020 15:47:50 : Был получен файл: C:\Users\thedr\Desktop\SCAN2\SZMK_20200130_0020.TIF
06.02.2020 15:47:50 : Были отправлены данные: 1852(17)_453и1_G-32_Сторожилов А.С._604_19.09
06.02.2020 15:47:50 : Был отключен пользователь AR
06.02.2020 15:47:51 : Был присоединен пользователь AR
06.02.2020 15:47:51 : Был получен файл: C:\Users\thedr\Desktop\SCAN2\SZMK_20200130_0021.TIF
06.02.2020 15:47:51 : Были отправлены данные: 1852(17)_454и1_G-33_Сторожилов А.С._1000_21.48
06.02.2020 15:47:51 : Был отключен пользователь AR
06.02.2020 15:47:51 : Был присоединен пользователь AR
06.02.2020 15:47:51 : Был получен файл: C:\Users\thedr\Desktop\SCAN2\SZMK_20200130_0022.TIF
06.02.2020 15:47:51 : Были отправлены данные: 1852(17)_455и1_G-34_Сторожилов А.С._690_21.58
06.02.2020 15:47:51 : Был отключен пользователь AR
06.02.2020 15:47:52 : Был присоединен пользователь AR
06.02.2020 15:47:52 : Был получен файл: C:\Users\thedr\Desktop\SCAN2\SZMK_20200130_0023.TIF
06.02.2020 15:47:52 : Были отправлены данные: 1852(17)_456и1_G-35_Сторожилов А.С._1000_29.78
06.02.2020 15:47:52 : Был отключен пользователь AR
06.02.2020 15:47:53 : Был присоединен пользователь AR
06.02.2020 15:47:53 : Был получен файл: C:\Users\thedr\Desktop\SCAN2\SZMK_20200130_0024.TIF
06.02.2020 15:47:53 : Были отправлены данные: 1852(17)_457и1_G-36_Сторожилов А.С._1000_21.48
06.02.2020 15:47:53 : Был отключен пользователь AR
06.02.2020 15:47:54 : Был присоединен пользователь AR
06.02.2020 15:47:54 : Был получен файл: C:\Users\thedr\Desktop\SCAN2\SZMK_20200130_0025.TIF
06.02.2020 15:47:54 : Были отправлены данные: 1852(17)_458и1_G-38_Сторожилов А.С._960_30.86
06.02.2020 15:47:54 : Был отключен пользователь AR
06.02.2020 15:47:54 : Был присоединен пользователь AR
06.02.2020 15:47:54 : Был получен файл: C:\Users\thedr\Desktop\SCAN2\SZMK_20200130_0026.TIF
06.02.2020 15:47:55 : Были отправлены данные: 1852(17)_460и1_G-41_Сторожилов А.С._1000_29.84
06.02.2020 15:47:55 : Был отключен пользователь AR
06.02.2020 15:47:55 : Был присоединен пользователь AR
06.02.2020 15:47:55 : Был получен файл: C:\Users\thedr\Desktop\SCAN2\SZMK_20200130_0027.TIF
06.02.2020 15:47:55 : Были отправлены данные: 1852(17)_461и1_G-42_Сторожилов А.С._900_28.65
06.02.2020 15:47:55 : Был отключен пользователь AR
06.02.2020 15:47:56 : Был присоединен пользователь AR
06.02.2020 15:47:56 : Был получен файл: C:\Users\thedr\Desktop\SCAN2\SZMK_20200130_0028.TIF
06.02.2020 15:47:56 : Были отправлены данные: 1852(17)_462и1_G-43_Сторожилов А.С._1000_19.94
06.02.2020 15:47:56 : Был отключен пользователь AR
06.02.2020 15:47:57 : Был присоединен пользователь AR
06.02.2020 15:47:57 : Был получен файл: C:\Users\thedr\Desktop\SCAN2\SZMK_20200130_0029.TIF
06.02.2020 15:47:57 : Были отправлены данные: 1852(17)_463и1_G-44_Сторожилов А.С._690_21.17
06.02.2020 15:47:57 : Был отключен пользователь AR
06.02.2020 15:47:58 : Был присоединен пользователь AR
06.02.2020 15:47:58 : Был получен файл: C:\Users\thedr\Desktop\SCAN2\SZMK_20200130_0030.TIF
06.02.2020 15:47:58 : Были отправлены данные: 1852(17)_466и1_G-47_Сторожилов А.С._1000_32.05
06.02.2020 15:47:58 : Был отключен пользователь AR
06.02.2020 15:47:59 : Был присоединен пользователь AR
06.02.2020 15:47:59 : Был получен файл: C:\Users\thedr\Desktop\SCAN2\SZMK_20200130_0031.TIF
06.02.2020 15:48:00 : Были отправлены данные: 1852(17)_475и1_G-56_Сторожилов А.С._970_28.36
06.02.2020 15:48:00 : Был отключен пользователь AR
06.02.2020 15:48:00 : Был присоединен пользователь AR
06.02.2020 15:48:00 : Был получен файл: C:\Users\thedr\Desktop\SCAN2\SZMK_20200130_0032.TIF
06.02.2020 15:48:01 : Были отправлены данные: 1852(17)_476и1_G-57_Сторожилов А.С._1000_34.75
06.02.2020 15:48:01 : Был отключен пользователь AR
06.02.2020 15:48:01 : Был присоединен пользователь AR
06.02.2020 15:48:02 : Был получен файл: C:\Users\thedr\Desktop\SCAN2\SZMK_20200130_0033.TIF
06.02.2020 15:48:02 : Были отправлены данные: 1852(17)_484и1_G-65_Сторожилов А.С._555_15.67
06.02.2020 15:48:02 : Был отключен пользователь AR
06.02.2020 15:48:03 : Был присоединен пользователь AR
06.02.2020 15:48:03 : Был получен файл: C:\Users\thedr\Desktop\SCAN2\SZMK_20200130_0034.TIF
06.02.2020 15:48:03 : Были отправлены данные: 1852(17)_487и1_G-68_Сторожилов А.С._690_19.2
06.02.2020 15:48:03 : Был отключен пользователь AR
06.02.2020 15:48:04 : Был присоединен пользователь AR
06.02.2020 15:48:04 : Был получен файл: C:\Users\thedr\Desktop\SCAN2\SZMK_20200130_0035.TIF
06.02.2020 15:48:05 : Были отправлены данные: 1852(17)_488и1_G-69_Сторожилов А.С._730_23.9
06.02.2020 15:48:05 : Был отключен пользователь AR
06.02.2020 15:48:05 : Был присоединен пользователь AR
06.02.2020 15:48:05 : Был получен файл: C:\Users\thedr\Desktop\SCAN2\SZMK_20200130_0036.TIF
06.02.2020 15:48:06 : Были отправлены данные: 1852(17)_492и1_G-73_Сторожилов А.С._465_12.18
06.02.2020 15:48:06 : Был отключен пользователь AR
06.02.2020 15:48:06 : Был присоединен пользователь AR
06.02.2020 15:48:07 : Был получен файл: C:\Users\thedr\Desktop\SCAN2\SZMK_20200130_0037.TIF
06.02.2020 15:48:07 : Были отправлены данные: 1852(17)_496и1_G-77_Сторожилов А.С._1000_36.95
06.02.2020 15:48:07 : Был отключен пользователь AR
06.02.2020 15:48:08 : Был присоединен пользователь AR
06.02.2020 15:48:08 : Был получен файл: C:\Users\thedr\Desktop\SCAN2\SZMK_20200130_0038.TIF
06.02.2020 15:48:08 : Были отправлены данные: 1852(17)_497и1_G-78_Сторожилов А.С._1000_28.44
06.02.2020 15:48:08 : Был отключен пользователь AR
