21.01.2020 9:22:01 : Запущено слушание клиентов и найдена директория темповых файлов
21.01.2020 9:22:01 : C:\Users\thedr\Desktop\Works\SZMK\Decode\Decode\bin\Debug
21.01.2020 9:22:03 : Сервер свернут в трей
21.01.2020 9:23:40 : Сервер развернут из трея
21.01.2020 9:23:47 : Сервер свернут в трей
21.01.2020 9:23:51 : Была проведена проверка соединения пользователем ROOT
21.01.2020 9:24:27 : Была проведена проверка соединения пользователем Linnik_OV
21.01.2020 9:24:36 : Был присоединен пользователь Linnik_OV
21.01.2020 9:24:36 : Был получен файл: 2198(02)_275_ОГ1-10_ШеффингА.А._5578,06_71,34.tiff
21.01.2020 9:24:38 : Были отправлены данные: 2198 (02)_275_ОГ1-10_Шеффинг А.А._5578,06_71,34
21.01.2020 9:24:38 : Был отключен пользователь Linnik_OV
21.01.2020 9:24:39 : Был присоединен пользователь Linnik_OV
21.01.2020 9:24:39 : Был получен файл: 2198(02)_276_ОГ1-11_ШеффингА.А._5578,06_81,03.tiff
21.01.2020 9:24:40 : Были отправлены данные: 2198 (02)_276_ОГ1-11_Шеффинг А.А._5578,06_81,03
21.01.2020 9:24:40 : Был отключен пользователь Linnik_OV
21.01.2020 9:24:41 : Был присоединен пользователь Linnik_OV
21.01.2020 9:24:41 : Был получен файл: 2198(02)_308_РФ1-14_АньшаковА.Е._2439,5_54,54.tiff
21.01.2020 9:24:42 : Были отправлены данные: 2198 (02)_308_РФ1-14_Аньшаков А.Е._2439,5_54,54
21.01.2020 9:24:42 : Был отключен пользователь Linnik_OV
21.01.2020 9:24:43 : Был присоединен пользователь Linnik_OV
21.01.2020 9:24:43 : Был получен файл: 2198(02)_309_РФ1-15_АньшаковА.Е._2439,5_54,54.tiff
21.01.2020 9:24:44 : Были отправлены данные: 2198 (02)_309_РФ1-15_Аньшаков А.Е._2439,5_54,54
21.01.2020 9:24:44 : Был отключен пользователь Linnik_OV
21.01.2020 9:24:45 : Был присоединен пользователь Linnik_OV
21.01.2020 9:24:45 : Был получен файл: 2198(02)_311_РФ1-17_АньшаковА.Е._5702,99_122,25.tiff
21.01.2020 9:24:46 : Были отправлены данные: 2198 (02)_311_РФ1-17_Аньшаков А.Е._5702,99_122,25
21.01.2020 9:24:46 : Был отключен пользователь Linnik_OV
21.01.2020 9:25:25 : Сервер развернут из трея
21.01.2020 9:25:34 : Закрытие сервера
21.01.2020 13:30:32 : Запущено слушание клиентов и найдена директория темповых файлов
21.01.2020 13:30:32 : C:\Users\thedr\Desktop\Works\SZMK\Decode\Decode\bin\Debug
21.01.2020 13:30:38 : Сервер свернут в трей
21.01.2020 13:30:42 : Была проведена проверка соединения пользователем ROOT
21.01.2020 13:31:02 : Была проведена проверка соединения пользователем Arhive
21.01.2020 13:32:27 : Была проведена проверка соединения пользователем Arhive
21.01.2020 13:32:36 : Был присоединен пользователь Arhive
21.01.2020 13:32:36 : Был получен файл: 2198(02)_275_ОГ1-10_ШеффингА.А._5578,06_71,34.tiff
21.01.2020 13:32:38 : Были отправлены данные: 2198 (02)_275_ОГ1-10_Шеффинг А.А._5578,06_71,34
21.01.2020 13:32:38 : Был отключен пользователь Arhive
21.01.2020 13:32:38 : Был присоединен пользователь Arhive
21.01.2020 13:32:38 : Был получен файл: 2198(02)_276_ОГ1-11_ШеффингА.А._5578,06_81,03.tiff
21.01.2020 13:32:39 : Были отправлены данные: 2198 (02)_276_ОГ1-11_Шеффинг А.А._5578,06_81,03
21.01.2020 13:32:39 : Был отключен пользователь Arhive
21.01.2020 13:32:40 : Был присоединен пользователь Arhive
21.01.2020 13:32:40 : Был получен файл: 2198(02)_308_РФ1-14_АньшаковА.Е._2439,5_54,54.tiff
21.01.2020 13:32:41 : Были отправлены данные: 2198 (02)_308_РФ1-14_Аньшаков А.Е._2439,5_54,54
21.01.2020 13:32:41 : Был отключен пользователь Arhive
21.01.2020 13:32:42 : Был присоединен пользователь Arhive
21.01.2020 13:32:42 : Был получен файл: 2198(02)_309_РФ1-15_АньшаковА.Е._2439,5_54,54.tiff
21.01.2020 13:32:43 : Были отправлены данные: 2198 (02)_309_РФ1-15_Аньшаков А.Е._2439,5_54,54
21.01.2020 13:32:43 : Был отключен пользователь Arhive
21.01.2020 13:32:44 : Был присоединен пользователь Arhive
21.01.2020 13:32:44 : Был получен файл: 2198(02)_311_РФ1-17_АньшаковА.Е._5702,99_122,25.tiff
21.01.2020 13:32:45 : Были отправлены данные: 2198 (02)_311_РФ1-17_Аньшаков А.Е._5702,99_122,25
21.01.2020 13:32:45 : Был отключен пользователь Arhive
21.01.2020 13:32:46 : Был присоединен пользователь Arhive
21.01.2020 13:32:46 : Был получен файл: 2198(02)_313_РФ1-19_АньшаковА.Е._5702,99_122,25.tiff
21.01.2020 13:32:47 : Были отправлены данные: 2198 (02)_313_РФ1-19_Аньшаков А.Е._5702,99_122,25
21.01.2020 13:32:47 : Был отключен пользователь Arhive
21.01.2020 13:32:59 : Был присоединен пользователь Arhive
21.01.2020 13:32:59 : Был получен файл: 2198(02)_275_ОГ1-10_ШеффингА.А._5578,06_71,34.tiff
21.01.2020 13:33:00 : Были отправлены данные: 2198 (02)_275_ОГ1-10_Шеффинг А.А._5578,06_71,34
21.01.2020 13:33:00 : Был отключен пользователь Arhive
21.01.2020 13:33:01 : Был присоединен пользователь Arhive
21.01.2020 13:33:01 : Был получен файл: 2198(02)_276_ОГ1-11_ШеффингА.А._5578,06_81,03.tiff
21.01.2020 13:33:02 : Были отправлены данные: 2198 (02)_276_ОГ1-11_Шеффинг А.А._5578,06_81,03
21.01.2020 13:33:02 : Был отключен пользователь Arhive
21.01.2020 13:33:03 : Был присоединен пользователь Arhive
21.01.2020 13:33:03 : Был получен файл: 2198(02)_308_РФ1-14_АньшаковА.Е._2439,5_54,54.tiff
21.01.2020 13:33:04 : Были отправлены данные: 2198 (02)_308_РФ1-14_Аньшаков А.Е._2439,5_54,54
21.01.2020 13:33:04 : Был отключен пользователь Arhive
21.01.2020 13:33:05 : Был присоединен пользователь Arhive
21.01.2020 13:33:05 : Был получен файл: 2198(02)_309_РФ1-15_АньшаковА.Е._2439,5_54,54.tiff
21.01.2020 13:33:06 : Были отправлены данные: 2198 (02)_309_РФ1-15_Аньшаков А.Е._2439,5_54,54
21.01.2020 13:33:06 : Был отключен пользователь Arhive
21.01.2020 13:33:06 : Был присоединен пользователь Arhive
21.01.2020 13:33:06 : Был получен файл: 2198(02)_275_ОГ1-10_ШеффингА.А._5578,06_71,34.tiff
21.01.2020 13:33:07 : Были отправлены данные: 2198 (02)_275_ОГ1-10_Шеффинг А.А._5578,06_71,34
21.01.2020 13:33:07 : Был отключен пользователь Arhive
21.01.2020 13:33:07 : Был присоединен пользователь Arhive
21.01.2020 13:33:07 : Был получен файл: 2198(02)_311_РФ1-17_АньшаковА.Е._5702,99_122,25.tiff
21.01.2020 13:33:08 : Были отправлены данные: 2198 (02)_311_РФ1-17_Аньшаков А.Е._5702,99_122,25
21.01.2020 13:33:08 : Был отключен пользователь Arhive
21.01.2020 13:33:08 : Был присоединен пользователь Arhive
21.01.2020 13:33:08 : Был получен файл: 2198(02)_276_ОГ1-11_ШеффингА.А._5578,06_81,03.tiff
21.01.2020 13:33:09 : Были отправлены данные: 2198 (02)_276_ОГ1-11_Шеффинг А.А._5578,06_81,03
21.01.2020 13:33:09 : Был отключен пользователь Arhive
21.01.2020 13:33:09 : Был присоединен пользователь Arhive
21.01.2020 13:33:09 : Был получен файл: 2198(02)_313_РФ1-19_АньшаковА.Е._5702,99_122,25.tiff
21.01.2020 13:33:10 : Были отправлены данные: 2198 (02)_313_РФ1-19_Аньшаков А.Е._5702,99_122,25
21.01.2020 13:33:10 : Был отключен пользователь Arhive
21.01.2020 13:33:10 : Был присоединен пользователь Arhive
21.01.2020 13:33:10 : Был получен файл: 2198(02)_308_РФ1-14_АньшаковА.Е._2439,5_54,54.tiff
21.01.2020 13:33:12 : Были отправлены данные: 2198 (02)_308_РФ1-14_Аньшаков А.Е._2439,5_54,54
21.01.2020 13:33:12 : Был отключен пользователь Arhive
21.01.2020 13:33:12 : Был присоединен пользователь Arhive
21.01.2020 13:33:12 : Был получен файл: 2198(02)_309_РФ1-15_АньшаковА.Е._2439,5_54,54.tiff
21.01.2020 13:33:13 : Были отправлены данные: 2198 (02)_309_РФ1-15_Аньшаков А.Е._2439,5_54,54
21.01.2020 13:33:13 : Был отключен пользователь Arhive
21.01.2020 13:33:14 : Был присоединен пользователь Arhive
21.01.2020 13:33:14 : Был получен файл: 2198(02)_311_РФ1-17_АньшаковА.Е._5702,99_122,25.tiff
21.01.2020 13:33:15 : Были отправлены данные: 2198 (02)_311_РФ1-17_Аньшаков А.Е._5702,99_122,25
21.01.2020 13:33:15 : Был отключен пользователь Arhive
21.01.2020 13:33:16 : Был присоединен пользователь Arhive
21.01.2020 13:33:16 : Был получен файл: 2198(02)_313_РФ1-19_АньшаковА.Е._5702,99_122,25.tiff
21.01.2020 13:33:17 : Были отправлены данные: 2198 (02)_313_РФ1-19_Аньшаков А.Е._5702,99_122,25
21.01.2020 13:33:17 : Был отключен пользователь Arhive
21.01.2020 13:34:57 : Была проведена проверка соединения пользователем Arhive
21.01.2020 13:35:04 : Был присоединен пользователь Arhive
21.01.2020 13:35:04 : Был получен файл: 2198(02)_275_ОГ1-10_ШеффингА.А._5578,06_71,34.tiff
21.01.2020 13:35:05 : Были отправлены данные: 2198 (02)_275_ОГ1-10_Шеффинг А.А._5578,06_71,34
21.01.2020 13:35:05 : Был отключен пользователь Arhive
21.01.2020 13:35:06 : Был присоединен пользователь Arhive
21.01.2020 13:35:06 : Был получен файл: 2198(02)_276_ОГ1-11_ШеффингА.А._5578,06_81,03.tiff
21.01.2020 13:35:06 : Были отправлены данные: 2198 (02)_276_ОГ1-11_Шеффинг А.А._5578,06_81,03
21.01.2020 13:35:06 : Был отключен пользователь Arhive
21.01.2020 13:35:07 : Был присоединен пользователь Arhive
21.01.2020 13:35:07 : Был получен файл: 2198(02)_308_РФ1-14_АньшаковА.Е._2439,5_54,54.tiff
21.01.2020 13:35:08 : Были отправлены данные: 2198 (02)_308_РФ1-14_Аньшаков А.Е._2439,5_54,54
21.01.2020 13:35:08 : Был отключен пользователь Arhive
21.01.2020 13:35:09 : Был присоединен пользователь Arhive
21.01.2020 13:35:09 : Был получен файл: 2198(02)_309_РФ1-15_АньшаковА.Е._2439,5_54,54.tiff
21.01.2020 13:35:10 : Были отправлены данные: 2198 (02)_309_РФ1-15_Аньшаков А.Е._2439,5_54,54
21.01.2020 13:35:10 : Был отключен пользователь Arhive
21.01.2020 13:35:25 : Был присоединен пользователь Arhive
21.01.2020 13:35:25 : Был получен файл: 2198(02)_311_РФ1-17_АньшаковА.Е._5702,99_122,25.tiff
21.01.2020 13:35:26 : Были отправлены данные: 2198 (02)_311_РФ1-17_Аньшаков А.Е._5702,99_122,25
21.01.2020 13:35:26 : Был отключен пользователь Arhive
21.01.2020 13:35:42 : Была проведена проверка соединения пользователем Arhive
21.01.2020 13:36:17 : Был присоединен пользователь Arhive
21.01.2020 13:36:17 : Был получен файл: 2198(02)_275_ОГ1-10_ШеффингА.А._5578,06_71,34.tiff
21.01.2020 13:36:18 : Были отправлены данные: 2198 (02)_275_ОГ1-10_Шеффинг А.А._5578,06_71,34
21.01.2020 13:36:18 : Был отключен пользователь Arhive
21.01.2020 13:36:18 : Был присоединен пользователь Arhive
21.01.2020 13:36:19 : Был получен файл: 2198(02)_276_ОГ1-11_ШеффингА.А._5578,06_81,03.tiff
21.01.2020 13:36:19 : Были отправлены данные: 2198 (02)_276_ОГ1-11_Шеффинг А.А._5578,06_81,03
21.01.2020 13:36:19 : Был отключен пользователь Arhive
21.01.2020 13:38:19 : Была проведена проверка соединения пользователем Arhive
21.01.2020 13:38:24 : Был присоединен пользователь Arhive
21.01.2020 13:38:24 : Был получен файл: 2198(02)_275_ОГ1-10_ШеффингА.А._5578,06_71,34.tiff
21.01.2020 13:38:25 : Были отправлены данные: 2198 (02)_275_ОГ1-10_Шеффинг А.А._5578,06_71,34
21.01.2020 13:38:25 : Был отключен пользователь Arhive
21.01.2020 13:38:28 : Была проведена проверка соединения пользователем Arhive
21.01.2020 13:46:34 : Была проведена проверка соединения пользователем Arhive
21.01.2020 13:46:40 : Был присоединен пользователь Arhive
21.01.2020 13:46:40 : Был получен файл: 2198(02)_275_ОГ1-10_ШеффингА.А._5578,06_71,34.tiff
21.01.2020 13:46:41 : Были отправлены данные: 2198 (02)_275_ОГ1-10_Шеффинг А.А._5578,06_71,34
21.01.2020 13:46:41 : Был отключен пользователь Arhive
21.01.2020 13:46:41 : Был присоединен пользователь Arhive
21.01.2020 13:46:41 : Был получен файл: 2198(02)_276_ОГ1-11_ШеффингА.А._5578,06_81,03.tiff
21.01.2020 13:46:42 : Были отправлены данные: 2198 (02)_276_ОГ1-11_Шеффинг А.А._5578,06_81,03
21.01.2020 13:46:42 : Был отключен пользователь Arhive
21.01.2020 13:46:43 : Был присоединен пользователь Arhive
21.01.2020 13:46:43 : Был получен файл: 2198(02)_308_РФ1-14_АньшаковА.Е._2439,5_54,54.tiff
21.01.2020 13:46:44 : Были отправлены данные: 2198 (02)_308_РФ1-14_Аньшаков А.Е._2439,5_54,54
21.01.2020 13:46:44 : Был отключен пользователь Arhive
21.01.2020 13:46:45 : Был присоединен пользователь Arhive
21.01.2020 13:46:45 : Был получен файл: 2198(02)_309_РФ1-15_АньшаковА.Е._2439,5_54,54.tiff
21.01.2020 13:46:46 : Были отправлены данные: 2198 (02)_309_РФ1-15_Аньшаков А.Е._2439,5_54,54
21.01.2020 13:46:46 : Был отключен пользователь Arhive
21.01.2020 13:46:53 : Был присоединен пользователь Arhive
21.01.2020 13:46:53 : Был получен файл: 2198(02)_311_РФ1-17_АньшаковА.Е._5702,99_122,25.tiff
21.01.2020 13:46:54 : Были отправлены данные: 2198 (02)_311_РФ1-17_Аньшаков А.Е._5702,99_122,25
21.01.2020 13:46:54 : Был отключен пользователь Arhive
21.01.2020 13:46:55 : Была проведена проверка соединения пользователем Arhive
21.01.2020 13:47:06 : Сервер развернут из трея
21.01.2020 13:47:14 : Сервер свернут в трей
21.01.2020 16:41:06 : Сервер развернут из трея
21.01.2020 16:41:09 : Закрытие сервера
21.01.2020 19:24:28 : Запущено слушание клиентов и найдена директория темповых файлов
21.01.2020 19:24:28 : C:\Users\thedr\Desktop\Works\SZMK\Decode\Decode\bin\Debug
21.01.2020 19:24:30 : Сервер свернут в трей
21.01.2020 19:24:44 : Сервер развернут из трея
21.01.2020 19:24:49 : Сервер свернут в трей
21.01.2020 19:24:52 : Запущено слушание клиентов и найдена директория темповых файлов
21.01.2020 19:24:52 : C:\Users\thedr\Desktop\Works\SZMK\Decode\Decode\bin\Debug
21.01.2020 19:24:54 : Сервер свернут в трей
21.01.2020 19:24:56 : Сервер развернут из трея
21.01.2020 19:24:58 : Закрытие сервера
21.01.2020 19:25:03 : Запущено слушание клиентов и найдена директория темповых файлов
21.01.2020 19:25:03 : C:\Users\thedr\Desktop\Works\SZMK\Decode\Decode\bin\Debug
21.01.2020 19:26:25 : Была проведена проверка соединения пользователем ROOT
21.01.2020 19:26:37 : Была проведена проверка соединения пользователем Arhive
21.01.2020 19:26:59 : Был присоединен пользователь Arhive
21.01.2020 19:26:59 : Был получен файл: 2198(02)_275_ОГ1-10_ШеффингА.А._5578,06_71,34.tiff
21.01.2020 19:27:01 : Были отправлены данные: 2198 (02)_275_ОГ1-10_Шеффинг А.А._5578,06_71,34
21.01.2020 19:27:01 : Был отключен пользователь Arhive
21.01.2020 19:27:02 : Был присоединен пользователь Arhive
21.01.2020 19:27:02 : Был получен файл: 2198(02)_276_ОГ1-11_ШеффингА.А._5578,06_81,03.tiff
21.01.2020 19:27:03 : Были отправлены данные: 2198 (02)_276_ОГ1-11_Шеффинг А.А._5578,06_81,03
21.01.2020 19:27:03 : Был отключен пользователь Arhive
21.01.2020 19:27:03 : Был присоединен пользователь Arhive
21.01.2020 19:27:03 : Был получен файл: 2198(02)_308_РФ1-14_АньшаковА.Е._2439,5_54,54.tiff
21.01.2020 19:27:05 : Были отправлены данные: 2198 (02)_308_РФ1-14_Аньшаков А.Е._2439,5_54,54
21.01.2020 19:27:05 : Был отключен пользователь Arhive
21.01.2020 19:27:05 : Был присоединен пользователь Arhive
21.01.2020 19:27:05 : Был получен файл: 2198(02)_309_РФ1-15_АньшаковА.Е._2439,5_54,54.tiff
21.01.2020 19:27:07 : Были отправлены данные: 2198 (02)_309_РФ1-15_Аньшаков А.Е._2439,5_54,54
21.01.2020 19:27:07 : Был отключен пользователь Arhive
21.01.2020 19:27:07 : Был присоединен пользователь Arhive
21.01.2020 19:27:07 : Был получен файл: 2198(02)_311_РФ1-17_АньшаковА.Е._5702,99_122,25.tiff
21.01.2020 19:27:09 : Были отправлены данные: 2198 (02)_311_РФ1-17_Аньшаков А.Е._5702,99_122,25
21.01.2020 19:27:09 : Был отключен пользователь Arhive
21.01.2020 19:28:30 : Сервер свернут в трей
21.01.2020 19:28:32 : Сервер развернут из трея
21.01.2020 19:28:34 : Закрытие сервера
