16.02.2020 11:16:56 : Запущено слушание клиентов и найдена директория темповых файлов
16.02.2020 11:16:56 : C:\Windows\system32
16.02.2020 11:17:00 : Закрытие сервера
16.02.2020 16:45:29 : Запущено слушание клиентов и найдена директория темповых файлов
16.02.2020 16:45:29 : C:\Users\thedr\Desktop\Works\SZMK_Decode\Decode\Decode\bin\Debug
16.02.2020 16:45:30 : Сервер свернут в трей
16.02.2020 16:47:12 : Была проведена проверка соединения пользователем ROOT
16.02.2020 16:47:27 : Была проведена проверка соединения пользователем AR
16.02.2020 16:47:42 : Был присоединен пользователь AR
16.02.2020 16:47:42 : Был получен файл: C:\Users\thedr\Desktop\Works\SZMK\TestData\Чертежи и бланки СЗМК\1852(26)_207_G-6_13.12.2019T131227.tiff
16.02.2020 16:47:42 : Bytescout.BarCodeReader.BarcodeException: Trial period expired.
   в Bytescout.BarCodeReader.Internal.RegInfo..ctor()
   в Bytescout.BarCodeReader.Reader..ctor()
   в Decode.Decode.TIFF(String path) в C:\Users\thedr\Desktop\Works\SZMK_Decode\Decode\Decode\Decode.cs:строка 17
16.02.2020 16:47:42 : Были отправлены данные: Trial period expired.
16.02.2020 16:47:42 : Был отключен пользователь AR
16.02.2020 16:47:43 : Был присоединен пользователь AR
16.02.2020 16:47:43 : Был получен файл: C:\Users\thedr\Desktop\Works\SZMK\TestData\Чертежи и бланки СЗМК\1852(26)_224_G-23_13.12.2019T131339.tiff
16.02.2020 16:47:43 : Bytescout.BarCodeReader.BarcodeException: Trial period expired.
   в Bytescout.BarCodeReader.Internal.RegInfo..ctor()
   в Bytescout.BarCodeReader.Reader..ctor()
   в Decode.Decode.TIFF(String path) в C:\Users\thedr\Desktop\Works\SZMK_Decode\Decode\Decode\Decode.cs:строка 17
16.02.2020 16:47:43 : Были отправлены данные: Trial period expired.
16.02.2020 16:47:43 : Был отключен пользователь AR
16.02.2020 16:47:51 : Сервер развернут из трея
16.02.2020 16:47:52 : Сервер развернут из трея
16.02.2020 16:47:56 : Сервер свернут в трей
16.02.2020 16:48:15 : Сервер развернут из трея
16.02.2020 16:48:18 : Сервер свернут в трей
16.02.2020 16:48:20 : Сервер развернут из трея
16.02.2020 16:48:22 : Закрытие сервера
16.02.2020 17:35:49 : Запущено слушание клиентов и найдена директория темповых файлов
16.02.2020 17:35:49 : C:\Users\thedr\Desktop\Works\SZMK_Decode\Decode\Decode\bin\Debug
16.02.2020 17:35:55 : Сервер свернут в трей
16.02.2020 17:35:57 : Была проведена проверка соединения пользователем ROOT
16.02.2020 17:36:08 : Была проведена проверка соединения пользователем AR
16.02.2020 17:38:44 : Сервер развернут из трея
16.02.2020 17:38:48 : Сервер свернут в трей
16.02.2020 17:39:02 : Была проведена проверка соединения пользователем ROOT
16.02.2020 19:53:32 : Сервер развернут из трея
16.02.2020 19:53:33 : Закрытие сервера
