30.01.2020 15:38:34 : Запущено слушание клиентов и найдена директория темповых файлов
30.01.2020 15:38:34 : C:\Users\thedr\Desktop\Works\SZMK_Decode\Decode\Decode\bin\Debug
30.01.2020 15:39:51 : Была проведена проверка соединения пользователем AR
30.01.2020 15:39:58 : Был присоединен пользователь AR
30.01.2020 15:39:58 : Был получен файл: C:\Users\thedr\Desktop\SCAN2\SZMK_20200130_0001.TIF
30.01.2020 15:39:58 : Были отправлены данные: 1852(17)_0425и1_G-3_Сторожилов А.С._512_17.26
30.01.2020 15:39:58 : Был отключен пользователь AR
30.01.2020 15:39:59 : Был присоединен пользователь AR
30.01.2020 15:39:59 : Был получен файл: C:\Users\thedr\Desktop\SCAN2\SZMK_20200130_0002.TIF
30.01.2020 15:39:59 : Были отправлены данные: 1852(17)_0430и1_G-8_Сторожилов А.С._800_34.77
30.01.2020 15:39:59 : Был отключен пользователь AR
30.01.2020 15:39:59 : Был присоединен пользователь AR
30.01.2020 15:39:59 : Был получен файл: C:\Users\thedr\Desktop\SCAN2\SZMK_20200130_0003.TIF
30.01.2020 15:39:59 : Были отправлены данные: 1852(17)_0432и1_G-10_Сторожилов А.С._319_8.96
30.01.2020 15:39:59 : Был отключен пользователь AR
30.01.2020 15:40:00 : Был присоединен пользователь AR
30.01.2020 15:40:00 : Был получен файл: C:\Users\thedr\Desktop\SCAN2\SZMK_20200130_0004.TIF
30.01.2020 15:40:00 : Были отправлены данные: 1852(17)_0436и1_G-15_Сторожилов А.С._694_21.36
30.01.2020 15:40:00 : Был отключен пользователь AR
30.01.2020 15:40:01 : Был присоединен пользователь AR
30.01.2020 15:40:01 : Был получен файл: C:\Users\thedr\Desktop\SCAN2\SZMK_20200130_0005.TIF
30.01.2020 15:40:01 : Были отправлены данные: 1852(17)_0437и1_G-16_Сторожилов А.С._694_20.34
30.01.2020 15:40:01 : Был отключен пользователь AR
30.01.2020 15:40:01 : Был присоединен пользователь AR
30.01.2020 15:40:01 : Был получен файл: C:\Users\thedr\Desktop\SCAN2\SZMK_20200130_0006.TIF
30.01.2020 15:40:02 : Были отправлены данные: 1852(17)_0438и1_G-17_Сторожилов А.С._289_6.39
30.01.2020 15:40:02 : Был отключен пользователь AR
30.01.2020 15:40:02 : Был присоединен пользователь AR
30.01.2020 15:40:02 : Был получен файл: C:\Users\thedr\Desktop\SCAN2\SZMK_20200130_0007.TIF
30.01.2020 15:40:02 : Были отправлены данные: 1852(17)_0439и1_G-18_Сторожилов А.С._1000_29.89
30.01.2020 15:40:02 : Был отключен пользователь AR
30.01.2020 15:40:03 : Был присоединен пользователь AR
30.01.2020 15:40:03 : Был получен файл: C:\Users\thedr\Desktop\SCAN2\SZMK_20200130_0008.TIF
30.01.2020 15:40:03 : Были отправлены данные: 1852(17)_0440и1_G-19_Сторожилов А.С._980_29.16
30.01.2020 15:40:03 : Был отключен пользователь AR
30.01.2020 15:40:03 : Был присоединен пользователь AR
30.01.2020 15:40:03 : Был получен файл: C:\Users\thedr\Desktop\SCAN2\SZMK_20200130_0009.TIF
30.01.2020 15:40:03 : Были отправлены данные: 1852(17)_0441и1_G-20_Сторожилов А.С._980_31.76
30.01.2020 15:40:03 : Был отключен пользователь AR
30.01.2020 15:40:04 : Был присоединен пользователь AR
30.01.2020 15:40:04 : Был получен файл: C:\Users\thedr\Desktop\SCAN2\SZMK_20200130_0010.TIF
30.01.2020 15:40:04 : Были отправлены данные: 1852(17)_0442и1_G-21_Сторожилов А.С._439_10.15
30.01.2020 15:40:04 : Был отключен пользователь AR
30.01.2020 15:40:04 : Был присоединен пользователь AR
30.01.2020 15:40:04 : Был получен файл: C:\Users\thedr\Desktop\SCAN2\SZMK_20200130_0011.TIF
30.01.2020 15:40:05 : Были отправлены данные: 1852(17)_0443и1_G-22_Сторожилов А.С._450_10.41
30.01.2020 15:40:05 : Был отключен пользователь AR
30.01.2020 15:40:05 : Был присоединен пользователь AR
30.01.2020 15:40:05 : Был получен файл: C:\Users\thedr\Desktop\SCAN2\SZMK_20200130_0012.TIF
30.01.2020 15:40:05 : Были отправлены данные: 1852(17)_0444и1_G-23_Сторожилов А.С._569_17.92
30.01.2020 15:40:05 : Был отключен пользователь AR
30.01.2020 15:40:06 : Был присоединен пользователь AR
30.01.2020 15:40:06 : Был получен файл: C:\Users\thedr\Desktop\SCAN2\SZMK_20200130_0013.TIF
30.01.2020 15:40:06 : Были отправлены данные: 1852(17)_0445и1_G-24_Сторожилов А.С._1000_29.87
30.01.2020 15:40:06 : Был отключен пользователь AR
30.01.2020 15:40:06 : Был присоединен пользователь AR
30.01.2020 15:40:06 : Был получен файл: C:\Users\thedr\Desktop\SCAN2\SZMK_20200130_0014.TIF
30.01.2020 15:40:07 : Были отправлены данные: 1852(17)_0446и1_G-25_Сторожилов А.С._1000_29.87
30.01.2020 15:40:07 : Был отключен пользователь AR
30.01.2020 15:40:07 : Был присоединен пользователь AR
30.01.2020 15:40:07 : Был получен файл: C:\Users\thedr\Desktop\SCAN2\SZMK_20200130_0015.TIF
30.01.2020 15:40:07 : Были отправлены данные: 1852(17)_0447и1_G-26_Сторожилов А.С._1000_21.48
30.01.2020 15:40:07 : Был отключен пользователь AR
30.01.2020 15:40:08 : Был присоединен пользователь AR
30.01.2020 15:40:08 : Был получен файл: C:\Users\thedr\Desktop\SCAN2\SZMK_20200130_0016.TIF
30.01.2020 15:40:08 : Были отправлены данные: 1852(17)_0448и1_G-27_Сторожилов А.С._810_19.43
30.01.2020 15:40:08 : Был отключен пользователь AR
30.01.2020 15:40:08 : Был присоединен пользователь AR
30.01.2020 15:40:08 : Был получен файл: C:\Users\thedr\Desktop\SCAN2\SZMK_20200130_0017.TIF
30.01.2020 15:40:09 : Были отправлены данные: 1852(17)_0449и1_G-28_Сторожилов А.С._694_21.7
30.01.2020 15:40:09 : Был отключен пользователь AR
30.01.2020 15:40:09 : Был присоединен пользователь AR
30.01.2020 15:40:09 : Был получен файл: C:\Users\thedr\Desktop\SCAN2\SZMK_20200130_0018.TIF
30.01.2020 15:40:09 : Были отправлены данные: 1852(17)_0450и1_G-29_Сторожилов А.С._1000_21.48
30.01.2020 15:40:09 : Был отключен пользователь AR
30.01.2020 15:40:10 : Был присоединен пользователь AR
30.01.2020 15:40:10 : Был получен файл: C:\Users\thedr\Desktop\SCAN2\SZMK_20200130_0019.TIF
30.01.2020 15:40:10 : Были отправлены данные: 1852(17)_0451и1_G-30_Сторожилов А.С._1000_32.87
30.01.2020 15:40:10 : Был отключен пользователь AR
30.01.2020 15:40:10 : Был присоединен пользователь AR
30.01.2020 15:40:10 : Был получен файл: C:\Users\thedr\Desktop\SCAN2\SZMK_20200130_0020.TIF
30.01.2020 15:40:11 : Были отправлены данные: 1852(17)_0453и1_G-32_Сторожилов А.С._604_19.09
30.01.2020 15:40:11 : Был отключен пользователь AR
30.01.2020 15:40:11 : Был присоединен пользователь AR
30.01.2020 15:40:11 : Был получен файл: C:\Users\thedr\Desktop\SCAN2\SZMK_20200130_0021.TIF
30.01.2020 15:40:11 : Были отправлены данные: 1852(17)_0454и1_G-33_Сторожилов А.С._1000_21.48
30.01.2020 15:40:11 : Был отключен пользователь AR
30.01.2020 15:40:12 : Был присоединен пользователь AR
30.01.2020 15:40:12 : Был получен файл: C:\Users\thedr\Desktop\SCAN2\SZMK_20200130_0022.TIF
30.01.2020 15:40:12 : Были отправлены данные: 1852(17)_0455и1_G-34_Сторожилов А.С._690_21.58
30.01.2020 15:40:12 : Был отключен пользователь AR
30.01.2020 15:40:12 : Был присоединен пользователь AR
30.01.2020 15:40:12 : Был получен файл: C:\Users\thedr\Desktop\SCAN2\SZMK_20200130_0023.TIF
30.01.2020 15:40:13 : Были отправлены данные: 1852(17)_0456и1_G-35_Сторожилов А.С._1000_29.78
30.01.2020 15:40:13 : Был отключен пользователь AR
30.01.2020 15:40:13 : Был присоединен пользователь AR
30.01.2020 15:40:13 : Был получен файл: C:\Users\thedr\Desktop\SCAN2\SZMK_20200130_0024.TIF
30.01.2020 15:40:13 : Были отправлены данные: 1852(17)_0457и1_G-36_Сторожилов А.С._1000_21.48
30.01.2020 15:40:13 : Был отключен пользователь AR
30.01.2020 15:40:14 : Был присоединен пользователь AR
30.01.2020 15:40:14 : Был получен файл: C:\Users\thedr\Desktop\SCAN2\SZMK_20200130_0025.TIF
30.01.2020 15:40:14 : Были отправлены данные: 1852(17)_0458и1_G-38_Сторожилов А.С._960_30.86
30.01.2020 15:40:14 : Был отключен пользователь AR
30.01.2020 15:40:14 : Был присоединен пользователь AR
30.01.2020 15:40:14 : Был получен файл: C:\Users\thedr\Desktop\SCAN2\SZMK_20200130_0026.TIF
30.01.2020 15:40:15 : Были отправлены данные: 1852(17)_0460и1_G-41_Сторожилов А.С._1000_29.84
30.01.2020 15:40:15 : Был отключен пользователь AR
30.01.2020 15:40:15 : Был присоединен пользователь AR
30.01.2020 15:40:15 : Был получен файл: C:\Users\thedr\Desktop\SCAN2\SZMK_20200130_0027.TIF
30.01.2020 15:40:15 : Были отправлены данные: 1852(17)_0461и1_G-42_Сторожилов А.С._900_28.65
30.01.2020 15:40:15 : Был отключен пользователь AR
30.01.2020 15:40:16 : Был присоединен пользователь AR
30.01.2020 15:40:16 : Был получен файл: C:\Users\thedr\Desktop\SCAN2\SZMK_20200130_0028.TIF
30.01.2020 15:40:16 : Были отправлены данные: 1852(17)_0462и1_G-43_Сторожилов А.С._1000_19.94
30.01.2020 15:40:16 : Был отключен пользователь AR
30.01.2020 15:40:17 : Был присоединен пользователь AR
30.01.2020 15:40:17 : Был получен файл: C:\Users\thedr\Desktop\SCAN2\SZMK_20200130_0029.TIF
30.01.2020 15:40:17 : Были отправлены данные: 1852(17)_0463и1_G-44_Сторожилов А.С._690_21.17
30.01.2020 15:40:17 : Был отключен пользователь AR
30.01.2020 15:40:17 : Был присоединен пользователь AR
30.01.2020 15:40:17 : Был получен файл: C:\Users\thedr\Desktop\SCAN2\SZMK_20200130_0030.TIF
30.01.2020 15:40:18 : Были отправлены данные: 1852(17)_0466и1_G-47_Сторожилов А.С._1000_32.05
30.01.2020 15:40:18 : Был отключен пользователь AR
30.01.2020 15:40:18 : Был присоединен пользователь AR
30.01.2020 15:40:18 : Был получен файл: C:\Users\thedr\Desktop\SCAN2\SZMK_20200130_0031.TIF
30.01.2020 15:40:18 : Были отправлены данные: 1852(17)_0475и1_G-56_Сторожилов А.С._970_28.36
30.01.2020 15:40:18 : Был отключен пользователь AR
30.01.2020 15:40:19 : Был присоединен пользователь AR
30.01.2020 15:40:19 : Был получен файл: C:\Users\thedr\Desktop\SCAN2\SZMK_20200130_0032.TIF
30.01.2020 15:40:19 : Были отправлены данные: 1852(17)_0476и1_G-57_Сторожилов А.С._1000_34.75
30.01.2020 15:40:19 : Был отключен пользователь AR
30.01.2020 15:40:19 : Был присоединен пользователь AR
30.01.2020 15:40:19 : Был получен файл: C:\Users\thedr\Desktop\SCAN2\SZMK_20200130_0033.TIF
30.01.2020 15:40:20 : Были отправлены данные: 1852(17)_0484и1_G-65_Сторожилов А.С._555_15.67
30.01.2020 15:40:20 : Был отключен пользователь AR
30.01.2020 15:40:20 : Был присоединен пользователь AR
30.01.2020 15:40:20 : Был получен файл: C:\Users\thedr\Desktop\SCAN2\SZMK_20200130_0034.TIF
30.01.2020 15:40:20 : Были отправлены данные: 1852(17)_0487и1_G-68_Сторожилов А.С._690_19.2
30.01.2020 15:40:20 : Был отключен пользователь AR
30.01.2020 15:40:21 : Был присоединен пользователь AR
30.01.2020 15:40:21 : Был получен файл: C:\Users\thedr\Desktop\SCAN2\SZMK_20200130_0035.TIF
30.01.2020 15:40:21 : Были отправлены данные: 1852(17)_0488и1_G-69_Сторожилов А.С._730_23.9
30.01.2020 15:40:21 : Был отключен пользователь AR
30.01.2020 15:40:21 : Был присоединен пользователь AR
30.01.2020 15:40:21 : Был получен файл: C:\Users\thedr\Desktop\SCAN2\SZMK_20200130_0036.TIF
30.01.2020 15:40:22 : Были отправлены данные: 1852(17)_0492и1_G-73_Сторожилов А.С._465_12.18
30.01.2020 15:40:22 : Был отключен пользователь AR
30.01.2020 15:40:22 : Был присоединен пользователь AR
30.01.2020 15:40:22 : Был получен файл: C:\Users\thedr\Desktop\SCAN2\SZMK_20200130_0037.TIF
30.01.2020 15:40:22 : Были отправлены данные: 1852(17)_0496и1_G-77_Сторожилов А.С._1000_36.95
30.01.2020 15:40:22 : Был отключен пользователь AR
30.01.2020 15:40:23 : Был присоединен пользователь AR
30.01.2020 15:40:23 : Был получен файл: C:\Users\thedr\Desktop\SCAN2\SZMK_20200130_0038.TIF
30.01.2020 15:40:23 : Были отправлены данные: 1852(17)_0497и1_G-78_Сторожилов А.С._1000_28.44
30.01.2020 15:40:23 : Был отключен пользователь AR
30.01.2020 15:42:21 : Сервер свернут в трей
30.01.2020 15:42:29 : Сервер развернут из трея
30.01.2020 15:42:31 : Закрытие сервера
30.01.2020 15:45:16 : Запущено слушание клиентов и найдена директория темповых файлов
30.01.2020 15:45:16 : C:\Users\thedr\Desktop\Works\SZMK_Decode\Decode\Decode\bin\Debug
30.01.2020 15:45:18 : Сервер свернут в трей
30.01.2020 15:53:19 : Сервер свернут в трей
