28.01.2020 13:12:40 : Запущено слушание клиентов и найдена директория темповых файлов
28.01.2020 13:12:40 : C:\Users\thedr\Desktop\Works\SZMK_Decode\Decode\Decode\bin\Debug
28.01.2020 13:12:41 : Сервер свернут в трей
28.01.2020 13:13:31 : Сервер развернут из трея
28.01.2020 13:13:36 : Сервер свернут в трей
28.01.2020 13:13:56 : Была проведена проверка соединения пользователем ROOT
28.01.2020 13:14:09 : Была проведена проверка соединения пользователем AR
28.01.2020 13:14:25 : Был присоединен пользователь AR
28.01.2020 13:14:25 : Был получен файл: C:\Users\thedr\Desktop\Works\SZMK\TestData\Архив\1852(16)\1852(16)_531_H-34_ШипуноваЕ.А._3520_60,79.tiff
28.01.2020 13:14:26 : Были отправлены данные: 1852(16)_531_H-34_Шипунова Е.А._3520_60,79
28.01.2020 13:14:26 : Был отключен пользователь AR
28.01.2020 13:14:26 : Был присоединен пользователь AR
28.01.2020 13:14:26 : Был получен файл: C:\Users\thedr\Desktop\Works\SZMK\TestData\Архив\1852(16)\1852(16)_532_H-35_ШипуноваЕ.А._2820_48,7.tiff
28.01.2020 13:14:27 : Были отправлены данные: 1852(16)_532_H-35_Шипунова Е.А._2820_48,7
28.01.2020 13:14:27 : Был отключен пользователь AR
28.01.2020 13:14:27 : Был присоединен пользователь AR
28.01.2020 13:14:27 : Был получен файл: C:\Users\thedr\Desktop\Works\SZMK\TestData\Архив\1852(16)\1852(16)_536_H-33_ШипуноваЕ.А._2930_50,6.tiff
28.01.2020 13:14:28 : Были отправлены данные: 1852(16)_536_H-33_Шипунова Е.А._2930_50,6
28.01.2020 13:14:28 : Был отключен пользователь AR
28.01.2020 16:54:26 : Сервер развернут из трея
28.01.2020 16:55:08 : Была проведена проверка соединения пользователем ROOT
28.01.2020 16:55:22 : Была проведена проверка соединения пользователем AR
28.01.2020 16:55:34 : Был присоединен пользователь AR
28.01.2020 16:55:34 : Был получен файл: C:\Users\thedr\Desktop\SCAN2\SZMK_20200127_0185.TIF
28.01.2020 16:55:35 : Были отправлены данные: 2413(28)_62_Л1-4_Аньшаков А.Е._2695_46,08
28.01.2020 16:55:35 : Был отключен пользователь AR
28.01.2020 16:55:35 : Был присоединен пользователь AR
28.01.2020 16:55:35 : Был получен файл: C:\Users\thedr\Desktop\SCAN2\SZMK_20200127_0237.TIF
28.01.2020 16:55:36 : Были отправлены данные: 2113(91)_102_Б2-12_Четвергова И.П._1102_13,5
28.01.2020 16:55:36 : Был отключен пользователь AR
28.01.2020 16:55:36 : Был присоединен пользователь AR
28.01.2020 16:55:36 : Был получен файл: C:\Users\thedr\Desktop\SCAN2\SZMK_20200127_0238.TIF
28.01.2020 16:55:36 : Были отправлены данные: 2113(91)_108_МД-3_Четвергова И.П._225,18_3,71
28.01.2020 16:55:36 : Был отключен пользователь AR
28.01.2020 16:55:37 : Был присоединен пользователь AR
28.01.2020 16:55:37 : Был получен файл: C:\Users\thedr\Desktop\SCAN2\SZMK_20200127_0239.TIF
28.01.2020 16:55:37 : Были отправлены данные: 2113(91)_109_МД-4_Четвергова И.П._150_4,24
28.01.2020 16:55:37 : Был отключен пользователь AR
28.01.2020 16:55:38 : Был присоединен пользователь AR
28.01.2020 16:55:38 : Был получен файл: C:\Users\thedr\Desktop\SCAN2\SZMK_20200127_0240.TIF
28.01.2020 16:55:38 : Были отправлены данные: 2113(91)_110_ПЛ1-14_Четвергова И.П._1570_19,38
28.01.2020 16:55:38 : Был отключен пользователь AR
28.01.2020 16:55:38 : Был присоединен пользователь AR
28.01.2020 16:55:38 : Был получен файл: C:\Users\thedr\Desktop\SCAN2\SZMK_20200127_0241.TIF
28.01.2020 16:55:39 : Были отправлены данные: 2113(91)_111_ПЛ1-15_Четвергова И.П._1516,25_18,72
28.01.2020 16:55:39 : Был отключен пользователь AR
28.01.2020 16:55:39 : Был присоединен пользователь AR
28.01.2020 16:55:39 : Был получен файл: C:\Users\thedr\Desktop\SCAN2\SZMK_20200127_0242.TIF
28.01.2020 16:55:39 : Были отправлены данные: 2113(91)_112_ПЛ1-16_Четвергова И.П._1516,25_18,72
28.01.2020 16:55:39 : Был отключен пользователь AR
28.01.2020 16:55:40 : Был присоединен пользователь AR
28.01.2020 16:55:40 : Был получен файл: C:\Users\thedr\Desktop\SCAN2\SZMK_20200127_0243.TIF
28.01.2020 16:55:40 : Были отправлены данные: 2113(91)_113_ПЛ1-17_Четвергова И.П._2180_36,22
28.01.2020 16:55:40 : Был отключен пользователь AR
28.01.2020 16:55:40 : Был присоединен пользователь AR
28.01.2020 16:55:40 : Был получен файл: C:\Users\thedr\Desktop\SCAN2\SZMK_20200127_0244.TIF
28.01.2020 16:55:41 : Были отправлены данные: 2113(91)_114_ПЛ1-18_Четвергова И.П._2180_36,22
28.01.2020 16:55:41 : Был отключен пользователь AR
28.01.2020 16:55:41 : Был присоединен пользователь AR
28.01.2020 16:55:41 : Был получен файл: C:\Users\thedr\Desktop\SCAN2\SZMK_20200127_0245.TIF
28.01.2020 16:55:42 : Были отправлены данные: 2113(91)_115_ПЛ1-19_Четвергова И.П._2180_5,96
28.01.2020 16:55:42 : Был отключен пользователь AR
28.01.2020 16:55:42 : Был присоединен пользователь AR
28.01.2020 16:55:42 : Был получен файл: C:\Users\thedr\Desktop\SCAN2\SZMK_20200127_0246.TIF
28.01.2020 16:55:42 : Были отправлены данные: 2113(91)_116_ПЛ1-20_Четвергова И.П._2180_5,96
28.01.2020 16:55:42 : Был отключен пользователь AR
28.01.2020 16:55:43 : Был присоединен пользователь AR
28.01.2020 16:55:43 : Был получен файл: C:\Users\thedr\Desktop\SCAN2\SZMK_20200127_0247.TIF
28.01.2020 16:55:44 : Были отправлены данные: 2113(91)_99_Б2-9_Четвергова И.П._1047_14,41
28.01.2020 16:55:44 : Был отключен пользователь AR
28.01.2020 16:55:45 : Был присоединен пользователь AR
28.01.2020 16:55:45 : Был получен файл: C:\Users\thedr\Desktop\SCAN2\SZMK_20200127_0248.TIF
28.01.2020 16:55:46 : Были отправлены данные: 2113(91)_100_Б2-10_Четвергова И.П._2595_36,09
28.01.2020 16:55:46 : Был отключен пользователь AR
28.01.2020 16:55:47 : Был присоединен пользователь AR
28.01.2020 16:55:47 : Был получен файл: C:\Users\thedr\Desktop\SCAN2\SZMK_20200127_0249.TIF
28.01.2020 16:55:48 : Были отправлены данные: 2113(91)_101_Б2-11_Четвергова И.П._2595_36,09
28.01.2020 16:55:48 : Был отключен пользователь AR
28.01.2020 16:55:49 : Был присоединен пользователь AR
28.01.2020 16:55:49 : Был получен файл: C:\Users\thedr\Desktop\SCAN2\SZMK_20200127_0250.TIF
28.01.2020 16:55:50 : Были отправлены данные: 2113(91)_106_КР1-10_Четвергова И.П._1351,24_20,42
28.01.2020 16:55:50 : Был отключен пользователь AR
28.01.2020 16:55:51 : Был присоединен пользователь AR
28.01.2020 16:55:51 : Был получен файл: C:\Users\thedr\Desktop\SCAN2\SZMK_20200127_0251.TIF
28.01.2020 16:55:52 : Были отправлены данные: 2113(91)_107_КР1-11_Четвергова И.П._1454,47_21,84
28.01.2020 16:55:52 : Был отключен пользователь AR
28.01.2020 16:55:52 : Был присоединен пользователь AR
28.01.2020 16:55:52 : Был получен файл: C:\Users\thedr\Desktop\SCAN2\SZMK_20200127_0252.TIF
28.01.2020 16:55:52 : Были отправлены данные: 2413(28)_92_СВ1-6_Аньшаков А.Е._764_8,25
28.01.2020 16:55:52 : Был отключен пользователь AR
28.01.2020 16:55:53 : Был присоединен пользователь AR
28.01.2020 16:55:53 : Был получен файл: C:\Users\thedr\Desktop\SCAN2\SZMK_20200127_0253.TIF
28.01.2020 16:55:53 : Были отправлены данные: 2413(28)_93_СВ1-7_Аньшаков А.Е._1130_12,2
28.01.2020 16:55:53 : Был отключен пользователь AR
28.01.2020 16:55:54 : Был присоединен пользователь AR
28.01.2020 16:55:54 : Был получен файл: C:\Users\thedr\Desktop\SCAN2\SZMK_20200127_0254.TIF
28.01.2020 16:55:58 : Были отправлены данные: Не правильно
28.01.2020 16:55:58 : Был отключен пользователь AR
28.01.2020 16:55:59 : Был присоединен пользователь AR
28.01.2020 16:55:59 : Был получен файл: C:\Users\thedr\Desktop\SCAN2\SZMK_20200127_0255.TIF
28.01.2020 16:56:00 : Были отправлены данные: 2413(28)_62_Л1-4_Аньшаков А.Е._2695_46,08
28.01.2020 16:56:00 : Был отключен пользователь AR
28.01.2020 16:56:01 : Был присоединен пользователь AR
28.01.2020 16:56:01 : Был получен файл: C:\Users\thedr\Desktop\SCAN2\SZMK_20200127_0256.TIF
28.01.2020 16:56:03 : Были отправлены данные: Не правильно
28.01.2020 16:56:03 : Был отключен пользователь AR
28.01.2020 16:56:03 : Был присоединен пользователь AR
28.01.2020 16:56:03 : Был получен файл: C:\Users\thedr\Desktop\SCAN2\SZMK_20200127_0257.TIF
28.01.2020 16:56:05 : Были отправлены данные: Не правильно
28.01.2020 16:56:05 : Был отключен пользователь AR
28.01.2020 16:56:06 : Был присоединен пользователь AR
28.01.2020 16:56:06 : Был получен файл: C:\Users\thedr\Desktop\SCAN2\SZMK_20200127_0258.TIF
28.01.2020 16:56:07 : Были отправлены данные: 2413(28)_65_ОГ1-3_Аньшаков А.Е._3895_60,93
28.01.2020 16:56:07 : Был отключен пользователь AR
28.01.2020 16:56:08 : Был присоединен пользователь AR
28.01.2020 16:56:08 : Был получен файл: C:\Users\thedr\Desktop\SCAN2\SZMK_20200127_0259.TIF
28.01.2020 16:56:10 : Были отправлены данные: Не правильно
28.01.2020 16:56:10 : Был отключен пользователь AR
28.01.2020 16:56:10 : Был присоединен пользователь AR
28.01.2020 16:56:10 : Был получен файл: C:\Users\thedr\Desktop\SCAN2\SZMK_20200127_0260.TIF
28.01.2020 16:56:12 : Были отправлены данные: Не правильно
28.01.2020 16:56:12 : Был отключен пользователь AR
28.01.2020 16:56:13 : Был присоединен пользователь AR
28.01.2020 16:56:13 : Был получен файл: C:\Users\thedr\Desktop\SCAN2\SZMK_20200127_0261.TIF
28.01.2020 16:56:14 : Были отправлены данные: Не правильно
28.01.2020 16:56:14 : Был отключен пользователь AR
28.01.2020 16:56:15 : Был присоединен пользователь AR
28.01.2020 16:56:15 : Был получен файл: C:\Users\thedr\Desktop\SCAN2\SZMK_20200127_0262.TIF
28.01.2020 16:56:17 : Были отправлены данные: Не правильно
28.01.2020 16:56:17 : Был отключен пользователь AR
28.01.2020 16:56:17 : Был присоединен пользователь AR
28.01.2020 16:56:17 : Был получен файл: C:\Users\thedr\Desktop\SCAN2\SZMK_20200127_0263.TIF
28.01.2020 16:56:19 : Были отправлены данные: Не правильно
28.01.2020 16:56:19 : Был отключен пользователь AR
28.01.2020 16:56:20 : Был присоединен пользователь AR
28.01.2020 16:56:20 : Был получен файл: C:\Users\thedr\Desktop\SCAN2\SZMK_20200127_0264.TIF
28.01.2020 16:56:21 : Были отправлены данные: Не правильно
28.01.2020 16:56:21 : Был отключен пользователь AR
28.01.2020 16:56:22 : Был присоединен пользователь AR
28.01.2020 16:56:22 : Был получен файл: C:\Users\thedr\Desktop\SCAN2\SZMK_20200127_0265.TIF
28.01.2020 16:56:23 : Были отправлены данные: Не правильно
28.01.2020 16:56:23 : Был отключен пользователь AR
28.01.2020 16:56:24 : Был присоединен пользователь AR
28.01.2020 16:56:24 : Был получен файл: C:\Users\thedr\Desktop\SCAN2\SZMK_20200127_0266.TIF
28.01.2020 16:56:25 : Были отправлены данные: Не правильно
28.01.2020 16:56:25 : Был отключен пользователь AR
28.01.2020 16:56:26 : Был присоединен пользователь AR
28.01.2020 16:56:26 : Был получен файл: C:\Users\thedr\Desktop\SCAN2\SZMK_20200127_0267.TIF
28.01.2020 16:56:27 : Были отправлены данные: Не правильно
28.01.2020 16:56:27 : Был отключен пользователь AR
28.01.2020 16:56:28 : Был присоединен пользователь AR
28.01.2020 16:56:28 : Был получен файл: C:\Users\thedr\Desktop\SCAN2\SZMK_20200127_0268.TIF
28.01.2020 16:56:30 : Были отправлены данные: 2413(28)_75_ОГ1-13_Аньшаков А.Е._1255_21,35
28.01.2020 16:56:30 : Был отключен пользователь AR
28.01.2020 16:56:30 : Был присоединен пользователь AR
28.01.2020 16:56:30 : Был получен файл: C:\Users\thedr\Desktop\SCAN2\SZMK_20200127_0269.TIF
28.01.2020 16:56:32 : Были отправлены данные: 2413(28)_76_ОГ1-14_Аньшаков А.Е._1300_21,53
28.01.2020 16:56:32 : Был отключен пользователь AR
28.01.2020 16:56:33 : Был присоединен пользователь AR
28.01.2020 16:56:33 : Был получен файл: C:\Users\thedr\Desktop\SCAN2\SZMK_20200127_0270.TIF
28.01.2020 16:56:34 : Были отправлены данные: Не правильно
28.01.2020 16:56:34 : Был отключен пользователь AR
28.01.2020 16:56:35 : Был присоединен пользователь AR
28.01.2020 16:56:35 : Был получен файл: C:\Users\thedr\Desktop\SCAN2\SZMK_20200127_0271.TIF
28.01.2020 16:56:37 : Были отправлены данные: Не правильно
28.01.2020 16:56:37 : Был отключен пользователь AR
28.01.2020 16:56:37 : Был присоединен пользователь AR
28.01.2020 16:56:37 : Был получен файл: C:\Users\thedr\Desktop\SCAN2\SZMK_20200127_0272.TIF
28.01.2020 16:56:39 : Были отправлены данные: Не правильно
28.01.2020 16:56:39 : Был отключен пользователь AR
28.01.2020 16:56:40 : Был присоединен пользователь AR
28.01.2020 16:56:40 : Был получен файл: C:\Users\thedr\Desktop\SCAN2\SZMK_20200127_0273.TIF
28.01.2020 16:56:41 : Были отправлены данные: Не правильно
28.01.2020 16:56:41 : Был отключен пользователь AR
28.01.2020 16:56:42 : Был присоединен пользователь AR
28.01.2020 16:56:42 : Был получен файл: C:\Users\thedr\Desktop\SCAN2\SZMK_20200127_0274.TIF
28.01.2020 16:56:44 : Были отправлены данные: Не правильно
28.01.2020 16:56:44 : Был отключен пользователь AR
28.01.2020 16:56:44 : Был присоединен пользователь AR
28.01.2020 16:56:44 : Был получен файл: C:\Users\thedr\Desktop\SCAN2\SZMK_20200127_0275.TIF
28.01.2020 16:56:46 : Были отправлены данные: Не правильно
28.01.2020 16:56:46 : Был отключен пользователь AR
28.01.2020 16:56:46 : Был присоединен пользователь AR
28.01.2020 16:56:46 : Был получен файл: C:\Users\thedr\Desktop\SCAN2\SZMK_20200127_0276.TIF
28.01.2020 16:56:48 : Были отправлены данные: 2413(28)_83_ОГ2-1_Аньшаков А.Е._2384,85_29,28
28.01.2020 16:56:48 : Был отключен пользователь AR
28.01.2020 16:56:49 : Был присоединен пользователь AR
28.01.2020 16:56:49 : Был получен файл: C:\Users\thedr\Desktop\SCAN2\SZMK_20200127_0277.TIF
28.01.2020 16:56:51 : Были отправлены данные: Не правильно
28.01.2020 16:56:51 : Был отключен пользователь AR
28.01.2020 16:56:51 : Был присоединен пользователь AR
28.01.2020 16:56:51 : Был получен файл: C:\Users\thedr\Desktop\SCAN2\SZMK_20200127_0278.TIF
28.01.2020 16:56:53 : Были отправлены данные: 2413(28)_85_ОГ2-3_Аньшаков А.Е._2134,85_20,62
28.01.2020 16:56:53 : Был отключен пользователь AR
28.01.2020 16:56:54 : Был присоединен пользователь AR
28.01.2020 16:56:54 : Был получен файл: C:\Users\thedr\Desktop\SCAN2\SZMK_20200127_0279.TIF
28.01.2020 16:56:55 : Были отправлены данные: 2413(28)_86_ОГ2-4_Аньшаков А.Е._2134,85_20,62
28.01.2020 16:56:55 : Был отключен пользователь AR
28.01.2020 16:56:56 : Был присоединен пользователь AR
28.01.2020 16:56:56 : Был получен файл: C:\Users\thedr\Desktop\SCAN2\SZMK_20200127_0280.TIF
28.01.2020 16:56:58 : Были отправлены данные: Не правильно
28.01.2020 16:56:58 : Был отключен пользователь AR
28.01.2020 16:56:59 : Был присоединен пользователь AR
28.01.2020 16:56:59 : Был получен файл: C:\Users\thedr\Desktop\SCAN2\SZMK_20200127_0281.TIF
28.01.2020 16:57:01 : Были отправлены данные: 2413(28)_88_ОГ2-6_Аньшаков А.Е._3934,84_46,17
28.01.2020 16:57:01 : Был отключен пользователь AR
28.01.2020 16:57:02 : Был присоединен пользователь AR
28.01.2020 16:57:02 : Был получен файл: C:\Users\thedr\Desktop\SCAN2\SZMK_20200127_0282.TIF
28.01.2020 16:57:04 : Были отправлены данные: 2413(28)_89_СВ1-3_Аньшаков А.Е._1790_36,77
28.01.2020 16:57:04 : Был отключен пользователь AR
28.01.2020 16:57:05 : Был присоединен пользователь AR
28.01.2020 16:57:05 : Был получен файл: C:\Users\thedr\Desktop\SCAN2\SZMK_20200127_0283.TIF
28.01.2020 16:57:06 : Были отправлены данные: 2413(28)_90_СВ1-4_Аньшаков А.Е._2040_41,59
28.01.2020 16:57:06 : Был отключен пользователь AR
28.01.2020 16:57:07 : Был присоединен пользователь AR
28.01.2020 16:57:07 : Был получен файл: C:\Users\thedr\Desktop\SCAN2\SZMK_20200127_0284.TIF
28.01.2020 16:57:09 : Были отправлены данные: 2413(28)_91_СВ1-5_Аньшаков А.Е._1160_23,87
28.01.2020 16:57:09 : Был отключен пользователь AR
28.01.2020 16:57:10 : Был присоединен пользователь AR
28.01.2020 16:57:10 : Был получен файл: C:\Users\thedr\Desktop\SCAN2\SZMK_20200127_0285.TIF
28.01.2020 16:57:11 : Были отправлены данные: 2113(91)_103_КР1-1_Четвергова И.П._1250_55,9
28.01.2020 16:57:11 : Был отключен пользователь AR
28.01.2020 16:57:12 : Был присоединен пользователь AR
28.01.2020 16:57:12 : Был получен файл: C:\Users\thedr\Desktop\SCAN2\SZMK_20200127_0286.TIF
28.01.2020 16:57:13 : Были отправлены данные: 2113(91)_104_КР1-8_Четвергова И.П._1250_55,9
28.01.2020 16:57:13 : Был отключен пользователь AR
28.01.2020 16:57:14 : Был присоединен пользователь AR
28.01.2020 16:57:14 : Был получен файл: C:\Users\thedr\Desktop\SCAN2\SZMK_20200127_0287.TIF
28.01.2020 16:57:15 : Были отправлены данные: 2113(91)_105_КР1-9_Четвергова И.П._1323_58,28
28.01.2020 16:57:15 : Был отключен пользователь AR
28.01.2020 16:58:02 : Был присоединен пользователь AR
28.01.2020 16:58:02 : Был получен файл: C:\Users\thedr\Desktop\SCAN2\SZMK_20200127_0237.TIF
28.01.2020 16:58:03 : Были отправлены данные: 2113(91)_102_Б2-12_Четвергова И.П._1102_13,5
28.01.2020 16:58:03 : Был отключен пользователь AR
28.01.2020 16:58:11 : Был присоединен пользователь AR
28.01.2020 16:58:11 : Был получен файл: C:\Users\thedr\Desktop\SCAN2\1852(20)_47_N-2_СтародубовА.А._4437,56_87,25.tiff
28.01.2020 16:58:12 : Были отправлены данные: 1852(20)_47_N-2_Стародубов А.А._4437,56_87,25
28.01.2020 16:58:12 : Был отключен пользователь AR
28.01.2020 16:58:25 : Был присоединен пользователь AR
28.01.2020 16:58:25 : Был получен файл: C:\Users\thedr\Desktop\SCAN2\SZMK_20200127_0246.TIF
28.01.2020 16:58:26 : Были отправлены данные: 2113(91)_116_ПЛ1-20_Четвергова И.П._2180_5,96
28.01.2020 16:58:26 : Был отключен пользователь AR
28.01.2020 16:58:48 : Был присоединен пользователь AR
28.01.2020 16:58:48 : Был получен файл: C:\Users\thedr\Desktop\SCAN2\SZMK_20200127_0244.TIF
28.01.2020 16:58:48 : Были отправлены данные: 2113(91)_114_ПЛ1-18_Четвергова И.П._2180_36,22
28.01.2020 16:58:49 : Был отключен пользователь AR
28.01.2020 16:59:46 : Была проведена проверка соединения пользователем AR
28.01.2020 16:59:51 : Был присоединен пользователь AR
28.01.2020 16:59:51 : Был получен файл: C:\Users\thedr\Desktop\SCAN2\SZMK_20200127_0185.TIF
28.01.2020 16:59:52 : Были отправлены данные: 2413(28)_62_Л1-4_Аньшаков А.Е._2695_46,08
28.01.2020 16:59:52 : Был отключен пользователь AR
28.01.2020 16:59:53 : Был присоединен пользователь AR
28.01.2020 16:59:53 : Был получен файл: C:\Users\thedr\Desktop\SCAN2\SZMK_20200127_0237.TIF
28.01.2020 16:59:53 : Были отправлены данные: 2113(91)_102_Б2-12_Четвергова И.П._1102_13,5
28.01.2020 16:59:53 : Был отключен пользователь AR
28.01.2020 16:59:53 : Был присоединен пользователь AR
28.01.2020 16:59:53 : Был получен файл: C:\Users\thedr\Desktop\SCAN2\SZMK_20200127_0238.TIF
28.01.2020 16:59:54 : Были отправлены данные: 2113(91)_108_МД-3_Четвергова И.П._225,18_3,71
28.01.2020 16:59:54 : Был отключен пользователь AR
28.01.2020 16:59:54 : Был присоединен пользователь AR
28.01.2020 16:59:54 : Был получен файл: C:\Users\thedr\Desktop\SCAN2\SZMK_20200127_0239.TIF
28.01.2020 16:59:55 : Были отправлены данные: 2113(91)_109_МД-4_Четвергова И.П._150_4,24
28.01.2020 16:59:55 : Был отключен пользователь AR
28.01.2020 16:59:55 : Был присоединен пользователь AR
28.01.2020 16:59:55 : Был получен файл: C:\Users\thedr\Desktop\SCAN2\SZMK_20200127_0240.TIF
28.01.2020 16:59:55 : Были отправлены данные: 2113(91)_110_ПЛ1-14_Четвергова И.П._1570_19,38
28.01.2020 16:59:55 : Был отключен пользователь AR
28.01.2020 16:59:56 : Был присоединен пользователь AR
28.01.2020 16:59:56 : Был получен файл: C:\Users\thedr\Desktop\SCAN2\SZMK_20200127_0241.TIF
28.01.2020 16:59:56 : Были отправлены данные: 2113(91)_111_ПЛ1-15_Четвергова И.П._1516,25_18,72
28.01.2020 16:59:56 : Был отключен пользователь AR
28.01.2020 16:59:56 : Был присоединен пользователь AR
28.01.2020 16:59:56 : Был получен файл: C:\Users\thedr\Desktop\SCAN2\SZMK_20200127_0242.TIF
28.01.2020 16:59:57 : Были отправлены данные: 2113(91)_112_ПЛ1-16_Четвергова И.П._1516,25_18,72
28.01.2020 16:59:57 : Был отключен пользователь AR
28.01.2020 16:59:57 : Был присоединен пользователь AR
28.01.2020 16:59:57 : Был получен файл: C:\Users\thedr\Desktop\SCAN2\SZMK_20200127_0243.TIF
28.01.2020 16:59:58 : Были отправлены данные: 2113(91)_113_ПЛ1-17_Четвергова И.П._2180_36,22
28.01.2020 16:59:58 : Был отключен пользователь AR
28.01.2020 16:59:58 : Был присоединен пользователь AR
28.01.2020 16:59:58 : Был получен файл: C:\Users\thedr\Desktop\SCAN2\SZMK_20200127_0244.TIF
28.01.2020 16:59:58 : Были отправлены данные: 2113(91)_114_ПЛ1-18_Четвергова И.П._2180_36,22
28.01.2020 16:59:58 : Был отключен пользователь AR
28.01.2020 16:59:59 : Был присоединен пользователь AR
28.01.2020 16:59:59 : Был получен файл: C:\Users\thedr\Desktop\SCAN2\SZMK_20200127_0245.TIF
28.01.2020 16:59:59 : Были отправлены данные: 2113(91)_115_ПЛ1-19_Четвергова И.П._2180_5,96
28.01.2020 16:59:59 : Был отключен пользователь AR
28.01.2020 16:59:59 : Был присоединен пользователь AR
28.01.2020 16:59:59 : Был получен файл: C:\Users\thedr\Desktop\SCAN2\SZMK_20200127_0246.TIF
28.01.2020 17:00:00 : Были отправлены данные: 2113(91)_116_ПЛ1-20_Четвергова И.П._2180_5,96
28.01.2020 17:00:00 : Был отключен пользователь AR
28.01.2020 17:00:01 : Был присоединен пользователь AR
28.01.2020 17:00:01 : Был получен файл: C:\Users\thedr\Desktop\SCAN2\SZMK_20200127_0247.TIF
28.01.2020 17:00:02 : Были отправлены данные: 2113(91)_99_Б2-9_Четвергова И.П._1047_14,41
28.01.2020 17:00:02 : Был отключен пользователь AR
28.01.2020 17:00:02 : Был присоединен пользователь AR
28.01.2020 17:00:02 : Был получен файл: C:\Users\thedr\Desktop\SCAN2\SZMK_20200127_0248.TIF
28.01.2020 17:00:04 : Были отправлены данные: 2113(91)_100_Б2-10_Четвергова И.П._2595_36,09
28.01.2020 17:00:04 : Был отключен пользователь AR
28.01.2020 17:00:04 : Был присоединен пользователь AR
28.01.2020 17:00:04 : Был получен файл: C:\Users\thedr\Desktop\SCAN2\SZMK_20200127_0249.TIF
28.01.2020 17:00:06 : Были отправлены данные: 2113(91)_101_Б2-11_Четвергова И.П._2595_36,09
28.01.2020 17:00:06 : Был отключен пользователь AR
28.01.2020 17:00:06 : Был присоединен пользователь AR
28.01.2020 17:00:06 : Был получен файл: C:\Users\thedr\Desktop\SCAN2\SZMK_20200127_0250.TIF
28.01.2020 17:00:07 : Были отправлены данные: 2113(91)_106_КР1-10_Четвергова И.П._1351,24_20,42
28.01.2020 17:00:07 : Был отключен пользователь AR
28.01.2020 17:00:08 : Был присоединен пользователь AR
28.01.2020 17:00:08 : Был получен файл: C:\Users\thedr\Desktop\SCAN2\SZMK_20200127_0251.TIF
28.01.2020 17:00:09 : Были отправлены данные: 2113(91)_107_КР1-11_Четвергова И.П._1454,47_21,84
28.01.2020 17:00:09 : Был отключен пользователь AR
28.01.2020 17:00:10 : Был присоединен пользователь AR
28.01.2020 17:00:10 : Был получен файл: C:\Users\thedr\Desktop\SCAN2\SZMK_20200127_0252.TIF
28.01.2020 17:00:10 : Были отправлены данные: 2413(28)_92_СВ1-6_Аньшаков А.Е._764_8,25
28.01.2020 17:00:10 : Был отключен пользователь AR
28.01.2020 17:00:11 : Был присоединен пользователь AR
28.01.2020 17:00:11 : Был получен файл: C:\Users\thedr\Desktop\SCAN2\SZMK_20200127_0253.TIF
28.01.2020 17:00:11 : Были отправлены данные: 2413(28)_93_СВ1-7_Аньшаков А.Е._1130_12,2
28.01.2020 17:00:11 : Был отключен пользователь AR
28.01.2020 17:00:11 : Был присоединен пользователь AR
28.01.2020 17:00:12 : Был получен файл: C:\Users\thedr\Desktop\SCAN2\SZMK_20200127_0254.TIF
28.01.2020 17:00:15 : Были отправлены данные: Не правильно
28.01.2020 17:00:15 : Был отключен пользователь AR
28.01.2020 17:00:16 : Был присоединен пользователь AR
28.01.2020 17:00:16 : Был получен файл: C:\Users\thedr\Desktop\SCAN2\SZMK_20200127_0255.TIF
28.01.2020 17:00:18 : Были отправлены данные: 2413(28)_62_Л1-4_Аньшаков А.Е._2695_46,08
28.01.2020 17:00:18 : Был отключен пользователь AR
28.01.2020 17:00:19 : Был присоединен пользователь AR
28.01.2020 17:00:19 : Был получен файл: C:\Users\thedr\Desktop\SCAN2\SZMK_20200127_0256.TIF
28.01.2020 17:00:20 : Были отправлены данные: Не правильно
28.01.2020 17:00:20 : Был отключен пользователь AR
28.01.2020 17:00:21 : Был присоединен пользователь AR
28.01.2020 17:00:21 : Был получен файл: C:\Users\thedr\Desktop\SCAN2\SZMK_20200127_0257.TIF
28.01.2020 17:00:23 : Были отправлены данные: Не правильно
28.01.2020 17:00:23 : Был отключен пользователь AR
28.01.2020 17:00:23 : Был присоединен пользователь AR
28.01.2020 17:00:23 : Был получен файл: C:\Users\thedr\Desktop\SCAN2\SZMK_20200127_0258.TIF
28.01.2020 17:00:25 : Были отправлены данные: 2413(28)_65_ОГ1-3_Аньшаков А.Е._3895_60,93
28.01.2020 17:00:25 : Был отключен пользователь AR
28.01.2020 17:00:26 : Был присоединен пользователь AR
28.01.2020 17:00:26 : Был получен файл: C:\Users\thedr\Desktop\SCAN2\SZMK_20200127_0259.TIF
28.01.2020 17:00:27 : Были отправлены данные: Не правильно
28.01.2020 17:00:27 : Был отключен пользователь AR
28.01.2020 17:00:28 : Был присоединен пользователь AR
28.01.2020 17:00:28 : Был получен файл: C:\Users\thedr\Desktop\SCAN2\SZMK_20200127_0260.TIF
28.01.2020 17:00:30 : Были отправлены данные: Не правильно
28.01.2020 17:00:30 : Был отключен пользователь AR
28.01.2020 17:00:31 : Был присоединен пользователь AR
28.01.2020 17:00:31 : Был получен файл: C:\Users\thedr\Desktop\SCAN2\SZMK_20200127_0261.TIF
28.01.2020 17:00:32 : Были отправлены данные: Не правильно
28.01.2020 17:00:32 : Был отключен пользователь AR
28.01.2020 17:00:33 : Был присоединен пользователь AR
28.01.2020 17:00:33 : Был получен файл: C:\Users\thedr\Desktop\SCAN2\SZMK_20200127_0262.TIF
28.01.2020 17:00:35 : Были отправлены данные: Не правильно
28.01.2020 17:00:35 : Был отключен пользователь AR
28.01.2020 17:00:35 : Был присоединен пользователь AR
28.01.2020 17:00:35 : Был получен файл: C:\Users\thedr\Desktop\SCAN2\SZMK_20200127_0263.TIF
28.01.2020 17:00:37 : Были отправлены данные: Не правильно
28.01.2020 17:00:37 : Был отключен пользователь AR
28.01.2020 17:00:38 : Был присоединен пользователь AR
28.01.2020 17:00:38 : Был получен файл: C:\Users\thedr\Desktop\SCAN2\SZMK_20200127_0264.TIF
28.01.2020 17:00:39 : Были отправлены данные: Не правильно
28.01.2020 17:00:39 : Был отключен пользователь AR
28.01.2020 17:00:40 : Был присоединен пользователь AR
28.01.2020 17:00:40 : Был получен файл: C:\Users\thedr\Desktop\SCAN2\SZMK_20200127_0265.TIF
28.01.2020 17:00:41 : Были отправлены данные: Не правильно
28.01.2020 17:00:41 : Был отключен пользователь AR
28.01.2020 17:00:42 : Был присоединен пользователь AR
28.01.2020 17:00:42 : Был получен файл: C:\Users\thedr\Desktop\SCAN2\SZMK_20200127_0266.TIF
28.01.2020 17:00:43 : Были отправлены данные: Не правильно
28.01.2020 17:00:43 : Был отключен пользователь AR
28.01.2020 17:00:44 : Был присоединен пользователь AR
28.01.2020 17:00:44 : Был получен файл: C:\Users\thedr\Desktop\SCAN2\SZMK_20200127_0267.TIF
28.01.2020 17:00:46 : Были отправлены данные: Не правильно
28.01.2020 17:00:46 : Был отключен пользователь AR
28.01.2020 17:00:46 : Был присоединен пользователь AR
28.01.2020 17:00:46 : Был получен файл: C:\Users\thedr\Desktop\SCAN2\SZMK_20200127_0268.TIF
28.01.2020 17:00:48 : Были отправлены данные: 2413(28)_75_ОГ1-13_Аньшаков А.Е._1255_21,35
28.01.2020 17:00:48 : Был отключен пользователь AR
28.01.2020 17:00:49 : Был присоединен пользователь AR
28.01.2020 17:00:49 : Был получен файл: C:\Users\thedr\Desktop\SCAN2\SZMK_20200127_0269.TIF
28.01.2020 17:00:50 : Были отправлены данные: 2413(28)_76_ОГ1-14_Аньшаков А.Е._1300_21,53
28.01.2020 17:00:50 : Был отключен пользователь AR
28.01.2020 17:00:51 : Был присоединен пользователь AR
28.01.2020 17:00:51 : Был получен файл: C:\Users\thedr\Desktop\SCAN2\SZMK_20200127_0270.TIF
28.01.2020 17:00:52 : Были отправлены данные: Не правильно
28.01.2020 17:00:52 : Был отключен пользователь AR
28.01.2020 17:00:53 : Был присоединен пользователь AR
28.01.2020 17:00:53 : Был получен файл: C:\Users\thedr\Desktop\SCAN2\SZMK_20200127_0271.TIF
28.01.2020 17:00:55 : Были отправлены данные: Не правильно
28.01.2020 17:00:55 : Был отключен пользователь AR
28.01.2020 17:00:55 : Был присоединен пользователь AR
28.01.2020 17:00:55 : Был получен файл: C:\Users\thedr\Desktop\SCAN2\SZMK_20200127_0272.TIF
28.01.2020 17:00:57 : Были отправлены данные: Не правильно
28.01.2020 17:00:57 : Был отключен пользователь AR
28.01.2020 17:00:58 : Был присоединен пользователь AR
28.01.2020 17:00:58 : Был получен файл: C:\Users\thedr\Desktop\SCAN2\SZMK_20200127_0273.TIF
28.01.2020 17:00:59 : Были отправлены данные: Не правильно
28.01.2020 17:00:59 : Был отключен пользователь AR
28.01.2020 17:01:00 : Был присоединен пользователь AR
28.01.2020 17:01:00 : Был получен файл: C:\Users\thedr\Desktop\SCAN2\SZMK_20200127_0274.TIF
28.01.2020 17:01:02 : Были отправлены данные: Не правильно
28.01.2020 17:01:02 : Был отключен пользователь AR
28.01.2020 17:01:02 : Был присоединен пользователь AR
28.01.2020 17:01:02 : Был получен файл: C:\Users\thedr\Desktop\SCAN2\SZMK_20200127_0275.TIF
28.01.2020 17:01:04 : Были отправлены данные: Не правильно
28.01.2020 17:01:04 : Был отключен пользователь AR
28.01.2020 17:01:05 : Был присоединен пользователь AR
28.01.2020 17:01:05 : Был получен файл: C:\Users\thedr\Desktop\SCAN2\SZMK_20200127_0276.TIF
28.01.2020 17:01:06 : Были отправлены данные: 2413(28)_83_ОГ2-1_Аньшаков А.Е._2384,85_29,28
28.01.2020 17:01:06 : Был отключен пользователь AR
28.01.2020 17:01:07 : Был присоединен пользователь AR
28.01.2020 17:01:07 : Был получен файл: C:\Users\thedr\Desktop\SCAN2\SZMK_20200127_0277.TIF
28.01.2020 17:01:09 : Были отправлены данные: Не правильно
28.01.2020 17:01:09 : Был отключен пользователь AR
28.01.2020 17:01:09 : Был присоединен пользователь AR
28.01.2020 17:01:09 : Был получен файл: C:\Users\thedr\Desktop\SCAN2\SZMK_20200127_0278.TIF
28.01.2020 17:01:11 : Были отправлены данные: 2413(28)_85_ОГ2-3_Аньшаков А.Е._2134,85_20,62
28.01.2020 17:01:11 : Был отключен пользователь AR
28.01.2020 17:01:12 : Был присоединен пользователь AR
28.01.2020 17:01:12 : Был получен файл: C:\Users\thedr\Desktop\SCAN2\SZMK_20200127_0279.TIF
28.01.2020 17:01:13 : Были отправлены данные: 2413(28)_86_ОГ2-4_Аньшаков А.Е._2134,85_20,62
28.01.2020 17:01:13 : Был отключен пользователь AR
28.01.2020 17:01:14 : Был присоединен пользователь AR
28.01.2020 17:01:14 : Был получен файл: C:\Users\thedr\Desktop\SCAN2\SZMK_20200127_0280.TIF
28.01.2020 17:01:15 : Были отправлены данные: Не правильно
28.01.2020 17:01:15 : Был отключен пользователь AR
28.01.2020 17:01:16 : Был присоединен пользователь AR
28.01.2020 17:01:16 : Был получен файл: C:\Users\thedr\Desktop\SCAN2\SZMK_20200127_0281.TIF
28.01.2020 17:01:18 : Были отправлены данные: 2413(28)_88_ОГ2-6_Аньшаков А.Е._3934,84_46,17
28.01.2020 17:01:18 : Был отключен пользователь AR
28.01.2020 17:01:18 : Был присоединен пользователь AR
28.01.2020 17:01:18 : Был получен файл: C:\Users\thedr\Desktop\SCAN2\SZMK_20200127_0282.TIF
28.01.2020 17:01:20 : Были отправлены данные: 2413(28)_89_СВ1-3_Аньшаков А.Е._1790_36,77
28.01.2020 17:01:20 : Был отключен пользователь AR
28.01.2020 17:01:21 : Был присоединен пользователь AR
28.01.2020 17:01:21 : Был получен файл: C:\Users\thedr\Desktop\SCAN2\SZMK_20200127_0283.TIF
28.01.2020 17:01:22 : Были отправлены данные: 2413(28)_90_СВ1-4_Аньшаков А.Е._2040_41,59
28.01.2020 17:01:22 : Был отключен пользователь AR
28.01.2020 17:01:23 : Был присоединен пользователь AR
28.01.2020 17:01:23 : Был получен файл: C:\Users\thedr\Desktop\SCAN2\SZMK_20200127_0284.TIF
28.01.2020 17:01:24 : Были отправлены данные: 2413(28)_91_СВ1-5_Аньшаков А.Е._1160_23,87
28.01.2020 17:01:24 : Был отключен пользователь AR
28.01.2020 17:01:25 : Был присоединен пользователь AR
28.01.2020 17:01:25 : Был получен файл: C:\Users\thedr\Desktop\SCAN2\SZMK_20200127_0285.TIF
28.01.2020 17:01:26 : Были отправлены данные: 2113(91)_103_КР1-1_Четвергова И.П._1250_55,9
28.01.2020 17:01:26 : Был отключен пользователь AR
28.01.2020 17:01:27 : Был присоединен пользователь AR
28.01.2020 17:01:27 : Был получен файл: C:\Users\thedr\Desktop\SCAN2\SZMK_20200127_0286.TIF
28.01.2020 17:01:28 : Были отправлены данные: 2113(91)_104_КР1-8_Четвергова И.П._1250_55,9
28.01.2020 17:01:28 : Был отключен пользователь AR
28.01.2020 17:01:29 : Был присоединен пользователь AR
28.01.2020 17:01:29 : Был получен файл: C:\Users\thedr\Desktop\SCAN2\SZMK_20200127_0287.TIF
28.01.2020 17:01:30 : Были отправлены данные: 2113(91)_105_КР1-9_Четвергова И.П._1323_58,28
28.01.2020 17:01:30 : Был отключен пользователь AR
28.01.2020 17:04:12 : Была проведена проверка соединения пользователем ROOT
28.01.2020 17:05:43 : Была проведена проверка соединения пользователем AR
28.01.2020 17:05:48 : Был присоединен пользователь AR
28.01.2020 17:05:48 : Был получен файл: C:\Users\thedr\Desktop\SCAN2\SZMK_20200127_0185.TIF
28.01.2020 17:05:49 : Были отправлены данные: 2413(28)_62_Л1-4_Аньшаков А.Е._2695_46,08
28.01.2020 17:05:49 : Был отключен пользователь AR
28.01.2020 17:05:50 : Был присоединен пользователь AR
28.01.2020 17:05:50 : Был получен файл: C:\Users\thedr\Desktop\SCAN2\SZMK_20200127_0237.TIF
28.01.2020 17:05:50 : Были отправлены данные: 2113(91)_102_Б2-12_Четвергова И.П._1102_13,5
28.01.2020 17:05:50 : Был отключен пользователь AR
28.01.2020 17:05:50 : Был присоединен пользователь AR
28.01.2020 17:05:50 : Был получен файл: C:\Users\thedr\Desktop\SCAN2\SZMK_20200127_0238.TIF
28.01.2020 17:05:51 : Были отправлены данные: 2113(91)_108_МД-3_Четвергова И.П._225,18_3,71
28.01.2020 17:05:51 : Был отключен пользователь AR
28.01.2020 17:05:51 : Был присоединен пользователь AR
28.01.2020 17:05:51 : Был получен файл: C:\Users\thedr\Desktop\SCAN2\SZMK_20200127_0239.TIF
28.01.2020 17:05:51 : Были отправлены данные: 2113(91)_109_МД-4_Четвергова И.П._150_4,24
28.01.2020 17:05:51 : Был отключен пользователь AR
28.01.2020 17:05:52 : Был присоединен пользователь AR
28.01.2020 17:05:52 : Был получен файл: C:\Users\thedr\Desktop\SCAN2\SZMK_20200127_0240.TIF
28.01.2020 17:05:52 : Были отправлены данные: 2113(91)_110_ПЛ1-14_Четвергова И.П._1570_19,38
28.01.2020 17:05:52 : Был отключен пользователь AR
28.01.2020 17:05:53 : Был присоединен пользователь AR
28.01.2020 17:05:53 : Был получен файл: C:\Users\thedr\Desktop\SCAN2\SZMK_20200127_0241.TIF
28.01.2020 17:05:53 : Были отправлены данные: 2113(91)_111_ПЛ1-15_Четвергова И.П._1516,25_18,72
28.01.2020 17:05:53 : Был отключен пользователь AR
28.01.2020 17:05:53 : Был присоединен пользователь AR
28.01.2020 17:05:53 : Был получен файл: C:\Users\thedr\Desktop\SCAN2\SZMK_20200127_0242.TIF
28.01.2020 17:05:54 : Были отправлены данные: 2113(91)_112_ПЛ1-16_Четвергова И.П._1516,25_18,72
28.01.2020 17:05:54 : Был отключен пользователь AR
28.01.2020 17:05:54 : Был присоединен пользователь AR
28.01.2020 17:05:54 : Был получен файл: C:\Users\thedr\Desktop\SCAN2\SZMK_20200127_0243.TIF
28.01.2020 17:05:54 : Были отправлены данные: 2113(91)_113_ПЛ1-17_Четвергова И.П._2180_36,22
28.01.2020 17:05:54 : Был отключен пользователь AR
28.01.2020 17:05:55 : Был присоединен пользователь AR
28.01.2020 17:05:55 : Был получен файл: C:\Users\thedr\Desktop\SCAN2\SZMK_20200127_0244.TIF
28.01.2020 17:05:55 : Были отправлены данные: 2113(91)_114_ПЛ1-18_Четвергова И.П._2180_36,22
28.01.2020 17:05:55 : Был отключен пользователь AR
28.01.2020 17:05:56 : Был присоединен пользователь AR
28.01.2020 17:05:56 : Был получен файл: C:\Users\thedr\Desktop\SCAN2\SZMK_20200127_0245.TIF
28.01.2020 17:05:56 : Были отправлены данные: 2113(91)_115_ПЛ1-19_Четвергова И.П._2180_5,96
28.01.2020 17:05:56 : Был отключен пользователь AR
28.01.2020 17:05:56 : Был присоединен пользователь AR
28.01.2020 17:05:56 : Был получен файл: C:\Users\thedr\Desktop\SCAN2\SZMK_20200127_0246.TIF
28.01.2020 17:05:57 : Были отправлены данные: 2113(91)_116_ПЛ1-20_Четвергова И.П._2180_5,96
28.01.2020 17:05:57 : Был отключен пользователь AR
28.01.2020 17:05:57 : Был присоединен пользователь AR
28.01.2020 17:05:57 : Был получен файл: C:\Users\thedr\Desktop\SCAN2\SZMK_20200127_0247.TIF
28.01.2020 17:05:59 : Были отправлены данные: 2113(91)_99_Б2-9_Четвергова И.П._1047_14,41
28.01.2020 17:05:59 : Был отключен пользователь AR
28.01.2020 17:05:59 : Был присоединен пользователь AR
28.01.2020 17:05:59 : Был получен файл: C:\Users\thedr\Desktop\SCAN2\SZMK_20200127_0248.TIF
28.01.2020 17:06:01 : Были отправлены данные: 2113(91)_100_Б2-10_Четвергова И.П._2595_36,09
28.01.2020 17:06:01 : Был отключен пользователь AR
28.01.2020 17:06:01 : Был присоединен пользователь AR
28.01.2020 17:06:01 : Был получен файл: C:\Users\thedr\Desktop\SCAN2\SZMK_20200127_0249.TIF
28.01.2020 17:06:03 : Были отправлены данные: 2113(91)_101_Б2-11_Четвергова И.П._2595_36,09
28.01.2020 17:06:03 : Был отключен пользователь AR
28.01.2020 17:06:03 : Был присоединен пользователь AR
28.01.2020 17:06:03 : Был получен файл: C:\Users\thedr\Desktop\SCAN2\SZMK_20200127_0250.TIF
28.01.2020 17:06:04 : Были отправлены данные: 2113(91)_106_КР1-10_Четвергова И.П._1351,24_20,42
28.01.2020 17:06:04 : Был отключен пользователь AR
28.01.2020 17:06:05 : Был присоединен пользователь AR
28.01.2020 17:06:05 : Был получен файл: C:\Users\thedr\Desktop\SCAN2\SZMK_20200127_0251.TIF
28.01.2020 17:06:06 : Были отправлены данные: 2113(91)_107_КР1-11_Четвергова И.П._1454,47_21,84
28.01.2020 17:06:06 : Был отключен пользователь AR
28.01.2020 17:06:07 : Был присоединен пользователь AR
28.01.2020 17:06:07 : Был получен файл: C:\Users\thedr\Desktop\SCAN2\SZMK_20200127_0252.TIF
28.01.2020 17:06:07 : Были отправлены данные: 2413(28)_92_СВ1-6_Аньшаков А.Е._764_8,25
28.01.2020 17:06:07 : Был отключен пользователь AR
28.01.2020 17:06:08 : Был присоединен пользователь AR
28.01.2020 17:06:08 : Был получен файл: C:\Users\thedr\Desktop\SCAN2\SZMK_20200127_0253.TIF
28.01.2020 17:06:08 : Были отправлены данные: 2413(28)_93_СВ1-7_Аньшаков А.Е._1130_12,2
28.01.2020 17:06:08 : Был отключен пользователь AR
28.01.2020 17:06:09 : Был присоединен пользователь AR
28.01.2020 17:06:09 : Был получен файл: C:\Users\thedr\Desktop\SCAN2\SZMK_20200127_0254.TIF
28.01.2020 17:06:12 : Были отправлены данные: Не правильно
28.01.2020 17:06:12 : Был отключен пользователь AR
28.01.2020 17:06:13 : Был присоединен пользователь AR
28.01.2020 17:06:13 : Был получен файл: C:\Users\thedr\Desktop\SCAN2\SZMK_20200127_0255.TIF
28.01.2020 17:06:15 : Были отправлены данные: 2413(28)_62_Л1-4_Аньшаков А.Е._2695_46,08
28.01.2020 17:06:15 : Был отключен пользователь AR
28.01.2020 17:06:16 : Был присоединен пользователь AR
28.01.2020 17:06:16 : Был получен файл: C:\Users\thedr\Desktop\SCAN2\SZMK_20200127_0256.TIF
28.01.2020 17:06:17 : Были отправлены данные: Не правильно
28.01.2020 17:06:17 : Был отключен пользователь AR
28.01.2020 17:06:18 : Был присоединен пользователь AR
28.01.2020 17:06:18 : Был получен файл: C:\Users\thedr\Desktop\SCAN2\SZMK_20200127_0257.TIF
28.01.2020 17:06:20 : Были отправлены данные: Не правильно
28.01.2020 17:06:20 : Был отключен пользователь AR
28.01.2020 17:06:20 : Был присоединен пользователь AR
28.01.2020 17:06:20 : Был получен файл: C:\Users\thedr\Desktop\SCAN2\SZMK_20200127_0258.TIF
28.01.2020 17:06:22 : Были отправлены данные: 2413(28)_65_ОГ1-3_Аньшаков А.Е._3895_60,93
28.01.2020 17:06:22 : Был отключен пользователь AR
28.01.2020 17:06:23 : Был присоединен пользователь AR
28.01.2020 17:06:23 : Был получен файл: C:\Users\thedr\Desktop\SCAN2\SZMK_20200127_0259.TIF
28.01.2020 17:06:25 : Были отправлены данные: Не правильно
28.01.2020 17:06:25 : Был отключен пользователь AR
28.01.2020 17:06:25 : Был присоединен пользователь AR
28.01.2020 17:06:25 : Был получен файл: C:\Users\thedr\Desktop\SCAN2\SZMK_20200127_0260.TIF
28.01.2020 17:06:27 : Были отправлены данные: Не правильно
28.01.2020 17:06:27 : Был отключен пользователь AR
28.01.2020 17:06:28 : Был присоединен пользователь AR
28.01.2020 17:06:28 : Был получен файл: C:\Users\thedr\Desktop\SCAN2\SZMK_20200127_0261.TIF
28.01.2020 17:06:29 : Были отправлены данные: Не правильно
28.01.2020 17:06:29 : Был отключен пользователь AR
28.01.2020 17:06:30 : Был присоединен пользователь AR
28.01.2020 17:06:30 : Был получен файл: C:\Users\thedr\Desktop\SCAN2\SZMK_20200127_0262.TIF
28.01.2020 17:06:32 : Были отправлены данные: Не правильно
28.01.2020 17:06:32 : Был отключен пользователь AR
28.01.2020 17:06:32 : Был присоединен пользователь AR
28.01.2020 17:06:32 : Был получен файл: C:\Users\thedr\Desktop\SCAN2\SZMK_20200127_0263.TIF
28.01.2020 17:06:34 : Были отправлены данные: Не правильно
28.01.2020 17:06:34 : Был отключен пользователь AR
28.01.2020 17:06:35 : Был присоединен пользователь AR
28.01.2020 17:06:35 : Был получен файл: C:\Users\thedr\Desktop\SCAN2\SZMK_20200127_0264.TIF
28.01.2020 17:06:36 : Были отправлены данные: Не правильно
28.01.2020 17:06:36 : Был отключен пользователь AR
28.01.2020 17:06:37 : Был присоединен пользователь AR
28.01.2020 17:06:37 : Был получен файл: C:\Users\thedr\Desktop\SCAN2\SZMK_20200127_0265.TIF
28.01.2020 17:06:38 : Были отправлены данные: Не правильно
28.01.2020 17:06:38 : Был отключен пользователь AR
28.01.2020 17:06:39 : Был присоединен пользователь AR
28.01.2020 17:06:39 : Был получен файл: C:\Users\thedr\Desktop\SCAN2\SZMK_20200127_0266.TIF
28.01.2020 17:06:40 : Были отправлены данные: Не правильно
28.01.2020 17:06:40 : Был отключен пользователь AR
28.01.2020 17:06:41 : Был присоединен пользователь AR
28.01.2020 17:06:41 : Был получен файл: C:\Users\thedr\Desktop\SCAN2\SZMK_20200127_0267.TIF
28.01.2020 17:06:43 : Были отправлены данные: Не правильно
28.01.2020 17:06:43 : Был отключен пользователь AR
28.01.2020 17:06:43 : Был присоединен пользователь AR
28.01.2020 17:06:43 : Был получен файл: C:\Users\thedr\Desktop\SCAN2\SZMK_20200127_0268.TIF
28.01.2020 17:06:45 : Были отправлены данные: 2413(28)_75_ОГ1-13_Аньшаков А.Е._1255_21,35
28.01.2020 17:06:45 : Был отключен пользователь AR
28.01.2020 17:06:46 : Был присоединен пользователь AR
28.01.2020 17:06:46 : Был получен файл: C:\Users\thedr\Desktop\SCAN2\SZMK_20200127_0269.TIF
28.01.2020 17:06:47 : Были отправлены данные: 2413(28)_76_ОГ1-14_Аньшаков А.Е._1300_21,53
28.01.2020 17:06:47 : Был отключен пользователь AR
28.01.2020 17:06:48 : Был присоединен пользователь AR
28.01.2020 17:06:48 : Был получен файл: C:\Users\thedr\Desktop\SCAN2\SZMK_20200127_0270.TIF
28.01.2020 17:06:49 : Были отправлены данные: Не правильно
28.01.2020 17:06:49 : Был отключен пользователь AR
28.01.2020 17:06:50 : Был присоединен пользователь AR
28.01.2020 17:06:50 : Был получен файл: C:\Users\thedr\Desktop\SCAN2\SZMK_20200127_0271.TIF
28.01.2020 17:06:52 : Были отправлены данные: Не правильно
28.01.2020 17:06:52 : Был отключен пользователь AR
28.01.2020 17:06:52 : Был присоединен пользователь AR
28.01.2020 17:06:53 : Был получен файл: C:\Users\thedr\Desktop\SCAN2\SZMK_20200127_0272.TIF
28.01.2020 17:06:54 : Были отправлены данные: Не правильно
28.01.2020 17:06:54 : Был отключен пользователь AR
28.01.2020 17:06:55 : Был присоединен пользователь AR
28.01.2020 17:06:55 : Был получен файл: C:\Users\thedr\Desktop\SCAN2\SZMK_20200127_0273.TIF
28.01.2020 17:06:56 : Были отправлены данные: Не правильно
28.01.2020 17:06:56 : Был отключен пользователь AR
28.01.2020 17:06:57 : Был присоединен пользователь AR
28.01.2020 17:06:57 : Был получен файл: C:\Users\thedr\Desktop\SCAN2\SZMK_20200127_0274.TIF
28.01.2020 17:06:59 : Были отправлены данные: Не правильно
28.01.2020 17:06:59 : Был отключен пользователь AR
28.01.2020 17:06:59 : Был присоединен пользователь AR
28.01.2020 17:06:59 : Был получен файл: C:\Users\thedr\Desktop\SCAN2\SZMK_20200127_0275.TIF
28.01.2020 17:07:01 : Были отправлены данные: Не правильно
28.01.2020 17:07:01 : Был отключен пользователь AR
28.01.2020 17:07:02 : Был присоединен пользователь AR
28.01.2020 17:07:02 : Был получен файл: C:\Users\thedr\Desktop\SCAN2\SZMK_20200127_0276.TIF
28.01.2020 17:07:03 : Были отправлены данные: 2413(28)_83_ОГ2-1_Аньшаков А.Е._2384,85_29,28
28.01.2020 17:07:03 : Был отключен пользователь AR
28.01.2020 17:07:04 : Был присоединен пользователь AR
28.01.2020 17:07:04 : Был получен файл: C:\Users\thedr\Desktop\SCAN2\SZMK_20200127_0277.TIF
28.01.2020 17:07:06 : Были отправлены данные: Не правильно
28.01.2020 17:07:06 : Был отключен пользователь AR
28.01.2020 17:07:06 : Был присоединен пользователь AR
28.01.2020 17:07:06 : Был получен файл: C:\Users\thedr\Desktop\SCAN2\SZMK_20200127_0278.TIF
28.01.2020 17:07:08 : Были отправлены данные: 2413(28)_85_ОГ2-3_Аньшаков А.Е._2134,85_20,62
28.01.2020 17:07:08 : Был отключен пользователь AR
28.01.2020 17:07:09 : Был присоединен пользователь AR
28.01.2020 17:07:09 : Был получен файл: C:\Users\thedr\Desktop\SCAN2\SZMK_20200127_0279.TIF
28.01.2020 17:07:10 : Были отправлены данные: 2413(28)_86_ОГ2-4_Аньшаков А.Е._2134,85_20,62
28.01.2020 17:07:10 : Был отключен пользователь AR
28.01.2020 17:07:11 : Был присоединен пользователь AR
28.01.2020 17:07:11 : Был получен файл: C:\Users\thedr\Desktop\SCAN2\SZMK_20200127_0280.TIF
28.01.2020 17:07:13 : Были отправлены данные: Не правильно
28.01.2020 17:07:13 : Был отключен пользователь AR
28.01.2020 17:07:13 : Был присоединен пользователь AR
28.01.2020 17:07:13 : Был получен файл: C:\Users\thedr\Desktop\SCAN2\SZMK_20200127_0281.TIF
28.01.2020 17:07:15 : Были отправлены данные: 2413(28)_88_ОГ2-6_Аньшаков А.Е._3934,84_46,17
28.01.2020 17:07:15 : Был отключен пользователь AR
28.01.2020 17:07:16 : Был присоединен пользователь AR
28.01.2020 17:07:16 : Был получен файл: C:\Users\thedr\Desktop\SCAN2\SZMK_20200127_0282.TIF
28.01.2020 17:07:17 : Были отправлены данные: 2413(28)_89_СВ1-3_Аньшаков А.Е._1790_36,77
28.01.2020 17:07:17 : Был отключен пользователь AR
28.01.2020 17:07:18 : Был присоединен пользователь AR
28.01.2020 17:07:18 : Был получен файл: C:\Users\thedr\Desktop\SCAN2\SZMK_20200127_0283.TIF
28.01.2020 17:07:19 : Были отправлены данные: 2413(28)_90_СВ1-4_Аньшаков А.Е._2040_41,59
28.01.2020 17:07:19 : Был отключен пользователь AR
28.01.2020 17:07:20 : Был присоединен пользователь AR
28.01.2020 17:07:20 : Был получен файл: C:\Users\thedr\Desktop\SCAN2\SZMK_20200127_0284.TIF
28.01.2020 17:07:22 : Были отправлены данные: 2413(28)_91_СВ1-5_Аньшаков А.Е._1160_23,87
28.01.2020 17:07:22 : Был отключен пользователь AR
28.01.2020 17:07:22 : Был присоединен пользователь AR
28.01.2020 17:07:22 : Был получен файл: C:\Users\thedr\Desktop\SCAN2\SZMK_20200127_0285.TIF
28.01.2020 17:07:24 : Были отправлены данные: 2113(91)_103_КР1-1_Четвергова И.П._1250_55,9
28.01.2020 17:07:24 : Был отключен пользователь AR
28.01.2020 17:07:24 : Был присоединен пользователь AR
28.01.2020 17:07:24 : Был получен файл: C:\Users\thedr\Desktop\SCAN2\SZMK_20200127_0286.TIF
28.01.2020 17:07:26 : Были отправлены данные: 2113(91)_104_КР1-8_Четвергова И.П._1250_55,9
28.01.2020 17:07:26 : Был отключен пользователь AR
28.01.2020 17:07:26 : Был присоединен пользователь AR
28.01.2020 17:07:26 : Был получен файл: C:\Users\thedr\Desktop\SCAN2\SZMK_20200127_0287.TIF
28.01.2020 17:07:28 : Были отправлены данные: 2113(91)_105_КР1-9_Четвергова И.П._1323_58,28
28.01.2020 17:07:28 : Был отключен пользователь AR
28.01.2020 17:09:50 : Был присоединен пользователь AR
28.01.2020 17:09:50 : Был получен файл: C:\Users\thedr\Desktop\SCAN2\SZMK_20200127_0237.TIF
28.01.2020 17:09:50 : Были отправлены данные: 2113(91)_102_Б2-12_Четвергова И.П._1102_13,5
28.01.2020 17:09:50 : Был отключен пользователь AR
28.01.2020 17:10:05 : Был присоединен пользователь AR
28.01.2020 17:10:05 : Был получен файл: C:\Users\thedr\Desktop\SCAN2\1852(24)_1096_R-417_БубырьМ.Е._1448,17_20,43.tiff
28.01.2020 17:10:06 : Были отправлены данные: 1852(24)_1096_R-417_Бубырь М.Е._1448.17_20.43
28.01.2020 17:10:06 : Был отключен пользователь AR
28.01.2020 17:26:32 : Была проведена проверка соединения пользователем AR
28.01.2020 17:33:44 : Сервер свернут в трей
28.01.2020 17:33:48 : Сервер развернут из трея
28.01.2020 17:33:48 : Сервер развернут из трея
28.01.2020 17:33:50 : Закрытие сервера
