12.01.2020 19:07:01 : Входная строка имела неверный формат.
12.01.2020 19:07:02 : Ошибка запуска сервера
12.01.2020 19:07:26 : Входная строка имела неверный формат.
12.01.2020 19:07:27 : Ошибка запуска сервера
12.01.2020 19:07:43 : Запущено слушание клиентов и найдена директория темповых файлов
12.01.2020 19:07:43 : C:\Users\thedr\Desktop\Works\SZMK\Decode\Decode\bin\Debug
12.01.2020 19:07:44 : Закрытие сервера
12.01.2020 19:21:37 : Запущено слушание клиентов и найдена директория темповых файлов
12.01.2020 19:21:37 : C:\Users\thedr\Desktop\Works\SZMK\Decode\Decode\bin\Debug
12.01.2020 19:23:43 : Была проведена проверка соединения пользователем Admin
12.01.2020 19:26:04 : Сервер свернут в трей
12.01.2020 19:26:25 : Сервер развернут из трея
12.01.2020 19:26:26 : Закрытие сервера
12.01.2020 19:26:44 : Запущено слушание клиентов и найдена директория темповых файлов
12.01.2020 19:26:44 : Сервер запущен
12.01.2020 19:26:45 : Закрытие сервера
12.01.2020 19:47:02 : Запущено слушание клиентов и найдена директория темповых файлов
12.01.2020 19:47:02 : C:\Users\thedr\Desktop\Works\SZMK\Decode\Decode\bin\Debug
12.01.2020 19:47:04 : Закрытие сервера
12.01.2020 19:56:38 : Запущено слушание клиентов и найдена директория темповых файлов
12.01.2020 19:56:38 : C:\Users\thedr\Desktop\Works\SZMK\Decode\Decode\bin\Debug
12.01.2020 19:56:40 : Закрытие сервера
12.01.2020 19:59:33 : Запущено слушание клиентов и найдена директория темповых файлов
12.01.2020 19:59:33 : C:\Users\thedr\Desktop\Works\SZMK\Decode\Decode\bin\Debug
12.01.2020 19:59:35 : Закрытие сервера
12.01.2020 20:00:11 : Запущено слушание клиентов и найдена директория темповых файлов
12.01.2020 20:00:11 : C:\Users\thedr\Desktop\Works\SZMK\Decode\Decode\bin\Debug
12.01.2020 20:00:13 : Обычно разрешается только одно использование адреса сокета (протокол/сетевой адрес/порт)
12.01.2020 20:00:14 : Ошибка запуска сервера
12.01.2020 20:00:44 : Закрытие сервера
12.01.2020 20:01:06 : Запущено слушание клиентов и найдена директория темповых файлов
12.01.2020 20:01:06 : C:\Users\thedr\Desktop\Works\SZMK\Decode\Decode\bin\Debug
12.01.2020 20:01:08 : Закрытие сервера
12.01.2020 20:01:10 : Запущено слушание клиентов и найдена директория темповых файлов
12.01.2020 20:01:10 : C:\Users\thedr\Desktop\Works\SZMK\Decode\Decode\bin\Debug
12.01.2020 20:01:12 : Обычно разрешается только одно использование адреса сокета (протокол/сетевой адрес/порт)
12.01.2020 20:01:18 : Ошибка запуска сервера
12.01.2020 20:01:20 : Закрытие сервера
