18.01.2020 12:21:22 : Запущено слушание клиентов и найдена директория темповых файлов
18.01.2020 12:21:22 : C:\Users\Unix\Desktop\SZMK\Decode\Decode\bin\Debug
18.01.2020 12:26:35 : Сервер свернут в трей
18.01.2020 16:56:03 : Запущено слушание клиентов и найдена директория темповых файлов
18.01.2020 16:56:03 : C:\Users\thedr\Desktop\Works\SZMK\Decode\Decode\bin\Debug
18.01.2020 16:56:05 : Сервер свернут в трей
18.01.2020 16:56:06 : Была проведена проверка соединения пользователем ROOT
18.01.2020 16:58:00 : Была проведена проверка соединения пользователем ROOT
18.01.2020 17:13:33 : Была проведена проверка соединения пользователем ROOT
18.01.2020 17:24:41 : Была проведена проверка соединения пользователем ROOT
18.01.2020 17:24:51 : Была проведена проверка соединения пользователем ROOT
18.01.2020 18:26:07 : Была проведена проверка соединения пользователем ROOT
18.01.2020 18:36:15 : Была проведена проверка соединения пользователем 98 (02)_313_РФ1-19_Аньшаков А.Е._5702
18.01.2020 18:56:17 : Была проведена проверка соединения пользователем ROOT
18.01.2020 19:01:54 : Была проведена проверка соединения пользователем ROOT
18.01.2020 19:02:17 : Была проведена проверка соединения пользователем ROOT
18.01.2020 19:02:22 : Была проведена проверка соединения пользователем ROOT
18.01.2020 19:13:56 : Была проведена проверка соединения пользователем Arhive
18.01.2020 19:14:13 : Был присоединен пользователь Arhive
18.01.2020 19:14:13 : Был получен файл: лист 313.TIF
18.01.2020 19:14:15 : Были отправлены данные: 2198 (02)_313_РФ1-19_Аньшаков А.Е._5702,99_122,25
18.01.2020 19:14:15 : Был отключен пользователь Arhive
18.01.2020 19:14:21 : Был присоединен пользователь Arhive
18.01.2020 19:14:21 : Был получен файл: лист 309.TIF
18.01.2020 19:14:22 : Были отправлены данные: 2198 (02)_309_РФ1-15_Аньшаков А.Е._2439,5_54,54
18.01.2020 19:14:22 : Был отключен пользователь Arhive
18.01.2020 19:14:24 : Был присоединен пользователь Arhive
18.01.2020 19:14:24 : Был получен файл: лист 311.TIF
18.01.2020 19:14:25 : Были отправлены данные: 2198 (02)_311_РФ1-17_Аньшаков А.Е._5702,99_122,25
18.01.2020 19:14:25 : Был отключен пользователь Arhive
18.01.2020 19:46:07 : Была проведена проверка соединения пользователем Arhive
18.01.2020 19:46:16 : Был присоединен пользователь Arhive
18.01.2020 19:46:16 : Был получен файл: 2198(02)_309_РФ1-15_АньшаковА.Е._2439,5_54,54.tiff
18.01.2020 19:46:17 : Были отправлены данные: 2198 (02)_309_РФ1-15_Аньшаков А.Е._2439,5_54,54
18.01.2020 19:46:17 : Был отключен пользователь Arhive
18.01.2020 19:46:18 : Был присоединен пользователь Arhive
18.01.2020 19:46:18 : Был получен файл: 2198(02)_311_РФ1-17_АньшаковА.Е._5702,99_122,25.tiff
18.01.2020 19:46:20 : Были отправлены данные: 2198 (02)_311_РФ1-17_Аньшаков А.Е._5702,99_122,25
18.01.2020 19:46:20 : Был отключен пользователь Arhive
18.01.2020 19:46:20 : Был присоединен пользователь Arhive
18.01.2020 19:46:20 : Был получен файл: 2198(02)_313_РФ1-19_АньшаковА.Е._5702,99_122,25.tiff
18.01.2020 19:46:22 : Были отправлены данные: 2198 (02)_313_РФ1-19_Аньшаков А.Е._5702,99_122,25
18.01.2020 19:46:22 : Был отключен пользователь Arhive
18.01.2020 20:53:01 : Была проведена проверка соединения пользователем 98 (02)_275_ОГ1-10_Шеффинг А.А._5578,0
18.01.2020 21:31:31 : Была проведена проверка соединения пользователем 98 (02)_275_ОГ1-10_Шеффинг А.А._5578,0
18.01.2020 21:31:32 : Была проведена проверка соединения пользователем 98 (02)_275_ОГ1-10_Шеффинг А.А._5578,0
18.01.2020 21:57:55 : Была проведена проверка соединения пользователем 98 (02)_275_ОГ1-10_Шеффинг А.А._5578,0
18.01.2020 22:12:56 : Была проведена проверка соединения пользователем 98 (02)_275_ОГ1-10_Шеффинг А.А._5578,0
18.01.2020 22:13:02 : Была проведена проверка соединения пользователем 98 (02)_275_ОГ1-10_Шеффинг А.А._5578,0
18.01.2020 22:22:21 : Была проведена проверка соединения пользователем ROOT
18.01.2020 22:29:33 : Была проведена проверка соединения пользователем ROOT
