08.02.2020 11:34:47 : Запущено слушание клиентов и найдена директория темповых файлов
08.02.2020 11:34:47 : C:\Users\thedr\Desktop\Works\SZMK_Decode\Decode\Decode\bin\Debug
08.02.2020 11:34:53 : Сервер свернут в трей
08.02.2020 19:43:29 : Сервер развернут из трея
08.02.2020 19:43:32 : Сервер свернут в трей
08.02.2020 19:43:36 : Была проведена проверка соединения пользователем ROOT
08.02.2020 19:43:47 : Была проведена проверка соединения пользователем AR
08.02.2020 19:44:40 : Был присоединен пользователь AR
08.02.2020 19:44:40 : Был получен файл: C:\Users\thedr\Desktop\Форматы чертежей\А1.TIF
08.02.2020 19:44:41 : Были отправлены данные: 1852(24)_239_C-29_Козырева Ю.В._2150_115,34
08.02.2020 19:44:41 : Был отключен пользователь AR
08.02.2020 19:45:36 : Был присоединен пользователь AR
08.02.2020 19:45:36 : Был получен файл: C:\Users\thedr\Desktop\Форматы чертежей\А2.tiff
08.02.2020 19:45:36 : Были отправлены данные: 1852(28)_83_B-14_Сторожилов А.С._679_44.78
08.02.2020 19:45:36 : Был отключен пользователь AR
08.02.2020 19:46:01 : Был присоединен пользователь AR
08.02.2020 19:46:01 : Был получен файл: C:\Users\thedr\Desktop\Форматы чертежей\А3.tiff
08.02.2020 19:46:02 : Были отправлены данные: Не правильно
08.02.2020 19:46:02 : Был отключен пользователь AR
08.02.2020 19:46:27 : Был присоединен пользователь AR
08.02.2020 19:46:27 : Был получен файл: C:\Users\thedr\Desktop\Форматы чертежей\А4.tiff
08.02.2020 19:46:28 : Были отправлены данные: Не правильно
08.02.2020 19:46:28 : Был отключен пользователь AR
08.02.2020 19:46:46 : Был присоединен пользователь AR
08.02.2020 19:46:46 : Был получен файл: C:\Users\thedr\Desktop\Форматы чертежей\Нестандарт 1.tiff
08.02.2020 19:46:46 : Были отправлены данные: Не правильно
08.02.2020 19:46:46 : Был отключен пользователь AR
08.02.2020 19:46:58 : Был присоединен пользователь AR
08.02.2020 19:46:58 : Был получен файл: C:\Users\thedr\Desktop\Форматы чертежей\Нестандарт 2.tiff
08.02.2020 19:46:58 : Были отправлены данные: Не правильно
08.02.2020 19:46:58 : Был отключен пользователь AR
08.02.2020 19:46:59 : Был присоединен пользователь AR
08.02.2020 19:46:59 : Был получен файл: C:\Users\thedr\Desktop\Форматы чертежей\Нестандарт 3.tiff
08.02.2020 19:46:59 : Были отправлены данные: Не правильно
08.02.2020 19:46:59 : Был отключен пользователь AR
08.02.2020 19:47:01 : Был присоединен пользователь AR
08.02.2020 19:47:01 : Был получен файл: C:\Users\thedr\Desktop\Форматы чертежей\Нестандарт 4.tiff
08.02.2020 19:47:01 : Были отправлены данные: Не правильно
08.02.2020 19:47:01 : Был отключен пользователь AR
08.02.2020 19:49:19 : Была проведена проверка соединения пользователем AR
08.02.2020 19:49:23 : Был присоединен пользователь AR
08.02.2020 19:49:23 : Был получен файл: C:\Users\thedr\Desktop\Форматы чертежей\А1.TIF
08.02.2020 19:49:23 : Были отправлены данные: 1852(24)_239_C-29_Козырева Ю.В._2150_115,34
08.02.2020 19:49:23 : Был отключен пользователь AR
08.02.2020 19:49:36 : Был присоединен пользователь AR
08.02.2020 19:49:36 : Был получен файл: C:\Users\thedr\Desktop\Форматы чертежей\А2.tiff
08.02.2020 19:49:36 : Были отправлены данные: 1852(28)_83_B-14_Сторожилов А.С._679_44.78
08.02.2020 19:49:36 : Был отключен пользователь AR
08.02.2020 19:49:37 : Был присоединен пользователь AR
08.02.2020 19:49:37 : Был получен файл: C:\Users\thedr\Desktop\Форматы чертежей\А3.tiff
08.02.2020 19:49:37 : Были отправлены данные: 1852(28)_18_PC-2_Козырева Ю.В._2006_97,58
08.02.2020 19:49:37 : Был отключен пользователь AR
08.02.2020 19:49:37 : Был присоединен пользователь AR
08.02.2020 19:49:37 : Был получен файл: C:\Users\thedr\Desktop\Форматы чертежей\А4.tiff
08.02.2020 19:49:37 : Были отправлены данные: 1852(28)_5_H-4_Андрюшкина О.П._4250_91,18
08.02.2020 19:49:37 : Был отключен пользователь AR
08.02.2020 19:49:38 : Был присоединен пользователь AR
08.02.2020 19:49:38 : Был получен файл: C:\Users\thedr\Desktop\Форматы чертежей\Нестандарт 1.tiff
08.02.2020 19:49:39 : Были отправлены данные: Не правильно
08.02.2020 19:49:39 : Был отключен пользователь AR
08.02.2020 19:49:40 : Был присоединен пользователь AR
08.02.2020 19:49:40 : Был получен файл: C:\Users\thedr\Desktop\Форматы чертежей\Нестандарт 2.tiff
08.02.2020 19:49:41 : Были отправлены данные: Не правильно
08.02.2020 19:49:41 : Был отключен пользователь AR
08.02.2020 19:49:41 : Был присоединен пользователь AR
08.02.2020 19:49:41 : Был получен файл: C:\Users\thedr\Desktop\Форматы чертежей\Нестандарт 3.tiff
08.02.2020 19:49:41 : Были отправлены данные: Не правильно
08.02.2020 19:49:41 : Был отключен пользователь AR
08.02.2020 19:49:42 : Был присоединен пользователь AR
08.02.2020 19:49:42 : Был получен файл: C:\Users\thedr\Desktop\Форматы чертежей\Нестандарт 4.tiff
08.02.2020 19:49:43 : Были отправлены данные: Не правильно
08.02.2020 19:49:43 : Был отключен пользователь AR
08.02.2020 19:50:31 : Была проведена проверка соединения пользователем AR
08.02.2020 19:50:35 : Был присоединен пользователь AR
08.02.2020 19:50:35 : Был получен файл: C:\Users\thedr\Desktop\Форматы чертежей\А1.TIF
08.02.2020 19:50:35 : Были отправлены данные: 1852(24)_239_C-29_Козырева Ю.В._2150_115,34
08.02.2020 19:50:35 : Был отключен пользователь AR
08.02.2020 19:50:40 : Был присоединен пользователь AR
08.02.2020 19:50:40 : Был получен файл: C:\Users\thedr\Desktop\Форматы чертежей\А2.tiff
08.02.2020 19:50:40 : Были отправлены данные: 1852(28)_83_B-14_Сторожилов А.С._679_44.78
08.02.2020 19:50:40 : Был отключен пользователь AR
08.02.2020 19:50:40 : Был присоединен пользователь AR
08.02.2020 19:50:40 : Был получен файл: C:\Users\thedr\Desktop\Форматы чертежей\А3.tiff
08.02.2020 19:50:41 : Были отправлены данные: 1852(28)_18_PC-2_Козырева Ю.В._2006_97,58
08.02.2020 19:50:41 : Был отключен пользователь AR
08.02.2020 19:50:41 : Был присоединен пользователь AR
08.02.2020 19:50:41 : Был получен файл: C:\Users\thedr\Desktop\Форматы чертежей\А4.tiff
08.02.2020 19:50:41 : Были отправлены данные: 1852(28)_5_H-4_Андрюшкина О.П._4250_91,18
08.02.2020 19:50:41 : Был отключен пользователь AR
08.02.2020 19:50:42 : Был присоединен пользователь AR
08.02.2020 19:50:42 : Был получен файл: C:\Users\thedr\Desktop\Форматы чертежей\Нестандарт 1.tiff
08.02.2020 19:50:42 : Были отправлены данные: 1852(24)_498_C-57_Козырева Ю.В._10805_697,41
08.02.2020 19:50:42 : Был отключен пользователь AR
08.02.2020 19:50:43 : Был присоединен пользователь AR
08.02.2020 19:50:43 : Был получен файл: C:\Users\thedr\Desktop\Форматы чертежей\Нестандарт 2.tiff
08.02.2020 19:50:43 : Были отправлены данные: 1852(24)_503_C-62_Козырева Ю.В._7595_853,29
08.02.2020 19:50:43 : Был отключен пользователь AR
08.02.2020 19:50:44 : Был присоединен пользователь AR
08.02.2020 19:50:44 : Был получен файл: C:\Users\thedr\Desktop\Форматы чертежей\Нестандарт 3.tiff
08.02.2020 19:50:44 : Были отправлены данные: 1852(24)_499_C-58_Козырева Ю.В._10805_663,23
08.02.2020 19:50:44 : Был отключен пользователь AR
08.02.2020 19:50:44 : Был присоединен пользователь AR
08.02.2020 19:50:44 : Был получен файл: C:\Users\thedr\Desktop\Форматы чертежей\Нестандарт 4.tiff
08.02.2020 19:50:45 : Были отправлены данные: 1852(24)_493_C-52_Бубырь М.Е._1450_1255.29
08.02.2020 19:50:45 : Был отключен пользователь AR
